[0.036s] Invoking command in '/home/student/Documents/formation_ros2/Introduction/ros2_ws/build/cpp_pubsub': CMAKE_PREFIX_PATH=${CMAKE_PREFIX_PATH}:/home/student/turtlebot3_ws/install/turtlebot3_teleop:/home/student/turtlebot3_ws/install/turtlebot3_example:/opt/ros/humble /usr/bin/cmake --build /home/student/Documents/formation_ros2/Introduction/ros2_ws/build/cpp_pubsub -- -j8 -l8
[0.063s] -- Found ament_cmake: 1.3.12 (/opt/ros/humble/share/ament_cmake/cmake)
[0.186s] -- Found rclcpp: 16.0.15 (/opt/ros/humble/share/rclcpp/cmake)
[0.214s] -- Found rosidl_generator_c: 3.1.7 (/opt/ros/humble/share/rosidl_generator_c/cmake)
[0.216s] -- Found rosidl_adapter: 3.1.7 (/opt/ros/humble/share/rosidl_adapter/cmake)
[0.222s] -- Found rosidl_generator_cpp: 3.1.7 (/opt/ros/humble/share/rosidl_generator_cpp/cmake)
[0.232s] -- Using all available rosidl_typesupport_c: rosidl_typesupport_fastrtps_c;rosidl_typesupport_introspection_c
[0.246s] -- Using all available rosidl_typesupport_cpp: rosidl_typesupport_fastrtps_cpp;rosidl_typesupport_introspection_cpp
[0.283s] -- Found rmw_implementation_cmake: 6.1.2 (/opt/ros/humble/share/rmw_implementation_cmake/cmake)
[0.284s] -- Found rmw_fastrtps_cpp: 6.2.9 (/opt/ros/humble/share/rmw_fastrtps_cpp/cmake)
[0.391s] -- Using RMW implementation 'rmw_fastrtps_cpp' as default
[0.455s] -- Found ament_lint_auto: 0.12.14 (/opt/ros/humble/share/ament_lint_auto/cmake)
[0.519s] -- Added test 'cppcheck' to perform static code analysis on C / C++ code
[0.520s] -- Configured cppcheck include dirs: 
[0.520s] -- Configured cppcheck exclude dirs and/or files: 
[0.520s] -- Added test 'lint_cmake' to check CMake code style
[0.522s] -- Added test 'uncrustify' to check C / C++ code style
[0.522s] -- Configured uncrustify additional arguments: 
[0.522s] -- Added test 'xmllint' to check XML markup files
[0.523s] -- Configuring done
[0.607s] -- Generating done
[0.618s] -- Build files have been written to: /home/student/Documents/formation_ros2/Introduction/ros2_ws/build/cpp_pubsub
[0.651s] [35m[1mConsolidate compiler generated dependencies of target exo5_publisher[0m
[0.651s] [35m[1mConsolidate compiler generated dependencies of target exo1_publisher[0m
[0.651s] [35m[1mConsolidate compiler generated dependencies of target exo1_listener[0m
[0.652s] [35m[1mConsolidate compiler generated dependencies of target exo2_publisher[0m
[0.652s] [35m[1mConsolidate compiler generated dependencies of target exo3_publisher[0m
[0.652s] [35m[1mConsolidate compiler generated dependencies of target exo4_publisher[0m
[0.652s] [35m[1mConsolidate compiler generated dependencies of target exo4_listener[0m
[0.676s] [ 14%] Built target exo4_listener
[0.676s] [ 28%] Built target exo5_publisher
[0.677s] [ 57%] Built target exo1_publisher
[0.678s] [ 57%] Built target exo2_publisher
[0.678s] [ 71%] Built target exo3_publisher
[0.678s] [ 85%] Built target exo1_listener
[0.680s] [ 92%] [32mBuilding CXX object CMakeFiles/exo4_publisher.dir/src/exo4_publisher.cpp.o[0m
[0.947s] [01m[K/home/student/Documents/formation_ros2/Introduction/ros2_ws/src/cpp_pubsub/src/exo4_publisher.cpp:22:10:[m[K [01;31m[Kfatal error: [m[Ktutorial_interfaces/msg/ComputerInfo.hpp: No such file or directory
[0.948s]    22 | #include [01;31m[K"tutorial_interfaces/msg/ComputerInfo.hpp"[m[K
[0.948s]       |          [01;31m[K^~~~~~~~~~~~~~~~~~~~~~~~~~~~~~~~~~~~~~~~~~[m[K
[0.948s] compilation terminated.
[0.962s] gmake[2]: *** [CMakeFiles/exo4_publisher.dir/build.make:76: CMakeFiles/exo4_publisher.dir/src/exo4_publisher.cpp.o] Error 1
[0.963s] gmake[1]: *** [CMakeFiles/Makefile2:253: CMakeFiles/exo4_publisher.dir/all] Error 2
[0.963s] gmake: *** [Makefile:146: all] Error 2
[0.965s] Invoked command in '/home/student/Documents/formation_ros2/Introduction/ros2_ws/build/cpp_pubsub' returned '2': CMAKE_PREFIX_PATH=${CMAKE_PREFIX_PATH}:/home/student/turtlebot3_ws/install/turtlebot3_teleop:/home/student/turtlebot3_ws/install/turtlebot3_example:/opt/ros/humble /usr/bin/cmake --build /home/student/Documents/formation_ros2/Introduction/ros2_ws/build/cpp_pubsub -- -j8 -l8
