[0.030s] Invoking command in '/home/student/Documents/formation_ros2/Introduction/ros2_ws/build/cpp_pubsub': CMAKE_PREFIX_PATH=${CMAKE_PREFIX_PATH}:/home/student/turtlebot3_ws/install/turtlebot3_teleop:/home/student/turtlebot3_ws/install/turtlebot3_example:/opt/ros/humble /usr/bin/cmake --build /home/student/Documents/formation_ros2/Introduction/ros2_ws/build/cpp_pubsub -- -j8 -l8
[0.093s] [ 14%] Built target exo1_publisher
[0.130s] [ 21%] [32mBuilding CXX object CMakeFiles/exo3_publisher.dir/src/exo3_publisher.cpp.o[0m
[0.131s] [35m[1mConsolidate compiler generated dependencies of target exo2_publisher[0m
[0.132s] [ 35%] Built target exo1_listener
[0.135s] [ 50%] Built target exo4_listener
[0.136s] [ 64%] Built target exo5_publisher
[0.144s] [ 78%] Built target exo4_publisher
[0.153s] [ 92%] Built target exo2_publisher
[3.879s] [100%] [32m[1mLinking CXX executable exo3_publisher[0m
[4.063s] [100%] Built target exo3_publisher
[4.075s] Invoked command in '/home/student/Documents/formation_ros2/Introduction/ros2_ws/build/cpp_pubsub' returned '0': CMAKE_PREFIX_PATH=${CMAKE_PREFIX_PATH}:/home/student/turtlebot3_ws/install/turtlebot3_teleop:/home/student/turtlebot3_ws/install/turtlebot3_example:/opt/ros/humble /usr/bin/cmake --build /home/student/Documents/formation_ros2/Introduction/ros2_ws/build/cpp_pubsub -- -j8 -l8
[4.085s] Invoking command in '/home/student/Documents/formation_ros2/Introduction/ros2_ws/build/cpp_pubsub': CMAKE_PREFIX_PATH=${CMAKE_PREFIX_PATH}:/home/student/turtlebot3_ws/install/turtlebot3_teleop:/home/student/turtlebot3_ws/install/turtlebot3_example:/opt/ros/humble /usr/bin/cmake --install /home/student/Documents/formation_ros2/Introduction/ros2_ws/build/cpp_pubsub
[4.093s] -- Install configuration: ""
[4.094s] -- Up-to-date: /home/student/Documents/formation_ros2/Introduction/ros2_ws/install/cpp_pubsub/lib/cpp_pubsub/exo1_publisher
[4.095s] -- Up-to-date: /home/student/Documents/formation_ros2/Introduction/ros2_ws/install/cpp_pubsub/lib/cpp_pubsub/exo1_listener
[4.096s] -- Up-to-date: /home/student/Documents/formation_ros2/Introduction/ros2_ws/install/cpp_pubsub/lib/cpp_pubsub/exo2_publisher
[4.097s] -- Installing: /home/student/Documents/formation_ros2/Introduction/ros2_ws/install/cpp_pubsub/lib/cpp_pubsub/exo3_publisher
[4.100s] -- Set runtime path of "/home/student/Documents/formation_ros2/Introduction/ros2_ws/install/cpp_pubsub/lib/cpp_pubsub/exo3_publisher" to ""
[4.100s] -- Up-to-date: /home/student/Documents/formation_ros2/Introduction/ros2_ws/install/cpp_pubsub/lib/cpp_pubsub/exo4_publisher
[4.101s] -- Up-to-date: /home/student/Documents/formation_ros2/Introduction/ros2_ws/install/cpp_pubsub/lib/cpp_pubsub/exo4_listener
[4.102s] -- Up-to-date: /home/student/Documents/formation_ros2/Introduction/ros2_ws/install/cpp_pubsub/lib/cpp_pubsub/exo5_publisher
[4.103s] -- Up-to-date: /home/student/Documents/formation_ros2/Introduction/ros2_ws/install/cpp_pubsub/share/ament_index/resource_index/package_run_dependencies/cpp_pubsub
[4.103s] -- Up-to-date: /home/student/Documents/formation_ros2/Introduction/ros2_ws/install/cpp_pubsub/share/ament_index/resource_index/parent_prefix_path/cpp_pubsub
[4.103s] -- Up-to-date: /home/student/Documents/formation_ros2/Introduction/ros2_ws/install/cpp_pubsub/share/cpp_pubsub/environment/ament_prefix_path.sh
[4.103s] -- Up-to-date: /home/student/Documents/formation_ros2/Introduction/ros2_ws/install/cpp_pubsub/share/cpp_pubsub/environment/ament_prefix_path.dsv
[4.103s] -- Up-to-date: /home/student/Documents/formation_ros2/Introduction/ros2_ws/install/cpp_pubsub/share/cpp_pubsub/environment/path.sh
[4.104s] -- Up-to-date: /home/student/Documents/formation_ros2/Introduction/ros2_ws/install/cpp_pubsub/share/cpp_pubsub/environment/path.dsv
[4.104s] -- Up-to-date: /home/student/Documents/formation_ros2/Introduction/ros2_ws/install/cpp_pubsub/share/cpp_pubsub/local_setup.bash
[4.104s] -- Up-to-date: /home/student/Documents/formation_ros2/Introduction/ros2_ws/install/cpp_pubsub/share/cpp_pubsub/local_setup.sh
[4.104s] -- Up-to-date: /home/student/Documents/formation_ros2/Introduction/ros2_ws/install/cpp_pubsub/share/cpp_pubsub/local_setup.zsh
[4.104s] -- Up-to-date: /home/student/Documents/formation_ros2/Introduction/ros2_ws/install/cpp_pubsub/share/cpp_pubsub/local_setup.dsv
[4.104s] -- Installing: /home/student/Documents/formation_ros2/Introduction/ros2_ws/install/cpp_pubsub/share/cpp_pubsub/package.dsv
[4.105s] -- Up-to-date: /home/student/Documents/formation_ros2/Introduction/ros2_ws/install/cpp_pubsub/share/ament_index/resource_index/packages/cpp_pubsub
[4.105s] -- Up-to-date: /home/student/Documents/formation_ros2/Introduction/ros2_ws/install/cpp_pubsub/share/cpp_pubsub/cmake/cpp_pubsubConfig.cmake
[4.105s] -- Up-to-date: /home/student/Documents/formation_ros2/Introduction/ros2_ws/install/cpp_pubsub/share/cpp_pubsub/cmake/cpp_pubsubConfig-version.cmake
[4.105s] -- Up-to-date: /home/student/Documents/formation_ros2/Introduction/ros2_ws/install/cpp_pubsub/share/cpp_pubsub/package.xml
[4.107s] Invoked command in '/home/student/Documents/formation_ros2/Introduction/ros2_ws/build/cpp_pubsub' returned '0': CMAKE_PREFIX_PATH=${CMAKE_PREFIX_PATH}:/home/student/turtlebot3_ws/install/turtlebot3_teleop:/home/student/turtlebot3_ws/install/turtlebot3_example:/opt/ros/humble /usr/bin/cmake --install /home/student/Documents/formation_ros2/Introduction/ros2_ws/build/cpp_pubsub
