[0.063s] Invoking command in '/home/student/Documents/formation_ros2/Introduction/ros2_ws/build/cpp_pubsub': AMENT_PREFIX_PATH=/home/student/Documents/formation_ros2/Introduction/ros2_ws/install/tutorial_interfaces:${AMENT_PREFIX_PATH} CMAKE_PREFIX_PATH=/home/student/Documents/formation_ros2/Introduction/ros2_ws/install/tutorial_interfaces:/home/student/turtlebot3_ws/install/turtlebot3:/home/student/turtlebot3_ws/install/turtlebot3_bringup:/home/student/turtlebot3_ws/install/turtlebot3_node:/home/student/turtlebot3_ws/install/turtlebot3_navigation2:/home/student/turtlebot3_ws/install/turtlebot3_msgs:/home/student/turtlebot3_ws/install/turtlebot3_description:/home/student/turtlebot3_ws/install/turtlebot3_cartographer:/home/student/turtlebot3_ws/install/dynamixel_sdk_examples:/home/student/turtlebot3_ws/install/dynamixel_sdk_custom_interfaces:/home/student/turtlebot3_ws/install/dynamixel_sdk:/home/student/turtlebot3_ws/install/turtlebot3_teleop:/home/student/turtlebot3_ws/install/turtlebot3_example:/opt/ros/humble LD_LIBRARY_PATH=/home/student/Documents/formation_ros2/Introduction/ros2_ws/install/tutorial_interfaces/lib:${LD_LIBRARY_PATH} PYTHONPATH=/home/student/Documents/formation_ros2/Introduction/ros2_ws/install/tutorial_interfaces/local/lib/python3.10/dist-packages:${PYTHONPATH} /usr/bin/cmake --build /home/student/Documents/formation_ros2/Introduction/ros2_ws/build/cpp_pubsub -- -j8 -l8
[0.090s] -- Found ament_cmake: 1.3.12 (/opt/ros/humble/share/ament_cmake/cmake)
[0.240s] -- Found rclcpp: 16.0.15 (/opt/ros/humble/share/rclcpp/cmake)
[0.270s] -- Found rosidl_generator_c: 3.1.7 (/opt/ros/humble/share/rosidl_generator_c/cmake)
[0.273s] -- Found rosidl_adapter: 3.1.7 (/opt/ros/humble/share/rosidl_adapter/cmake)
[0.279s] -- Found rosidl_generator_cpp: 3.1.7 (/opt/ros/humble/share/rosidl_generator_cpp/cmake)
[0.289s] -- Using all available rosidl_typesupport_c: rosidl_typesupport_fastrtps_c;rosidl_typesupport_introspection_c
[0.301s] -- Using all available rosidl_typesupport_cpp: rosidl_typesupport_fastrtps_cpp;rosidl_typesupport_introspection_cpp
[0.343s] -- Found rmw_implementation_cmake: 6.1.2 (/opt/ros/humble/share/rmw_implementation_cmake/cmake)
[0.346s] -- Found rmw_fastrtps_cpp: 6.2.9 (/opt/ros/humble/share/rmw_fastrtps_cpp/cmake)
[0.466s] -- Using RMW implementation 'rmw_fastrtps_cpp' as default
[0.540s] -- Found tutorial_interfaces: 0.0.0 (/home/student/Documents/formation_ros2/Introduction/ros2_ws/install/tutorial_interfaces/share/tutorial_interfaces/cmake)
[0.559s] -- Found ament_lint_auto: 0.12.14 (/opt/ros/humble/share/ament_lint_auto/cmake)
[0.632s] -- Added test 'cppcheck' to perform static code analysis on C / C++ code
[0.633s] -- Configured cppcheck include dirs: 
[0.633s] -- Configured cppcheck exclude dirs and/or files: 
[0.634s] -- Added test 'lint_cmake' to check CMake code style
[0.636s] -- Added test 'uncrustify' to check C / C++ code style
[0.636s] -- Configured uncrustify additional arguments: 
[0.637s] -- Added test 'xmllint' to check XML markup files
[0.638s] -- Configuring done
[0.675s] -- Generating done
[0.688s] -- Build files have been written to: /home/student/Documents/formation_ros2/Introduction/ros2_ws/build/cpp_pubsub
[0.728s] [35m[1mConsolidate compiler generated dependencies of target exo1_publisher[0m
[0.728s] [35m[1mConsolidate compiler generated dependencies of target exo4_publisher[0m
[0.728s] [35m[1mConsolidate compiler generated dependencies of target exo4_listener[0m
[0.728s] [35m[1mConsolidate compiler generated dependencies of target exo5_listener[0m
[0.728s] [35m[1mConsolidate compiler generated dependencies of target exo2_publisher[0m
[0.743s] [35m[1mConsolidate compiler generated dependencies of target exo3_publisher[0m
[0.743s] [35m[1mConsolidate compiler generated dependencies of target exo1_listener[0m
[0.752s] [  6%] [32mBuilding CXX object CMakeFiles/exo6_publisher.dir/src/exo6_publisher.cpp.o[0m
[0.768s] [ 18%] Built target exo4_listener
[0.776s] [ 31%] Built target exo1_publisher
[0.776s] [ 56%] Built target exo2_publisher
[0.779s] [ 56%] Built target exo1_listener
[0.783s] [ 68%] Built target exo3_publisher
[0.783s] [ 81%] Built target exo4_publisher
[0.785s] [ 93%] Built target exo5_listener
[3.227s] [01m[K/home/student/Documents/formation_ros2/Introduction/ros2_ws/src/cpp_pubsub/src/exo6_publisher.cpp:[m[K In member function ‘[01m[Kvoid MinimalPublisher::timer_callback()[m[K’:
[3.227s] [01m[K/home/student/Documents/formation_ros2/Introduction/ros2_ws/src/cpp_pubsub/src/exo6_publisher.cpp:50:72:[m[K [01;31m[Kerror: [m[Kno match for ‘[01m[Koperator=[m[K’ (operand types are ‘[01m[Ktutorial_interfaces::msg::ComputerInfo_<std::allocator<void> >::_computer_name_type[m[K’ {aka ‘[01m[Kstd::__cxx11::basic_string<char>[m[K’} and ‘[01m[Krclcpp::Parameter[m[K’)
[3.228s]    50 |     message.computer_name = this->get_parameter("correct_computer_name"[01;31m[K)[m[K;
[3.228s]       |                                                                        [01;31m[K^[m[K
[3.228s] In file included from [01m[K/usr/include/c++/11/string:55[m[K,
[3.228s]                  from [01m[K/home/student/Documents/formation_ros2/Introduction/ros2_ws/src/cpp_pubsub/src/exo6_publisher.cpp:18[m[K:
[3.228s] [01m[K/usr/include/c++/11/bits/basic_string.h:799:8:[m[K [01;36m[Knote: [m[Kcandidate: ‘[01m[Ktemplate<class _Tp> std::__cxx11::basic_string<_CharT, _Traits, _Alloc>::_If_sv<_Tp, std::__cxx11::basic_string<_CharT, _Traits, _Alloc>&> std::__cxx11::basic_string<_CharT, _Traits, _Alloc>::operator=(const _Tp&) [with _Tp = _Tp; _CharT = char; _Traits = std::char_traits<char>; _Alloc = std::allocator<char>][m[K’
[3.228s]   799 |        [01;36m[Koperator[m[K=(const _Tp& __svt)
[3.228s]       |        [01;36m[K^~~~~~~~[m[K
[3.228s] [01m[K/usr/include/c++/11/bits/basic_string.h:799:8:[m[K [01;36m[Knote: [m[K  template argument deduction/substitution failed:
[3.228s] In file included from [01m[K/usr/include/c++/11/ratio:39[m[K,
[3.229s]                  from [01m[K/usr/include/c++/11/chrono:39[m[K,
[3.229s]                  from [01m[K/home/student/Documents/formation_ros2/Introduction/ros2_ws/src/cpp_pubsub/src/exo6_publisher.cpp:15[m[K:
[3.229s] /usr/include/c++/11/type_traits: In substitution of ‘[01m[Ktemplate<bool _Cond, class _Tp> using enable_if_t = typename std::enable_if::type [with bool _Cond = false; _Tp = std::__cxx11::basic_string<char>&][m[K’:
[3.229s] [01m[K/usr/include/c++/11/bits/basic_string.h:125:8:[m[K   required by substitution of ‘[01m[Ktemplate<class _CharT, class _Traits, class _Alloc> template<class _Tp, class _Res> using _If_sv = std::enable_if_t<std::__and_<std::is_convertible<const _Tp&, std::basic_string_view<_CharT, _Traits> >, std::__not_<std::is_convertible<const _Tp*, const std::__cxx11::basic_string<_CharT, _Traits, _Alloc>*> >, std::__not_<std::is_convertible<const _Tp&, const _CharT*> > >::value, _Res> [with _Tp = rclcpp::Parameter; _Res = std::__cxx11::basic_string<char>&; _CharT = char; _Traits = std::char_traits<char>; _Alloc = std::allocator<char>][m[K’
[3.229s] [01m[K/usr/include/c++/11/bits/basic_string.h:799:8:[m[K   required by substitution of ‘[01m[Ktemplate<class _Tp> std::__cxx11::basic_string<char>::_If_sv<_Tp, std::__cxx11::basic_string<char>&> std::__cxx11::basic_string<char>::operator=<_Tp>(const _Tp&) [with _Tp = rclcpp::Parameter][m[K’
[3.229s] [01m[K/home/student/Documents/formation_ros2/Introduction/ros2_ws/src/cpp_pubsub/src/exo6_publisher.cpp:50:72:[m[K   required from here
[3.229s] [01m[K/usr/include/c++/11/type_traits:2579:11:[m[K [01;31m[Kerror: [m[Kno type named ‘[01m[Ktype[m[K’ in ‘[01m[Kstruct std::enable_if<false, std::__cxx11::basic_string<char>&>[m[K’
[3.229s]  2579 |     using [01;31m[Kenable_if_t[m[K = typename enable_if<_Cond, _Tp>::type;
[3.229s]       |           [01;31m[K^~~~~~~~~~~[m[K
[3.229s] In file included from [01m[K/usr/include/c++/11/string:55[m[K,
[3.229s]                  from [01m[K/home/student/Documents/formation_ros2/Introduction/ros2_ws/src/cpp_pubsub/src/exo6_publisher.cpp:18[m[K:
[3.230s] [01m[K/usr/include/c++/11/bits/basic_string.h:679:7:[m[K [01;36m[Knote: [m[Kcandidate: ‘[01m[Kstd::__cxx11::basic_string<_CharT, _Traits, _Alloc>& std::__cxx11::basic_string<_CharT, _Traits, _Alloc>::operator=(const std::__cxx11::basic_string<_CharT, _Traits, _Alloc>&) [with _CharT = char; _Traits = std::char_traits<char>; _Alloc = std::allocator<char>][m[K’
[3.230s]   679 |       [01;36m[Koperator[m[K=(const basic_string& __str)
[3.230s]       |       [01;36m[K^~~~~~~~[m[K
[3.230s] [01m[K/usr/include/c++/11/bits/basic_string.h:679:37:[m[K [01;36m[Knote: [m[K  no known conversion for argument 1 from ‘[01m[Krclcpp::Parameter[m[K’ to ‘[01m[Kconst std::__cxx11::basic_string<char>&[m[K’
[3.230s]   679 |       operator=([01;36m[Kconst basic_string& __str[m[K)
[3.230s]       |                 [01;36m[K~~~~~~~~~~~~~~~~~~~~^~~~~[m[K
[3.230s] [01m[K/usr/include/c++/11/bits/basic_string.h:689:7:[m[K [01;36m[Knote: [m[Kcandidate: ‘[01m[Kstd::__cxx11::basic_string<_CharT, _Traits, _Alloc>& std::__cxx11::basic_string<_CharT, _Traits, _Alloc>::operator=(const _CharT*) [with _CharT = char; _Traits = std::char_traits<char>; _Alloc = std::allocator<char>][m[K’
[3.230s]   689 |       [01;36m[Koperator[m[K=(const _CharT* __s)
[3.230s]       |       [01;36m[K^~~~~~~~[m[K
[3.230s] [01m[K/usr/include/c++/11/bits/basic_string.h:689:31:[m[K [01;36m[Knote: [m[K  no known conversion for argument 1 from ‘[01m[Krclcpp::Parameter[m[K’ to ‘[01m[Kconst char*[m[K’
[3.230s]   689 |       operator=([01;36m[Kconst _CharT* __s[m[K)
[3.230s]       |                 [01;36m[K~~~~~~~~~~~~~~^~~[m[K
[3.231s] [01m[K/usr/include/c++/11/bits/basic_string.h:700:7:[m[K [01;36m[Knote: [m[Kcandidate: ‘[01m[Kstd::__cxx11::basic_string<_CharT, _Traits, _Alloc>& std::__cxx11::basic_string<_CharT, _Traits, _Alloc>::operator=(_CharT) [with _CharT = char; _Traits = std::char_traits<char>; _Alloc = std::allocator<char>][m[K’
[3.231s]   700 |       [01;36m[Koperator[m[K=(_CharT __c)
[3.231s]       |       [01;36m[K^~~~~~~~[m[K
[3.231s] [01m[K/usr/include/c++/11/bits/basic_string.h:700:24:[m[K [01;36m[Knote: [m[K  no known conversion for argument 1 from ‘[01m[Krclcpp::Parameter[m[K’ to ‘[01m[Kchar[m[K’
[3.231s]   700 |       operator=([01;36m[K_CharT __c[m[K)
[3.231s]       |                 [01;36m[K~~~~~~~^~~[m[K
[3.231s] [01m[K/usr/include/c++/11/bits/basic_string.h:717:7:[m[K [01;36m[Knote: [m[Kcandidate: ‘[01m[Kstd::__cxx11::basic_string<_CharT, _Traits, _Alloc>& std::__cxx11::basic_string<_CharT, _Traits, _Alloc>::operator=(std::__cxx11::basic_string<_CharT, _Traits, _Alloc>&&) [with _CharT = char; _Traits = std::char_traits<char>; _Alloc = std::allocator<char>][m[K’
[3.231s]   717 |       [01;36m[Koperator[m[K=(basic_string&& __str)
[3.231s]       |       [01;36m[K^~~~~~~~[m[K
[3.231s] [01m[K/usr/include/c++/11/bits/basic_string.h:717:32:[m[K [01;36m[Knote: [m[K  no known conversion for argument 1 from ‘[01m[Krclcpp::Parameter[m[K’ to ‘[01m[Kstd::__cxx11::basic_string<char>&&[m[K’
[3.231s]   717 |       operator=([01;36m[Kbasic_string&& __str[m[K)
[3.232s]       |                 [01;36m[K~~~~~~~~~~~~~~~^~~~~[m[K
[3.232s] [01m[K/usr/include/c++/11/bits/basic_string.h:785:7:[m[K [01;36m[Knote: [m[Kcandidate: ‘[01m[Kstd::__cxx11::basic_string<_CharT, _Traits, _Alloc>& std::__cxx11::basic_string<_CharT, _Traits, _Alloc>::operator=(std::initializer_list<_Tp>) [with _CharT = char; _Traits = std::char_traits<char>; _Alloc = std::allocator<char>][m[K’
[3.232s]   785 |       [01;36m[Koperator[m[K=(initializer_list<_CharT> __l)
[3.232s]       |       [01;36m[K^~~~~~~~[m[K
[3.232s] [01m[K/usr/include/c++/11/bits/basic_string.h:785:42:[m[K [01;36m[Knote: [m[K  no known conversion for argument 1 from ‘[01m[Krclcpp::Parameter[m[K’ to ‘[01m[Kstd::initializer_list<char>[m[K’
[3.232s]   785 |       operator=([01;36m[Kinitializer_list<_CharT> __l[m[K)
[3.232s]       |                 [01;36m[K~~~~~~~~~~~~~~~~~~~~~~~~~^~~[m[K
[3.232s] [01m[K/home/student/Documents/formation_ros2/Introduction/ros2_ws/src/cpp_pubsub/src/exo6_publisher.cpp:51:44:[m[K [01;31m[Kerror: [m[Kcannot convert ‘[01m[Krclcpp::Parameter[m[K’ to ‘[01m[Ktutorial_interfaces::msg::ComputerInfo_<std::allocator<void> >::_domain_id_type[m[K’ {aka ‘[01m[Kint[m[K’} in assignment
[3.232s]    51 |     message.domain_id = [01;31m[Kthis->get_parameter("correct_domain_id")[m[K;
[3.232s]       |                         [01;31m[K~~~~~~~~~~~~~~~~~~~^~~~~~~~~~~~~~~~~~~~~[m[K
[3.232s]       |                                            [01;31m[K|[m[K
[3.233s]       |                                            [01;31m[Krclcpp::Parameter[m[K
[4.059s] gmake[2]: *** [CMakeFiles/exo6_publisher.dir/build.make:76: CMakeFiles/exo6_publisher.dir/src/exo6_publisher.cpp.o] Error 1
[4.059s] gmake[1]: *** [CMakeFiles/Makefile2:333: CMakeFiles/exo6_publisher.dir/all] Error 2
[4.059s] gmake: *** [Makefile:146: all] Error 2
[4.062s] Invoked command in '/home/student/Documents/formation_ros2/Introduction/ros2_ws/build/cpp_pubsub' returned '2': AMENT_PREFIX_PATH=/home/student/Documents/formation_ros2/Introduction/ros2_ws/install/tutorial_interfaces:${AMENT_PREFIX_PATH} CMAKE_PREFIX_PATH=/home/student/Documents/formation_ros2/Introduction/ros2_ws/install/tutorial_interfaces:/home/student/turtlebot3_ws/install/turtlebot3:/home/student/turtlebot3_ws/install/turtlebot3_bringup:/home/student/turtlebot3_ws/install/turtlebot3_node:/home/student/turtlebot3_ws/install/turtlebot3_navigation2:/home/student/turtlebot3_ws/install/turtlebot3_msgs:/home/student/turtlebot3_ws/install/turtlebot3_description:/home/student/turtlebot3_ws/install/turtlebot3_cartographer:/home/student/turtlebot3_ws/install/dynamixel_sdk_examples:/home/student/turtlebot3_ws/install/dynamixel_sdk_custom_interfaces:/home/student/turtlebot3_ws/install/dynamixel_sdk:/home/student/turtlebot3_ws/install/turtlebot3_teleop:/home/student/turtlebot3_ws/install/turtlebot3_example:/opt/ros/humble LD_LIBRARY_PATH=/home/student/Documents/formation_ros2/Introduction/ros2_ws/install/tutorial_interfaces/lib:${LD_LIBRARY_PATH} PYTHONPATH=/home/student/Documents/formation_ros2/Introduction/ros2_ws/install/tutorial_interfaces/local/lib/python3.10/dist-packages:${PYTHONPATH} /usr/bin/cmake --build /home/student/Documents/formation_ros2/Introduction/ros2_ws/build/cpp_pubsub -- -j8 -l8
