[0.032s] Invoking command in '/home/student/Documents/formation_ros2/Introduction/ros2_ws/build/tutorial_interfaces': CMAKE_PREFIX_PATH=${CMAKE_PREFIX_PATH}:/home/student/turtlebot3_ws/install/turtlebot3_teleop:/home/student/turtlebot3_ws/install/turtlebot3_example:/opt/ros/humble /usr/bin/cmake --build /home/student/Documents/formation_ros2/Introduction/ros2_ws/build/tutorial_interfaces -- -j8 -l8
[0.089s] [  3%] Built target tutorial_interfaces__cpp
[0.090s] [ 12%] Built target tutorial_interfaces__rosidl_generator_c
[0.102s] [ 12%] Built target ament_cmake_python_copy_tutorial_interfaces
[0.124s] [ 22%] Built target tutorial_interfaces__rosidl_typesupport_fastrtps_cpp
[0.124s] [ 32%] Built target tutorial_interfaces__rosidl_typesupport_introspection_cpp
[0.124s] [ 41%] Built target tutorial_interfaces__rosidl_typesupport_cpp
[0.151s] [ 51%] Built target tutorial_interfaces__rosidl_typesupport_fastrtps_c
[0.151s] [ 61%] Built target tutorial_interfaces__rosidl_typesupport_introspection_c
[0.153s] [ 70%] Built target tutorial_interfaces__rosidl_typesupport_c
[0.178s] [ 70%] Built target tutorial_interfaces
[0.202s] [ 74%] Built target tutorial_interfaces__py
[0.232s] [ 80%] Built target tutorial_interfaces__rosidl_generator_py
[0.258s] [ 87%] Built target tutorial_interfaces__rosidl_typesupport_fastrtps_c__pyext
[0.258s] [100%] Built target tutorial_interfaces__rosidl_typesupport_introspection_c__pyext
[0.259s] [100%] Built target tutorial_interfaces__rosidl_typesupport_c__pyext
[0.449s] running egg_info
[0.450s] writing tutorial_interfaces.egg-info/PKG-INFO
[0.450s] writing dependency_links to tutorial_interfaces.egg-info/dependency_links.txt
[0.450s] writing top-level names to tutorial_interfaces.egg-info/top_level.txt
[0.453s] reading manifest file 'tutorial_interfaces.egg-info/SOURCES.txt'
[0.454s] writing manifest file 'tutorial_interfaces.egg-info/SOURCES.txt'
[0.482s] [100%] Built target ament_cmake_python_build_tutorial_interfaces_egg
[0.495s] Invoked command in '/home/student/Documents/formation_ros2/Introduction/ros2_ws/build/tutorial_interfaces' returned '0': CMAKE_PREFIX_PATH=${CMAKE_PREFIX_PATH}:/home/student/turtlebot3_ws/install/turtlebot3_teleop:/home/student/turtlebot3_ws/install/turtlebot3_example:/opt/ros/humble /usr/bin/cmake --build /home/student/Documents/formation_ros2/Introduction/ros2_ws/build/tutorial_interfaces -- -j8 -l8
[0.505s] Invoking command in '/home/student/Documents/formation_ros2/Introduction/ros2_ws/build/tutorial_interfaces': CMAKE_PREFIX_PATH=${CMAKE_PREFIX_PATH}:/home/student/turtlebot3_ws/install/turtlebot3_teleop:/home/student/turtlebot3_ws/install/turtlebot3_example:/opt/ros/humble /usr/bin/cmake --install /home/student/Documents/formation_ros2/Introduction/ros2_ws/build/tutorial_interfaces
[0.517s] -- Install configuration: ""
[0.517s] -- Up-to-date: /home/student/Documents/formation_ros2/Introduction/ros2_ws/install/tutorial_interfaces/share/ament_index/resource_index/rosidl_interfaces/tutorial_interfaces
[0.517s] -- Up-to-date: /home/student/Documents/formation_ros2/Introduction/ros2_ws/install/tutorial_interfaces/include/tutorial_interfaces/tutorial_interfaces
[0.517s] -- Up-to-date: /home/student/Documents/formation_ros2/Introduction/ros2_ws/install/tutorial_interfaces/include/tutorial_interfaces/tutorial_interfaces/msg
[0.517s] -- Up-to-date: /home/student/Documents/formation_ros2/Introduction/ros2_ws/install/tutorial_interfaces/include/tutorial_interfaces/tutorial_interfaces/msg/num.h
[0.517s] -- Up-to-date: /home/student/Documents/formation_ros2/Introduction/ros2_ws/install/tutorial_interfaces/include/tutorial_interfaces/tutorial_interfaces/msg/rosidl_generator_c__visibility_control.h
[0.518s] -- Up-to-date: /home/student/Documents/formation_ros2/Introduction/ros2_ws/install/tutorial_interfaces/include/tutorial_interfaces/tutorial_interfaces/msg/computer_info.h
[0.518s] -- Up-to-date: /home/student/Documents/formation_ros2/Introduction/ros2_ws/install/tutorial_interfaces/include/tutorial_interfaces/tutorial_interfaces/msg/detail
[0.518s] -- Up-to-date: /home/student/Documents/formation_ros2/Introduction/ros2_ws/install/tutorial_interfaces/include/tutorial_interfaces/tutorial_interfaces/msg/detail/msg__struct.h
[0.518s] -- Up-to-date: /home/student/Documents/formation_ros2/Introduction/ros2_ws/install/tutorial_interfaces/include/tutorial_interfaces/tutorial_interfaces/msg/detail/computer_info__type_support.h
[0.518s] -- Up-to-date: /home/student/Documents/formation_ros2/Introduction/ros2_ws/install/tutorial_interfaces/include/tutorial_interfaces/tutorial_interfaces/msg/detail/computer_info__functions.h
[0.518s] -- Up-to-date: /home/student/Documents/formation_ros2/Introduction/ros2_ws/install/tutorial_interfaces/include/tutorial_interfaces/tutorial_interfaces/msg/detail/computer_info__functions.c
[0.518s] -- Up-to-date: /home/student/Documents/formation_ros2/Introduction/ros2_ws/install/tutorial_interfaces/include/tutorial_interfaces/tutorial_interfaces/msg/detail/num__struct.h
[0.518s] -- Up-to-date: /home/student/Documents/formation_ros2/Introduction/ros2_ws/install/tutorial_interfaces/include/tutorial_interfaces/tutorial_interfaces/msg/detail/num__type_support.h
[0.518s] -- Up-to-date: /home/student/Documents/formation_ros2/Introduction/ros2_ws/install/tutorial_interfaces/include/tutorial_interfaces/tutorial_interfaces/msg/detail/computer_info__struct.h
[0.519s] -- Up-to-date: /home/student/Documents/formation_ros2/Introduction/ros2_ws/install/tutorial_interfaces/include/tutorial_interfaces/tutorial_interfaces/msg/detail/sphere__struct.h
[0.519s] -- Up-to-date: /home/student/Documents/formation_ros2/Introduction/ros2_ws/install/tutorial_interfaces/include/tutorial_interfaces/tutorial_interfaces/msg/detail/sphere__functions.h
[0.519s] -- Up-to-date: /home/student/Documents/formation_ros2/Introduction/ros2_ws/install/tutorial_interfaces/include/tutorial_interfaces/tutorial_interfaces/msg/detail/num__functions.c
[0.519s] -- Up-to-date: /home/student/Documents/formation_ros2/Introduction/ros2_ws/install/tutorial_interfaces/include/tutorial_interfaces/tutorial_interfaces/msg/detail/sphere__type_support.h
[0.520s] -- Up-to-date: /home/student/Documents/formation_ros2/Introduction/ros2_ws/install/tutorial_interfaces/include/tutorial_interfaces/tutorial_interfaces/msg/detail/msg__type_support.h
[0.520s] -- Up-to-date: /home/student/Documents/formation_ros2/Introduction/ros2_ws/install/tutorial_interfaces/include/tutorial_interfaces/tutorial_interfaces/msg/detail/msg__functions.c
[0.520s] -- Up-to-date: /home/student/Documents/formation_ros2/Introduction/ros2_ws/install/tutorial_interfaces/include/tutorial_interfaces/tutorial_interfaces/msg/detail/sphere__functions.c
[0.520s] -- Up-to-date: /home/student/Documents/formation_ros2/Introduction/ros2_ws/install/tutorial_interfaces/include/tutorial_interfaces/tutorial_interfaces/msg/detail/msg__functions.h
[0.521s] -- Up-to-date: /home/student/Documents/formation_ros2/Introduction/ros2_ws/install/tutorial_interfaces/include/tutorial_interfaces/tutorial_interfaces/msg/detail/num__functions.h
[0.521s] -- Up-to-date: /home/student/Documents/formation_ros2/Introduction/ros2_ws/install/tutorial_interfaces/include/tutorial_interfaces/tutorial_interfaces/msg/msg.h
[0.521s] -- Up-to-date: /home/student/Documents/formation_ros2/Introduction/ros2_ws/install/tutorial_interfaces/include/tutorial_interfaces/tutorial_interfaces/msg/sphere.h
[0.521s] -- Up-to-date: /home/student/Documents/formation_ros2/Introduction/ros2_ws/install/tutorial_interfaces/include/tutorial_interfaces/tutorial_interfaces/srv
[0.521s] -- Up-to-date: /home/student/Documents/formation_ros2/Introduction/ros2_ws/install/tutorial_interfaces/include/tutorial_interfaces/tutorial_interfaces/srv/add_three_ints.h
[0.521s] -- Up-to-date: /home/student/Documents/formation_ros2/Introduction/ros2_ws/install/tutorial_interfaces/include/tutorial_interfaces/tutorial_interfaces/srv/detail
[0.522s] -- Up-to-date: /home/student/Documents/formation_ros2/Introduction/ros2_ws/install/tutorial_interfaces/include/tutorial_interfaces/tutorial_interfaces/srv/detail/add_three_ints__functions.h
[0.522s] -- Up-to-date: /home/student/Documents/formation_ros2/Introduction/ros2_ws/install/tutorial_interfaces/include/tutorial_interfaces/tutorial_interfaces/srv/detail/add_three_ints__type_support.h
[0.522s] -- Up-to-date: /home/student/Documents/formation_ros2/Introduction/ros2_ws/install/tutorial_interfaces/include/tutorial_interfaces/tutorial_interfaces/srv/detail/add_three_ints__functions.c
[0.523s] -- Up-to-date: /home/student/Documents/formation_ros2/Introduction/ros2_ws/install/tutorial_interfaces/include/tutorial_interfaces/tutorial_interfaces/srv/detail/add_three_ints__struct.h
[0.523s] -- Up-to-date: /home/student/Documents/formation_ros2/Introduction/ros2_ws/install/tutorial_interfaces/share/tutorial_interfaces/environment/library_path.sh
[0.523s] -- Up-to-date: /home/student/Documents/formation_ros2/Introduction/ros2_ws/install/tutorial_interfaces/share/tutorial_interfaces/environment/library_path.dsv
[0.523s] -- Up-to-date: /home/student/Documents/formation_ros2/Introduction/ros2_ws/install/tutorial_interfaces/lib/libtutorial_interfaces__rosidl_generator_c.so
[0.523s] -- Up-to-date: /home/student/Documents/formation_ros2/Introduction/ros2_ws/install/tutorial_interfaces/include/tutorial_interfaces/tutorial_interfaces
[0.523s] -- Up-to-date: /home/student/Documents/formation_ros2/Introduction/ros2_ws/install/tutorial_interfaces/include/tutorial_interfaces/tutorial_interfaces/msg
[0.524s] -- Up-to-date: /home/student/Documents/formation_ros2/Introduction/ros2_ws/install/tutorial_interfaces/include/tutorial_interfaces/tutorial_interfaces/msg/detail
[0.524s] -- Up-to-date: /home/student/Documents/formation_ros2/Introduction/ros2_ws/install/tutorial_interfaces/include/tutorial_interfaces/tutorial_interfaces/msg/detail/computer_info__rosidl_typesupport_fastrtps_c.h
[0.524s] -- Up-to-date: /home/student/Documents/formation_ros2/Introduction/ros2_ws/install/tutorial_interfaces/include/tutorial_interfaces/tutorial_interfaces/msg/detail/sphere__rosidl_typesupport_fastrtps_c.h
[0.524s] -- Up-to-date: /home/student/Documents/formation_ros2/Introduction/ros2_ws/install/tutorial_interfaces/include/tutorial_interfaces/tutorial_interfaces/msg/detail/msg__rosidl_typesupport_fastrtps_c.h
[0.524s] -- Up-to-date: /home/student/Documents/formation_ros2/Introduction/ros2_ws/install/tutorial_interfaces/include/tutorial_interfaces/tutorial_interfaces/msg/detail/num__rosidl_typesupport_fastrtps_c.h
[0.524s] -- Up-to-date: /home/student/Documents/formation_ros2/Introduction/ros2_ws/install/tutorial_interfaces/include/tutorial_interfaces/tutorial_interfaces/msg/rosidl_typesupport_fastrtps_c__visibility_control.h
[0.524s] -- Up-to-date: /home/student/Documents/formation_ros2/Introduction/ros2_ws/install/tutorial_interfaces/include/tutorial_interfaces/tutorial_interfaces/srv
[0.524s] -- Up-to-date: /home/student/Documents/formation_ros2/Introduction/ros2_ws/install/tutorial_interfaces/include/tutorial_interfaces/tutorial_interfaces/srv/detail
[0.525s] -- Up-to-date: /home/student/Documents/formation_ros2/Introduction/ros2_ws/install/tutorial_interfaces/include/tutorial_interfaces/tutorial_interfaces/srv/detail/add_three_ints__rosidl_typesupport_fastrtps_c.h
[0.525s] -- Up-to-date: /home/student/Documents/formation_ros2/Introduction/ros2_ws/install/tutorial_interfaces/lib/libtutorial_interfaces__rosidl_typesupport_fastrtps_c.so
[0.525s] -- Up-to-date: /home/student/Documents/formation_ros2/Introduction/ros2_ws/install/tutorial_interfaces/include/tutorial_interfaces/tutorial_interfaces
[0.525s] -- Up-to-date: /home/student/Documents/formation_ros2/Introduction/ros2_ws/install/tutorial_interfaces/include/tutorial_interfaces/tutorial_interfaces/msg
[0.525s] -- Up-to-date: /home/student/Documents/formation_ros2/Introduction/ros2_ws/install/tutorial_interfaces/include/tutorial_interfaces/tutorial_interfaces/msg/detail
[0.525s] -- Up-to-date: /home/student/Documents/formation_ros2/Introduction/ros2_ws/install/tutorial_interfaces/include/tutorial_interfaces/tutorial_interfaces/msg/detail/msg__rosidl_typesupport_introspection_c.h
[0.525s] -- Up-to-date: /home/student/Documents/formation_ros2/Introduction/ros2_ws/install/tutorial_interfaces/include/tutorial_interfaces/tutorial_interfaces/msg/detail/msg__type_support.c
[0.526s] -- Up-to-date: /home/student/Documents/formation_ros2/Introduction/ros2_ws/install/tutorial_interfaces/include/tutorial_interfaces/tutorial_interfaces/msg/detail/sphere__rosidl_typesupport_introspection_c.h
[0.526s] -- Up-to-date: /home/student/Documents/formation_ros2/Introduction/ros2_ws/install/tutorial_interfaces/include/tutorial_interfaces/tutorial_interfaces/msg/detail/num__type_support.c
[0.526s] -- Up-to-date: /home/student/Documents/formation_ros2/Introduction/ros2_ws/install/tutorial_interfaces/include/tutorial_interfaces/tutorial_interfaces/msg/detail/num__rosidl_typesupport_introspection_c.h
[0.526s] -- Up-to-date: /home/student/Documents/formation_ros2/Introduction/ros2_ws/install/tutorial_interfaces/include/tutorial_interfaces/tutorial_interfaces/msg/detail/sphere__type_support.c
[0.526s] -- Up-to-date: /home/student/Documents/formation_ros2/Introduction/ros2_ws/install/tutorial_interfaces/include/tutorial_interfaces/tutorial_interfaces/msg/detail/computer_info__rosidl_typesupport_introspection_c.h
[0.526s] -- Up-to-date: /home/student/Documents/formation_ros2/Introduction/ros2_ws/install/tutorial_interfaces/include/tutorial_interfaces/tutorial_interfaces/msg/detail/computer_info__type_support.c
[0.526s] -- Up-to-date: /home/student/Documents/formation_ros2/Introduction/ros2_ws/install/tutorial_interfaces/include/tutorial_interfaces/tutorial_interfaces/msg/rosidl_typesupport_introspection_c__visibility_control.h
[0.526s] -- Up-to-date: /home/student/Documents/formation_ros2/Introduction/ros2_ws/install/tutorial_interfaces/include/tutorial_interfaces/tutorial_interfaces/srv
[0.527s] -- Up-to-date: /home/student/Documents/formation_ros2/Introduction/ros2_ws/install/tutorial_interfaces/include/tutorial_interfaces/tutorial_interfaces/srv/detail
[0.527s] -- Up-to-date: /home/student/Documents/formation_ros2/Introduction/ros2_ws/install/tutorial_interfaces/include/tutorial_interfaces/tutorial_interfaces/srv/detail/add_three_ints__type_support.c
[0.527s] -- Up-to-date: /home/student/Documents/formation_ros2/Introduction/ros2_ws/install/tutorial_interfaces/include/tutorial_interfaces/tutorial_interfaces/srv/detail/add_three_ints__rosidl_typesupport_introspection_c.h
[0.527s] -- Up-to-date: /home/student/Documents/formation_ros2/Introduction/ros2_ws/install/tutorial_interfaces/lib/libtutorial_interfaces__rosidl_typesupport_introspection_c.so
[0.527s] -- Up-to-date: /home/student/Documents/formation_ros2/Introduction/ros2_ws/install/tutorial_interfaces/lib/libtutorial_interfaces__rosidl_typesupport_c.so
[0.528s] -- Up-to-date: /home/student/Documents/formation_ros2/Introduction/ros2_ws/install/tutorial_interfaces/include/tutorial_interfaces/tutorial_interfaces
[0.528s] -- Up-to-date: /home/student/Documents/formation_ros2/Introduction/ros2_ws/install/tutorial_interfaces/include/tutorial_interfaces/tutorial_interfaces/msg
[0.528s] -- Up-to-date: /home/student/Documents/formation_ros2/Introduction/ros2_ws/install/tutorial_interfaces/include/tutorial_interfaces/tutorial_interfaces/msg/msg.hpp
[0.528s] -- Up-to-date: /home/student/Documents/formation_ros2/Introduction/ros2_ws/install/tutorial_interfaces/include/tutorial_interfaces/tutorial_interfaces/msg/detail
[0.528s] -- Up-to-date: /home/student/Documents/formation_ros2/Introduction/ros2_ws/install/tutorial_interfaces/include/tutorial_interfaces/tutorial_interfaces/msg/detail/msg__traits.hpp
[0.529s] -- Up-to-date: /home/student/Documents/formation_ros2/Introduction/ros2_ws/install/tutorial_interfaces/include/tutorial_interfaces/tutorial_interfaces/msg/detail/num__builder.hpp
[0.529s] -- Up-to-date: /home/student/Documents/formation_ros2/Introduction/ros2_ws/install/tutorial_interfaces/include/tutorial_interfaces/tutorial_interfaces/msg/detail/sphere__type_support.hpp
[0.529s] -- Up-to-date: /home/student/Documents/formation_ros2/Introduction/ros2_ws/install/tutorial_interfaces/include/tutorial_interfaces/tutorial_interfaces/msg/detail/num__traits.hpp
[0.529s] -- Up-to-date: /home/student/Documents/formation_ros2/Introduction/ros2_ws/install/tutorial_interfaces/include/tutorial_interfaces/tutorial_interfaces/msg/detail/sphere__traits.hpp
[0.530s] -- Up-to-date: /home/student/Documents/formation_ros2/Introduction/ros2_ws/install/tutorial_interfaces/include/tutorial_interfaces/tutorial_interfaces/msg/detail/msg__builder.hpp
[0.530s] -- Up-to-date: /home/student/Documents/formation_ros2/Introduction/ros2_ws/install/tutorial_interfaces/include/tutorial_interfaces/tutorial_interfaces/msg/detail/msg__type_support.hpp
[0.530s] -- Up-to-date: /home/student/Documents/formation_ros2/Introduction/ros2_ws/install/tutorial_interfaces/include/tutorial_interfaces/tutorial_interfaces/msg/detail/msg__struct.hpp
[0.530s] -- Up-to-date: /home/student/Documents/formation_ros2/Introduction/ros2_ws/install/tutorial_interfaces/include/tutorial_interfaces/tutorial_interfaces/msg/detail/computer_info__struct.hpp
[0.530s] -- Up-to-date: /home/student/Documents/formation_ros2/Introduction/ros2_ws/install/tutorial_interfaces/include/tutorial_interfaces/tutorial_interfaces/msg/detail/computer_info__traits.hpp
[0.530s] -- Up-to-date: /home/student/Documents/formation_ros2/Introduction/ros2_ws/install/tutorial_interfaces/include/tutorial_interfaces/tutorial_interfaces/msg/detail/computer_info__type_support.hpp
[0.531s] -- Up-to-date: /home/student/Documents/formation_ros2/Introduction/ros2_ws/install/tutorial_interfaces/include/tutorial_interfaces/tutorial_interfaces/msg/detail/computer_info__builder.hpp
[0.531s] -- Up-to-date: /home/student/Documents/formation_ros2/Introduction/ros2_ws/install/tutorial_interfaces/include/tutorial_interfaces/tutorial_interfaces/msg/detail/sphere__builder.hpp
[0.531s] -- Up-to-date: /home/student/Documents/formation_ros2/Introduction/ros2_ws/install/tutorial_interfaces/include/tutorial_interfaces/tutorial_interfaces/msg/detail/sphere__struct.hpp
[0.531s] -- Up-to-date: /home/student/Documents/formation_ros2/Introduction/ros2_ws/install/tutorial_interfaces/include/tutorial_interfaces/tutorial_interfaces/msg/detail/num__type_support.hpp
[0.532s] -- Up-to-date: /home/student/Documents/formation_ros2/Introduction/ros2_ws/install/tutorial_interfaces/include/tutorial_interfaces/tutorial_interfaces/msg/detail/num__struct.hpp
[0.532s] -- Up-to-date: /home/student/Documents/formation_ros2/Introduction/ros2_ws/install/tutorial_interfaces/include/tutorial_interfaces/tutorial_interfaces/msg/computer_info.hpp
[0.532s] -- Up-to-date: /home/student/Documents/formation_ros2/Introduction/ros2_ws/install/tutorial_interfaces/include/tutorial_interfaces/tutorial_interfaces/msg/sphere.hpp
[0.532s] -- Up-to-date: /home/student/Documents/formation_ros2/Introduction/ros2_ws/install/tutorial_interfaces/include/tutorial_interfaces/tutorial_interfaces/msg/rosidl_generator_cpp__visibility_control.hpp
[0.532s] -- Up-to-date: /home/student/Documents/formation_ros2/Introduction/ros2_ws/install/tutorial_interfaces/include/tutorial_interfaces/tutorial_interfaces/msg/num.hpp
[0.533s] -- Up-to-date: /home/student/Documents/formation_ros2/Introduction/ros2_ws/install/tutorial_interfaces/include/tutorial_interfaces/tutorial_interfaces/srv
[0.533s] -- Up-to-date: /home/student/Documents/formation_ros2/Introduction/ros2_ws/install/tutorial_interfaces/include/tutorial_interfaces/tutorial_interfaces/srv/detail
[0.533s] -- Up-to-date: /home/student/Documents/formation_ros2/Introduction/ros2_ws/install/tutorial_interfaces/include/tutorial_interfaces/tutorial_interfaces/srv/detail/add_three_ints__type_support.hpp
[0.533s] -- Up-to-date: /home/student/Documents/formation_ros2/Introduction/ros2_ws/install/tutorial_interfaces/include/tutorial_interfaces/tutorial_interfaces/srv/detail/add_three_ints__traits.hpp
[0.533s] -- Up-to-date: /home/student/Documents/formation_ros2/Introduction/ros2_ws/install/tutorial_interfaces/include/tutorial_interfaces/tutorial_interfaces/srv/detail/add_three_ints__builder.hpp
[0.534s] -- Up-to-date: /home/student/Documents/formation_ros2/Introduction/ros2_ws/install/tutorial_interfaces/include/tutorial_interfaces/tutorial_interfaces/srv/detail/add_three_ints__struct.hpp
[0.534s] -- Up-to-date: /home/student/Documents/formation_ros2/Introduction/ros2_ws/install/tutorial_interfaces/include/tutorial_interfaces/tutorial_interfaces/srv/add_three_ints.hpp
[0.534s] -- Up-to-date: /home/student/Documents/formation_ros2/Introduction/ros2_ws/install/tutorial_interfaces/include/tutorial_interfaces/tutorial_interfaces
[0.534s] -- Up-to-date: /home/student/Documents/formation_ros2/Introduction/ros2_ws/install/tutorial_interfaces/include/tutorial_interfaces/tutorial_interfaces/msg
[0.534s] -- Up-to-date: /home/student/Documents/formation_ros2/Introduction/ros2_ws/install/tutorial_interfaces/include/tutorial_interfaces/tutorial_interfaces/msg/rosidl_typesupport_fastrtps_cpp__visibility_control.h
[0.534s] -- Up-to-date: /home/student/Documents/formation_ros2/Introduction/ros2_ws/install/tutorial_interfaces/include/tutorial_interfaces/tutorial_interfaces/msg/detail
[0.534s] -- Up-to-date: /home/student/Documents/formation_ros2/Introduction/ros2_ws/install/tutorial_interfaces/include/tutorial_interfaces/tutorial_interfaces/msg/detail/computer_info__rosidl_typesupport_fastrtps_cpp.hpp
[0.534s] -- Up-to-date: /home/student/Documents/formation_ros2/Introduction/ros2_ws/install/tutorial_interfaces/include/tutorial_interfaces/tutorial_interfaces/msg/detail/msg__rosidl_typesupport_fastrtps_cpp.hpp
[0.534s] -- Up-to-date: /home/student/Documents/formation_ros2/Introduction/ros2_ws/install/tutorial_interfaces/include/tutorial_interfaces/tutorial_interfaces/msg/detail/dds_fastrtps
[0.535s] -- Up-to-date: /home/student/Documents/formation_ros2/Introduction/ros2_ws/install/tutorial_interfaces/include/tutorial_interfaces/tutorial_interfaces/msg/detail/sphere__rosidl_typesupport_fastrtps_cpp.hpp
[0.535s] -- Up-to-date: /home/student/Documents/formation_ros2/Introduction/ros2_ws/install/tutorial_interfaces/include/tutorial_interfaces/tutorial_interfaces/msg/detail/num__rosidl_typesupport_fastrtps_cpp.hpp
[0.535s] -- Up-to-date: /home/student/Documents/formation_ros2/Introduction/ros2_ws/install/tutorial_interfaces/include/tutorial_interfaces/tutorial_interfaces/srv
[0.535s] -- Up-to-date: /home/student/Documents/formation_ros2/Introduction/ros2_ws/install/tutorial_interfaces/include/tutorial_interfaces/tutorial_interfaces/srv/detail
[0.535s] -- Up-to-date: /home/student/Documents/formation_ros2/Introduction/ros2_ws/install/tutorial_interfaces/include/tutorial_interfaces/tutorial_interfaces/srv/detail/add_three_ints__rosidl_typesupport_fastrtps_cpp.hpp
[0.535s] -- Up-to-date: /home/student/Documents/formation_ros2/Introduction/ros2_ws/install/tutorial_interfaces/include/tutorial_interfaces/tutorial_interfaces/srv/detail/dds_fastrtps
[0.535s] -- Up-to-date: /home/student/Documents/formation_ros2/Introduction/ros2_ws/install/tutorial_interfaces/lib/libtutorial_interfaces__rosidl_typesupport_fastrtps_cpp.so
[0.535s] -- Up-to-date: /home/student/Documents/formation_ros2/Introduction/ros2_ws/install/tutorial_interfaces/include/tutorial_interfaces/tutorial_interfaces
[0.536s] -- Up-to-date: /home/student/Documents/formation_ros2/Introduction/ros2_ws/install/tutorial_interfaces/include/tutorial_interfaces/tutorial_interfaces/msg
[0.536s] -- Up-to-date: /home/student/Documents/formation_ros2/Introduction/ros2_ws/install/tutorial_interfaces/include/tutorial_interfaces/tutorial_interfaces/msg/detail
[0.536s] -- Up-to-date: /home/student/Documents/formation_ros2/Introduction/ros2_ws/install/tutorial_interfaces/include/tutorial_interfaces/tutorial_interfaces/msg/detail/msg__type_support.cpp
[0.536s] -- Up-to-date: /home/student/Documents/formation_ros2/Introduction/ros2_ws/install/tutorial_interfaces/include/tutorial_interfaces/tutorial_interfaces/msg/detail/computer_info__rosidl_typesupport_introspection_cpp.hpp
[0.536s] -- Up-to-date: /home/student/Documents/formation_ros2/Introduction/ros2_ws/install/tutorial_interfaces/include/tutorial_interfaces/tutorial_interfaces/msg/detail/num__rosidl_typesupport_introspection_cpp.hpp
[0.536s] -- Up-to-date: /home/student/Documents/formation_ros2/Introduction/ros2_ws/install/tutorial_interfaces/include/tutorial_interfaces/tutorial_interfaces/msg/detail/computer_info__type_support.cpp
[0.536s] -- Up-to-date: /home/student/Documents/formation_ros2/Introduction/ros2_ws/install/tutorial_interfaces/include/tutorial_interfaces/tutorial_interfaces/msg/detail/sphere__type_support.cpp
[0.536s] -- Up-to-date: /home/student/Documents/formation_ros2/Introduction/ros2_ws/install/tutorial_interfaces/include/tutorial_interfaces/tutorial_interfaces/msg/detail/msg__rosidl_typesupport_introspection_cpp.hpp
[0.536s] -- Up-to-date: /home/student/Documents/formation_ros2/Introduction/ros2_ws/install/tutorial_interfaces/include/tutorial_interfaces/tutorial_interfaces/msg/detail/num__type_support.cpp
[0.537s] -- Up-to-date: /home/student/Documents/formation_ros2/Introduction/ros2_ws/install/tutorial_interfaces/include/tutorial_interfaces/tutorial_interfaces/msg/detail/sphere__rosidl_typesupport_introspection_cpp.hpp
[0.537s] -- Up-to-date: /home/student/Documents/formation_ros2/Introduction/ros2_ws/install/tutorial_interfaces/include/tutorial_interfaces/tutorial_interfaces/srv
[0.537s] -- Up-to-date: /home/student/Documents/formation_ros2/Introduction/ros2_ws/install/tutorial_interfaces/include/tutorial_interfaces/tutorial_interfaces/srv/detail
[0.537s] -- Up-to-date: /home/student/Documents/formation_ros2/Introduction/ros2_ws/install/tutorial_interfaces/include/tutorial_interfaces/tutorial_interfaces/srv/detail/add_three_ints__type_support.cpp
[0.537s] -- Up-to-date: /home/student/Documents/formation_ros2/Introduction/ros2_ws/install/tutorial_interfaces/include/tutorial_interfaces/tutorial_interfaces/srv/detail/add_three_ints__rosidl_typesupport_introspection_cpp.hpp
[0.537s] -- Up-to-date: /home/student/Documents/formation_ros2/Introduction/ros2_ws/install/tutorial_interfaces/lib/libtutorial_interfaces__rosidl_typesupport_introspection_cpp.so
[0.537s] -- Up-to-date: /home/student/Documents/formation_ros2/Introduction/ros2_ws/install/tutorial_interfaces/lib/libtutorial_interfaces__rosidl_typesupport_cpp.so
[0.537s] -- Up-to-date: /home/student/Documents/formation_ros2/Introduction/ros2_ws/install/tutorial_interfaces/share/tutorial_interfaces/environment/pythonpath.sh
[0.537s] -- Up-to-date: /home/student/Documents/formation_ros2/Introduction/ros2_ws/install/tutorial_interfaces/share/tutorial_interfaces/environment/pythonpath.dsv
[0.538s] -- Up-to-date: /home/student/Documents/formation_ros2/Introduction/ros2_ws/install/tutorial_interfaces/local/lib/python3.10/dist-packages/tutorial_interfaces-0.0.0-py3.10.egg-info
[0.538s] -- Installing: /home/student/Documents/formation_ros2/Introduction/ros2_ws/install/tutorial_interfaces/local/lib/python3.10/dist-packages/tutorial_interfaces-0.0.0-py3.10.egg-info/top_level.txt
[0.538s] -- Installing: /home/student/Documents/formation_ros2/Introduction/ros2_ws/install/tutorial_interfaces/local/lib/python3.10/dist-packages/tutorial_interfaces-0.0.0-py3.10.egg-info/dependency_links.txt
[0.538s] -- Installing: /home/student/Documents/formation_ros2/Introduction/ros2_ws/install/tutorial_interfaces/local/lib/python3.10/dist-packages/tutorial_interfaces-0.0.0-py3.10.egg-info/SOURCES.txt
[0.538s] -- Installing: /home/student/Documents/formation_ros2/Introduction/ros2_ws/install/tutorial_interfaces/local/lib/python3.10/dist-packages/tutorial_interfaces-0.0.0-py3.10.egg-info/PKG-INFO
[0.538s] -- Up-to-date: /home/student/Documents/formation_ros2/Introduction/ros2_ws/install/tutorial_interfaces/local/lib/python3.10/dist-packages/tutorial_interfaces
[0.538s] -- Up-to-date: /home/student/Documents/formation_ros2/Introduction/ros2_ws/install/tutorial_interfaces/local/lib/python3.10/dist-packages/tutorial_interfaces/_tutorial_interfaces_s.ep.rosidl_typesupport_fastrtps_c.c
[0.538s] -- Up-to-date: /home/student/Documents/formation_ros2/Introduction/ros2_ws/install/tutorial_interfaces/local/lib/python3.10/dist-packages/tutorial_interfaces/_tutorial_interfaces_s.ep.rosidl_typesupport_introspection_c.c
[0.538s] -- Up-to-date: /home/student/Documents/formation_ros2/Introduction/ros2_ws/install/tutorial_interfaces/local/lib/python3.10/dist-packages/tutorial_interfaces/_tutorial_interfaces_s.ep.rosidl_typesupport_c.c
[0.539s] -- Up-to-date: /home/student/Documents/formation_ros2/Introduction/ros2_ws/install/tutorial_interfaces/local/lib/python3.10/dist-packages/tutorial_interfaces/tutorial_interfaces_s__rosidl_typesupport_introspection_c.cpython-310-x86_64-linux-gnu.so
[0.539s] -- Up-to-date: /home/student/Documents/formation_ros2/Introduction/ros2_ws/install/tutorial_interfaces/local/lib/python3.10/dist-packages/tutorial_interfaces/msg
[0.539s] -- Up-to-date: /home/student/Documents/formation_ros2/Introduction/ros2_ws/install/tutorial_interfaces/local/lib/python3.10/dist-packages/tutorial_interfaces/msg/_msg.py
[0.539s] -- Up-to-date: /home/student/Documents/formation_ros2/Introduction/ros2_ws/install/tutorial_interfaces/local/lib/python3.10/dist-packages/tutorial_interfaces/msg/_sphere_s.c
[0.539s] -- Up-to-date: /home/student/Documents/formation_ros2/Introduction/ros2_ws/install/tutorial_interfaces/local/lib/python3.10/dist-packages/tutorial_interfaces/msg/_num_s.c
[0.539s] -- Up-to-date: /home/student/Documents/formation_ros2/Introduction/ros2_ws/install/tutorial_interfaces/local/lib/python3.10/dist-packages/tutorial_interfaces/msg/_num.py
[0.539s] -- Up-to-date: /home/student/Documents/formation_ros2/Introduction/ros2_ws/install/tutorial_interfaces/local/lib/python3.10/dist-packages/tutorial_interfaces/msg/_computer_info.py
[0.539s] -- Up-to-date: /home/student/Documents/formation_ros2/Introduction/ros2_ws/install/tutorial_interfaces/local/lib/python3.10/dist-packages/tutorial_interfaces/msg/_computer_info_s.c
[0.539s] -- Up-to-date: /home/student/Documents/formation_ros2/Introduction/ros2_ws/install/tutorial_interfaces/local/lib/python3.10/dist-packages/tutorial_interfaces/msg/_sphere.py
[0.540s] -- Up-to-date: /home/student/Documents/formation_ros2/Introduction/ros2_ws/install/tutorial_interfaces/local/lib/python3.10/dist-packages/tutorial_interfaces/msg/_msg_s.c
[0.540s] -- Up-to-date: /home/student/Documents/formation_ros2/Introduction/ros2_ws/install/tutorial_interfaces/local/lib/python3.10/dist-packages/tutorial_interfaces/msg/__init__.py
[0.540s] -- Up-to-date: /home/student/Documents/formation_ros2/Introduction/ros2_ws/install/tutorial_interfaces/local/lib/python3.10/dist-packages/tutorial_interfaces/srv
[0.540s] -- Up-to-date: /home/student/Documents/formation_ros2/Introduction/ros2_ws/install/tutorial_interfaces/local/lib/python3.10/dist-packages/tutorial_interfaces/srv/_add_three_ints.py
[0.540s] -- Up-to-date: /home/student/Documents/formation_ros2/Introduction/ros2_ws/install/tutorial_interfaces/local/lib/python3.10/dist-packages/tutorial_interfaces/srv/_add_three_ints_s.c
[0.540s] -- Up-to-date: /home/student/Documents/formation_ros2/Introduction/ros2_ws/install/tutorial_interfaces/local/lib/python3.10/dist-packages/tutorial_interfaces/srv/__init__.py
[0.540s] -- Up-to-date: /home/student/Documents/formation_ros2/Introduction/ros2_ws/install/tutorial_interfaces/local/lib/python3.10/dist-packages/tutorial_interfaces/tutorial_interfaces_s__rosidl_typesupport_c.cpython-310-x86_64-linux-gnu.so
[0.540s] -- Up-to-date: /home/student/Documents/formation_ros2/Introduction/ros2_ws/install/tutorial_interfaces/local/lib/python3.10/dist-packages/tutorial_interfaces/__init__.py
[0.540s] -- Up-to-date: /home/student/Documents/formation_ros2/Introduction/ros2_ws/install/tutorial_interfaces/local/lib/python3.10/dist-packages/tutorial_interfaces/libtutorial_interfaces__rosidl_generator_py.so
[0.541s] -- Up-to-date: /home/student/Documents/formation_ros2/Introduction/ros2_ws/install/tutorial_interfaces/local/lib/python3.10/dist-packages/tutorial_interfaces/tutorial_interfaces_s__rosidl_typesupport_fastrtps_c.cpython-310-x86_64-linux-gnu.so
[0.572s] Listing '/home/student/Documents/formation_ros2/Introduction/ros2_ws/install/tutorial_interfaces/local/lib/python3.10/dist-packages/tutorial_interfaces'...
[0.572s] Listing '/home/student/Documents/formation_ros2/Introduction/ros2_ws/install/tutorial_interfaces/local/lib/python3.10/dist-packages/tutorial_interfaces/msg'...
[0.573s] Listing '/home/student/Documents/formation_ros2/Introduction/ros2_ws/install/tutorial_interfaces/local/lib/python3.10/dist-packages/tutorial_interfaces/srv'...
[0.577s] -- Up-to-date: /home/student/Documents/formation_ros2/Introduction/ros2_ws/install/tutorial_interfaces/local/lib/python3.10/dist-packages/tutorial_interfaces/tutorial_interfaces_s__rosidl_typesupport_fastrtps_c.cpython-310-x86_64-linux-gnu.so
[0.578s] -- Up-to-date: /home/student/Documents/formation_ros2/Introduction/ros2_ws/install/tutorial_interfaces/local/lib/python3.10/dist-packages/tutorial_interfaces/tutorial_interfaces_s__rosidl_typesupport_introspection_c.cpython-310-x86_64-linux-gnu.so
[0.578s] -- Up-to-date: /home/student/Documents/formation_ros2/Introduction/ros2_ws/install/tutorial_interfaces/local/lib/python3.10/dist-packages/tutorial_interfaces/tutorial_interfaces_s__rosidl_typesupport_c.cpython-310-x86_64-linux-gnu.so
[0.579s] -- Up-to-date: /home/student/Documents/formation_ros2/Introduction/ros2_ws/install/tutorial_interfaces/lib/libtutorial_interfaces__rosidl_generator_py.so
[0.579s] -- Up-to-date: /home/student/Documents/formation_ros2/Introduction/ros2_ws/install/tutorial_interfaces/share/tutorial_interfaces/msg/ComputerInfo.idl
[0.579s] -- Up-to-date: /home/student/Documents/formation_ros2/Introduction/ros2_ws/install/tutorial_interfaces/share/tutorial_interfaces/msg/ComputerInfo.msg
[0.580s] -- Up-to-date: /home/student/Documents/formation_ros2/Introduction/ros2_ws/install/tutorial_interfaces/share/ament_index/resource_index/package_run_dependencies/tutorial_interfaces
[0.580s] -- Up-to-date: /home/student/Documents/formation_ros2/Introduction/ros2_ws/install/tutorial_interfaces/share/ament_index/resource_index/parent_prefix_path/tutorial_interfaces
[0.580s] -- Up-to-date: /home/student/Documents/formation_ros2/Introduction/ros2_ws/install/tutorial_interfaces/share/tutorial_interfaces/environment/ament_prefix_path.sh
[0.580s] -- Up-to-date: /home/student/Documents/formation_ros2/Introduction/ros2_ws/install/tutorial_interfaces/share/tutorial_interfaces/environment/ament_prefix_path.dsv
[0.580s] -- Up-to-date: /home/student/Documents/formation_ros2/Introduction/ros2_ws/install/tutorial_interfaces/share/tutorial_interfaces/environment/path.sh
[0.581s] -- Up-to-date: /home/student/Documents/formation_ros2/Introduction/ros2_ws/install/tutorial_interfaces/share/tutorial_interfaces/environment/path.dsv
[0.581s] -- Up-to-date: /home/student/Documents/formation_ros2/Introduction/ros2_ws/install/tutorial_interfaces/share/tutorial_interfaces/local_setup.bash
[0.581s] -- Up-to-date: /home/student/Documents/formation_ros2/Introduction/ros2_ws/install/tutorial_interfaces/share/tutorial_interfaces/local_setup.sh
[0.581s] -- Up-to-date: /home/student/Documents/formation_ros2/Introduction/ros2_ws/install/tutorial_interfaces/share/tutorial_interfaces/local_setup.zsh
[0.581s] -- Up-to-date: /home/student/Documents/formation_ros2/Introduction/ros2_ws/install/tutorial_interfaces/share/tutorial_interfaces/local_setup.dsv
[0.581s] -- Installing: /home/student/Documents/formation_ros2/Introduction/ros2_ws/install/tutorial_interfaces/share/tutorial_interfaces/package.dsv
[0.581s] -- Up-to-date: /home/student/Documents/formation_ros2/Introduction/ros2_ws/install/tutorial_interfaces/share/ament_index/resource_index/packages/tutorial_interfaces
[0.582s] -- Up-to-date: /home/student/Documents/formation_ros2/Introduction/ros2_ws/install/tutorial_interfaces/share/tutorial_interfaces/cmake/export_tutorial_interfaces__rosidl_generator_cExport.cmake
[0.582s] -- Up-to-date: /home/student/Documents/formation_ros2/Introduction/ros2_ws/install/tutorial_interfaces/share/tutorial_interfaces/cmake/export_tutorial_interfaces__rosidl_generator_cExport-noconfig.cmake
[0.582s] -- Up-to-date: /home/student/Documents/formation_ros2/Introduction/ros2_ws/install/tutorial_interfaces/share/tutorial_interfaces/cmake/export_tutorial_interfaces__rosidl_typesupport_fastrtps_cExport.cmake
[0.582s] -- Up-to-date: /home/student/Documents/formation_ros2/Introduction/ros2_ws/install/tutorial_interfaces/share/tutorial_interfaces/cmake/export_tutorial_interfaces__rosidl_typesupport_fastrtps_cExport-noconfig.cmake
[0.582s] -- Up-to-date: /home/student/Documents/formation_ros2/Introduction/ros2_ws/install/tutorial_interfaces/share/tutorial_interfaces/cmake/tutorial_interfaces__rosidl_typesupport_introspection_cExport.cmake
[0.582s] -- Up-to-date: /home/student/Documents/formation_ros2/Introduction/ros2_ws/install/tutorial_interfaces/share/tutorial_interfaces/cmake/tutorial_interfaces__rosidl_typesupport_introspection_cExport-noconfig.cmake
[0.582s] -- Up-to-date: /home/student/Documents/formation_ros2/Introduction/ros2_ws/install/tutorial_interfaces/share/tutorial_interfaces/cmake/tutorial_interfaces__rosidl_typesupport_cExport.cmake
[0.583s] -- Up-to-date: /home/student/Documents/formation_ros2/Introduction/ros2_ws/install/tutorial_interfaces/share/tutorial_interfaces/cmake/tutorial_interfaces__rosidl_typesupport_cExport-noconfig.cmake
[0.583s] -- Up-to-date: /home/student/Documents/formation_ros2/Introduction/ros2_ws/install/tutorial_interfaces/share/tutorial_interfaces/cmake/export_tutorial_interfaces__rosidl_generator_cppExport.cmake
[0.583s] -- Up-to-date: /home/student/Documents/formation_ros2/Introduction/ros2_ws/install/tutorial_interfaces/share/tutorial_interfaces/cmake/export_tutorial_interfaces__rosidl_typesupport_fastrtps_cppExport.cmake
[0.583s] -- Up-to-date: /home/student/Documents/formation_ros2/Introduction/ros2_ws/install/tutorial_interfaces/share/tutorial_interfaces/cmake/export_tutorial_interfaces__rosidl_typesupport_fastrtps_cppExport-noconfig.cmake
[0.583s] -- Up-to-date: /home/student/Documents/formation_ros2/Introduction/ros2_ws/install/tutorial_interfaces/share/tutorial_interfaces/cmake/tutorial_interfaces__rosidl_typesupport_introspection_cppExport.cmake
[0.583s] -- Up-to-date: /home/student/Documents/formation_ros2/Introduction/ros2_ws/install/tutorial_interfaces/share/tutorial_interfaces/cmake/tutorial_interfaces__rosidl_typesupport_introspection_cppExport-noconfig.cmake
[0.584s] -- Up-to-date: /home/student/Documents/formation_ros2/Introduction/ros2_ws/install/tutorial_interfaces/share/tutorial_interfaces/cmake/tutorial_interfaces__rosidl_typesupport_cppExport.cmake
[0.584s] -- Up-to-date: /home/student/Documents/formation_ros2/Introduction/ros2_ws/install/tutorial_interfaces/share/tutorial_interfaces/cmake/tutorial_interfaces__rosidl_typesupport_cppExport-noconfig.cmake
[0.584s] -- Up-to-date: /home/student/Documents/formation_ros2/Introduction/ros2_ws/install/tutorial_interfaces/share/tutorial_interfaces/cmake/export_tutorial_interfaces__rosidl_generator_pyExport.cmake
[0.584s] -- Up-to-date: /home/student/Documents/formation_ros2/Introduction/ros2_ws/install/tutorial_interfaces/share/tutorial_interfaces/cmake/export_tutorial_interfaces__rosidl_generator_pyExport-noconfig.cmake
[0.584s] -- Up-to-date: /home/student/Documents/formation_ros2/Introduction/ros2_ws/install/tutorial_interfaces/share/tutorial_interfaces/cmake/rosidl_cmake-extras.cmake
[0.584s] -- Up-to-date: /home/student/Documents/formation_ros2/Introduction/ros2_ws/install/tutorial_interfaces/share/tutorial_interfaces/cmake/ament_cmake_export_include_directories-extras.cmake
[0.585s] -- Up-to-date: /home/student/Documents/formation_ros2/Introduction/ros2_ws/install/tutorial_interfaces/share/tutorial_interfaces/cmake/ament_cmake_export_libraries-extras.cmake
[0.585s] -- Up-to-date: /home/student/Documents/formation_ros2/Introduction/ros2_ws/install/tutorial_interfaces/share/tutorial_interfaces/cmake/ament_cmake_export_targets-extras.cmake
[0.585s] -- Up-to-date: /home/student/Documents/formation_ros2/Introduction/ros2_ws/install/tutorial_interfaces/share/tutorial_interfaces/cmake/rosidl_cmake_export_typesupport_targets-extras.cmake
[0.585s] -- Up-to-date: /home/student/Documents/formation_ros2/Introduction/ros2_ws/install/tutorial_interfaces/share/tutorial_interfaces/cmake/ament_cmake_export_dependencies-extras.cmake
[0.585s] -- Up-to-date: /home/student/Documents/formation_ros2/Introduction/ros2_ws/install/tutorial_interfaces/share/tutorial_interfaces/cmake/rosidl_cmake_export_typesupport_libraries-extras.cmake
[0.585s] -- Up-to-date: /home/student/Documents/formation_ros2/Introduction/ros2_ws/install/tutorial_interfaces/share/tutorial_interfaces/cmake/tutorial_interfacesConfig.cmake
[0.585s] -- Up-to-date: /home/student/Documents/formation_ros2/Introduction/ros2_ws/install/tutorial_interfaces/share/tutorial_interfaces/cmake/tutorial_interfacesConfig-version.cmake
[0.585s] -- Up-to-date: /home/student/Documents/formation_ros2/Introduction/ros2_ws/install/tutorial_interfaces/share/tutorial_interfaces/package.xml
[0.588s] Invoked command in '/home/student/Documents/formation_ros2/Introduction/ros2_ws/build/tutorial_interfaces' returned '0': CMAKE_PREFIX_PATH=${CMAKE_PREFIX_PATH}:/home/student/turtlebot3_ws/install/turtlebot3_teleop:/home/student/turtlebot3_ws/install/turtlebot3_example:/opt/ros/humble /usr/bin/cmake --install /home/student/Documents/formation_ros2/Introduction/ros2_ws/build/tutorial_interfaces
