/usr/bin/ld: /usr/lib/gcc/x86_64-linux-gnu/11/../../../x86_64-linux-gnu/Scrt1.o: in function `_start':
(.text+0x1b): undefined reference to `main'
collect2: error: ld returned 1 exit status
gmake[2]: *** [CMakeFiles/exo3_publisher.dir/build.make:159: exo3_publisher] Error 1
gmake[1]: *** [CMakeFiles/Makefile2:227: CMakeFiles/exo3_publisher.dir/all] Error 2
gmake[1]: *** Waiting for unfinished jobs....
/usr/bin/ld: /usr/lib/gcc/x86_64-linux-gnu/11/../../../x86_64-linux-gnu/Scrt1.o: in function `_start':
(.text+0x1b): undefined reference to `main'
/usr/bin/ld: /usr/lib/gcc/x86_64-linux-gnu/11/../../../x86_64-linux-gnu/Scrt1.o: in function `_start':
(.text+0x1b): undefined reference to `main'
/usr/bin/ld: /usr/lib/gcc/x86_64-linux-gnu/11/../../../x86_64-linux-gnu/Scrt1.o: in function `_start':
(.text+0x1b): undefined reference to `main'
/usr/bin/ld: /usr/lib/gcc/x86_64-linux-gnu/11/../../../x86_64-linux-gnu/Scrt1.o: in function `_start':
(.text+0x1b): undefined reference to `main'
collect2: error: ld returned 1 exit status
/usr/bin/ld: /usr/lib/gcc/x86_64-linux-gnu/11/../../../x86_64-linux-gnu/Scrt1.o: in function `_start':
(.text+0x1b): undefined reference to `main'
collect2: error: ld returned 1 exit status
collect2: error: ld returned 1 exit status
gmake[2]: *** [CMakeFiles/exo1_listener.dir/build.make:159: exo1_listener] Error 1
gmake[2]: *** [CMakeFiles/exo4_listener.dir/build.make:159: exo4_listener] Error 1
collect2: error: ld returned 1 exit status
collect2: error: ld returned 1 exit status
gmake[1]: *** [CMakeFiles/Makefile2:175: CMakeFiles/exo1_listener.dir/all] Error 2
gmake[1]: *** [CMakeFiles/Makefile2:279: CMakeFiles/exo4_listener.dir/all] Error 2
gmake[2]: *** [CMakeFiles/exo4_publisher.dir/build.make:159: exo4_publisher] Error 1
gmake[1]: *** [CMakeFiles/Makefile2:253: CMakeFiles/exo4_publisher.dir/all] Error 2
gmake[2]: *** [CMakeFiles/exo2_publisher.dir/build.make:159: exo2_publisher] Error 1
gmake[1]: *** [CMakeFiles/Makefile2:201: CMakeFiles/exo2_publisher.dir/all] Error 2
gmake[2]: *** [CMakeFiles/exo5_publisher.dir/build.make:159: exo5_publisher] Error 1
gmake[1]: *** [CMakeFiles/Makefile2:305: CMakeFiles/exo5_publisher.dir/all] Error 2
gmake: *** [Makefile:146: all] Error 2
