[ 14%] Built target exo1_publisher
[ 21%] [32mBuilding CXX object CMakeFiles/exo4_publisher.dir/src/exo4_publisher.cpp.o[0m
[ 35%] Built target exo4_listener
[ 64%] Built target exo2_publisher
[ 64%] Built target exo3_publisher
[ 71%] [32mBuilding CXX object CMakeFiles/exo5_publisher.dir/src/exo5_publisher.cpp.o[0m
[ 85%] Built target exo1_listener
[01m[K/home/student/Documents/formation_ros2/Introduction/ros2_ws/src/cpp_pubsub/src/exo5_publisher.cpp:22:10:[m[K [01;31m[Kfatal error: [m[Ktutorial_interfaces/msg/ComputerInfo.hpp: No such file or directory
   22 | #include [01;31m[K"tutorial_interfaces/msg/ComputerInfo.hpp"[m[K
      |          [01;31m[K^~~~~~~~~~~~~~~~~~~~~~~~~~~~~~~~~~~~~~~~~~[m[K
compilation terminated.
gmake[2]: *** [CMakeFiles/exo5_publisher.dir/build.make:76: CMakeFiles/exo5_publisher.dir/src/exo5_publisher.cpp.o] Error 1
gmake[1]: *** [CMakeFiles/Makefile2:305: CMakeFiles/exo5_publisher.dir/all] Error 2
gmake[1]: *** Waiting for unfinished jobs....
[01m[K/home/student/Documents/formation_ros2/Introduction/ros2_ws/src/cpp_pubsub/src/exo4_publisher.cpp:22:10:[m[K [01;31m[Kfatal error: [m[Ktutorial_interfaces/msg/ComputerInfo.hpp: No such file or directory
   22 | #include [01;31m[K"tutorial_interfaces/msg/ComputerInfo.hpp"[m[K
      |          [01;31m[K^~~~~~~~~~~~~~~~~~~~~~~~~~~~~~~~~~~~~~~~~~[m[K
compilation terminated.
gmake[2]: *** [CMakeFiles/exo4_publisher.dir/build.make:76: CMakeFiles/exo4_publisher.dir/src/exo4_publisher.cpp.o] Error 1
gmake[1]: *** [CMakeFiles/Makefile2:253: CMakeFiles/exo4_publisher.dir/all] Error 2
gmake: *** [Makefile:146: all] Error 2
