[0.110s] DEBUG:colcon:Command line arguments: ['/usr/bin/colcon', 'build']
[0.110s] DEBUG:colcon:Parsed command line arguments: Namespace(log_base=None, log_level=None, verb_name='build', build_base='build', install_base='install', merge_install=False, symlink_install=False, test_result_base=None, continue_on_error=False, executor='parallel', parallel_workers=8, event_handlers=None, ignore_user_meta=False, metas=['./colcon.meta'], base_paths=['.'], packages_ignore=None, packages_ignore_regex=None, paths=None, packages_up_to=None, packages_up_to_regex=None, packages_above=None, packages_above_and_dependencies=None, packages_above_depth=None, packages_select_by_dep=None, packages_skip_by_dep=None, packages_skip_up_to=None, packages_select_build_failed=False, packages_skip_build_finished=False, packages_select_test_failures=False, packages_skip_test_passed=False, packages_select=None, packages_skip=None, packages_select_regex=None, packages_skip_regex=None, packages_start=None, packages_end=None, allow_overriding=[], cmake_args=None, cmake_target=None, cmake_target_skip_unavailable=False, cmake_clean_cache=False, cmake_clean_first=False, cmake_force_configure=False, ament_cmake_args=None, catkin_cmake_args=None, catkin_skip_building_tests=False, mixin_files=None, mixin=None, verb_parser=<colcon_mixin.mixin.mixin_argument.MixinArgumentDecorator object at 0x7e4fa9dd3760>, verb_extension=<colcon_core.verb.build.BuildVerb object at 0x7e4fa9dd2d70>, main=<bound method BuildVerb.main of <colcon_core.verb.build.BuildVerb object at 0x7e4fa9dd2d70>>, mixin_verb=('build',))
[0.283s] Level 1:colcon.colcon_core.package_discovery:discover_packages(colcon_meta) check parameters
[0.284s] Level 1:colcon.colcon_core.package_discovery:discover_packages(recursive) check parameters
[0.284s] Level 1:colcon.colcon_core.package_discovery:discover_packages(ignore) check parameters
[0.284s] Level 1:colcon.colcon_core.package_discovery:discover_packages(path) check parameters
[0.284s] Level 1:colcon.colcon_core.package_discovery:discover_packages(colcon_meta) discover
[0.284s] Level 1:colcon.colcon_core.package_discovery:discover_packages(recursive) discover
[0.284s] INFO:colcon.colcon_core.package_discovery:Crawling recursively for packages in '/home/student/Documents/formation_ros2/Introduction/ros2_ws'
[0.284s] Level 1:colcon.colcon_core.package_identification:_identify(.) by extensions ['ignore', 'ignore_ament_install']
[0.284s] Level 1:colcon.colcon_core.package_identification:_identify(.) by extension 'ignore'
[0.284s] Level 1:colcon.colcon_core.package_identification:_identify(.) by extension 'ignore_ament_install'
[0.284s] Level 1:colcon.colcon_core.package_identification:_identify(.) by extensions ['colcon_pkg']
[0.284s] Level 1:colcon.colcon_core.package_identification:_identify(.) by extension 'colcon_pkg'
[0.284s] Level 1:colcon.colcon_core.package_identification:_identify(.) by extensions ['colcon_meta']
[0.284s] Level 1:colcon.colcon_core.package_identification:_identify(.) by extension 'colcon_meta'
[0.284s] Level 1:colcon.colcon_core.package_identification:_identify(.) by extensions ['ros']
[0.284s] Level 1:colcon.colcon_core.package_identification:_identify(.) by extension 'ros'
[0.294s] Level 1:colcon.colcon_core.package_identification:_identify(.) by extensions ['cmake', 'python']
[0.294s] Level 1:colcon.colcon_core.package_identification:_identify(.) by extension 'cmake'
[0.294s] Level 1:colcon.colcon_core.package_identification:_identify(.) by extension 'python'
[0.294s] Level 1:colcon.colcon_core.package_identification:_identify(.) by extensions ['python_setup_py']
[0.294s] Level 1:colcon.colcon_core.package_identification:_identify(.) by extension 'python_setup_py'
[0.294s] Level 1:colcon.colcon_core.package_identification:_identify(build) by extensions ['ignore', 'ignore_ament_install']
[0.294s] Level 1:colcon.colcon_core.package_identification:_identify(build) by extension 'ignore'
[0.294s] Level 1:colcon.colcon_core.package_identification:_identify(build) ignored
[0.294s] Level 1:colcon.colcon_core.package_identification:_identify(install) by extensions ['ignore', 'ignore_ament_install']
[0.295s] Level 1:colcon.colcon_core.package_identification:_identify(install) by extension 'ignore'
[0.295s] Level 1:colcon.colcon_core.package_identification:_identify(install) ignored
[0.295s] Level 1:colcon.colcon_core.package_identification:_identify(log) by extensions ['ignore', 'ignore_ament_install']
[0.295s] Level 1:colcon.colcon_core.package_identification:_identify(log) by extension 'ignore'
[0.295s] Level 1:colcon.colcon_core.package_identification:_identify(log) ignored
[0.295s] Level 1:colcon.colcon_core.package_identification:_identify(src) by extensions ['ignore', 'ignore_ament_install']
[0.295s] Level 1:colcon.colcon_core.package_identification:_identify(src) by extension 'ignore'
[0.295s] Level 1:colcon.colcon_core.package_identification:_identify(src) by extension 'ignore_ament_install'
[0.295s] Level 1:colcon.colcon_core.package_identification:_identify(src) by extensions ['colcon_pkg']
[0.295s] Level 1:colcon.colcon_core.package_identification:_identify(src) by extension 'colcon_pkg'
[0.295s] Level 1:colcon.colcon_core.package_identification:_identify(src) by extensions ['colcon_meta']
[0.295s] Level 1:colcon.colcon_core.package_identification:_identify(src) by extension 'colcon_meta'
[0.295s] Level 1:colcon.colcon_core.package_identification:_identify(src) by extensions ['ros']
[0.295s] Level 1:colcon.colcon_core.package_identification:_identify(src) by extension 'ros'
[0.295s] Level 1:colcon.colcon_core.package_identification:_identify(src) by extensions ['cmake', 'python']
[0.295s] Level 1:colcon.colcon_core.package_identification:_identify(src) by extension 'cmake'
[0.295s] Level 1:colcon.colcon_core.package_identification:_identify(src) by extension 'python'
[0.295s] Level 1:colcon.colcon_core.package_identification:_identify(src) by extensions ['python_setup_py']
[0.295s] Level 1:colcon.colcon_core.package_identification:_identify(src) by extension 'python_setup_py'
[0.296s] Level 1:colcon.colcon_core.package_identification:_identify(src/cpp_pubsub) by extensions ['ignore', 'ignore_ament_install']
[0.296s] Level 1:colcon.colcon_core.package_identification:_identify(src/cpp_pubsub) by extension 'ignore'
[0.296s] Level 1:colcon.colcon_core.package_identification:_identify(src/cpp_pubsub) by extension 'ignore_ament_install'
[0.296s] Level 1:colcon.colcon_core.package_identification:_identify(src/cpp_pubsub) by extensions ['colcon_pkg']
[0.296s] Level 1:colcon.colcon_core.package_identification:_identify(src/cpp_pubsub) by extension 'colcon_pkg'
[0.296s] Level 1:colcon.colcon_core.package_identification:_identify(src/cpp_pubsub) by extensions ['colcon_meta']
[0.296s] Level 1:colcon.colcon_core.package_identification:_identify(src/cpp_pubsub) by extension 'colcon_meta'
[0.296s] Level 1:colcon.colcon_core.package_identification:_identify(src/cpp_pubsub) by extensions ['ros']
[0.296s] Level 1:colcon.colcon_core.package_identification:_identify(src/cpp_pubsub) by extension 'ros'
[0.298s] DEBUG:colcon.colcon_core.package_identification:Package 'src/cpp_pubsub' with type 'ros.ament_cmake' and name 'cpp_pubsub'
[0.298s] Level 1:colcon.colcon_core.package_identification:_identify(src/formation_ros2_1) by extensions ['ignore', 'ignore_ament_install']
[0.298s] Level 1:colcon.colcon_core.package_identification:_identify(src/formation_ros2_1) by extension 'ignore'
[0.298s] Level 1:colcon.colcon_core.package_identification:_identify(src/formation_ros2_1) by extension 'ignore_ament_install'
[0.298s] Level 1:colcon.colcon_core.package_identification:_identify(src/formation_ros2_1) by extensions ['colcon_pkg']
[0.299s] Level 1:colcon.colcon_core.package_identification:_identify(src/formation_ros2_1) by extension 'colcon_pkg'
[0.299s] Level 1:colcon.colcon_core.package_identification:_identify(src/formation_ros2_1) by extensions ['colcon_meta']
[0.299s] Level 1:colcon.colcon_core.package_identification:_identify(src/formation_ros2_1) by extension 'colcon_meta'
[0.299s] Level 1:colcon.colcon_core.package_identification:_identify(src/formation_ros2_1) by extensions ['ros']
[0.299s] Level 1:colcon.colcon_core.package_identification:_identify(src/formation_ros2_1) by extension 'ros'
[0.299s] Level 1:colcon.colcon_core.package_identification:_identify(src/formation_ros2_1) by extensions ['cmake', 'python']
[0.299s] Level 1:colcon.colcon_core.package_identification:_identify(src/formation_ros2_1) by extension 'cmake'
[0.299s] Level 1:colcon.colcon_core.package_identification:_identify(src/formation_ros2_1) by extension 'python'
[0.299s] Level 1:colcon.colcon_core.package_identification:_identify(src/formation_ros2_1) by extensions ['python_setup_py']
[0.299s] Level 1:colcon.colcon_core.package_identification:_identify(src/formation_ros2_1) by extension 'python_setup_py'
[0.299s] Level 1:colcon.colcon_core.package_identification:_identify(src/tutorial_interfaces) by extensions ['ignore', 'ignore_ament_install']
[0.299s] Level 1:colcon.colcon_core.package_identification:_identify(src/tutorial_interfaces) by extension 'ignore'
[0.299s] Level 1:colcon.colcon_core.package_identification:_identify(src/tutorial_interfaces) by extension 'ignore_ament_install'
[0.299s] Level 1:colcon.colcon_core.package_identification:_identify(src/tutorial_interfaces) by extensions ['colcon_pkg']
[0.299s] Level 1:colcon.colcon_core.package_identification:_identify(src/tutorial_interfaces) by extension 'colcon_pkg'
[0.299s] Level 1:colcon.colcon_core.package_identification:_identify(src/tutorial_interfaces) by extensions ['colcon_meta']
[0.299s] Level 1:colcon.colcon_core.package_identification:_identify(src/tutorial_interfaces) by extension 'colcon_meta'
[0.299s] Level 1:colcon.colcon_core.package_identification:_identify(src/tutorial_interfaces) by extensions ['ros']
[0.299s] Level 1:colcon.colcon_core.package_identification:_identify(src/tutorial_interfaces) by extension 'ros'
[0.300s] DEBUG:colcon.colcon_core.package_identification:Package 'src/tutorial_interfaces' with type 'ros.ament_cmake' and name 'tutorial_interfaces'
[0.300s] Level 1:colcon.colcon_core.package_discovery:discover_packages(recursive) using defaults
[0.300s] Level 1:colcon.colcon_core.package_discovery:discover_packages(ignore) discover
[0.300s] Level 1:colcon.colcon_core.package_discovery:discover_packages(ignore) using defaults
[0.300s] Level 1:colcon.colcon_core.package_discovery:discover_packages(path) discover
[0.300s] Level 1:colcon.colcon_core.package_discovery:discover_packages(path) using defaults
[0.326s] Level 1:colcon.colcon_core.package_discovery:discover_packages(prefix_path) check parameters
[0.326s] Level 1:colcon.colcon_core.package_discovery:discover_packages(prefix_path) discover
[0.328s] DEBUG:colcon.colcon_installed_package_information.package_discovery:Found 12 installed packages in /home/student/turtlebot3_ws/install
[0.330s] DEBUG:colcon.colcon_installed_package_information.package_discovery:Found 431 installed packages in /opt/ros/humble
[0.332s] Level 1:colcon.colcon_core.package_discovery:discover_packages(prefix_path) using defaults
[0.382s] Level 5:colcon.colcon_core.verb:set package 'tutorial_interfaces' build argument 'cmake_args' from command line to 'None'
[0.382s] Level 5:colcon.colcon_core.verb:set package 'tutorial_interfaces' build argument 'cmake_target' from command line to 'None'
[0.382s] Level 5:colcon.colcon_core.verb:set package 'tutorial_interfaces' build argument 'cmake_target_skip_unavailable' from command line to 'False'
[0.382s] Level 5:colcon.colcon_core.verb:set package 'tutorial_interfaces' build argument 'cmake_clean_cache' from command line to 'False'
[0.382s] Level 5:colcon.colcon_core.verb:set package 'tutorial_interfaces' build argument 'cmake_clean_first' from command line to 'False'
[0.382s] Level 5:colcon.colcon_core.verb:set package 'tutorial_interfaces' build argument 'cmake_force_configure' from command line to 'False'
[0.382s] Level 5:colcon.colcon_core.verb:set package 'tutorial_interfaces' build argument 'ament_cmake_args' from command line to 'None'
[0.382s] Level 5:colcon.colcon_core.verb:set package 'tutorial_interfaces' build argument 'catkin_cmake_args' from command line to 'None'
[0.382s] Level 5:colcon.colcon_core.verb:set package 'tutorial_interfaces' build argument 'catkin_skip_building_tests' from command line to 'False'
[0.383s] DEBUG:colcon.colcon_core.verb:Building package 'tutorial_interfaces' with the following arguments: {'ament_cmake_args': None, 'build_base': '/home/student/Documents/formation_ros2/Introduction/ros2_ws/build/tutorial_interfaces', 'catkin_cmake_args': None, 'catkin_skip_building_tests': False, 'cmake_args': None, 'cmake_clean_cache': False, 'cmake_clean_first': False, 'cmake_force_configure': False, 'cmake_target': None, 'cmake_target_skip_unavailable': False, 'install_base': '/home/student/Documents/formation_ros2/Introduction/ros2_ws/install/tutorial_interfaces', 'merge_install': False, 'path': '/home/student/Documents/formation_ros2/Introduction/ros2_ws/src/tutorial_interfaces', 'symlink_install': False, 'test_result_base': None}
[0.383s] Level 5:colcon.colcon_core.verb:set package 'cpp_pubsub' build argument 'cmake_args' from command line to 'None'
[0.383s] Level 5:colcon.colcon_core.verb:set package 'cpp_pubsub' build argument 'cmake_target' from command line to 'None'
[0.383s] Level 5:colcon.colcon_core.verb:set package 'cpp_pubsub' build argument 'cmake_target_skip_unavailable' from command line to 'False'
[0.383s] Level 5:colcon.colcon_core.verb:set package 'cpp_pubsub' build argument 'cmake_clean_cache' from command line to 'False'
[0.383s] Level 5:colcon.colcon_core.verb:set package 'cpp_pubsub' build argument 'cmake_clean_first' from command line to 'False'
[0.383s] Level 5:colcon.colcon_core.verb:set package 'cpp_pubsub' build argument 'cmake_force_configure' from command line to 'False'
[0.383s] Level 5:colcon.colcon_core.verb:set package 'cpp_pubsub' build argument 'ament_cmake_args' from command line to 'None'
[0.383s] Level 5:colcon.colcon_core.verb:set package 'cpp_pubsub' build argument 'catkin_cmake_args' from command line to 'None'
[0.383s] Level 5:colcon.colcon_core.verb:set package 'cpp_pubsub' build argument 'catkin_skip_building_tests' from command line to 'False'
[0.383s] DEBUG:colcon.colcon_core.verb:Building package 'cpp_pubsub' with the following arguments: {'ament_cmake_args': None, 'build_base': '/home/student/Documents/formation_ros2/Introduction/ros2_ws/build/cpp_pubsub', 'catkin_cmake_args': None, 'catkin_skip_building_tests': False, 'cmake_args': None, 'cmake_clean_cache': False, 'cmake_clean_first': False, 'cmake_force_configure': False, 'cmake_target': None, 'cmake_target_skip_unavailable': False, 'install_base': '/home/student/Documents/formation_ros2/Introduction/ros2_ws/install/cpp_pubsub', 'merge_install': False, 'path': '/home/student/Documents/formation_ros2/Introduction/ros2_ws/src/cpp_pubsub', 'symlink_install': False, 'test_result_base': None}
[0.383s] INFO:colcon.colcon_core.executor:Executing jobs using 'parallel' executor
[0.384s] DEBUG:colcon.colcon_parallel_executor.executor.parallel:run_until_complete
[0.384s] INFO:colcon.colcon_ros.task.ament_cmake.build:Building ROS package in '/home/student/Documents/formation_ros2/Introduction/ros2_ws/src/tutorial_interfaces' with build type 'ament_cmake'
[0.384s] INFO:colcon.colcon_cmake.task.cmake.build:Building CMake package in '/home/student/Documents/formation_ros2/Introduction/ros2_ws/src/tutorial_interfaces'
[0.387s] INFO:colcon.colcon_core.plugin_system:Skipping extension 'colcon_core.shell.bat': Not used on non-Windows systems
[0.387s] INFO:colcon.colcon_core.shell:Skip shell extension 'powershell' for command environment: Not usable outside of PowerShell
[0.387s] DEBUG:colcon.colcon_core.shell:Skip shell extension 'dsv' for command environment
[0.399s] DEBUG:colcon.colcon_core.event_handler.log_command:Invoking command in '/home/student/Documents/formation_ros2/Introduction/ros2_ws/build/tutorial_interfaces': CMAKE_PREFIX_PATH=${CMAKE_PREFIX_PATH}:/home/student/turtlebot3_ws/install/turtlebot3_teleop:/home/student/turtlebot3_ws/install/turtlebot3_example:/opt/ros/humble /usr/bin/cmake --build /home/student/Documents/formation_ros2/Introduction/ros2_ws/build/tutorial_interfaces -- -j8 -l8
[5.268s] DEBUG:colcon.colcon_core.event_handler.log_command:Invoked command in '/home/student/Documents/formation_ros2/Introduction/ros2_ws/build/tutorial_interfaces' returned '0': CMAKE_PREFIX_PATH=${CMAKE_PREFIX_PATH}:/home/student/turtlebot3_ws/install/turtlebot3_teleop:/home/student/turtlebot3_ws/install/turtlebot3_example:/opt/ros/humble /usr/bin/cmake --build /home/student/Documents/formation_ros2/Introduction/ros2_ws/build/tutorial_interfaces -- -j8 -l8
[5.280s] DEBUG:colcon.colcon_core.event_handler.log_command:Invoking command in '/home/student/Documents/formation_ros2/Introduction/ros2_ws/build/tutorial_interfaces': CMAKE_PREFIX_PATH=${CMAKE_PREFIX_PATH}:/home/student/turtlebot3_ws/install/turtlebot3_teleop:/home/student/turtlebot3_ws/install/turtlebot3_example:/opt/ros/humble /usr/bin/cmake --install /home/student/Documents/formation_ros2/Introduction/ros2_ws/build/tutorial_interfaces
[5.502s] Level 1:colcon.colcon_core.environment:create_environment_scripts_only(tutorial_interfaces)
[5.503s] DEBUG:colcon.colcon_core.event_handler.log_command:Invoked command in '/home/student/Documents/formation_ros2/Introduction/ros2_ws/build/tutorial_interfaces' returned '0': CMAKE_PREFIX_PATH=${CMAKE_PREFIX_PATH}:/home/student/turtlebot3_ws/install/turtlebot3_teleop:/home/student/turtlebot3_ws/install/turtlebot3_example:/opt/ros/humble /usr/bin/cmake --install /home/student/Documents/formation_ros2/Introduction/ros2_ws/build/tutorial_interfaces
[5.505s] Level 1:colcon.colcon_core.environment:checking '/home/student/Documents/formation_ros2/Introduction/ros2_ws/install/tutorial_interfaces' for CMake module files
[5.506s] Level 1:colcon.colcon_core.environment:checking '/home/student/Documents/formation_ros2/Introduction/ros2_ws/install/tutorial_interfaces' for CMake config files
[5.507s] Level 1:colcon.colcon_core.shell:create_environment_hook('tutorial_interfaces', 'cmake_prefix_path')
[5.507s] INFO:colcon.colcon_core.shell:Creating environment hook '/home/student/Documents/formation_ros2/Introduction/ros2_ws/install/tutorial_interfaces/share/tutorial_interfaces/hook/cmake_prefix_path.ps1'
[5.508s] INFO:colcon.colcon_core.shell:Creating environment descriptor '/home/student/Documents/formation_ros2/Introduction/ros2_ws/install/tutorial_interfaces/share/tutorial_interfaces/hook/cmake_prefix_path.dsv'
[5.508s] INFO:colcon.colcon_core.shell:Creating environment hook '/home/student/Documents/formation_ros2/Introduction/ros2_ws/install/tutorial_interfaces/share/tutorial_interfaces/hook/cmake_prefix_path.sh'
[5.509s] Level 1:colcon.colcon_core.environment:checking '/home/student/Documents/formation_ros2/Introduction/ros2_ws/install/tutorial_interfaces/lib'
[5.510s] Level 1:colcon.colcon_core.shell:create_environment_hook('tutorial_interfaces', 'ld_library_path_lib')
[5.510s] INFO:colcon.colcon_core.shell:Creating environment hook '/home/student/Documents/formation_ros2/Introduction/ros2_ws/install/tutorial_interfaces/share/tutorial_interfaces/hook/ld_library_path_lib.ps1'
[5.510s] INFO:colcon.colcon_core.shell:Creating environment descriptor '/home/student/Documents/formation_ros2/Introduction/ros2_ws/install/tutorial_interfaces/share/tutorial_interfaces/hook/ld_library_path_lib.dsv'
[5.511s] INFO:colcon.colcon_core.shell:Creating environment hook '/home/student/Documents/formation_ros2/Introduction/ros2_ws/install/tutorial_interfaces/share/tutorial_interfaces/hook/ld_library_path_lib.sh'
[5.511s] Level 1:colcon.colcon_core.environment:checking '/home/student/Documents/formation_ros2/Introduction/ros2_ws/install/tutorial_interfaces/bin'
[5.511s] Level 1:colcon.colcon_core.environment:checking '/home/student/Documents/formation_ros2/Introduction/ros2_ws/install/tutorial_interfaces/lib/pkgconfig/tutorial_interfaces.pc'
[5.511s] Level 1:colcon.colcon_core.environment:checking '/home/student/Documents/formation_ros2/Introduction/ros2_ws/install/tutorial_interfaces/lib/python3.10/site-packages'
[5.512s] Level 1:colcon.colcon_core.environment:checking '/home/student/Documents/formation_ros2/Introduction/ros2_ws/install/tutorial_interfaces/bin'
[5.512s] INFO:colcon.colcon_core.shell:Creating package script '/home/student/Documents/formation_ros2/Introduction/ros2_ws/install/tutorial_interfaces/share/tutorial_interfaces/package.ps1'
[5.513s] INFO:colcon.colcon_core.shell:Creating package descriptor '/home/student/Documents/formation_ros2/Introduction/ros2_ws/install/tutorial_interfaces/share/tutorial_interfaces/package.dsv'
[5.513s] INFO:colcon.colcon_core.shell:Creating package script '/home/student/Documents/formation_ros2/Introduction/ros2_ws/install/tutorial_interfaces/share/tutorial_interfaces/package.sh'
[5.514s] INFO:colcon.colcon_core.shell:Creating package script '/home/student/Documents/formation_ros2/Introduction/ros2_ws/install/tutorial_interfaces/share/tutorial_interfaces/package.bash'
[5.515s] INFO:colcon.colcon_core.shell:Creating package script '/home/student/Documents/formation_ros2/Introduction/ros2_ws/install/tutorial_interfaces/share/tutorial_interfaces/package.zsh'
[5.515s] Level 1:colcon.colcon_core.environment:create_file_with_runtime_dependencies(/home/student/Documents/formation_ros2/Introduction/ros2_ws/install/tutorial_interfaces/share/colcon-core/packages/tutorial_interfaces)
[5.516s] Level 1:colcon.colcon_core.environment:create_environment_scripts_only(tutorial_interfaces)
[5.516s] Level 1:colcon.colcon_core.environment:checking '/home/student/Documents/formation_ros2/Introduction/ros2_ws/install/tutorial_interfaces' for CMake module files
[5.517s] Level 1:colcon.colcon_core.environment:checking '/home/student/Documents/formation_ros2/Introduction/ros2_ws/install/tutorial_interfaces' for CMake config files
[5.518s] Level 1:colcon.colcon_core.shell:create_environment_hook('tutorial_interfaces', 'cmake_prefix_path')
[5.518s] INFO:colcon.colcon_core.shell:Creating environment hook '/home/student/Documents/formation_ros2/Introduction/ros2_ws/install/tutorial_interfaces/share/tutorial_interfaces/hook/cmake_prefix_path.ps1'
[5.519s] INFO:colcon.colcon_core.shell:Creating environment descriptor '/home/student/Documents/formation_ros2/Introduction/ros2_ws/install/tutorial_interfaces/share/tutorial_interfaces/hook/cmake_prefix_path.dsv'
[5.519s] INFO:colcon.colcon_core.shell:Creating environment hook '/home/student/Documents/formation_ros2/Introduction/ros2_ws/install/tutorial_interfaces/share/tutorial_interfaces/hook/cmake_prefix_path.sh'
[5.520s] Level 1:colcon.colcon_core.environment:checking '/home/student/Documents/formation_ros2/Introduction/ros2_ws/install/tutorial_interfaces/lib'
[5.520s] Level 1:colcon.colcon_core.shell:create_environment_hook('tutorial_interfaces', 'ld_library_path_lib')
[5.520s] INFO:colcon.colcon_core.shell:Creating environment hook '/home/student/Documents/formation_ros2/Introduction/ros2_ws/install/tutorial_interfaces/share/tutorial_interfaces/hook/ld_library_path_lib.ps1'
[5.520s] INFO:colcon.colcon_core.shell:Creating environment descriptor '/home/student/Documents/formation_ros2/Introduction/ros2_ws/install/tutorial_interfaces/share/tutorial_interfaces/hook/ld_library_path_lib.dsv'
[5.521s] INFO:colcon.colcon_core.shell:Creating environment hook '/home/student/Documents/formation_ros2/Introduction/ros2_ws/install/tutorial_interfaces/share/tutorial_interfaces/hook/ld_library_path_lib.sh'
[5.522s] Level 1:colcon.colcon_core.environment:checking '/home/student/Documents/formation_ros2/Introduction/ros2_ws/install/tutorial_interfaces/bin'
[5.522s] Level 1:colcon.colcon_core.environment:checking '/home/student/Documents/formation_ros2/Introduction/ros2_ws/install/tutorial_interfaces/lib/pkgconfig/tutorial_interfaces.pc'
[5.522s] Level 1:colcon.colcon_core.environment:checking '/home/student/Documents/formation_ros2/Introduction/ros2_ws/install/tutorial_interfaces/lib/python3.10/site-packages'
[5.522s] Level 1:colcon.colcon_core.environment:checking '/home/student/Documents/formation_ros2/Introduction/ros2_ws/install/tutorial_interfaces/bin'
[5.523s] INFO:colcon.colcon_core.shell:Creating package script '/home/student/Documents/formation_ros2/Introduction/ros2_ws/install/tutorial_interfaces/share/tutorial_interfaces/package.ps1'
[5.524s] INFO:colcon.colcon_core.shell:Creating package descriptor '/home/student/Documents/formation_ros2/Introduction/ros2_ws/install/tutorial_interfaces/share/tutorial_interfaces/package.dsv'
[5.524s] INFO:colcon.colcon_core.shell:Creating package script '/home/student/Documents/formation_ros2/Introduction/ros2_ws/install/tutorial_interfaces/share/tutorial_interfaces/package.sh'
[5.525s] INFO:colcon.colcon_core.shell:Creating package script '/home/student/Documents/formation_ros2/Introduction/ros2_ws/install/tutorial_interfaces/share/tutorial_interfaces/package.bash'
[5.526s] INFO:colcon.colcon_core.shell:Creating package script '/home/student/Documents/formation_ros2/Introduction/ros2_ws/install/tutorial_interfaces/share/tutorial_interfaces/package.zsh'
[5.526s] Level 1:colcon.colcon_core.environment:create_file_with_runtime_dependencies(/home/student/Documents/formation_ros2/Introduction/ros2_ws/install/tutorial_interfaces/share/colcon-core/packages/tutorial_interfaces)
[5.527s] INFO:colcon.colcon_ros.task.ament_cmake.build:Building ROS package in '/home/student/Documents/formation_ros2/Introduction/ros2_ws/src/cpp_pubsub' with build type 'ament_cmake'
[5.527s] INFO:colcon.colcon_cmake.task.cmake.build:Building CMake package in '/home/student/Documents/formation_ros2/Introduction/ros2_ws/src/cpp_pubsub'
[5.527s] INFO:colcon.colcon_core.shell:Skip shell extension 'powershell' for command environment: Not usable outside of PowerShell
[5.527s] DEBUG:colcon.colcon_core.shell:Skip shell extension 'dsv' for command environment
[5.551s] DEBUG:colcon.colcon_core.event_handler.log_command:Invoking command in '/home/student/Documents/formation_ros2/Introduction/ros2_ws/build/cpp_pubsub': AMENT_PREFIX_PATH=/home/student/Documents/formation_ros2/Introduction/ros2_ws/install/tutorial_interfaces:${AMENT_PREFIX_PATH} CMAKE_PREFIX_PATH=/home/student/Documents/formation_ros2/Introduction/ros2_ws/install/tutorial_interfaces:/home/student/turtlebot3_ws/install/turtlebot3:/home/student/turtlebot3_ws/install/turtlebot3_bringup:/home/student/turtlebot3_ws/install/turtlebot3_node:/home/student/turtlebot3_ws/install/turtlebot3_navigation2:/home/student/turtlebot3_ws/install/turtlebot3_msgs:/home/student/turtlebot3_ws/install/turtlebot3_description:/home/student/turtlebot3_ws/install/turtlebot3_cartographer:/home/student/turtlebot3_ws/install/dynamixel_sdk_examples:/home/student/turtlebot3_ws/install/dynamixel_sdk_custom_interfaces:/home/student/turtlebot3_ws/install/dynamixel_sdk:/home/student/turtlebot3_ws/install/turtlebot3_teleop:/home/student/turtlebot3_ws/install/turtlebot3_example:/opt/ros/humble LD_LIBRARY_PATH=/home/student/Documents/formation_ros2/Introduction/ros2_ws/install/tutorial_interfaces/lib:${LD_LIBRARY_PATH} PYTHONPATH=/home/student/Documents/formation_ros2/Introduction/ros2_ws/install/tutorial_interfaces/local/lib/python3.10/dist-packages:${PYTHONPATH} /usr/bin/cmake --build /home/student/Documents/formation_ros2/Introduction/ros2_ws/build/cpp_pubsub -- -j8 -l8
[16.416s] DEBUG:colcon.colcon_core.event_handler.log_command:Invoked command in '/home/student/Documents/formation_ros2/Introduction/ros2_ws/build/cpp_pubsub' returned '2': AMENT_PREFIX_PATH=/home/student/Documents/formation_ros2/Introduction/ros2_ws/install/tutorial_interfaces:${AMENT_PREFIX_PATH} CMAKE_PREFIX_PATH=/home/student/Documents/formation_ros2/Introduction/ros2_ws/install/tutorial_interfaces:/home/student/turtlebot3_ws/install/turtlebot3:/home/student/turtlebot3_ws/install/turtlebot3_bringup:/home/student/turtlebot3_ws/install/turtlebot3_node:/home/student/turtlebot3_ws/install/turtlebot3_navigation2:/home/student/turtlebot3_ws/install/turtlebot3_msgs:/home/student/turtlebot3_ws/install/turtlebot3_description:/home/student/turtlebot3_ws/install/turtlebot3_cartographer:/home/student/turtlebot3_ws/install/dynamixel_sdk_examples:/home/student/turtlebot3_ws/install/dynamixel_sdk_custom_interfaces:/home/student/turtlebot3_ws/install/dynamixel_sdk:/home/student/turtlebot3_ws/install/turtlebot3_teleop:/home/student/turtlebot3_ws/install/turtlebot3_example:/opt/ros/humble LD_LIBRARY_PATH=/home/student/Documents/formation_ros2/Introduction/ros2_ws/install/tutorial_interfaces/lib:${LD_LIBRARY_PATH} PYTHONPATH=/home/student/Documents/formation_ros2/Introduction/ros2_ws/install/tutorial_interfaces/local/lib/python3.10/dist-packages:${PYTHONPATH} /usr/bin/cmake --build /home/student/Documents/formation_ros2/Introduction/ros2_ws/build/cpp_pubsub -- -j8 -l8
[16.417s] Level 1:colcon.colcon_core.environment:create_environment_scripts_only(cpp_pubsub)
[16.417s] Level 1:colcon.colcon_core.environment:checking '/home/student/Documents/formation_ros2/Introduction/ros2_ws/install/cpp_pubsub' for CMake module files
[16.418s] Level 1:colcon.colcon_core.environment:checking '/home/student/Documents/formation_ros2/Introduction/ros2_ws/install/cpp_pubsub' for CMake config files
[16.418s] Level 1:colcon.colcon_core.shell:create_environment_hook('cpp_pubsub', 'cmake_prefix_path')
[16.418s] INFO:colcon.colcon_core.shell:Creating environment hook '/home/student/Documents/formation_ros2/Introduction/ros2_ws/install/cpp_pubsub/share/cpp_pubsub/hook/cmake_prefix_path.ps1'
[16.419s] INFO:colcon.colcon_core.shell:Creating environment descriptor '/home/student/Documents/formation_ros2/Introduction/ros2_ws/install/cpp_pubsub/share/cpp_pubsub/hook/cmake_prefix_path.dsv'
[16.419s] INFO:colcon.colcon_core.shell:Creating environment hook '/home/student/Documents/formation_ros2/Introduction/ros2_ws/install/cpp_pubsub/share/cpp_pubsub/hook/cmake_prefix_path.sh'
[16.420s] Level 1:colcon.colcon_core.environment:checking '/home/student/Documents/formation_ros2/Introduction/ros2_ws/install/cpp_pubsub/lib'
[16.420s] Level 1:colcon.colcon_core.environment:checking '/home/student/Documents/formation_ros2/Introduction/ros2_ws/install/cpp_pubsub/bin'
[16.420s] Level 1:colcon.colcon_core.environment:checking '/home/student/Documents/formation_ros2/Introduction/ros2_ws/install/cpp_pubsub/lib/pkgconfig/cpp_pubsub.pc'
[16.420s] Level 1:colcon.colcon_core.environment:checking '/home/student/Documents/formation_ros2/Introduction/ros2_ws/install/cpp_pubsub/lib/python3.10/site-packages'
[16.421s] Level 1:colcon.colcon_core.environment:checking '/home/student/Documents/formation_ros2/Introduction/ros2_ws/install/cpp_pubsub/bin'
[16.421s] INFO:colcon.colcon_core.shell:Creating package script '/home/student/Documents/formation_ros2/Introduction/ros2_ws/install/cpp_pubsub/share/cpp_pubsub/package.ps1'
[16.422s] INFO:colcon.colcon_core.shell:Creating package descriptor '/home/student/Documents/formation_ros2/Introduction/ros2_ws/install/cpp_pubsub/share/cpp_pubsub/package.dsv'
[16.422s] INFO:colcon.colcon_core.shell:Creating package script '/home/student/Documents/formation_ros2/Introduction/ros2_ws/install/cpp_pubsub/share/cpp_pubsub/package.sh'
[16.423s] INFO:colcon.colcon_core.shell:Creating package script '/home/student/Documents/formation_ros2/Introduction/ros2_ws/install/cpp_pubsub/share/cpp_pubsub/package.bash'
[16.423s] INFO:colcon.colcon_core.shell:Creating package script '/home/student/Documents/formation_ros2/Introduction/ros2_ws/install/cpp_pubsub/share/cpp_pubsub/package.zsh'
[16.423s] Level 1:colcon.colcon_core.environment:create_file_with_runtime_dependencies(/home/student/Documents/formation_ros2/Introduction/ros2_ws/install/cpp_pubsub/share/colcon-core/packages/cpp_pubsub)
[16.424s] DEBUG:colcon.colcon_parallel_executor.executor.parallel:closing loop
[16.424s] DEBUG:colcon.colcon_parallel_executor.executor.parallel:loop closed
[16.424s] DEBUG:colcon.colcon_parallel_executor.executor.parallel:run_until_complete finished with '2'
[16.425s] DEBUG:colcon.colcon_core.event_reactor:joining thread
[16.430s] INFO:colcon.colcon_core.plugin_system:Skipping extension 'colcon_notification.desktop_notification.terminal_notifier': Not used on non-Darwin systems
[16.430s] INFO:colcon.colcon_core.plugin_system:Skipping extension 'colcon_notification.desktop_notification.win32': Not used on non-Windows systems
[16.430s] INFO:colcon.colcon_notification.desktop_notification:Sending desktop notification using 'notify2'
[16.441s] DEBUG:colcon.colcon_core.event_reactor:joined thread
[16.441s] INFO:colcon.colcon_core.shell:Creating prefix script '/home/student/Documents/formation_ros2/Introduction/ros2_ws/install/local_setup.ps1'
[16.443s] INFO:colcon.colcon_core.shell:Creating prefix util module '/home/student/Documents/formation_ros2/Introduction/ros2_ws/install/_local_setup_util_ps1.py'
[16.445s] INFO:colcon.colcon_core.shell:Creating prefix chain script '/home/student/Documents/formation_ros2/Introduction/ros2_ws/install/setup.ps1'
[16.448s] INFO:colcon.colcon_core.shell:Creating prefix script '/home/student/Documents/formation_ros2/Introduction/ros2_ws/install/local_setup.sh'
[16.449s] INFO:colcon.colcon_core.shell:Creating prefix util module '/home/student/Documents/formation_ros2/Introduction/ros2_ws/install/_local_setup_util_sh.py'
[16.450s] INFO:colcon.colcon_core.shell:Creating prefix chain script '/home/student/Documents/formation_ros2/Introduction/ros2_ws/install/setup.sh'
[16.452s] INFO:colcon.colcon_core.shell:Creating prefix script '/home/student/Documents/formation_ros2/Introduction/ros2_ws/install/local_setup.bash'
[16.453s] INFO:colcon.colcon_core.shell:Creating prefix chain script '/home/student/Documents/formation_ros2/Introduction/ros2_ws/install/setup.bash'
[16.455s] INFO:colcon.colcon_core.shell:Creating prefix script '/home/student/Documents/formation_ros2/Introduction/ros2_ws/install/local_setup.zsh'
[16.456s] INFO:colcon.colcon_core.shell:Creating prefix chain script '/home/student/Documents/formation_ros2/Introduction/ros2_ws/install/setup.zsh'
