[0.027s] Invoking command in '/home/student/Documents/formation_ros2/Introduction/ros2_ws/build/tutorial_interfaces': CMAKE_PREFIX_PATH=${CMAKE_PREFIX_PATH}:/home/student/turtlebot3_ws/install/turtlebot3_teleop:/home/student/turtlebot3_ws/install/turtlebot3_example:/opt/ros/humble /usr/bin/cmake --build /home/student/Documents/formation_ros2/Introduction/ros2_ws/build/tutorial_interfaces -- -j8 -l8
[0.053s] -- Found ament_cmake: 1.3.12 (/opt/ros/humble/share/ament_cmake/cmake)
[0.177s] -- Found rosidl_default_generators: 1.2.0 (/opt/ros/humble/share/rosidl_default_generators/cmake)
[0.180s] -- Using all available rosidl_typesupport_c: rosidl_typesupport_fastrtps_c;rosidl_typesupport_introspection_c
[0.183s] -- Found rosidl_adapter: 3.1.7 (/opt/ros/humble/share/rosidl_adapter/cmake)
[0.212s] -- Using all available rosidl_typesupport_cpp: rosidl_typesupport_fastrtps_cpp;rosidl_typesupport_introspection_cpp
[0.491s] -- Found ament_cmake_ros: 0.10.0 (/opt/ros/humble/share/ament_cmake_ros/cmake)
[0.683s] -- Using all available rosidl_typesupport_c: rosidl_typesupport_fastrtps_c;rosidl_typesupport_introspection_c
[0.923s] -- Using all available rosidl_typesupport_cpp: rosidl_typesupport_fastrtps_cpp;rosidl_typesupport_introspection_cpp
[0.946s] -- Found python_cmake_module: 0.10.0 (/opt/ros/humble/share/python_cmake_module/cmake)
[0.968s] -- Using PYTHON_EXECUTABLE: /usr/bin/python3
[0.968s] -- Using PYTHON_INCLUDE_DIRS: /usr/include/python3.10
[0.968s] -- Using PYTHON_LIBRARIES: /usr/lib/x86_64-linux-gnu/libpython3.10.so
[0.980s] -- Found ament_lint_auto: 0.12.14 (/opt/ros/humble/share/ament_lint_auto/cmake)
[0.990s] -- Added test 'lint_cmake' to check CMake code style
[0.991s] -- Added test 'xmllint' to check XML markup files
[0.994s] -- Configuring done
[1.054s] -- Generating done
[1.065s] -- Build files have been written to: /home/student/Documents/formation_ros2/Introduction/ros2_ws/build/tutorial_interfaces
[1.093s] [  3%] [34m[1mGenerating C code for ROS interfaces[0m
[1.104s] [  6%] [34m[1mGenerating C++ code for ROS interfaces[0m
[1.115s] [  6%] Built target ament_cmake_python_copy_tutorial_interfaces
[1.374s] [  6%] Built target tutorial_interfaces__cpp
[1.388s] [ 12%] [34m[1mGenerating C++ introspection for ROS interfaces[0m
[1.388s] [ 12%] [34m[1mGenerating C++ type support dispatch for ROS interfaces[0m
[1.388s] [ 16%] [34m[1mGenerating C++ type support for eProsima Fast-RTPS[0m
[1.401s] [ 19%] [32mBuilding C object CMakeFiles/tutorial_interfaces__rosidl_generator_c.dir/rosidl_generator_c/tutorial_interfaces/msg/detail/msg__functions.c.o[0m
[1.405s] running egg_info
[1.406s] writing tutorial_interfaces.egg-info/PKG-INFO
[1.406s] writing dependency_links to tutorial_interfaces.egg-info/dependency_links.txt
[1.406s] writing top-level names to tutorial_interfaces.egg-info/top_level.txt
[1.409s] reading manifest file 'tutorial_interfaces.egg-info/SOURCES.txt'
[1.409s] writing manifest file 'tutorial_interfaces.egg-info/SOURCES.txt'
[1.439s] [ 19%] Built target ament_cmake_python_build_tutorial_interfaces_egg
[1.599s] [ 22%] [32mBuilding CXX object CMakeFiles/tutorial_interfaces__rosidl_typesupport_cpp.dir/rosidl_typesupport_cpp/tutorial_interfaces/msg/msg__type_support.cpp.o[0m
[1.635s] [ 25%] [32mBuilding CXX object CMakeFiles/tutorial_interfaces__rosidl_typesupport_fastrtps_cpp.dir/rosidl_typesupport_fastrtps_cpp/tutorial_interfaces/msg/detail/dds_fastrtps/msg__type_support.cpp.o[0m
[1.642s] [ 29%] [32m[1mLinking C shared library libtutorial_interfaces__rosidl_generator_c.so[0m
[1.718s] [ 29%] Built target tutorial_interfaces__rosidl_generator_c
[1.744s] [ 32%] [34m[1mGenerating C introspection for ROS interfaces[0m
[1.745s] [ 35%] [32mBuilding CXX object CMakeFiles/tutorial_interfaces__rosidl_typesupport_introspection_cpp.dir/rosidl_typesupport_introspection_cpp/tutorial_interfaces/msg/detail/msg__type_support.cpp.o[0m
[1.745s] [ 41%] [34m[1mGenerating C type support for eProsima Fast-RTPS[0m
[1.746s] [ 41%] [34m[1mGenerating C type support dispatch for ROS interfaces[0m
[1.882s] [ 45%] [32m[1mLinking CXX shared library libtutorial_interfaces__rosidl_typesupport_cpp.so[0m
[1.939s] [ 45%] Built target tutorial_interfaces__rosidl_typesupport_cpp
[2.040s] [ 48%] [32m[1mLinking CXX shared library libtutorial_interfaces__rosidl_typesupport_fastrtps_cpp.so[0m
[2.078s] [ 51%] [32mBuilding C object CMakeFiles/tutorial_interfaces__rosidl_typesupport_introspection_c.dir/rosidl_typesupport_introspection_c/tutorial_interfaces/msg/detail/msg__type_support.c.o[0m
[2.107s] [ 54%] [32mBuilding CXX object CMakeFiles/tutorial_interfaces__rosidl_typesupport_c.dir/rosidl_typesupport_c/tutorial_interfaces/msg/msg__type_support.cpp.o[0m
[2.136s] [ 58%] [32mBuilding CXX object CMakeFiles/tutorial_interfaces__rosidl_typesupport_fastrtps_c.dir/rosidl_typesupport_fastrtps_c/tutorial_interfaces/msg/detail/msg__type_support_c.cpp.o[0m
[2.142s] [ 61%] [32m[1mLinking C shared library libtutorial_interfaces__rosidl_typesupport_introspection_c.so[0m
[2.143s] [ 64%] [32m[1mLinking CXX shared library libtutorial_interfaces__rosidl_typesupport_c.so[0m
[2.144s] [ 64%] Built target tutorial_interfaces__rosidl_typesupport_fastrtps_cpp
[2.196s] [ 64%] Built target tutorial_interfaces__rosidl_typesupport_introspection_c
[2.208s] [ 64%] Built target tutorial_interfaces__rosidl_typesupport_c
[2.231s] [ 67%] [32m[1mLinking CXX shared library libtutorial_interfaces__rosidl_typesupport_introspection_cpp.so[0m
[2.333s] [ 67%] Built target tutorial_interfaces__rosidl_typesupport_introspection_cpp
[2.453s] [ 70%] [32m[1mLinking CXX shared library libtutorial_interfaces__rosidl_typesupport_fastrtps_c.so[0m
[2.533s] [ 70%] Built target tutorial_interfaces__rosidl_typesupport_fastrtps_c
[2.556s] [ 70%] Built target tutorial_interfaces
[2.599s] [ 74%] [34m[1mGenerating Python code for ROS interfaces[0m
[2.861s] [ 74%] Built target tutorial_interfaces__py
[2.904s] [ 77%] [32mBuilding C object CMakeFiles/tutorial_interfaces__rosidl_generator_py.dir/rosidl_generator_py/tutorial_interfaces/msg/_msg_s.c.o[0m
[3.001s] [ 80%] [32m[1mLinking C shared library rosidl_generator_py/tutorial_interfaces/libtutorial_interfaces__rosidl_generator_py.so[0m
[3.060s] [ 80%] Built target tutorial_interfaces__rosidl_generator_py
[3.103s] [35m[1mConsolidate compiler generated dependencies of target tutorial_interfaces__rosidl_typesupport_fastrtps_c__pyext[0m
[3.113s] [35m[1mConsolidate compiler generated dependencies of target tutorial_interfaces__rosidl_typesupport_c__pyext[0m
[3.118s] [ 83%] [32mBuilding C object CMakeFiles/tutorial_interfaces__rosidl_typesupport_fastrtps_c__pyext.dir/rosidl_generator_py/tutorial_interfaces/_tutorial_interfaces_s.ep.rosidl_typesupport_fastrtps_c.c.o[0m
[3.121s] [35m[1mConsolidate compiler generated dependencies of target tutorial_interfaces__rosidl_typesupport_introspection_c__pyext[0m
[3.128s] [ 87%] [32mBuilding C object CMakeFiles/tutorial_interfaces__rosidl_typesupport_c__pyext.dir/rosidl_generator_py/tutorial_interfaces/_tutorial_interfaces_s.ep.rosidl_typesupport_c.c.o[0m
[3.135s] [ 90%] [32mBuilding C object CMakeFiles/tutorial_interfaces__rosidl_typesupport_introspection_c__pyext.dir/rosidl_generator_py/tutorial_interfaces/_tutorial_interfaces_s.ep.rosidl_typesupport_introspection_c.c.o[0m
[3.221s] [ 93%] [32m[1mLinking C shared library rosidl_generator_py/tutorial_interfaces/tutorial_interfaces_s__rosidl_typesupport_c.cpython-310-x86_64-linux-gnu.so[0m
[3.221s] [ 96%] [32m[1mLinking C shared library rosidl_generator_py/tutorial_interfaces/tutorial_interfaces_s__rosidl_typesupport_fastrtps_c.cpython-310-x86_64-linux-gnu.so[0m
[3.237s] [100%] [32m[1mLinking C shared library rosidl_generator_py/tutorial_interfaces/tutorial_interfaces_s__rosidl_typesupport_introspection_c.cpython-310-x86_64-linux-gnu.so[0m
[3.284s] [100%] Built target tutorial_interfaces__rosidl_typesupport_introspection_c__pyext
[3.284s] [100%] Built target tutorial_interfaces__rosidl_typesupport_c__pyext
[3.287s] [100%] Built target tutorial_interfaces__rosidl_typesupport_fastrtps_c__pyext
[3.312s] Invoked command in '/home/student/Documents/formation_ros2/Introduction/ros2_ws/build/tutorial_interfaces' returned '0': CMAKE_PREFIX_PATH=${CMAKE_PREFIX_PATH}:/home/student/turtlebot3_ws/install/turtlebot3_teleop:/home/student/turtlebot3_ws/install/turtlebot3_example:/opt/ros/humble /usr/bin/cmake --build /home/student/Documents/formation_ros2/Introduction/ros2_ws/build/tutorial_interfaces -- -j8 -l8
[3.349s] Invoking command in '/home/student/Documents/formation_ros2/Introduction/ros2_ws/build/tutorial_interfaces': CMAKE_PREFIX_PATH=${CMAKE_PREFIX_PATH}:/home/student/turtlebot3_ws/install/turtlebot3_teleop:/home/student/turtlebot3_ws/install/turtlebot3_example:/opt/ros/humble /usr/bin/cmake --install /home/student/Documents/formation_ros2/Introduction/ros2_ws/build/tutorial_interfaces
[3.358s] -- Install configuration: ""
[3.358s] -- Installing: /home/student/Documents/formation_ros2/Introduction/ros2_ws/install/tutorial_interfaces/share/ament_index/resource_index/rosidl_interfaces/tutorial_interfaces
[3.366s] -- Up-to-date: /home/student/Documents/formation_ros2/Introduction/ros2_ws/install/tutorial_interfaces/include/tutorial_interfaces/tutorial_interfaces
[3.366s] -- Up-to-date: /home/student/Documents/formation_ros2/Introduction/ros2_ws/install/tutorial_interfaces/include/tutorial_interfaces/tutorial_interfaces/msg
[3.366s] -- Up-to-date: /home/student/Documents/formation_ros2/Introduction/ros2_ws/install/tutorial_interfaces/include/tutorial_interfaces/tutorial_interfaces/msg/num.h
[3.367s] -- Up-to-date: /home/student/Documents/formation_ros2/Introduction/ros2_ws/install/tutorial_interfaces/include/tutorial_interfaces/tutorial_interfaces/msg/rosidl_generator_c__visibility_control.h
[3.367s] -- Up-to-date: /home/student/Documents/formation_ros2/Introduction/ros2_ws/install/tutorial_interfaces/include/tutorial_interfaces/tutorial_interfaces/msg/detail
[3.367s] -- Installing: /home/student/Documents/formation_ros2/Introduction/ros2_ws/install/tutorial_interfaces/include/tutorial_interfaces/tutorial_interfaces/msg/detail/msg__struct.h
[3.367s] -- Up-to-date: /home/student/Documents/formation_ros2/Introduction/ros2_ws/install/tutorial_interfaces/include/tutorial_interfaces/tutorial_interfaces/msg/detail/num__struct.h
[3.367s] -- Up-to-date: /home/student/Documents/formation_ros2/Introduction/ros2_ws/install/tutorial_interfaces/include/tutorial_interfaces/tutorial_interfaces/msg/detail/num__type_support.h
[3.367s] -- Up-to-date: /home/student/Documents/formation_ros2/Introduction/ros2_ws/install/tutorial_interfaces/include/tutorial_interfaces/tutorial_interfaces/msg/detail/sphere__struct.h
[3.367s] -- Up-to-date: /home/student/Documents/formation_ros2/Introduction/ros2_ws/install/tutorial_interfaces/include/tutorial_interfaces/tutorial_interfaces/msg/detail/sphere__functions.h
[3.368s] -- Up-to-date: /home/student/Documents/formation_ros2/Introduction/ros2_ws/install/tutorial_interfaces/include/tutorial_interfaces/tutorial_interfaces/msg/detail/num__functions.c
[3.368s] -- Up-to-date: /home/student/Documents/formation_ros2/Introduction/ros2_ws/install/tutorial_interfaces/include/tutorial_interfaces/tutorial_interfaces/msg/detail/sphere__type_support.h
[3.368s] -- Installing: /home/student/Documents/formation_ros2/Introduction/ros2_ws/install/tutorial_interfaces/include/tutorial_interfaces/tutorial_interfaces/msg/detail/msg__type_support.h
[3.368s] -- Installing: /home/student/Documents/formation_ros2/Introduction/ros2_ws/install/tutorial_interfaces/include/tutorial_interfaces/tutorial_interfaces/msg/detail/msg__functions.c
[3.368s] -- Up-to-date: /home/student/Documents/formation_ros2/Introduction/ros2_ws/install/tutorial_interfaces/include/tutorial_interfaces/tutorial_interfaces/msg/detail/sphere__functions.c
[3.368s] -- Installing: /home/student/Documents/formation_ros2/Introduction/ros2_ws/install/tutorial_interfaces/include/tutorial_interfaces/tutorial_interfaces/msg/detail/msg__functions.h
[3.368s] -- Up-to-date: /home/student/Documents/formation_ros2/Introduction/ros2_ws/install/tutorial_interfaces/include/tutorial_interfaces/tutorial_interfaces/msg/detail/num__functions.h
[3.368s] -- Installing: /home/student/Documents/formation_ros2/Introduction/ros2_ws/install/tutorial_interfaces/include/tutorial_interfaces/tutorial_interfaces/msg/msg.h
[3.368s] -- Up-to-date: /home/student/Documents/formation_ros2/Introduction/ros2_ws/install/tutorial_interfaces/include/tutorial_interfaces/tutorial_interfaces/msg/sphere.h
[3.369s] -- Up-to-date: /home/student/Documents/formation_ros2/Introduction/ros2_ws/install/tutorial_interfaces/include/tutorial_interfaces/tutorial_interfaces/srv
[3.369s] -- Up-to-date: /home/student/Documents/formation_ros2/Introduction/ros2_ws/install/tutorial_interfaces/include/tutorial_interfaces/tutorial_interfaces/srv/add_three_ints.h
[3.369s] -- Up-to-date: /home/student/Documents/formation_ros2/Introduction/ros2_ws/install/tutorial_interfaces/include/tutorial_interfaces/tutorial_interfaces/srv/detail
[3.369s] -- Up-to-date: /home/student/Documents/formation_ros2/Introduction/ros2_ws/install/tutorial_interfaces/include/tutorial_interfaces/tutorial_interfaces/srv/detail/add_three_ints__functions.h
[3.369s] -- Up-to-date: /home/student/Documents/formation_ros2/Introduction/ros2_ws/install/tutorial_interfaces/include/tutorial_interfaces/tutorial_interfaces/srv/detail/add_three_ints__type_support.h
[3.369s] -- Up-to-date: /home/student/Documents/formation_ros2/Introduction/ros2_ws/install/tutorial_interfaces/include/tutorial_interfaces/tutorial_interfaces/srv/detail/add_three_ints__functions.c
[3.369s] -- Up-to-date: /home/student/Documents/formation_ros2/Introduction/ros2_ws/install/tutorial_interfaces/include/tutorial_interfaces/tutorial_interfaces/srv/detail/add_three_ints__struct.h
[3.369s] -- Up-to-date: /home/student/Documents/formation_ros2/Introduction/ros2_ws/install/tutorial_interfaces/share/tutorial_interfaces/environment/library_path.sh
[3.370s] -- Installing: /home/student/Documents/formation_ros2/Introduction/ros2_ws/install/tutorial_interfaces/share/tutorial_interfaces/environment/library_path.dsv
[3.381s] -- Installing: /home/student/Documents/formation_ros2/Introduction/ros2_ws/install/tutorial_interfaces/lib/libtutorial_interfaces__rosidl_generator_c.so
[3.382s] -- Set runtime path of "/home/student/Documents/formation_ros2/Introduction/ros2_ws/install/tutorial_interfaces/lib/libtutorial_interfaces__rosidl_generator_c.so" to ""
[3.382s] -- Up-to-date: /home/student/Documents/formation_ros2/Introduction/ros2_ws/install/tutorial_interfaces/include/tutorial_interfaces/tutorial_interfaces
[3.382s] -- Up-to-date: /home/student/Documents/formation_ros2/Introduction/ros2_ws/install/tutorial_interfaces/include/tutorial_interfaces/tutorial_interfaces/msg
[3.382s] -- Up-to-date: /home/student/Documents/formation_ros2/Introduction/ros2_ws/install/tutorial_interfaces/include/tutorial_interfaces/tutorial_interfaces/msg/detail
[3.383s] -- Up-to-date: /home/student/Documents/formation_ros2/Introduction/ros2_ws/install/tutorial_interfaces/include/tutorial_interfaces/tutorial_interfaces/msg/detail/sphere__rosidl_typesupport_fastrtps_c.h
[3.383s] -- Installing: /home/student/Documents/formation_ros2/Introduction/ros2_ws/install/tutorial_interfaces/include/tutorial_interfaces/tutorial_interfaces/msg/detail/msg__rosidl_typesupport_fastrtps_c.h
[3.383s] -- Up-to-date: /home/student/Documents/formation_ros2/Introduction/ros2_ws/install/tutorial_interfaces/include/tutorial_interfaces/tutorial_interfaces/msg/detail/num__rosidl_typesupport_fastrtps_c.h
[3.383s] -- Up-to-date: /home/student/Documents/formation_ros2/Introduction/ros2_ws/install/tutorial_interfaces/include/tutorial_interfaces/tutorial_interfaces/msg/rosidl_typesupport_fastrtps_c__visibility_control.h
[3.383s] -- Up-to-date: /home/student/Documents/formation_ros2/Introduction/ros2_ws/install/tutorial_interfaces/include/tutorial_interfaces/tutorial_interfaces/srv
[3.383s] -- Up-to-date: /home/student/Documents/formation_ros2/Introduction/ros2_ws/install/tutorial_interfaces/include/tutorial_interfaces/tutorial_interfaces/srv/detail
[3.383s] -- Up-to-date: /home/student/Documents/formation_ros2/Introduction/ros2_ws/install/tutorial_interfaces/include/tutorial_interfaces/tutorial_interfaces/srv/detail/add_three_ints__rosidl_typesupport_fastrtps_c.h
[3.384s] -- Installing: /home/student/Documents/formation_ros2/Introduction/ros2_ws/install/tutorial_interfaces/lib/libtutorial_interfaces__rosidl_typesupport_fastrtps_c.so
[3.384s] -- Set runtime path of "/home/student/Documents/formation_ros2/Introduction/ros2_ws/install/tutorial_interfaces/lib/libtutorial_interfaces__rosidl_typesupport_fastrtps_c.so" to ""
[3.384s] -- Up-to-date: /home/student/Documents/formation_ros2/Introduction/ros2_ws/install/tutorial_interfaces/include/tutorial_interfaces/tutorial_interfaces
[3.384s] -- Up-to-date: /home/student/Documents/formation_ros2/Introduction/ros2_ws/install/tutorial_interfaces/include/tutorial_interfaces/tutorial_interfaces/msg
[3.384s] -- Up-to-date: /home/student/Documents/formation_ros2/Introduction/ros2_ws/install/tutorial_interfaces/include/tutorial_interfaces/tutorial_interfaces/msg/detail
[3.384s] -- Installing: /home/student/Documents/formation_ros2/Introduction/ros2_ws/install/tutorial_interfaces/include/tutorial_interfaces/tutorial_interfaces/msg/detail/msg__rosidl_typesupport_introspection_c.h
[3.384s] -- Installing: /home/student/Documents/formation_ros2/Introduction/ros2_ws/install/tutorial_interfaces/include/tutorial_interfaces/tutorial_interfaces/msg/detail/msg__type_support.c
[3.384s] -- Up-to-date: /home/student/Documents/formation_ros2/Introduction/ros2_ws/install/tutorial_interfaces/include/tutorial_interfaces/tutorial_interfaces/msg/detail/sphere__rosidl_typesupport_introspection_c.h
[3.385s] -- Up-to-date: /home/student/Documents/formation_ros2/Introduction/ros2_ws/install/tutorial_interfaces/include/tutorial_interfaces/tutorial_interfaces/msg/detail/num__type_support.c
[3.385s] -- Up-to-date: /home/student/Documents/formation_ros2/Introduction/ros2_ws/install/tutorial_interfaces/include/tutorial_interfaces/tutorial_interfaces/msg/detail/num__rosidl_typesupport_introspection_c.h
[3.385s] -- Up-to-date: /home/student/Documents/formation_ros2/Introduction/ros2_ws/install/tutorial_interfaces/include/tutorial_interfaces/tutorial_interfaces/msg/detail/sphere__type_support.c
[3.385s] -- Up-to-date: /home/student/Documents/formation_ros2/Introduction/ros2_ws/install/tutorial_interfaces/include/tutorial_interfaces/tutorial_interfaces/msg/rosidl_typesupport_introspection_c__visibility_control.h
[3.385s] -- Up-to-date: /home/student/Documents/formation_ros2/Introduction/ros2_ws/install/tutorial_interfaces/include/tutorial_interfaces/tutorial_interfaces/srv
[3.385s] -- Up-to-date: /home/student/Documents/formation_ros2/Introduction/ros2_ws/install/tutorial_interfaces/include/tutorial_interfaces/tutorial_interfaces/srv/detail
[3.385s] -- Up-to-date: /home/student/Documents/formation_ros2/Introduction/ros2_ws/install/tutorial_interfaces/include/tutorial_interfaces/tutorial_interfaces/srv/detail/add_three_ints__type_support.c
[3.385s] -- Up-to-date: /home/student/Documents/formation_ros2/Introduction/ros2_ws/install/tutorial_interfaces/include/tutorial_interfaces/tutorial_interfaces/srv/detail/add_three_ints__rosidl_typesupport_introspection_c.h
[3.386s] -- Installing: /home/student/Documents/formation_ros2/Introduction/ros2_ws/install/tutorial_interfaces/lib/libtutorial_interfaces__rosidl_typesupport_introspection_c.so
[3.386s] -- Set runtime path of "/home/student/Documents/formation_ros2/Introduction/ros2_ws/install/tutorial_interfaces/lib/libtutorial_interfaces__rosidl_typesupport_introspection_c.so" to ""
[3.386s] -- Installing: /home/student/Documents/formation_ros2/Introduction/ros2_ws/install/tutorial_interfaces/lib/libtutorial_interfaces__rosidl_typesupport_c.so
[3.386s] -- Set runtime path of "/home/student/Documents/formation_ros2/Introduction/ros2_ws/install/tutorial_interfaces/lib/libtutorial_interfaces__rosidl_typesupport_c.so" to ""
[3.386s] -- Up-to-date: /home/student/Documents/formation_ros2/Introduction/ros2_ws/install/tutorial_interfaces/include/tutorial_interfaces/tutorial_interfaces
[3.386s] -- Up-to-date: /home/student/Documents/formation_ros2/Introduction/ros2_ws/install/tutorial_interfaces/include/tutorial_interfaces/tutorial_interfaces/msg
[3.386s] -- Installing: /home/student/Documents/formation_ros2/Introduction/ros2_ws/install/tutorial_interfaces/include/tutorial_interfaces/tutorial_interfaces/msg/msg.hpp
[3.387s] -- Up-to-date: /home/student/Documents/formation_ros2/Introduction/ros2_ws/install/tutorial_interfaces/include/tutorial_interfaces/tutorial_interfaces/msg/detail
[3.387s] -- Installing: /home/student/Documents/formation_ros2/Introduction/ros2_ws/install/tutorial_interfaces/include/tutorial_interfaces/tutorial_interfaces/msg/detail/msg__traits.hpp
[3.387s] -- Up-to-date: /home/student/Documents/formation_ros2/Introduction/ros2_ws/install/tutorial_interfaces/include/tutorial_interfaces/tutorial_interfaces/msg/detail/num__builder.hpp
[3.387s] -- Up-to-date: /home/student/Documents/formation_ros2/Introduction/ros2_ws/install/tutorial_interfaces/include/tutorial_interfaces/tutorial_interfaces/msg/detail/sphere__type_support.hpp
[3.387s] -- Up-to-date: /home/student/Documents/formation_ros2/Introduction/ros2_ws/install/tutorial_interfaces/include/tutorial_interfaces/tutorial_interfaces/msg/detail/num__traits.hpp
[3.387s] -- Up-to-date: /home/student/Documents/formation_ros2/Introduction/ros2_ws/install/tutorial_interfaces/include/tutorial_interfaces/tutorial_interfaces/msg/detail/sphere__traits.hpp
[3.387s] -- Installing: /home/student/Documents/formation_ros2/Introduction/ros2_ws/install/tutorial_interfaces/include/tutorial_interfaces/tutorial_interfaces/msg/detail/msg__builder.hpp
[3.388s] -- Installing: /home/student/Documents/formation_ros2/Introduction/ros2_ws/install/tutorial_interfaces/include/tutorial_interfaces/tutorial_interfaces/msg/detail/msg__type_support.hpp
[3.388s] -- Installing: /home/student/Documents/formation_ros2/Introduction/ros2_ws/install/tutorial_interfaces/include/tutorial_interfaces/tutorial_interfaces/msg/detail/msg__struct.hpp
[3.388s] -- Up-to-date: /home/student/Documents/formation_ros2/Introduction/ros2_ws/install/tutorial_interfaces/include/tutorial_interfaces/tutorial_interfaces/msg/detail/sphere__builder.hpp
[3.388s] -- Up-to-date: /home/student/Documents/formation_ros2/Introduction/ros2_ws/install/tutorial_interfaces/include/tutorial_interfaces/tutorial_interfaces/msg/detail/sphere__struct.hpp
[3.388s] -- Up-to-date: /home/student/Documents/formation_ros2/Introduction/ros2_ws/install/tutorial_interfaces/include/tutorial_interfaces/tutorial_interfaces/msg/detail/num__type_support.hpp
[3.388s] -- Up-to-date: /home/student/Documents/formation_ros2/Introduction/ros2_ws/install/tutorial_interfaces/include/tutorial_interfaces/tutorial_interfaces/msg/detail/num__struct.hpp
[3.388s] -- Up-to-date: /home/student/Documents/formation_ros2/Introduction/ros2_ws/install/tutorial_interfaces/include/tutorial_interfaces/tutorial_interfaces/msg/sphere.hpp
[3.388s] -- Up-to-date: /home/student/Documents/formation_ros2/Introduction/ros2_ws/install/tutorial_interfaces/include/tutorial_interfaces/tutorial_interfaces/msg/rosidl_generator_cpp__visibility_control.hpp
[3.389s] -- Up-to-date: /home/student/Documents/formation_ros2/Introduction/ros2_ws/install/tutorial_interfaces/include/tutorial_interfaces/tutorial_interfaces/msg/num.hpp
[3.389s] -- Up-to-date: /home/student/Documents/formation_ros2/Introduction/ros2_ws/install/tutorial_interfaces/include/tutorial_interfaces/tutorial_interfaces/srv
[3.389s] -- Up-to-date: /home/student/Documents/formation_ros2/Introduction/ros2_ws/install/tutorial_interfaces/include/tutorial_interfaces/tutorial_interfaces/srv/detail
[3.389s] -- Up-to-date: /home/student/Documents/formation_ros2/Introduction/ros2_ws/install/tutorial_interfaces/include/tutorial_interfaces/tutorial_interfaces/srv/detail/add_three_ints__type_support.hpp
[3.389s] -- Up-to-date: /home/student/Documents/formation_ros2/Introduction/ros2_ws/install/tutorial_interfaces/include/tutorial_interfaces/tutorial_interfaces/srv/detail/add_three_ints__traits.hpp
[3.389s] -- Up-to-date: /home/student/Documents/formation_ros2/Introduction/ros2_ws/install/tutorial_interfaces/include/tutorial_interfaces/tutorial_interfaces/srv/detail/add_three_ints__builder.hpp
[3.389s] -- Up-to-date: /home/student/Documents/formation_ros2/Introduction/ros2_ws/install/tutorial_interfaces/include/tutorial_interfaces/tutorial_interfaces/srv/detail/add_three_ints__struct.hpp
[3.389s] -- Up-to-date: /home/student/Documents/formation_ros2/Introduction/ros2_ws/install/tutorial_interfaces/include/tutorial_interfaces/tutorial_interfaces/srv/add_three_ints.hpp
[3.390s] -- Up-to-date: /home/student/Documents/formation_ros2/Introduction/ros2_ws/install/tutorial_interfaces/include/tutorial_interfaces/tutorial_interfaces
[3.390s] -- Up-to-date: /home/student/Documents/formation_ros2/Introduction/ros2_ws/install/tutorial_interfaces/include/tutorial_interfaces/tutorial_interfaces/msg
[3.390s] -- Up-to-date: /home/student/Documents/formation_ros2/Introduction/ros2_ws/install/tutorial_interfaces/include/tutorial_interfaces/tutorial_interfaces/msg/rosidl_typesupport_fastrtps_cpp__visibility_control.h
[3.390s] -- Up-to-date: /home/student/Documents/formation_ros2/Introduction/ros2_ws/install/tutorial_interfaces/include/tutorial_interfaces/tutorial_interfaces/msg/detail
[3.390s] -- Installing: /home/student/Documents/formation_ros2/Introduction/ros2_ws/install/tutorial_interfaces/include/tutorial_interfaces/tutorial_interfaces/msg/detail/msg__rosidl_typesupport_fastrtps_cpp.hpp
[3.390s] -- Up-to-date: /home/student/Documents/formation_ros2/Introduction/ros2_ws/install/tutorial_interfaces/include/tutorial_interfaces/tutorial_interfaces/msg/detail/dds_fastrtps
[3.390s] -- Up-to-date: /home/student/Documents/formation_ros2/Introduction/ros2_ws/install/tutorial_interfaces/include/tutorial_interfaces/tutorial_interfaces/msg/detail/sphere__rosidl_typesupport_fastrtps_cpp.hpp
[3.390s] -- Up-to-date: /home/student/Documents/formation_ros2/Introduction/ros2_ws/install/tutorial_interfaces/include/tutorial_interfaces/tutorial_interfaces/msg/detail/num__rosidl_typesupport_fastrtps_cpp.hpp
[3.390s] -- Up-to-date: /home/student/Documents/formation_ros2/Introduction/ros2_ws/install/tutorial_interfaces/include/tutorial_interfaces/tutorial_interfaces/srv
[3.391s] -- Up-to-date: /home/student/Documents/formation_ros2/Introduction/ros2_ws/install/tutorial_interfaces/include/tutorial_interfaces/tutorial_interfaces/srv/detail
[3.391s] -- Up-to-date: /home/student/Documents/formation_ros2/Introduction/ros2_ws/install/tutorial_interfaces/include/tutorial_interfaces/tutorial_interfaces/srv/detail/add_three_ints__rosidl_typesupport_fastrtps_cpp.hpp
[3.391s] -- Up-to-date: /home/student/Documents/formation_ros2/Introduction/ros2_ws/install/tutorial_interfaces/include/tutorial_interfaces/tutorial_interfaces/srv/detail/dds_fastrtps
[3.391s] -- Installing: /home/student/Documents/formation_ros2/Introduction/ros2_ws/install/tutorial_interfaces/lib/libtutorial_interfaces__rosidl_typesupport_fastrtps_cpp.so
[3.391s] -- Set runtime path of "/home/student/Documents/formation_ros2/Introduction/ros2_ws/install/tutorial_interfaces/lib/libtutorial_interfaces__rosidl_typesupport_fastrtps_cpp.so" to ""
[3.391s] -- Up-to-date: /home/student/Documents/formation_ros2/Introduction/ros2_ws/install/tutorial_interfaces/include/tutorial_interfaces/tutorial_interfaces
[3.391s] -- Up-to-date: /home/student/Documents/formation_ros2/Introduction/ros2_ws/install/tutorial_interfaces/include/tutorial_interfaces/tutorial_interfaces/msg
[3.391s] -- Up-to-date: /home/student/Documents/formation_ros2/Introduction/ros2_ws/install/tutorial_interfaces/include/tutorial_interfaces/tutorial_interfaces/msg/detail
[3.392s] -- Installing: /home/student/Documents/formation_ros2/Introduction/ros2_ws/install/tutorial_interfaces/include/tutorial_interfaces/tutorial_interfaces/msg/detail/msg__type_support.cpp
[3.392s] -- Up-to-date: /home/student/Documents/formation_ros2/Introduction/ros2_ws/install/tutorial_interfaces/include/tutorial_interfaces/tutorial_interfaces/msg/detail/num__rosidl_typesupport_introspection_cpp.hpp
[3.392s] -- Up-to-date: /home/student/Documents/formation_ros2/Introduction/ros2_ws/install/tutorial_interfaces/include/tutorial_interfaces/tutorial_interfaces/msg/detail/sphere__type_support.cpp
[3.392s] -- Installing: /home/student/Documents/formation_ros2/Introduction/ros2_ws/install/tutorial_interfaces/include/tutorial_interfaces/tutorial_interfaces/msg/detail/msg__rosidl_typesupport_introspection_cpp.hpp
[3.392s] -- Up-to-date: /home/student/Documents/formation_ros2/Introduction/ros2_ws/install/tutorial_interfaces/include/tutorial_interfaces/tutorial_interfaces/msg/detail/num__type_support.cpp
[3.392s] -- Up-to-date: /home/student/Documents/formation_ros2/Introduction/ros2_ws/install/tutorial_interfaces/include/tutorial_interfaces/tutorial_interfaces/msg/detail/sphere__rosidl_typesupport_introspection_cpp.hpp
[3.392s] -- Up-to-date: /home/student/Documents/formation_ros2/Introduction/ros2_ws/install/tutorial_interfaces/include/tutorial_interfaces/tutorial_interfaces/srv
[3.392s] -- Up-to-date: /home/student/Documents/formation_ros2/Introduction/ros2_ws/install/tutorial_interfaces/include/tutorial_interfaces/tutorial_interfaces/srv/detail
[3.392s] -- Up-to-date: /home/student/Documents/formation_ros2/Introduction/ros2_ws/install/tutorial_interfaces/include/tutorial_interfaces/tutorial_interfaces/srv/detail/add_three_ints__type_support.cpp
[3.392s] -- Up-to-date: /home/student/Documents/formation_ros2/Introduction/ros2_ws/install/tutorial_interfaces/include/tutorial_interfaces/tutorial_interfaces/srv/detail/add_three_ints__rosidl_typesupport_introspection_cpp.hpp
[3.393s] -- Installing: /home/student/Documents/formation_ros2/Introduction/ros2_ws/install/tutorial_interfaces/lib/libtutorial_interfaces__rosidl_typesupport_introspection_cpp.so
[3.393s] -- Set runtime path of "/home/student/Documents/formation_ros2/Introduction/ros2_ws/install/tutorial_interfaces/lib/libtutorial_interfaces__rosidl_typesupport_introspection_cpp.so" to ""
[3.393s] -- Installing: /home/student/Documents/formation_ros2/Introduction/ros2_ws/install/tutorial_interfaces/lib/libtutorial_interfaces__rosidl_typesupport_cpp.so
[3.393s] -- Set runtime path of "/home/student/Documents/formation_ros2/Introduction/ros2_ws/install/tutorial_interfaces/lib/libtutorial_interfaces__rosidl_typesupport_cpp.so" to ""
[3.393s] -- Up-to-date: /home/student/Documents/formation_ros2/Introduction/ros2_ws/install/tutorial_interfaces/share/tutorial_interfaces/environment/pythonpath.sh
[3.393s] -- Installing: /home/student/Documents/formation_ros2/Introduction/ros2_ws/install/tutorial_interfaces/share/tutorial_interfaces/environment/pythonpath.dsv
[3.393s] -- Up-to-date: /home/student/Documents/formation_ros2/Introduction/ros2_ws/install/tutorial_interfaces/local/lib/python3.10/dist-packages/tutorial_interfaces-0.0.0-py3.10.egg-info
[3.393s] -- Installing: /home/student/Documents/formation_ros2/Introduction/ros2_ws/install/tutorial_interfaces/local/lib/python3.10/dist-packages/tutorial_interfaces-0.0.0-py3.10.egg-info/top_level.txt
[3.399s] -- Installing: /home/student/Documents/formation_ros2/Introduction/ros2_ws/install/tutorial_interfaces/local/lib/python3.10/dist-packages/tutorial_interfaces-0.0.0-py3.10.egg-info/dependency_links.txt
[3.400s] -- Installing: /home/student/Documents/formation_ros2/Introduction/ros2_ws/install/tutorial_interfaces/local/lib/python3.10/dist-packages/tutorial_interfaces-0.0.0-py3.10.egg-info/SOURCES.txt
[3.400s] -- Installing: /home/student/Documents/formation_ros2/Introduction/ros2_ws/install/tutorial_interfaces/local/lib/python3.10/dist-packages/tutorial_interfaces-0.0.0-py3.10.egg-info/PKG-INFO
[3.400s] -- Up-to-date: /home/student/Documents/formation_ros2/Introduction/ros2_ws/install/tutorial_interfaces/local/lib/python3.10/dist-packages/tutorial_interfaces
[3.400s] -- Installing: /home/student/Documents/formation_ros2/Introduction/ros2_ws/install/tutorial_interfaces/local/lib/python3.10/dist-packages/tutorial_interfaces/_tutorial_interfaces_s.ep.rosidl_typesupport_fastrtps_c.c
[3.401s] -- Installing: /home/student/Documents/formation_ros2/Introduction/ros2_ws/install/tutorial_interfaces/local/lib/python3.10/dist-packages/tutorial_interfaces/_tutorial_interfaces_s.ep.rosidl_typesupport_introspection_c.c
[3.401s] -- Installing: /home/student/Documents/formation_ros2/Introduction/ros2_ws/install/tutorial_interfaces/local/lib/python3.10/dist-packages/tutorial_interfaces/_tutorial_interfaces_s.ep.rosidl_typesupport_c.c
[3.401s] -- Installing: /home/student/Documents/formation_ros2/Introduction/ros2_ws/install/tutorial_interfaces/local/lib/python3.10/dist-packages/tutorial_interfaces/tutorial_interfaces_s__rosidl_typesupport_introspection_c.cpython-310-x86_64-linux-gnu.so
[3.401s] -- Up-to-date: /home/student/Documents/formation_ros2/Introduction/ros2_ws/install/tutorial_interfaces/local/lib/python3.10/dist-packages/tutorial_interfaces/msg
[3.401s] -- Installing: /home/student/Documents/formation_ros2/Introduction/ros2_ws/install/tutorial_interfaces/local/lib/python3.10/dist-packages/tutorial_interfaces/msg/_msg.py
[3.402s] -- Up-to-date: /home/student/Documents/formation_ros2/Introduction/ros2_ws/install/tutorial_interfaces/local/lib/python3.10/dist-packages/tutorial_interfaces/msg/_sphere_s.c
[3.402s] -- Up-to-date: /home/student/Documents/formation_ros2/Introduction/ros2_ws/install/tutorial_interfaces/local/lib/python3.10/dist-packages/tutorial_interfaces/msg/_num_s.c
[3.402s] -- Up-to-date: /home/student/Documents/formation_ros2/Introduction/ros2_ws/install/tutorial_interfaces/local/lib/python3.10/dist-packages/tutorial_interfaces/msg/_num.py
[3.402s] -- Up-to-date: /home/student/Documents/formation_ros2/Introduction/ros2_ws/install/tutorial_interfaces/local/lib/python3.10/dist-packages/tutorial_interfaces/msg/_sphere.py
[3.402s] -- Installing: /home/student/Documents/formation_ros2/Introduction/ros2_ws/install/tutorial_interfaces/local/lib/python3.10/dist-packages/tutorial_interfaces/msg/_msg_s.c
[3.402s] -- Installing: /home/student/Documents/formation_ros2/Introduction/ros2_ws/install/tutorial_interfaces/local/lib/python3.10/dist-packages/tutorial_interfaces/msg/__init__.py
[3.402s] -- Up-to-date: /home/student/Documents/formation_ros2/Introduction/ros2_ws/install/tutorial_interfaces/local/lib/python3.10/dist-packages/tutorial_interfaces/srv
[3.402s] -- Up-to-date: /home/student/Documents/formation_ros2/Introduction/ros2_ws/install/tutorial_interfaces/local/lib/python3.10/dist-packages/tutorial_interfaces/srv/_add_three_ints.py
[3.403s] -- Up-to-date: /home/student/Documents/formation_ros2/Introduction/ros2_ws/install/tutorial_interfaces/local/lib/python3.10/dist-packages/tutorial_interfaces/srv/_add_three_ints_s.c
[3.403s] -- Up-to-date: /home/student/Documents/formation_ros2/Introduction/ros2_ws/install/tutorial_interfaces/local/lib/python3.10/dist-packages/tutorial_interfaces/srv/__init__.py
[3.403s] -- Installing: /home/student/Documents/formation_ros2/Introduction/ros2_ws/install/tutorial_interfaces/local/lib/python3.10/dist-packages/tutorial_interfaces/tutorial_interfaces_s__rosidl_typesupport_c.cpython-310-x86_64-linux-gnu.so
[3.403s] -- Installing: /home/student/Documents/formation_ros2/Introduction/ros2_ws/install/tutorial_interfaces/local/lib/python3.10/dist-packages/tutorial_interfaces/__init__.py
[3.403s] -- Installing: /home/student/Documents/formation_ros2/Introduction/ros2_ws/install/tutorial_interfaces/local/lib/python3.10/dist-packages/tutorial_interfaces/libtutorial_interfaces__rosidl_generator_py.so
[3.403s] -- Installing: /home/student/Documents/formation_ros2/Introduction/ros2_ws/install/tutorial_interfaces/local/lib/python3.10/dist-packages/tutorial_interfaces/tutorial_interfaces_s__rosidl_typesupport_fastrtps_c.cpython-310-x86_64-linux-gnu.so
[3.442s] Listing '/home/student/Documents/formation_ros2/Introduction/ros2_ws/install/tutorial_interfaces/local/lib/python3.10/dist-packages/tutorial_interfaces'...
[3.442s] Compiling '/home/student/Documents/formation_ros2/Introduction/ros2_ws/install/tutorial_interfaces/local/lib/python3.10/dist-packages/tutorial_interfaces/__init__.py'...
[3.442s] Listing '/home/student/Documents/formation_ros2/Introduction/ros2_ws/install/tutorial_interfaces/local/lib/python3.10/dist-packages/tutorial_interfaces/msg'...
[3.442s] Compiling '/home/student/Documents/formation_ros2/Introduction/ros2_ws/install/tutorial_interfaces/local/lib/python3.10/dist-packages/tutorial_interfaces/msg/__init__.py'...
[3.442s] Compiling '/home/student/Documents/formation_ros2/Introduction/ros2_ws/install/tutorial_interfaces/local/lib/python3.10/dist-packages/tutorial_interfaces/msg/_msg.py'...
[3.442s] Listing '/home/student/Documents/formation_ros2/Introduction/ros2_ws/install/tutorial_interfaces/local/lib/python3.10/dist-packages/tutorial_interfaces/srv'...
[3.447s] -- Installing: /home/student/Documents/formation_ros2/Introduction/ros2_ws/install/tutorial_interfaces/local/lib/python3.10/dist-packages/tutorial_interfaces/tutorial_interfaces_s__rosidl_typesupport_fastrtps_c.cpython-310-x86_64-linux-gnu.so
[3.447s] -- Set runtime path of "/home/student/Documents/formation_ros2/Introduction/ros2_ws/install/tutorial_interfaces/local/lib/python3.10/dist-packages/tutorial_interfaces/tutorial_interfaces_s__rosidl_typesupport_fastrtps_c.cpython-310-x86_64-linux-gnu.so" to ""
[3.448s] -- Installing: /home/student/Documents/formation_ros2/Introduction/ros2_ws/install/tutorial_interfaces/local/lib/python3.10/dist-packages/tutorial_interfaces/tutorial_interfaces_s__rosidl_typesupport_introspection_c.cpython-310-x86_64-linux-gnu.so
[3.448s] -- Set runtime path of "/home/student/Documents/formation_ros2/Introduction/ros2_ws/install/tutorial_interfaces/local/lib/python3.10/dist-packages/tutorial_interfaces/tutorial_interfaces_s__rosidl_typesupport_introspection_c.cpython-310-x86_64-linux-gnu.so" to ""
[3.449s] -- Installing: /home/student/Documents/formation_ros2/Introduction/ros2_ws/install/tutorial_interfaces/local/lib/python3.10/dist-packages/tutorial_interfaces/tutorial_interfaces_s__rosidl_typesupport_c.cpython-310-x86_64-linux-gnu.so
[3.449s] -- Set runtime path of "/home/student/Documents/formation_ros2/Introduction/ros2_ws/install/tutorial_interfaces/local/lib/python3.10/dist-packages/tutorial_interfaces/tutorial_interfaces_s__rosidl_typesupport_c.cpython-310-x86_64-linux-gnu.so" to ""
[3.449s] -- Installing: /home/student/Documents/formation_ros2/Introduction/ros2_ws/install/tutorial_interfaces/lib/libtutorial_interfaces__rosidl_generator_py.so
[3.450s] -- Set runtime path of "/home/student/Documents/formation_ros2/Introduction/ros2_ws/install/tutorial_interfaces/lib/libtutorial_interfaces__rosidl_generator_py.so" to ""
[3.450s] -- Installing: /home/student/Documents/formation_ros2/Introduction/ros2_ws/install/tutorial_interfaces/share/tutorial_interfaces/msg/Msg.idl
[3.450s] -- Installing: /home/student/Documents/formation_ros2/Introduction/ros2_ws/install/tutorial_interfaces/share/tutorial_interfaces/msg/Msg.msg
[3.451s] -- Installing: /home/student/Documents/formation_ros2/Introduction/ros2_ws/install/tutorial_interfaces/share/ament_index/resource_index/package_run_dependencies/tutorial_interfaces
[3.451s] -- Up-to-date: /home/student/Documents/formation_ros2/Introduction/ros2_ws/install/tutorial_interfaces/share/ament_index/resource_index/parent_prefix_path/tutorial_interfaces
[3.451s] -- Up-to-date: /home/student/Documents/formation_ros2/Introduction/ros2_ws/install/tutorial_interfaces/share/tutorial_interfaces/environment/ament_prefix_path.sh
[3.451s] -- Installing: /home/student/Documents/formation_ros2/Introduction/ros2_ws/install/tutorial_interfaces/share/tutorial_interfaces/environment/ament_prefix_path.dsv
[3.452s] -- Up-to-date: /home/student/Documents/formation_ros2/Introduction/ros2_ws/install/tutorial_interfaces/share/tutorial_interfaces/environment/path.sh
[3.452s] -- Installing: /home/student/Documents/formation_ros2/Introduction/ros2_ws/install/tutorial_interfaces/share/tutorial_interfaces/environment/path.dsv
[3.452s] -- Up-to-date: /home/student/Documents/formation_ros2/Introduction/ros2_ws/install/tutorial_interfaces/share/tutorial_interfaces/local_setup.bash
[3.452s] -- Up-to-date: /home/student/Documents/formation_ros2/Introduction/ros2_ws/install/tutorial_interfaces/share/tutorial_interfaces/local_setup.sh
[3.452s] -- Up-to-date: /home/student/Documents/formation_ros2/Introduction/ros2_ws/install/tutorial_interfaces/share/tutorial_interfaces/local_setup.zsh
[3.453s] -- Installing: /home/student/Documents/formation_ros2/Introduction/ros2_ws/install/tutorial_interfaces/share/tutorial_interfaces/local_setup.dsv
[3.453s] -- Installing: /home/student/Documents/formation_ros2/Introduction/ros2_ws/install/tutorial_interfaces/share/tutorial_interfaces/package.dsv
[3.453s] -- Up-to-date: /home/student/Documents/formation_ros2/Introduction/ros2_ws/install/tutorial_interfaces/share/ament_index/resource_index/packages/tutorial_interfaces
[3.453s] -- Old export file "/home/student/Documents/formation_ros2/Introduction/ros2_ws/install/tutorial_interfaces/share/tutorial_interfaces/cmake/export_tutorial_interfaces__rosidl_generator_cExport.cmake" will be replaced.  Removing files [/home/student/Documents/formation_ros2/Introduction/ros2_ws/install/tutorial_interfaces/share/tutorial_interfaces/cmake/export_tutorial_interfaces__rosidl_generator_cExport-noconfig.cmake].
[3.453s] -- Installing: /home/student/Documents/formation_ros2/Introduction/ros2_ws/install/tutorial_interfaces/share/tutorial_interfaces/cmake/export_tutorial_interfaces__rosidl_generator_cExport.cmake
[3.454s] -- Installing: /home/student/Documents/formation_ros2/Introduction/ros2_ws/install/tutorial_interfaces/share/tutorial_interfaces/cmake/export_tutorial_interfaces__rosidl_generator_cExport-noconfig.cmake
[3.454s] -- Old export file "/home/student/Documents/formation_ros2/Introduction/ros2_ws/install/tutorial_interfaces/share/tutorial_interfaces/cmake/export_tutorial_interfaces__rosidl_typesupport_fastrtps_cExport.cmake" will be replaced.  Removing files [/home/student/Documents/formation_ros2/Introduction/ros2_ws/install/tutorial_interfaces/share/tutorial_interfaces/cmake/export_tutorial_interfaces__rosidl_typesupport_fastrtps_cExport-noconfig.cmake].
[3.454s] -- Installing: /home/student/Documents/formation_ros2/Introduction/ros2_ws/install/tutorial_interfaces/share/tutorial_interfaces/cmake/export_tutorial_interfaces__rosidl_typesupport_fastrtps_cExport.cmake
[3.454s] -- Installing: /home/student/Documents/formation_ros2/Introduction/ros2_ws/install/tutorial_interfaces/share/tutorial_interfaces/cmake/export_tutorial_interfaces__rosidl_typesupport_fastrtps_cExport-noconfig.cmake
[3.455s] -- Old export file "/home/student/Documents/formation_ros2/Introduction/ros2_ws/install/tutorial_interfaces/share/tutorial_interfaces/cmake/tutorial_interfaces__rosidl_typesupport_introspection_cExport.cmake" will be replaced.  Removing files [/home/student/Documents/formation_ros2/Introduction/ros2_ws/install/tutorial_interfaces/share/tutorial_interfaces/cmake/tutorial_interfaces__rosidl_typesupport_introspection_cExport-noconfig.cmake].
[3.455s] -- Installing: /home/student/Documents/formation_ros2/Introduction/ros2_ws/install/tutorial_interfaces/share/tutorial_interfaces/cmake/tutorial_interfaces__rosidl_typesupport_introspection_cExport.cmake
[3.455s] -- Installing: /home/student/Documents/formation_ros2/Introduction/ros2_ws/install/tutorial_interfaces/share/tutorial_interfaces/cmake/tutorial_interfaces__rosidl_typesupport_introspection_cExport-noconfig.cmake
[3.455s] -- Old export file "/home/student/Documents/formation_ros2/Introduction/ros2_ws/install/tutorial_interfaces/share/tutorial_interfaces/cmake/tutorial_interfaces__rosidl_typesupport_cExport.cmake" will be replaced.  Removing files [/home/student/Documents/formation_ros2/Introduction/ros2_ws/install/tutorial_interfaces/share/tutorial_interfaces/cmake/tutorial_interfaces__rosidl_typesupport_cExport-noconfig.cmake].
[3.455s] -- Installing: /home/student/Documents/formation_ros2/Introduction/ros2_ws/install/tutorial_interfaces/share/tutorial_interfaces/cmake/tutorial_interfaces__rosidl_typesupport_cExport.cmake
[3.456s] -- Installing: /home/student/Documents/formation_ros2/Introduction/ros2_ws/install/tutorial_interfaces/share/tutorial_interfaces/cmake/tutorial_interfaces__rosidl_typesupport_cExport-noconfig.cmake
[3.456s] -- Installing: /home/student/Documents/formation_ros2/Introduction/ros2_ws/install/tutorial_interfaces/share/tutorial_interfaces/cmake/export_tutorial_interfaces__rosidl_generator_cppExport.cmake
[3.456s] -- Old export file "/home/student/Documents/formation_ros2/Introduction/ros2_ws/install/tutorial_interfaces/share/tutorial_interfaces/cmake/export_tutorial_interfaces__rosidl_typesupport_fastrtps_cppExport.cmake" will be replaced.  Removing files [/home/student/Documents/formation_ros2/Introduction/ros2_ws/install/tutorial_interfaces/share/tutorial_interfaces/cmake/export_tutorial_interfaces__rosidl_typesupport_fastrtps_cppExport-noconfig.cmake].
[3.456s] -- Installing: /home/student/Documents/formation_ros2/Introduction/ros2_ws/install/tutorial_interfaces/share/tutorial_interfaces/cmake/export_tutorial_interfaces__rosidl_typesupport_fastrtps_cppExport.cmake
[3.457s] -- Installing: /home/student/Documents/formation_ros2/Introduction/ros2_ws/install/tutorial_interfaces/share/tutorial_interfaces/cmake/export_tutorial_interfaces__rosidl_typesupport_fastrtps_cppExport-noconfig.cmake
[3.457s] -- Old export file "/home/student/Documents/formation_ros2/Introduction/ros2_ws/install/tutorial_interfaces/share/tutorial_interfaces/cmake/tutorial_interfaces__rosidl_typesupport_introspection_cppExport.cmake" will be replaced.  Removing files [/home/student/Documents/formation_ros2/Introduction/ros2_ws/install/tutorial_interfaces/share/tutorial_interfaces/cmake/tutorial_interfaces__rosidl_typesupport_introspection_cppExport-noconfig.cmake].
[3.457s] -- Installing: /home/student/Documents/formation_ros2/Introduction/ros2_ws/install/tutorial_interfaces/share/tutorial_interfaces/cmake/tutorial_interfaces__rosidl_typesupport_introspection_cppExport.cmake
[3.457s] -- Installing: /home/student/Documents/formation_ros2/Introduction/ros2_ws/install/tutorial_interfaces/share/tutorial_interfaces/cmake/tutorial_interfaces__rosidl_typesupport_introspection_cppExport-noconfig.cmake
[3.458s] -- Old export file "/home/student/Documents/formation_ros2/Introduction/ros2_ws/install/tutorial_interfaces/share/tutorial_interfaces/cmake/tutorial_interfaces__rosidl_typesupport_cppExport.cmake" will be replaced.  Removing files [/home/student/Documents/formation_ros2/Introduction/ros2_ws/install/tutorial_interfaces/share/tutorial_interfaces/cmake/tutorial_interfaces__rosidl_typesupport_cppExport-noconfig.cmake].
[3.458s] -- Installing: /home/student/Documents/formation_ros2/Introduction/ros2_ws/install/tutorial_interfaces/share/tutorial_interfaces/cmake/tutorial_interfaces__rosidl_typesupport_cppExport.cmake
[3.458s] -- Installing: /home/student/Documents/formation_ros2/Introduction/ros2_ws/install/tutorial_interfaces/share/tutorial_interfaces/cmake/tutorial_interfaces__rosidl_typesupport_cppExport-noconfig.cmake
[3.458s] -- Old export file "/home/student/Documents/formation_ros2/Introduction/ros2_ws/install/tutorial_interfaces/share/tutorial_interfaces/cmake/export_tutorial_interfaces__rosidl_generator_pyExport.cmake" will be replaced.  Removing files [/home/student/Documents/formation_ros2/Introduction/ros2_ws/install/tutorial_interfaces/share/tutorial_interfaces/cmake/export_tutorial_interfaces__rosidl_generator_pyExport-noconfig.cmake].
[3.458s] -- Installing: /home/student/Documents/formation_ros2/Introduction/ros2_ws/install/tutorial_interfaces/share/tutorial_interfaces/cmake/export_tutorial_interfaces__rosidl_generator_pyExport.cmake
[3.459s] -- Installing: /home/student/Documents/formation_ros2/Introduction/ros2_ws/install/tutorial_interfaces/share/tutorial_interfaces/cmake/export_tutorial_interfaces__rosidl_generator_pyExport-noconfig.cmake
[3.459s] -- Installing: /home/student/Documents/formation_ros2/Introduction/ros2_ws/install/tutorial_interfaces/share/tutorial_interfaces/cmake/rosidl_cmake-extras.cmake
[3.459s] -- Up-to-date: /home/student/Documents/formation_ros2/Introduction/ros2_ws/install/tutorial_interfaces/share/tutorial_interfaces/cmake/ament_cmake_export_include_directories-extras.cmake
[3.459s] -- Up-to-date: /home/student/Documents/formation_ros2/Introduction/ros2_ws/install/tutorial_interfaces/share/tutorial_interfaces/cmake/ament_cmake_export_libraries-extras.cmake
[3.459s] -- Installing: /home/student/Documents/formation_ros2/Introduction/ros2_ws/install/tutorial_interfaces/share/tutorial_interfaces/cmake/ament_cmake_export_targets-extras.cmake
[3.460s] -- Installing: /home/student/Documents/formation_ros2/Introduction/ros2_ws/install/tutorial_interfaces/share/tutorial_interfaces/cmake/rosidl_cmake_export_typesupport_targets-extras.cmake
[3.460s] -- Installing: /home/student/Documents/formation_ros2/Introduction/ros2_ws/install/tutorial_interfaces/share/tutorial_interfaces/cmake/ament_cmake_export_dependencies-extras.cmake
[3.460s] -- Up-to-date: /home/student/Documents/formation_ros2/Introduction/ros2_ws/install/tutorial_interfaces/share/tutorial_interfaces/cmake/rosidl_cmake_export_typesupport_libraries-extras.cmake
[3.460s] -- Installing: /home/student/Documents/formation_ros2/Introduction/ros2_ws/install/tutorial_interfaces/share/tutorial_interfaces/cmake/tutorial_interfacesConfig.cmake
[3.460s] -- Up-to-date: /home/student/Documents/formation_ros2/Introduction/ros2_ws/install/tutorial_interfaces/share/tutorial_interfaces/cmake/tutorial_interfacesConfig-version.cmake
[3.461s] -- Installing: /home/student/Documents/formation_ros2/Introduction/ros2_ws/install/tutorial_interfaces/share/tutorial_interfaces/package.xml
[3.463s] Invoked command in '/home/student/Documents/formation_ros2/Introduction/ros2_ws/build/tutorial_interfaces' returned '0': CMAKE_PREFIX_PATH=${CMAKE_PREFIX_PATH}:/home/student/turtlebot3_ws/install/turtlebot3_teleop:/home/student/turtlebot3_ws/install/turtlebot3_example:/opt/ros/humble /usr/bin/cmake --install /home/student/Documents/formation_ros2/Introduction/ros2_ws/build/tutorial_interfaces
