[0.034s] Invoking command in '/home/student/Documents/formation_ros2/Introduction/ros2_ws/build/tutorial_interfaces': CMAKE_PREFIX_PATH=${CMAKE_PREFIX_PATH}:/home/student/turtlebot3_ws/install/turtlebot3_teleop:/home/student/turtlebot3_ws/install/turtlebot3_example:/opt/ros/humble /usr/bin/cmake --build /home/student/Documents/formation_ros2/Introduction/ros2_ws/build/tutorial_interfaces -- -j8 -l8
[0.091s] [  3%] Built target tutorial_interfaces__cpp
[0.091s] [ 12%] Built target tutorial_interfaces__rosidl_generator_c
[0.103s] [ 12%] Built target ament_cmake_python_copy_tutorial_interfaces
[0.122s] [ 22%] Built target tutorial_interfaces__rosidl_typesupport_fastrtps_cpp
[0.128s] [ 32%] Built target tutorial_interfaces__rosidl_typesupport_introspection_cpp
[0.128s] [ 41%] Built target tutorial_interfaces__rosidl_typesupport_cpp
[0.145s] [ 51%] Built target tutorial_interfaces__rosidl_typesupport_c
[0.150s] [ 61%] Built target tutorial_interfaces__rosidl_typesupport_fastrtps_c
[0.151s] [ 70%] Built target tutorial_interfaces__rosidl_typesupport_introspection_c
[0.182s] [ 70%] Built target tutorial_interfaces
[0.205s] [ 74%] Built target tutorial_interfaces__py
[0.240s] [ 80%] Built target tutorial_interfaces__rosidl_generator_py
[0.265s] [ 96%] Built target tutorial_interfaces__rosidl_typesupport_c__pyext
[0.265s] [ 96%] Built target tutorial_interfaces__rosidl_typesupport_introspection_c__pyext
[0.265s] [100%] Built target tutorial_interfaces__rosidl_typesupport_fastrtps_c__pyext
[0.445s] running egg_info
[0.446s] writing tutorial_interfaces.egg-info/PKG-INFO
[0.459s] writing dependency_links to tutorial_interfaces.egg-info/dependency_links.txt
[0.460s] writing top-level names to tutorial_interfaces.egg-info/top_level.txt
[0.462s] reading manifest file 'tutorial_interfaces.egg-info/SOURCES.txt'
[0.537s] writing manifest file 'tutorial_interfaces.egg-info/SOURCES.txt'
[0.576s] [100%] Built target ament_cmake_python_build_tutorial_interfaces_egg
[0.589s] Invoked command in '/home/student/Documents/formation_ros2/Introduction/ros2_ws/build/tutorial_interfaces' returned '0': CMAKE_PREFIX_PATH=${CMAKE_PREFIX_PATH}:/home/student/turtlebot3_ws/install/turtlebot3_teleop:/home/student/turtlebot3_ws/install/turtlebot3_example:/opt/ros/humble /usr/bin/cmake --build /home/student/Documents/formation_ros2/Introduction/ros2_ws/build/tutorial_interfaces -- -j8 -l8
[0.600s] Invoking command in '/home/student/Documents/formation_ros2/Introduction/ros2_ws/build/tutorial_interfaces': CMAKE_PREFIX_PATH=${CMAKE_PREFIX_PATH}:/home/student/turtlebot3_ws/install/turtlebot3_teleop:/home/student/turtlebot3_ws/install/turtlebot3_example:/opt/ros/humble /usr/bin/cmake --install /home/student/Documents/formation_ros2/Introduction/ros2_ws/build/tutorial_interfaces
[0.610s] -- Install configuration: ""
[0.610s] -- Up-to-date: /home/student/Documents/formation_ros2/Introduction/ros2_ws/install/tutorial_interfaces/share/ament_index/resource_index/rosidl_interfaces/tutorial_interfaces
[0.611s] -- Up-to-date: /home/student/Documents/formation_ros2/Introduction/ros2_ws/install/tutorial_interfaces/include/tutorial_interfaces/tutorial_interfaces
[0.611s] -- Up-to-date: /home/student/Documents/formation_ros2/Introduction/ros2_ws/install/tutorial_interfaces/include/tutorial_interfaces/tutorial_interfaces/msg
[0.611s] -- Up-to-date: /home/student/Documents/formation_ros2/Introduction/ros2_ws/install/tutorial_interfaces/include/tutorial_interfaces/tutorial_interfaces/msg/num.h
[0.611s] -- Up-to-date: /home/student/Documents/formation_ros2/Introduction/ros2_ws/install/tutorial_interfaces/include/tutorial_interfaces/tutorial_interfaces/msg/rosidl_generator_c__visibility_control.h
[0.611s] -- Up-to-date: /home/student/Documents/formation_ros2/Introduction/ros2_ws/install/tutorial_interfaces/include/tutorial_interfaces/tutorial_interfaces/msg/computer_info.h
[0.611s] -- Up-to-date: /home/student/Documents/formation_ros2/Introduction/ros2_ws/install/tutorial_interfaces/include/tutorial_interfaces/tutorial_interfaces/msg/detail
[0.612s] -- Up-to-date: /home/student/Documents/formation_ros2/Introduction/ros2_ws/install/tutorial_interfaces/include/tutorial_interfaces/tutorial_interfaces/msg/detail/msg__struct.h
[0.613s] -- Up-to-date: /home/student/Documents/formation_ros2/Introduction/ros2_ws/install/tutorial_interfaces/include/tutorial_interfaces/tutorial_interfaces/msg/detail/computer_info__type_support.h
[0.613s] -- Up-to-date: /home/student/Documents/formation_ros2/Introduction/ros2_ws/install/tutorial_interfaces/include/tutorial_interfaces/tutorial_interfaces/msg/detail/computer_info__functions.h
[0.613s] -- Up-to-date: /home/student/Documents/formation_ros2/Introduction/ros2_ws/install/tutorial_interfaces/include/tutorial_interfaces/tutorial_interfaces/msg/detail/computer_info__functions.c
[0.614s] -- Up-to-date: /home/student/Documents/formation_ros2/Introduction/ros2_ws/install/tutorial_interfaces/include/tutorial_interfaces/tutorial_interfaces/msg/detail/num__struct.h
[0.614s] -- Up-to-date: /home/student/Documents/formation_ros2/Introduction/ros2_ws/install/tutorial_interfaces/include/tutorial_interfaces/tutorial_interfaces/msg/detail/num__type_support.h
[0.614s] -- Up-to-date: /home/student/Documents/formation_ros2/Introduction/ros2_ws/install/tutorial_interfaces/include/tutorial_interfaces/tutorial_interfaces/msg/detail/computer_info__struct.h
[0.614s] -- Up-to-date: /home/student/Documents/formation_ros2/Introduction/ros2_ws/install/tutorial_interfaces/include/tutorial_interfaces/tutorial_interfaces/msg/detail/sphere__struct.h
[0.614s] -- Up-to-date: /home/student/Documents/formation_ros2/Introduction/ros2_ws/install/tutorial_interfaces/include/tutorial_interfaces/tutorial_interfaces/msg/detail/sphere__functions.h
[0.615s] -- Up-to-date: /home/student/Documents/formation_ros2/Introduction/ros2_ws/install/tutorial_interfaces/include/tutorial_interfaces/tutorial_interfaces/msg/detail/num__functions.c
[0.615s] -- Up-to-date: /home/student/Documents/formation_ros2/Introduction/ros2_ws/install/tutorial_interfaces/include/tutorial_interfaces/tutorial_interfaces/msg/detail/sphere__type_support.h
[0.615s] -- Up-to-date: /home/student/Documents/formation_ros2/Introduction/ros2_ws/install/tutorial_interfaces/include/tutorial_interfaces/tutorial_interfaces/msg/detail/msg__type_support.h
[0.615s] -- Up-to-date: /home/student/Documents/formation_ros2/Introduction/ros2_ws/install/tutorial_interfaces/include/tutorial_interfaces/tutorial_interfaces/msg/detail/msg__functions.c
[0.615s] -- Up-to-date: /home/student/Documents/formation_ros2/Introduction/ros2_ws/install/tutorial_interfaces/include/tutorial_interfaces/tutorial_interfaces/msg/detail/sphere__functions.c
[0.615s] -- Up-to-date: /home/student/Documents/formation_ros2/Introduction/ros2_ws/install/tutorial_interfaces/include/tutorial_interfaces/tutorial_interfaces/msg/detail/msg__functions.h
[0.615s] -- Up-to-date: /home/student/Documents/formation_ros2/Introduction/ros2_ws/install/tutorial_interfaces/include/tutorial_interfaces/tutorial_interfaces/msg/detail/num__functions.h
[0.616s] -- Up-to-date: /home/student/Documents/formation_ros2/Introduction/ros2_ws/install/tutorial_interfaces/include/tutorial_interfaces/tutorial_interfaces/msg/msg.h
[0.616s] -- Up-to-date: /home/student/Documents/formation_ros2/Introduction/ros2_ws/install/tutorial_interfaces/include/tutorial_interfaces/tutorial_interfaces/msg/sphere.h
[0.616s] -- Up-to-date: /home/student/Documents/formation_ros2/Introduction/ros2_ws/install/tutorial_interfaces/include/tutorial_interfaces/tutorial_interfaces/srv
[0.616s] -- Up-to-date: /home/student/Documents/formation_ros2/Introduction/ros2_ws/install/tutorial_interfaces/include/tutorial_interfaces/tutorial_interfaces/srv/add_three_ints.h
[0.616s] -- Up-to-date: /home/student/Documents/formation_ros2/Introduction/ros2_ws/install/tutorial_interfaces/include/tutorial_interfaces/tutorial_interfaces/srv/detail
[0.616s] -- Up-to-date: /home/student/Documents/formation_ros2/Introduction/ros2_ws/install/tutorial_interfaces/include/tutorial_interfaces/tutorial_interfaces/srv/detail/add_three_ints__functions.h
[0.616s] -- Up-to-date: /home/student/Documents/formation_ros2/Introduction/ros2_ws/install/tutorial_interfaces/include/tutorial_interfaces/tutorial_interfaces/srv/detail/add_three_ints__type_support.h
[0.616s] -- Up-to-date: /home/student/Documents/formation_ros2/Introduction/ros2_ws/install/tutorial_interfaces/include/tutorial_interfaces/tutorial_interfaces/srv/detail/add_three_ints__functions.c
[0.617s] -- Up-to-date: /home/student/Documents/formation_ros2/Introduction/ros2_ws/install/tutorial_interfaces/include/tutorial_interfaces/tutorial_interfaces/srv/detail/add_three_ints__struct.h
[0.617s] -- Up-to-date: /home/student/Documents/formation_ros2/Introduction/ros2_ws/install/tutorial_interfaces/share/tutorial_interfaces/environment/library_path.sh
[0.617s] -- Up-to-date: /home/student/Documents/formation_ros2/Introduction/ros2_ws/install/tutorial_interfaces/share/tutorial_interfaces/environment/library_path.dsv
[0.620s] -- Up-to-date: /home/student/Documents/formation_ros2/Introduction/ros2_ws/install/tutorial_interfaces/lib/libtutorial_interfaces__rosidl_generator_c.so
[0.622s] -- Up-to-date: /home/student/Documents/formation_ros2/Introduction/ros2_ws/install/tutorial_interfaces/include/tutorial_interfaces/tutorial_interfaces
[0.623s] -- Up-to-date: /home/student/Documents/formation_ros2/Introduction/ros2_ws/install/tutorial_interfaces/include/tutorial_interfaces/tutorial_interfaces/msg
[0.623s] -- Up-to-date: /home/student/Documents/formation_ros2/Introduction/ros2_ws/install/tutorial_interfaces/include/tutorial_interfaces/tutorial_interfaces/msg/detail
[0.623s] -- Up-to-date: /home/student/Documents/formation_ros2/Introduction/ros2_ws/install/tutorial_interfaces/include/tutorial_interfaces/tutorial_interfaces/msg/detail/computer_info__rosidl_typesupport_fastrtps_c.h
[0.623s] -- Up-to-date: /home/student/Documents/formation_ros2/Introduction/ros2_ws/install/tutorial_interfaces/include/tutorial_interfaces/tutorial_interfaces/msg/detail/sphere__rosidl_typesupport_fastrtps_c.h
[0.623s] -- Up-to-date: /home/student/Documents/formation_ros2/Introduction/ros2_ws/install/tutorial_interfaces/include/tutorial_interfaces/tutorial_interfaces/msg/detail/msg__rosidl_typesupport_fastrtps_c.h
[0.623s] -- Up-to-date: /home/student/Documents/formation_ros2/Introduction/ros2_ws/install/tutorial_interfaces/include/tutorial_interfaces/tutorial_interfaces/msg/detail/num__rosidl_typesupport_fastrtps_c.h
[0.623s] -- Up-to-date: /home/student/Documents/formation_ros2/Introduction/ros2_ws/install/tutorial_interfaces/include/tutorial_interfaces/tutorial_interfaces/msg/rosidl_typesupport_fastrtps_c__visibility_control.h
[0.624s] -- Up-to-date: /home/student/Documents/formation_ros2/Introduction/ros2_ws/install/tutorial_interfaces/include/tutorial_interfaces/tutorial_interfaces/srv
[0.624s] -- Up-to-date: /home/student/Documents/formation_ros2/Introduction/ros2_ws/install/tutorial_interfaces/include/tutorial_interfaces/tutorial_interfaces/srv/detail
[0.624s] -- Up-to-date: /home/student/Documents/formation_ros2/Introduction/ros2_ws/install/tutorial_interfaces/include/tutorial_interfaces/tutorial_interfaces/srv/detail/add_three_ints__rosidl_typesupport_fastrtps_c.h
[0.624s] -- Up-to-date: /home/student/Documents/formation_ros2/Introduction/ros2_ws/install/tutorial_interfaces/lib/libtutorial_interfaces__rosidl_typesupport_fastrtps_c.so
[0.624s] -- Up-to-date: /home/student/Documents/formation_ros2/Introduction/ros2_ws/install/tutorial_interfaces/include/tutorial_interfaces/tutorial_interfaces
[0.624s] -- Up-to-date: /home/student/Documents/formation_ros2/Introduction/ros2_ws/install/tutorial_interfaces/include/tutorial_interfaces/tutorial_interfaces/msg
[0.624s] -- Up-to-date: /home/student/Documents/formation_ros2/Introduction/ros2_ws/install/tutorial_interfaces/include/tutorial_interfaces/tutorial_interfaces/msg/detail
[0.625s] -- Up-to-date: /home/student/Documents/formation_ros2/Introduction/ros2_ws/install/tutorial_interfaces/include/tutorial_interfaces/tutorial_interfaces/msg/detail/msg__rosidl_typesupport_introspection_c.h
[0.625s] -- Up-to-date: /home/student/Documents/formation_ros2/Introduction/ros2_ws/install/tutorial_interfaces/include/tutorial_interfaces/tutorial_interfaces/msg/detail/msg__type_support.c
[0.625s] -- Up-to-date: /home/student/Documents/formation_ros2/Introduction/ros2_ws/install/tutorial_interfaces/include/tutorial_interfaces/tutorial_interfaces/msg/detail/sphere__rosidl_typesupport_introspection_c.h
[0.625s] -- Up-to-date: /home/student/Documents/formation_ros2/Introduction/ros2_ws/install/tutorial_interfaces/include/tutorial_interfaces/tutorial_interfaces/msg/detail/num__type_support.c
[0.625s] -- Up-to-date: /home/student/Documents/formation_ros2/Introduction/ros2_ws/install/tutorial_interfaces/include/tutorial_interfaces/tutorial_interfaces/msg/detail/num__rosidl_typesupport_introspection_c.h
[0.625s] -- Up-to-date: /home/student/Documents/formation_ros2/Introduction/ros2_ws/install/tutorial_interfaces/include/tutorial_interfaces/tutorial_interfaces/msg/detail/sphere__type_support.c
[0.625s] -- Up-to-date: /home/student/Documents/formation_ros2/Introduction/ros2_ws/install/tutorial_interfaces/include/tutorial_interfaces/tutorial_interfaces/msg/detail/computer_info__rosidl_typesupport_introspection_c.h
[0.625s] -- Up-to-date: /home/student/Documents/formation_ros2/Introduction/ros2_ws/install/tutorial_interfaces/include/tutorial_interfaces/tutorial_interfaces/msg/detail/computer_info__type_support.c
[0.625s] -- Up-to-date: /home/student/Documents/formation_ros2/Introduction/ros2_ws/install/tutorial_interfaces/include/tutorial_interfaces/tutorial_interfaces/msg/rosidl_typesupport_introspection_c__visibility_control.h
[0.625s] -- Up-to-date: /home/student/Documents/formation_ros2/Introduction/ros2_ws/install/tutorial_interfaces/include/tutorial_interfaces/tutorial_interfaces/srv
[0.626s] -- Up-to-date: /home/student/Documents/formation_ros2/Introduction/ros2_ws/install/tutorial_interfaces/include/tutorial_interfaces/tutorial_interfaces/srv/detail
[0.626s] -- Up-to-date: /home/student/Documents/formation_ros2/Introduction/ros2_ws/install/tutorial_interfaces/include/tutorial_interfaces/tutorial_interfaces/srv/detail/add_three_ints__type_support.c
[0.626s] -- Up-to-date: /home/student/Documents/formation_ros2/Introduction/ros2_ws/install/tutorial_interfaces/include/tutorial_interfaces/tutorial_interfaces/srv/detail/add_three_ints__rosidl_typesupport_introspection_c.h
[0.626s] -- Up-to-date: /home/student/Documents/formation_ros2/Introduction/ros2_ws/install/tutorial_interfaces/lib/libtutorial_interfaces__rosidl_typesupport_introspection_c.so
[0.626s] -- Up-to-date: /home/student/Documents/formation_ros2/Introduction/ros2_ws/install/tutorial_interfaces/lib/libtutorial_interfaces__rosidl_typesupport_c.so
[0.626s] -- Up-to-date: /home/student/Documents/formation_ros2/Introduction/ros2_ws/install/tutorial_interfaces/include/tutorial_interfaces/tutorial_interfaces
[0.626s] -- Up-to-date: /home/student/Documents/formation_ros2/Introduction/ros2_ws/install/tutorial_interfaces/include/tutorial_interfaces/tutorial_interfaces/msg
[0.626s] -- Up-to-date: /home/student/Documents/formation_ros2/Introduction/ros2_ws/install/tutorial_interfaces/include/tutorial_interfaces/tutorial_interfaces/msg/msg.hpp
[0.626s] -- Up-to-date: /home/student/Documents/formation_ros2/Introduction/ros2_ws/install/tutorial_interfaces/include/tutorial_interfaces/tutorial_interfaces/msg/detail
[0.626s] -- Up-to-date: /home/student/Documents/formation_ros2/Introduction/ros2_ws/install/tutorial_interfaces/include/tutorial_interfaces/tutorial_interfaces/msg/detail/msg__traits.hpp
[0.627s] -- Up-to-date: /home/student/Documents/formation_ros2/Introduction/ros2_ws/install/tutorial_interfaces/include/tutorial_interfaces/tutorial_interfaces/msg/detail/num__builder.hpp
[0.627s] -- Up-to-date: /home/student/Documents/formation_ros2/Introduction/ros2_ws/install/tutorial_interfaces/include/tutorial_interfaces/tutorial_interfaces/msg/detail/sphere__type_support.hpp
[0.627s] -- Up-to-date: /home/student/Documents/formation_ros2/Introduction/ros2_ws/install/tutorial_interfaces/include/tutorial_interfaces/tutorial_interfaces/msg/detail/num__traits.hpp
[0.627s] -- Up-to-date: /home/student/Documents/formation_ros2/Introduction/ros2_ws/install/tutorial_interfaces/include/tutorial_interfaces/tutorial_interfaces/msg/detail/sphere__traits.hpp
[0.627s] -- Up-to-date: /home/student/Documents/formation_ros2/Introduction/ros2_ws/install/tutorial_interfaces/include/tutorial_interfaces/tutorial_interfaces/msg/detail/msg__builder.hpp
[0.627s] -- Up-to-date: /home/student/Documents/formation_ros2/Introduction/ros2_ws/install/tutorial_interfaces/include/tutorial_interfaces/tutorial_interfaces/msg/detail/msg__type_support.hpp
[0.627s] -- Up-to-date: /home/student/Documents/formation_ros2/Introduction/ros2_ws/install/tutorial_interfaces/include/tutorial_interfaces/tutorial_interfaces/msg/detail/msg__struct.hpp
[0.627s] -- Up-to-date: /home/student/Documents/formation_ros2/Introduction/ros2_ws/install/tutorial_interfaces/include/tutorial_interfaces/tutorial_interfaces/msg/detail/computer_info__struct.hpp
[0.627s] -- Up-to-date: /home/student/Documents/formation_ros2/Introduction/ros2_ws/install/tutorial_interfaces/include/tutorial_interfaces/tutorial_interfaces/msg/detail/computer_info__traits.hpp
[0.628s] -- Up-to-date: /home/student/Documents/formation_ros2/Introduction/ros2_ws/install/tutorial_interfaces/include/tutorial_interfaces/tutorial_interfaces/msg/detail/computer_info__type_support.hpp
[0.628s] -- Up-to-date: /home/student/Documents/formation_ros2/Introduction/ros2_ws/install/tutorial_interfaces/include/tutorial_interfaces/tutorial_interfaces/msg/detail/computer_info__builder.hpp
[0.628s] -- Up-to-date: /home/student/Documents/formation_ros2/Introduction/ros2_ws/install/tutorial_interfaces/include/tutorial_interfaces/tutorial_interfaces/msg/detail/sphere__builder.hpp
[0.628s] -- Up-to-date: /home/student/Documents/formation_ros2/Introduction/ros2_ws/install/tutorial_interfaces/include/tutorial_interfaces/tutorial_interfaces/msg/detail/sphere__struct.hpp
[0.628s] -- Up-to-date: /home/student/Documents/formation_ros2/Introduction/ros2_ws/install/tutorial_interfaces/include/tutorial_interfaces/tutorial_interfaces/msg/detail/num__type_support.hpp
[0.628s] -- Up-to-date: /home/student/Documents/formation_ros2/Introduction/ros2_ws/install/tutorial_interfaces/include/tutorial_interfaces/tutorial_interfaces/msg/detail/num__struct.hpp
[0.628s] -- Up-to-date: /home/student/Documents/formation_ros2/Introduction/ros2_ws/install/tutorial_interfaces/include/tutorial_interfaces/tutorial_interfaces/msg/computer_info.hpp
[0.628s] -- Up-to-date: /home/student/Documents/formation_ros2/Introduction/ros2_ws/install/tutorial_interfaces/include/tutorial_interfaces/tutorial_interfaces/msg/sphere.hpp
[0.628s] -- Up-to-date: /home/student/Documents/formation_ros2/Introduction/ros2_ws/install/tutorial_interfaces/include/tutorial_interfaces/tutorial_interfaces/msg/rosidl_generator_cpp__visibility_control.hpp
[0.628s] -- Up-to-date: /home/student/Documents/formation_ros2/Introduction/ros2_ws/install/tutorial_interfaces/include/tutorial_interfaces/tutorial_interfaces/msg/num.hpp
[0.629s] -- Up-to-date: /home/student/Documents/formation_ros2/Introduction/ros2_ws/install/tutorial_interfaces/include/tutorial_interfaces/tutorial_interfaces/srv
[0.629s] -- Up-to-date: /home/student/Documents/formation_ros2/Introduction/ros2_ws/install/tutorial_interfaces/include/tutorial_interfaces/tutorial_interfaces/srv/detail
[0.629s] -- Up-to-date: /home/student/Documents/formation_ros2/Introduction/ros2_ws/install/tutorial_interfaces/include/tutorial_interfaces/tutorial_interfaces/srv/detail/add_three_ints__type_support.hpp
[0.629s] -- Up-to-date: /home/student/Documents/formation_ros2/Introduction/ros2_ws/install/tutorial_interfaces/include/tutorial_interfaces/tutorial_interfaces/srv/detail/add_three_ints__traits.hpp
[0.629s] -- Up-to-date: /home/student/Documents/formation_ros2/Introduction/ros2_ws/install/tutorial_interfaces/include/tutorial_interfaces/tutorial_interfaces/srv/detail/add_three_ints__builder.hpp
[0.629s] -- Up-to-date: /home/student/Documents/formation_ros2/Introduction/ros2_ws/install/tutorial_interfaces/include/tutorial_interfaces/tutorial_interfaces/srv/detail/add_three_ints__struct.hpp
[0.629s] -- Up-to-date: /home/student/Documents/formation_ros2/Introduction/ros2_ws/install/tutorial_interfaces/include/tutorial_interfaces/tutorial_interfaces/srv/add_three_ints.hpp
[0.629s] -- Up-to-date: /home/student/Documents/formation_ros2/Introduction/ros2_ws/install/tutorial_interfaces/include/tutorial_interfaces/tutorial_interfaces
[0.630s] -- Up-to-date: /home/student/Documents/formation_ros2/Introduction/ros2_ws/install/tutorial_interfaces/include/tutorial_interfaces/tutorial_interfaces/msg
[0.630s] -- Up-to-date: /home/student/Documents/formation_ros2/Introduction/ros2_ws/install/tutorial_interfaces/include/tutorial_interfaces/tutorial_interfaces/msg/rosidl_typesupport_fastrtps_cpp__visibility_control.h
[0.630s] -- Up-to-date: /home/student/Documents/formation_ros2/Introduction/ros2_ws/install/tutorial_interfaces/include/tutorial_interfaces/tutorial_interfaces/msg/detail
[0.630s] -- Up-to-date: /home/student/Documents/formation_ros2/Introduction/ros2_ws/install/tutorial_interfaces/include/tutorial_interfaces/tutorial_interfaces/msg/detail/computer_info__rosidl_typesupport_fastrtps_cpp.hpp
[0.630s] -- Up-to-date: /home/student/Documents/formation_ros2/Introduction/ros2_ws/install/tutorial_interfaces/include/tutorial_interfaces/tutorial_interfaces/msg/detail/msg__rosidl_typesupport_fastrtps_cpp.hpp
[0.630s] -- Up-to-date: /home/student/Documents/formation_ros2/Introduction/ros2_ws/install/tutorial_interfaces/include/tutorial_interfaces/tutorial_interfaces/msg/detail/dds_fastrtps
[0.630s] -- Up-to-date: /home/student/Documents/formation_ros2/Introduction/ros2_ws/install/tutorial_interfaces/include/tutorial_interfaces/tutorial_interfaces/msg/detail/sphere__rosidl_typesupport_fastrtps_cpp.hpp
[0.630s] -- Up-to-date: /home/student/Documents/formation_ros2/Introduction/ros2_ws/install/tutorial_interfaces/include/tutorial_interfaces/tutorial_interfaces/msg/detail/num__rosidl_typesupport_fastrtps_cpp.hpp
[0.630s] -- Up-to-date: /home/student/Documents/formation_ros2/Introduction/ros2_ws/install/tutorial_interfaces/include/tutorial_interfaces/tutorial_interfaces/srv
[0.630s] -- Up-to-date: /home/student/Documents/formation_ros2/Introduction/ros2_ws/install/tutorial_interfaces/include/tutorial_interfaces/tutorial_interfaces/srv/detail
[0.631s] -- Up-to-date: /home/student/Documents/formation_ros2/Introduction/ros2_ws/install/tutorial_interfaces/include/tutorial_interfaces/tutorial_interfaces/srv/detail/add_three_ints__rosidl_typesupport_fastrtps_cpp.hpp
[0.631s] -- Up-to-date: /home/student/Documents/formation_ros2/Introduction/ros2_ws/install/tutorial_interfaces/include/tutorial_interfaces/tutorial_interfaces/srv/detail/dds_fastrtps
[0.631s] -- Up-to-date: /home/student/Documents/formation_ros2/Introduction/ros2_ws/install/tutorial_interfaces/lib/libtutorial_interfaces__rosidl_typesupport_fastrtps_cpp.so
[0.631s] -- Up-to-date: /home/student/Documents/formation_ros2/Introduction/ros2_ws/install/tutorial_interfaces/include/tutorial_interfaces/tutorial_interfaces
[0.631s] -- Up-to-date: /home/student/Documents/formation_ros2/Introduction/ros2_ws/install/tutorial_interfaces/include/tutorial_interfaces/tutorial_interfaces/msg
[0.631s] -- Up-to-date: /home/student/Documents/formation_ros2/Introduction/ros2_ws/install/tutorial_interfaces/include/tutorial_interfaces/tutorial_interfaces/msg/detail
[0.631s] -- Up-to-date: /home/student/Documents/formation_ros2/Introduction/ros2_ws/install/tutorial_interfaces/include/tutorial_interfaces/tutorial_interfaces/msg/detail/msg__type_support.cpp
[0.631s] -- Up-to-date: /home/student/Documents/formation_ros2/Introduction/ros2_ws/install/tutorial_interfaces/include/tutorial_interfaces/tutorial_interfaces/msg/detail/computer_info__rosidl_typesupport_introspection_cpp.hpp
[0.631s] -- Up-to-date: /home/student/Documents/formation_ros2/Introduction/ros2_ws/install/tutorial_interfaces/include/tutorial_interfaces/tutorial_interfaces/msg/detail/num__rosidl_typesupport_introspection_cpp.hpp
[0.631s] -- Up-to-date: /home/student/Documents/formation_ros2/Introduction/ros2_ws/install/tutorial_interfaces/include/tutorial_interfaces/tutorial_interfaces/msg/detail/computer_info__type_support.cpp
[0.631s] -- Up-to-date: /home/student/Documents/formation_ros2/Introduction/ros2_ws/install/tutorial_interfaces/include/tutorial_interfaces/tutorial_interfaces/msg/detail/sphere__type_support.cpp
[0.631s] -- Up-to-date: /home/student/Documents/formation_ros2/Introduction/ros2_ws/install/tutorial_interfaces/include/tutorial_interfaces/tutorial_interfaces/msg/detail/msg__rosidl_typesupport_introspection_cpp.hpp
[0.631s] -- Up-to-date: /home/student/Documents/formation_ros2/Introduction/ros2_ws/install/tutorial_interfaces/include/tutorial_interfaces/tutorial_interfaces/msg/detail/num__type_support.cpp
[0.631s] -- Up-to-date: /home/student/Documents/formation_ros2/Introduction/ros2_ws/install/tutorial_interfaces/include/tutorial_interfaces/tutorial_interfaces/msg/detail/sphere__rosidl_typesupport_introspection_cpp.hpp
[0.632s] -- Up-to-date: /home/student/Documents/formation_ros2/Introduction/ros2_ws/install/tutorial_interfaces/include/tutorial_interfaces/tutorial_interfaces/srv
[0.632s] -- Up-to-date: /home/student/Documents/formation_ros2/Introduction/ros2_ws/install/tutorial_interfaces/include/tutorial_interfaces/tutorial_interfaces/srv/detail
[0.632s] -- Up-to-date: /home/student/Documents/formation_ros2/Introduction/ros2_ws/install/tutorial_interfaces/include/tutorial_interfaces/tutorial_interfaces/srv/detail/add_three_ints__type_support.cpp
[0.632s] -- Up-to-date: /home/student/Documents/formation_ros2/Introduction/ros2_ws/install/tutorial_interfaces/include/tutorial_interfaces/tutorial_interfaces/srv/detail/add_three_ints__rosidl_typesupport_introspection_cpp.hpp
[0.632s] -- Up-to-date: /home/student/Documents/formation_ros2/Introduction/ros2_ws/install/tutorial_interfaces/lib/libtutorial_interfaces__rosidl_typesupport_introspection_cpp.so
[0.632s] -- Up-to-date: /home/student/Documents/formation_ros2/Introduction/ros2_ws/install/tutorial_interfaces/lib/libtutorial_interfaces__rosidl_typesupport_cpp.so
[0.632s] -- Up-to-date: /home/student/Documents/formation_ros2/Introduction/ros2_ws/install/tutorial_interfaces/share/tutorial_interfaces/environment/pythonpath.sh
[0.632s] -- Up-to-date: /home/student/Documents/formation_ros2/Introduction/ros2_ws/install/tutorial_interfaces/share/tutorial_interfaces/environment/pythonpath.dsv
[0.632s] -- Up-to-date: /home/student/Documents/formation_ros2/Introduction/ros2_ws/install/tutorial_interfaces/local/lib/python3.10/dist-packages/tutorial_interfaces-0.0.0-py3.10.egg-info
[0.632s] -- Installing: /home/student/Documents/formation_ros2/Introduction/ros2_ws/install/tutorial_interfaces/local/lib/python3.10/dist-packages/tutorial_interfaces-0.0.0-py3.10.egg-info/top_level.txt
[0.632s] -- Installing: /home/student/Documents/formation_ros2/Introduction/ros2_ws/install/tutorial_interfaces/local/lib/python3.10/dist-packages/tutorial_interfaces-0.0.0-py3.10.egg-info/dependency_links.txt
[0.632s] -- Installing: /home/student/Documents/formation_ros2/Introduction/ros2_ws/install/tutorial_interfaces/local/lib/python3.10/dist-packages/tutorial_interfaces-0.0.0-py3.10.egg-info/SOURCES.txt
[0.632s] -- Installing: /home/student/Documents/formation_ros2/Introduction/ros2_ws/install/tutorial_interfaces/local/lib/python3.10/dist-packages/tutorial_interfaces-0.0.0-py3.10.egg-info/PKG-INFO
[0.632s] -- Up-to-date: /home/student/Documents/formation_ros2/Introduction/ros2_ws/install/tutorial_interfaces/local/lib/python3.10/dist-packages/tutorial_interfaces
[0.632s] -- Up-to-date: /home/student/Documents/formation_ros2/Introduction/ros2_ws/install/tutorial_interfaces/local/lib/python3.10/dist-packages/tutorial_interfaces/_tutorial_interfaces_s.ep.rosidl_typesupport_fastrtps_c.c
[0.632s] -- Up-to-date: /home/student/Documents/formation_ros2/Introduction/ros2_ws/install/tutorial_interfaces/local/lib/python3.10/dist-packages/tutorial_interfaces/_tutorial_interfaces_s.ep.rosidl_typesupport_introspection_c.c
[0.632s] -- Up-to-date: /home/student/Documents/formation_ros2/Introduction/ros2_ws/install/tutorial_interfaces/local/lib/python3.10/dist-packages/tutorial_interfaces/_tutorial_interfaces_s.ep.rosidl_typesupport_c.c
[0.633s] -- Up-to-date: /home/student/Documents/formation_ros2/Introduction/ros2_ws/install/tutorial_interfaces/local/lib/python3.10/dist-packages/tutorial_interfaces/tutorial_interfaces_s__rosidl_typesupport_introspection_c.cpython-310-x86_64-linux-gnu.so
[0.633s] -- Up-to-date: /home/student/Documents/formation_ros2/Introduction/ros2_ws/install/tutorial_interfaces/local/lib/python3.10/dist-packages/tutorial_interfaces/msg
[0.633s] -- Up-to-date: /home/student/Documents/formation_ros2/Introduction/ros2_ws/install/tutorial_interfaces/local/lib/python3.10/dist-packages/tutorial_interfaces/msg/_msg.py
[0.633s] -- Up-to-date: /home/student/Documents/formation_ros2/Introduction/ros2_ws/install/tutorial_interfaces/local/lib/python3.10/dist-packages/tutorial_interfaces/msg/_sphere_s.c
[0.633s] -- Up-to-date: /home/student/Documents/formation_ros2/Introduction/ros2_ws/install/tutorial_interfaces/local/lib/python3.10/dist-packages/tutorial_interfaces/msg/_num_s.c
[0.633s] -- Up-to-date: /home/student/Documents/formation_ros2/Introduction/ros2_ws/install/tutorial_interfaces/local/lib/python3.10/dist-packages/tutorial_interfaces/msg/_num.py
[0.633s] -- Up-to-date: /home/student/Documents/formation_ros2/Introduction/ros2_ws/install/tutorial_interfaces/local/lib/python3.10/dist-packages/tutorial_interfaces/msg/_computer_info.py
[0.633s] -- Up-to-date: /home/student/Documents/formation_ros2/Introduction/ros2_ws/install/tutorial_interfaces/local/lib/python3.10/dist-packages/tutorial_interfaces/msg/_computer_info_s.c
[0.633s] -- Up-to-date: /home/student/Documents/formation_ros2/Introduction/ros2_ws/install/tutorial_interfaces/local/lib/python3.10/dist-packages/tutorial_interfaces/msg/_sphere.py
[0.633s] -- Up-to-date: /home/student/Documents/formation_ros2/Introduction/ros2_ws/install/tutorial_interfaces/local/lib/python3.10/dist-packages/tutorial_interfaces/msg/_msg_s.c
[0.633s] -- Up-to-date: /home/student/Documents/formation_ros2/Introduction/ros2_ws/install/tutorial_interfaces/local/lib/python3.10/dist-packages/tutorial_interfaces/msg/__init__.py
[0.633s] -- Up-to-date: /home/student/Documents/formation_ros2/Introduction/ros2_ws/install/tutorial_interfaces/local/lib/python3.10/dist-packages/tutorial_interfaces/srv
[0.633s] -- Up-to-date: /home/student/Documents/formation_ros2/Introduction/ros2_ws/install/tutorial_interfaces/local/lib/python3.10/dist-packages/tutorial_interfaces/srv/_add_three_ints.py
[0.633s] -- Up-to-date: /home/student/Documents/formation_ros2/Introduction/ros2_ws/install/tutorial_interfaces/local/lib/python3.10/dist-packages/tutorial_interfaces/srv/_add_three_ints_s.c
[0.633s] -- Up-to-date: /home/student/Documents/formation_ros2/Introduction/ros2_ws/install/tutorial_interfaces/local/lib/python3.10/dist-packages/tutorial_interfaces/srv/__init__.py
[0.633s] -- Up-to-date: /home/student/Documents/formation_ros2/Introduction/ros2_ws/install/tutorial_interfaces/local/lib/python3.10/dist-packages/tutorial_interfaces/tutorial_interfaces_s__rosidl_typesupport_c.cpython-310-x86_64-linux-gnu.so
[0.633s] -- Up-to-date: /home/student/Documents/formation_ros2/Introduction/ros2_ws/install/tutorial_interfaces/local/lib/python3.10/dist-packages/tutorial_interfaces/__init__.py
[0.634s] -- Up-to-date: /home/student/Documents/formation_ros2/Introduction/ros2_ws/install/tutorial_interfaces/local/lib/python3.10/dist-packages/tutorial_interfaces/libtutorial_interfaces__rosidl_generator_py.so
[0.634s] -- Up-to-date: /home/student/Documents/formation_ros2/Introduction/ros2_ws/install/tutorial_interfaces/local/lib/python3.10/dist-packages/tutorial_interfaces/tutorial_interfaces_s__rosidl_typesupport_fastrtps_c.cpython-310-x86_64-linux-gnu.so
[0.663s] Listing '/home/student/Documents/formation_ros2/Introduction/ros2_ws/install/tutorial_interfaces/local/lib/python3.10/dist-packages/tutorial_interfaces'...
[0.664s] Listing '/home/student/Documents/formation_ros2/Introduction/ros2_ws/install/tutorial_interfaces/local/lib/python3.10/dist-packages/tutorial_interfaces/msg'...
[0.664s] Listing '/home/student/Documents/formation_ros2/Introduction/ros2_ws/install/tutorial_interfaces/local/lib/python3.10/dist-packages/tutorial_interfaces/srv'...
[0.668s] -- Up-to-date: /home/student/Documents/formation_ros2/Introduction/ros2_ws/install/tutorial_interfaces/local/lib/python3.10/dist-packages/tutorial_interfaces/tutorial_interfaces_s__rosidl_typesupport_fastrtps_c.cpython-310-x86_64-linux-gnu.so
[0.668s] -- Up-to-date: /home/student/Documents/formation_ros2/Introduction/ros2_ws/install/tutorial_interfaces/local/lib/python3.10/dist-packages/tutorial_interfaces/tutorial_interfaces_s__rosidl_typesupport_introspection_c.cpython-310-x86_64-linux-gnu.so
[0.669s] -- Up-to-date: /home/student/Documents/formation_ros2/Introduction/ros2_ws/install/tutorial_interfaces/local/lib/python3.10/dist-packages/tutorial_interfaces/tutorial_interfaces_s__rosidl_typesupport_c.cpython-310-x86_64-linux-gnu.so
[0.669s] -- Up-to-date: /home/student/Documents/formation_ros2/Introduction/ros2_ws/install/tutorial_interfaces/lib/libtutorial_interfaces__rosidl_generator_py.so
[0.670s] -- Up-to-date: /home/student/Documents/formation_ros2/Introduction/ros2_ws/install/tutorial_interfaces/share/tutorial_interfaces/msg/ComputerInfo.idl
[0.670s] -- Up-to-date: /home/student/Documents/formation_ros2/Introduction/ros2_ws/install/tutorial_interfaces/share/tutorial_interfaces/msg/ComputerInfo.msg
[0.670s] -- Up-to-date: /home/student/Documents/formation_ros2/Introduction/ros2_ws/install/tutorial_interfaces/share/ament_index/resource_index/package_run_dependencies/tutorial_interfaces
[0.671s] -- Up-to-date: /home/student/Documents/formation_ros2/Introduction/ros2_ws/install/tutorial_interfaces/share/ament_index/resource_index/parent_prefix_path/tutorial_interfaces
[0.671s] -- Up-to-date: /home/student/Documents/formation_ros2/Introduction/ros2_ws/install/tutorial_interfaces/share/tutorial_interfaces/environment/ament_prefix_path.sh
[0.671s] -- Up-to-date: /home/student/Documents/formation_ros2/Introduction/ros2_ws/install/tutorial_interfaces/share/tutorial_interfaces/environment/ament_prefix_path.dsv
[0.671s] -- Up-to-date: /home/student/Documents/formation_ros2/Introduction/ros2_ws/install/tutorial_interfaces/share/tutorial_interfaces/environment/path.sh
[0.671s] -- Up-to-date: /home/student/Documents/formation_ros2/Introduction/ros2_ws/install/tutorial_interfaces/share/tutorial_interfaces/environment/path.dsv
[0.671s] -- Up-to-date: /home/student/Documents/formation_ros2/Introduction/ros2_ws/install/tutorial_interfaces/share/tutorial_interfaces/local_setup.bash
[0.671s] -- Up-to-date: /home/student/Documents/formation_ros2/Introduction/ros2_ws/install/tutorial_interfaces/share/tutorial_interfaces/local_setup.sh
[0.672s] -- Up-to-date: /home/student/Documents/formation_ros2/Introduction/ros2_ws/install/tutorial_interfaces/share/tutorial_interfaces/local_setup.zsh
[0.672s] -- Up-to-date: /home/student/Documents/formation_ros2/Introduction/ros2_ws/install/tutorial_interfaces/share/tutorial_interfaces/local_setup.dsv
[0.672s] -- Installing: /home/student/Documents/formation_ros2/Introduction/ros2_ws/install/tutorial_interfaces/share/tutorial_interfaces/package.dsv
[0.672s] -- Up-to-date: /home/student/Documents/formation_ros2/Introduction/ros2_ws/install/tutorial_interfaces/share/ament_index/resource_index/packages/tutorial_interfaces
[0.672s] -- Up-to-date: /home/student/Documents/formation_ros2/Introduction/ros2_ws/install/tutorial_interfaces/share/tutorial_interfaces/cmake/export_tutorial_interfaces__rosidl_generator_cExport.cmake
[0.672s] -- Up-to-date: /home/student/Documents/formation_ros2/Introduction/ros2_ws/install/tutorial_interfaces/share/tutorial_interfaces/cmake/export_tutorial_interfaces__rosidl_generator_cExport-noconfig.cmake
[0.672s] -- Up-to-date: /home/student/Documents/formation_ros2/Introduction/ros2_ws/install/tutorial_interfaces/share/tutorial_interfaces/cmake/export_tutorial_interfaces__rosidl_typesupport_fastrtps_cExport.cmake
[0.672s] -- Up-to-date: /home/student/Documents/formation_ros2/Introduction/ros2_ws/install/tutorial_interfaces/share/tutorial_interfaces/cmake/export_tutorial_interfaces__rosidl_typesupport_fastrtps_cExport-noconfig.cmake
[0.673s] -- Up-to-date: /home/student/Documents/formation_ros2/Introduction/ros2_ws/install/tutorial_interfaces/share/tutorial_interfaces/cmake/tutorial_interfaces__rosidl_typesupport_introspection_cExport.cmake
[0.673s] -- Up-to-date: /home/student/Documents/formation_ros2/Introduction/ros2_ws/install/tutorial_interfaces/share/tutorial_interfaces/cmake/tutorial_interfaces__rosidl_typesupport_introspection_cExport-noconfig.cmake
[0.673s] -- Up-to-date: /home/student/Documents/formation_ros2/Introduction/ros2_ws/install/tutorial_interfaces/share/tutorial_interfaces/cmake/tutorial_interfaces__rosidl_typesupport_cExport.cmake
[0.673s] -- Up-to-date: /home/student/Documents/formation_ros2/Introduction/ros2_ws/install/tutorial_interfaces/share/tutorial_interfaces/cmake/tutorial_interfaces__rosidl_typesupport_cExport-noconfig.cmake
[0.673s] -- Up-to-date: /home/student/Documents/formation_ros2/Introduction/ros2_ws/install/tutorial_interfaces/share/tutorial_interfaces/cmake/export_tutorial_interfaces__rosidl_generator_cppExport.cmake
[0.673s] -- Up-to-date: /home/student/Documents/formation_ros2/Introduction/ros2_ws/install/tutorial_interfaces/share/tutorial_interfaces/cmake/export_tutorial_interfaces__rosidl_typesupport_fastrtps_cppExport.cmake
[0.673s] -- Up-to-date: /home/student/Documents/formation_ros2/Introduction/ros2_ws/install/tutorial_interfaces/share/tutorial_interfaces/cmake/export_tutorial_interfaces__rosidl_typesupport_fastrtps_cppExport-noconfig.cmake
[0.673s] -- Up-to-date: /home/student/Documents/formation_ros2/Introduction/ros2_ws/install/tutorial_interfaces/share/tutorial_interfaces/cmake/tutorial_interfaces__rosidl_typesupport_introspection_cppExport.cmake
[0.673s] -- Up-to-date: /home/student/Documents/formation_ros2/Introduction/ros2_ws/install/tutorial_interfaces/share/tutorial_interfaces/cmake/tutorial_interfaces__rosidl_typesupport_introspection_cppExport-noconfig.cmake
[0.674s] -- Up-to-date: /home/student/Documents/formation_ros2/Introduction/ros2_ws/install/tutorial_interfaces/share/tutorial_interfaces/cmake/tutorial_interfaces__rosidl_typesupport_cppExport.cmake
[0.674s] -- Up-to-date: /home/student/Documents/formation_ros2/Introduction/ros2_ws/install/tutorial_interfaces/share/tutorial_interfaces/cmake/tutorial_interfaces__rosidl_typesupport_cppExport-noconfig.cmake
[0.674s] -- Up-to-date: /home/student/Documents/formation_ros2/Introduction/ros2_ws/install/tutorial_interfaces/share/tutorial_interfaces/cmake/export_tutorial_interfaces__rosidl_generator_pyExport.cmake
[0.674s] -- Up-to-date: /home/student/Documents/formation_ros2/Introduction/ros2_ws/install/tutorial_interfaces/share/tutorial_interfaces/cmake/export_tutorial_interfaces__rosidl_generator_pyExport-noconfig.cmake
[0.674s] -- Up-to-date: /home/student/Documents/formation_ros2/Introduction/ros2_ws/install/tutorial_interfaces/share/tutorial_interfaces/cmake/rosidl_cmake-extras.cmake
[0.674s] -- Up-to-date: /home/student/Documents/formation_ros2/Introduction/ros2_ws/install/tutorial_interfaces/share/tutorial_interfaces/cmake/ament_cmake_export_include_directories-extras.cmake
[0.675s] -- Up-to-date: /home/student/Documents/formation_ros2/Introduction/ros2_ws/install/tutorial_interfaces/share/tutorial_interfaces/cmake/ament_cmake_export_libraries-extras.cmake
[0.675s] -- Up-to-date: /home/student/Documents/formation_ros2/Introduction/ros2_ws/install/tutorial_interfaces/share/tutorial_interfaces/cmake/ament_cmake_export_targets-extras.cmake
[0.675s] -- Up-to-date: /home/student/Documents/formation_ros2/Introduction/ros2_ws/install/tutorial_interfaces/share/tutorial_interfaces/cmake/rosidl_cmake_export_typesupport_targets-extras.cmake
[0.675s] -- Up-to-date: /home/student/Documents/formation_ros2/Introduction/ros2_ws/install/tutorial_interfaces/share/tutorial_interfaces/cmake/ament_cmake_export_dependencies-extras.cmake
[0.675s] -- Up-to-date: /home/student/Documents/formation_ros2/Introduction/ros2_ws/install/tutorial_interfaces/share/tutorial_interfaces/cmake/rosidl_cmake_export_typesupport_libraries-extras.cmake
[0.675s] -- Up-to-date: /home/student/Documents/formation_ros2/Introduction/ros2_ws/install/tutorial_interfaces/share/tutorial_interfaces/cmake/tutorial_interfacesConfig.cmake
[0.675s] -- Up-to-date: /home/student/Documents/formation_ros2/Introduction/ros2_ws/install/tutorial_interfaces/share/tutorial_interfaces/cmake/tutorial_interfacesConfig-version.cmake
[0.676s] -- Up-to-date: /home/student/Documents/formation_ros2/Introduction/ros2_ws/install/tutorial_interfaces/share/tutorial_interfaces/package.xml
[0.678s] Invoked command in '/home/student/Documents/formation_ros2/Introduction/ros2_ws/build/tutorial_interfaces' returned '0': CMAKE_PREFIX_PATH=${CMAKE_PREFIX_PATH}:/home/student/turtlebot3_ws/install/turtlebot3_teleop:/home/student/turtlebot3_ws/install/turtlebot3_example:/opt/ros/humble /usr/bin/cmake --install /home/student/Documents/formation_ros2/Introduction/ros2_ws/build/tutorial_interfaces
