-- Found ament_cmake: 1.3.12 (/opt/ros/humble/share/ament_cmake/cmake)
-- Found rclcpp: 16.0.15 (/opt/ros/humble/share/rclcpp/cmake)
-- Found rosidl_generator_c: 3.1.7 (/opt/ros/humble/share/rosidl_generator_c/cmake)
-- Found rosidl_adapter: 3.1.7 (/opt/ros/humble/share/rosidl_adapter/cmake)
-- Found rosidl_generator_cpp: 3.1.7 (/opt/ros/humble/share/rosidl_generator_cpp/cmake)
-- Using all available rosidl_typesupport_c: rosidl_typesupport_fastrtps_c;rosidl_typesupport_introspection_c
-- Using all available rosidl_typesupport_cpp: rosidl_typesupport_fastrtps_cpp;rosidl_typesupport_introspection_cpp
-- Found rmw_implementation_cmake: 6.1.2 (/opt/ros/humble/share/rmw_implementation_cmake/cmake)
-- Found rmw_fastrtps_cpp: 6.2.9 (/opt/ros/humble/share/rmw_fastrtps_cpp/cmake)
-- Using RMW implementation 'rmw_fastrtps_cpp' as default
-- Found tutorial_interfaces: 0.0.0 (/home/student/Documents/formation_ros2/Introduction/ros2_ws/install/tutorial_interfaces/share/tutorial_interfaces/cmake)
-- Found ament_lint_auto: 0.12.14 (/opt/ros/humble/share/ament_lint_auto/cmake)
-- Added test 'cppcheck' to perform static code analysis on C / C++ code
-- Configured cppcheck include dirs: 
-- Configured cppcheck exclude dirs and/or files: 
-- Added test 'lint_cmake' to check CMake code style
-- Added test 'uncrustify' to check C / C++ code style
-- Configured uncrustify additional arguments: 
-- Added test 'xmllint' to check XML markup files
-- Configuring done
-- Generating done
-- Build files have been written to: /home/student/Documents/formation_ros2/Introduction/ros2_ws/build/cpp_pubsub
[35m[1mConsolidate compiler generated dependencies of target exo2_publisher[0m
[35m[1mConsolidate compiler generated dependencies of target exo1_listener[0m
[35m[1mConsolidate compiler generated dependencies of target exo3_publisher[0m
[35m[1mConsolidate compiler generated dependencies of target exo5_listener[0m
[35m[1mConsolidate compiler generated dependencies of target exo4_listener[0m
[35m[1mConsolidate compiler generated dependencies of target exo6_publisher[0m
[35m[1mConsolidate compiler generated dependencies of target exo1_publisher[0m
[35m[1mConsolidate compiler generated dependencies of target exo4_publisher[0m
[ 11%] Built target exo3_publisher
[ 22%] Built target exo2_publisher
[ 27%] [32mBuilding CXX object CMakeFiles/exo4_listener.dir/src/exo4_listener.cpp.o[0m
[ 33%] [32mBuilding CXX object CMakeFiles/exo5_listener.dir/src/exo5_listener.cpp.o[0m
[ 44%] Built target exo1_publisher
[ 50%] [32mBuilding CXX object CMakeFiles/exo4_publisher.dir/src/exo4_publisher.cpp.o[0m
[ 61%] Built target exo1_listener
[ 66%] [32mBuilding CXX object CMakeFiles/exo6_publisher.dir/src/exo6_publisher.cpp.o[0m
[ 72%] [32mBuilding CXX object CMakeFiles/exo7_server.dir/src/exo7_server.cpp.o[0m
[ 77%] [32m[1mLinking CXX executable exo4_publisher[0m
[ 83%] [32m[1mLinking CXX executable exo6_publisher[0m
[ 83%] Built target exo4_publisher
[ 83%] Built target exo6_publisher
[ 88%] [32m[1mLinking CXX executable exo4_listener[0m
[ 94%] [32m[1mLinking CXX executable exo5_listener[0m
[ 94%] Built target exo4_listener
[ 94%] Built target exo5_listener
