[0.088s] Invoking command in '/home/student/Documents/formation_ros2/Introduction/ros2_ws/build/cpp_pubsub': CMAKE_PREFIX_PATH=${CMAKE_PREFIX_PATH}:/home/student/turtlebot3_ws/install/turtlebot3_teleop:/home/student/turtlebot3_ws/install/turtlebot3_example:/opt/ros/humble /usr/bin/cmake /home/student/Documents/formation_ros2/Introduction/ros2_ws/src/cpp_pubsub -DCMAKE_INSTALL_PREFIX=/home/student/Documents/formation_ros2/Introduction/ros2_ws/install/cpp_pubsub
[1.791s] -- The C compiler identification is GNU 11.4.0
[2.762s] -- The CXX compiler identification is GNU 11.4.0
[2.833s] -- Detecting C compiler ABI info
[3.370s] -- Detecting C compiler ABI info - done
[3.377s] -- Check for working C compiler: /usr/bin/cc - skipped
[3.378s] -- Detecting C compile features
[3.412s] -- Detecting C compile features - done
[3.424s] -- Detecting CXX compiler ABI info
[3.557s] -- Detecting CXX compiler ABI info - done
[3.564s] -- Check for working CXX compiler: /usr/bin/c++ - skipped
[3.564s] -- Detecting CXX compile features
[3.565s] -- Detecting CXX compile features - done
[3.662s] -- Found ament_cmake: 1.3.12 (/opt/ros/humble/share/ament_cmake/cmake)
[4.211s] -- Found Python3: /usr/bin/python3 (found version "3.10.12") found components: Interpreter 
[4.730s] -- Found rclcpp: 16.0.15 (/opt/ros/humble/share/rclcpp/cmake)
[5.293s] -- Found rosidl_generator_c: 3.1.7 (/opt/ros/humble/share/rosidl_generator_c/cmake)
[5.317s] -- Found rosidl_adapter: 3.1.7 (/opt/ros/humble/share/rosidl_adapter/cmake)
[5.344s] -- Found rosidl_generator_cpp: 3.1.7 (/opt/ros/humble/share/rosidl_generator_cpp/cmake)
[5.376s] -- Using all available rosidl_typesupport_c: rosidl_typesupport_fastrtps_c;rosidl_typesupport_introspection_c
[5.399s] -- Using all available rosidl_typesupport_cpp: rosidl_typesupport_fastrtps_cpp;rosidl_typesupport_introspection_cpp
[5.526s] -- Found rmw_implementation_cmake: 6.1.2 (/opt/ros/humble/share/rmw_implementation_cmake/cmake)
[5.532s] -- Found rmw_fastrtps_cpp: 6.2.9 (/opt/ros/humble/share/rmw_fastrtps_cpp/cmake)
[6.252s] -- Found OpenSSL: /usr/lib/x86_64-linux-gnu/libcrypto.so (found version "3.0.2")  
[6.308s] -- Found FastRTPS: /opt/ros/humble/include  
[6.352s] -- Using RMW implementation 'rmw_fastrtps_cpp' as default
[6.462s] -- Looking for pthread.h
[6.696s] -- Looking for pthread.h - found
[6.697s] -- Performing Test CMAKE_HAVE_LIBC_PTHREAD
[6.848s] -- Performing Test CMAKE_HAVE_LIBC_PTHREAD - Success
[6.850s] -- Found Threads: TRUE  
[7.308s] -- Found ament_lint_auto: 0.12.14 (/opt/ros/humble/share/ament_lint_auto/cmake)
[7.834s] -- Added test 'cppcheck' to perform static code analysis on C / C++ code
[7.834s] -- Configured cppcheck include dirs: 
[7.834s] -- Configured cppcheck exclude dirs and/or files: 
[7.836s] -- Added test 'lint_cmake' to check CMake code style
[7.838s] -- Added test 'uncrustify' to check C / C++ code style
[7.838s] -- Configured uncrustify additional arguments: 
[7.878s] -- Added test 'xmllint' to check XML markup files
[7.904s] -- Configuring done
[7.915s] -- Generating done
[7.919s] -- Build files have been written to: /home/student/Documents/formation_ros2/Introduction/ros2_ws/build/cpp_pubsub
[7.928s] Invoked command in '/home/student/Documents/formation_ros2/Introduction/ros2_ws/build/cpp_pubsub' returned '0': CMAKE_PREFIX_PATH=${CMAKE_PREFIX_PATH}:/home/student/turtlebot3_ws/install/turtlebot3_teleop:/home/student/turtlebot3_ws/install/turtlebot3_example:/opt/ros/humble /usr/bin/cmake /home/student/Documents/formation_ros2/Introduction/ros2_ws/src/cpp_pubsub -DCMAKE_INSTALL_PREFIX=/home/student/Documents/formation_ros2/Introduction/ros2_ws/install/cpp_pubsub
[7.930s] Invoking command in '/home/student/Documents/formation_ros2/Introduction/ros2_ws/build/cpp_pubsub': CMAKE_PREFIX_PATH=${CMAKE_PREFIX_PATH}:/home/student/turtlebot3_ws/install/turtlebot3_teleop:/home/student/turtlebot3_ws/install/turtlebot3_example:/opt/ros/humble /usr/bin/cmake --build /home/student/Documents/formation_ros2/Introduction/ros2_ws/build/cpp_pubsub -- -j8 -l8
[7.982s] [ 50%] [32mBuilding CXX object CMakeFiles/talker.dir/src/publisher_member_function.cpp.o[0m
[7.982s] [ 50%] [32mBuilding CXX object CMakeFiles/listener.dir/src/subscriber_member_function.cpp.o[0m
[14.176s] [ 75%] [32m[1mLinking CXX executable talker[0m
[14.605s] [ 75%] Built target talker
[17.714s] [100%] [32m[1mLinking CXX executable listener[0m
[18.118s] [100%] Built target listener
[18.130s] Invoked command in '/home/student/Documents/formation_ros2/Introduction/ros2_ws/build/cpp_pubsub' returned '0': CMAKE_PREFIX_PATH=${CMAKE_PREFIX_PATH}:/home/student/turtlebot3_ws/install/turtlebot3_teleop:/home/student/turtlebot3_ws/install/turtlebot3_example:/opt/ros/humble /usr/bin/cmake --build /home/student/Documents/formation_ros2/Introduction/ros2_ws/build/cpp_pubsub -- -j8 -l8
[18.141s] Invoking command in '/home/student/Documents/formation_ros2/Introduction/ros2_ws/build/cpp_pubsub': CMAKE_PREFIX_PATH=${CMAKE_PREFIX_PATH}:/home/student/turtlebot3_ws/install/turtlebot3_teleop:/home/student/turtlebot3_ws/install/turtlebot3_example:/opt/ros/humble /usr/bin/cmake --install /home/student/Documents/formation_ros2/Introduction/ros2_ws/build/cpp_pubsub
[18.148s] -- Install configuration: ""
[18.148s] -- Installing: /home/student/Documents/formation_ros2/Introduction/ros2_ws/install/cpp_pubsub/lib/cpp_pubsub/talker
[18.150s] -- Set runtime path of "/home/student/Documents/formation_ros2/Introduction/ros2_ws/install/cpp_pubsub/lib/cpp_pubsub/talker" to ""
[18.150s] -- Installing: /home/student/Documents/formation_ros2/Introduction/ros2_ws/install/cpp_pubsub/lib/cpp_pubsub/listener
[18.153s] -- Set runtime path of "/home/student/Documents/formation_ros2/Introduction/ros2_ws/install/cpp_pubsub/lib/cpp_pubsub/listener" to ""
[18.153s] -- Installing: /home/student/Documents/formation_ros2/Introduction/ros2_ws/install/cpp_pubsub/share/ament_index/resource_index/package_run_dependencies/cpp_pubsub
[18.154s] -- Installing: /home/student/Documents/formation_ros2/Introduction/ros2_ws/install/cpp_pubsub/share/ament_index/resource_index/parent_prefix_path/cpp_pubsub
[18.154s] -- Installing: /home/student/Documents/formation_ros2/Introduction/ros2_ws/install/cpp_pubsub/share/cpp_pubsub/environment/ament_prefix_path.sh
[18.154s] -- Installing: /home/student/Documents/formation_ros2/Introduction/ros2_ws/install/cpp_pubsub/share/cpp_pubsub/environment/ament_prefix_path.dsv
[18.154s] -- Installing: /home/student/Documents/formation_ros2/Introduction/ros2_ws/install/cpp_pubsub/share/cpp_pubsub/environment/path.sh
[18.155s] -- Installing: /home/student/Documents/formation_ros2/Introduction/ros2_ws/install/cpp_pubsub/share/cpp_pubsub/environment/path.dsv
[18.155s] -- Installing: /home/student/Documents/formation_ros2/Introduction/ros2_ws/install/cpp_pubsub/share/cpp_pubsub/local_setup.bash
[18.155s] -- Installing: /home/student/Documents/formation_ros2/Introduction/ros2_ws/install/cpp_pubsub/share/cpp_pubsub/local_setup.sh
[18.155s] -- Installing: /home/student/Documents/formation_ros2/Introduction/ros2_ws/install/cpp_pubsub/share/cpp_pubsub/local_setup.zsh
[18.155s] -- Installing: /home/student/Documents/formation_ros2/Introduction/ros2_ws/install/cpp_pubsub/share/cpp_pubsub/local_setup.dsv
[18.156s] -- Installing: /home/student/Documents/formation_ros2/Introduction/ros2_ws/install/cpp_pubsub/share/cpp_pubsub/package.dsv
[18.156s] -- Installing: /home/student/Documents/formation_ros2/Introduction/ros2_ws/install/cpp_pubsub/share/ament_index/resource_index/packages/cpp_pubsub
[18.156s] -- Installing: /home/student/Documents/formation_ros2/Introduction/ros2_ws/install/cpp_pubsub/share/cpp_pubsub/cmake/cpp_pubsubConfig.cmake
[18.156s] -- Installing: /home/student/Documents/formation_ros2/Introduction/ros2_ws/install/cpp_pubsub/share/cpp_pubsub/cmake/cpp_pubsubConfig-version.cmake
[18.157s] -- Installing: /home/student/Documents/formation_ros2/Introduction/ros2_ws/install/cpp_pubsub/share/cpp_pubsub/package.xml
[18.159s] Invoked command in '/home/student/Documents/formation_ros2/Introduction/ros2_ws/build/cpp_pubsub' returned '0': CMAKE_PREFIX_PATH=${CMAKE_PREFIX_PATH}:/home/student/turtlebot3_ws/install/turtlebot3_teleop:/home/student/turtlebot3_ws/install/turtlebot3_example:/opt/ros/humble /usr/bin/cmake --install /home/student/Documents/formation_ros2/Introduction/ros2_ws/build/cpp_pubsub
