[0.027s] Invoking command in '/home/student/Documents/formation_ros2/Introduction/ros2_ws/build/tutorial_interfaces': CMAKE_PREFIX_PATH=${CMAKE_PREFIX_PATH}:/home/student/turtlebot3_ws/install/turtlebot3_teleop:/home/student/turtlebot3_ws/install/turtlebot3_example:/opt/ros/humble /usr/bin/cmake --build /home/student/Documents/formation_ros2/Introduction/ros2_ws/build/tutorial_interfaces -- -j8 -l8
[0.057s] -- Found ament_cmake: 1.3.12 (/opt/ros/humble/share/ament_cmake/cmake)
[0.219s] -- Found rosidl_default_generators: 1.2.0 (/opt/ros/humble/share/rosidl_default_generators/cmake)
[0.223s] -- Using all available rosidl_typesupport_c: rosidl_typesupport_fastrtps_c;rosidl_typesupport_introspection_c
[0.227s] -- Found rosidl_adapter: 3.1.7 (/opt/ros/humble/share/rosidl_adapter/cmake)
[0.257s] -- Using all available rosidl_typesupport_cpp: rosidl_typesupport_fastrtps_cpp;rosidl_typesupport_introspection_cpp
[0.561s] -- Found ament_cmake_ros: 0.10.0 (/opt/ros/humble/share/ament_cmake_ros/cmake)
[0.762s] -- Using all available rosidl_typesupport_c: rosidl_typesupport_fastrtps_c;rosidl_typesupport_introspection_c
[1.044s] -- Using all available rosidl_typesupport_cpp: rosidl_typesupport_fastrtps_cpp;rosidl_typesupport_introspection_cpp
[1.070s] -- Found python_cmake_module: 0.10.0 (/opt/ros/humble/share/python_cmake_module/cmake)
[1.095s] -- Using PYTHON_EXECUTABLE: /usr/bin/python3
[1.095s] -- Using PYTHON_INCLUDE_DIRS: /usr/include/python3.10
[1.095s] -- Using PYTHON_LIBRARIES: /usr/lib/x86_64-linux-gnu/libpython3.10.so
[1.110s] -- Found ament_lint_auto: 0.12.14 (/opt/ros/humble/share/ament_lint_auto/cmake)
[1.124s] -- Added test 'lint_cmake' to check CMake code style
[1.127s] -- Added test 'xmllint' to check XML markup files
[1.130s] -- Configuring done
[1.212s] -- Generating done
[1.228s] -- Build files have been written to: /home/student/Documents/formation_ros2/Introduction/ros2_ws/build/tutorial_interfaces
[1.257s] [  2%] [34m[1mGenerating C code for ROS interfaces[0m
[1.269s] [  5%] [34m[1mGenerating C++ code for ROS interfaces[0m
[1.281s] [  5%] Built target ament_cmake_python_copy_tutorial_interfaces
[1.636s] [35m[1mConsolidate compiler generated dependencies of target tutorial_interfaces__rosidl_generator_c[0m
[1.658s] [  7%] [32mBuilding C object CMakeFiles/tutorial_interfaces__rosidl_generator_c.dir/rosidl_generator_c/tutorial_interfaces/msg/detail/computer_info__functions.c.o[0m
[1.661s] running egg_info
[1.661s] [ 10%] [32mBuilding C object CMakeFiles/tutorial_interfaces__rosidl_generator_c.dir/rosidl_generator_c/tutorial_interfaces/srv/detail/add_two_ints__functions.c.o[0m
[1.661s] writing tutorial_interfaces.egg-info/PKG-INFO
[1.662s] writing dependency_links to tutorial_interfaces.egg-info/dependency_links.txt
[1.662s] writing top-level names to tutorial_interfaces.egg-info/top_level.txt
[1.666s] reading manifest file 'tutorial_interfaces.egg-info/SOURCES.txt'
[1.667s] writing manifest file 'tutorial_interfaces.egg-info/SOURCES.txt'
[1.672s] [ 10%] Built target tutorial_interfaces__cpp
[1.690s] [ 12%] [34m[1mGenerating C++ type support dispatch for ROS interfaces[0m
[1.690s] [ 15%] [34m[1mGenerating C++ type support for eProsima Fast-RTPS[0m
[1.690s] [ 17%] [34m[1mGenerating C++ introspection for ROS interfaces[0m
[1.709s] [ 17%] Built target ament_cmake_python_build_tutorial_interfaces_egg
[1.755s] [ 20%] [32m[1mLinking C shared library libtutorial_interfaces__rosidl_generator_c.so[0m
[1.795s] [ 20%] Built target tutorial_interfaces__rosidl_generator_c
[1.811s] [ 23%] [34m[1mGenerating C introspection for ROS interfaces[0m
[1.811s] [ 28%] [34m[1mGenerating C type support for eProsima Fast-RTPS[0m
[1.811s] [ 28%] [34m[1mGenerating C type support dispatch for ROS interfaces[0m
[2.106s] [35m[1mConsolidate compiler generated dependencies of target tutorial_interfaces__rosidl_typesupport_cpp[0m
[2.166s] [35m[1mConsolidate compiler generated dependencies of target tutorial_interfaces__rosidl_typesupport_introspection_cpp[0m
[2.192s] [ 30%] [32mBuilding CXX object CMakeFiles/tutorial_interfaces__rosidl_typesupport_cpp.dir/rosidl_typesupport_cpp/tutorial_interfaces/msg/computer_info__type_support.cpp.o[0m
[2.195s] [ 33%] [32mBuilding CXX object CMakeFiles/tutorial_interfaces__rosidl_typesupport_cpp.dir/rosidl_typesupport_cpp/tutorial_interfaces/srv/add_two_ints__type_support.cpp.o[0m
[2.195s] [35m[1mConsolidate compiler generated dependencies of target tutorial_interfaces__rosidl_typesupport_fastrtps_cpp[0m
[2.207s] [35m[1mConsolidate compiler generated dependencies of target tutorial_interfaces__rosidl_typesupport_c[0m
[2.223s] [ 35%] [32mBuilding CXX object CMakeFiles/tutorial_interfaces__rosidl_typesupport_introspection_cpp.dir/rosidl_typesupport_introspection_cpp/tutorial_interfaces/msg/detail/computer_info__type_support.cpp.o[0m
[2.224s] [ 38%] [32mBuilding CXX object CMakeFiles/tutorial_interfaces__rosidl_typesupport_introspection_cpp.dir/rosidl_typesupport_introspection_cpp/tutorial_interfaces/srv/detail/add_two_ints__type_support.cpp.o[0m
[2.256s] [ 41%] [32mBuilding CXX object CMakeFiles/tutorial_interfaces__rosidl_typesupport_c.dir/rosidl_typesupport_c/tutorial_interfaces/msg/computer_info__type_support.cpp.o[0m
[2.259s] [ 43%] [32mBuilding CXX object CMakeFiles/tutorial_interfaces__rosidl_typesupport_fastrtps_cpp.dir/rosidl_typesupport_fastrtps_cpp/tutorial_interfaces/msg/detail/dds_fastrtps/computer_info__type_support.cpp.o[0m
[2.360s] [ 46%] [32mBuilding CXX object CMakeFiles/tutorial_interfaces__rosidl_typesupport_c.dir/rosidl_typesupport_c/tutorial_interfaces/srv/add_two_ints__type_support.cpp.o[0m
[2.369s] [35m[1mConsolidate compiler generated dependencies of target tutorial_interfaces__rosidl_typesupport_fastrtps_c[0m
[2.395s] [ 48%] [32mBuilding CXX object CMakeFiles/tutorial_interfaces__rosidl_typesupport_fastrtps_c.dir/rosidl_typesupport_fastrtps_c/tutorial_interfaces/msg/detail/computer_info__type_support_c.cpp.o[0m
[2.400s] [35m[1mConsolidate compiler generated dependencies of target tutorial_interfaces__rosidl_typesupport_introspection_c[0m
[2.418s] [ 51%] [32m[1mLinking CXX shared library libtutorial_interfaces__rosidl_typesupport_c.so[0m
[2.457s] [ 53%] [32mBuilding C object CMakeFiles/tutorial_interfaces__rosidl_typesupport_introspection_c.dir/rosidl_typesupport_introspection_c/tutorial_interfaces/msg/detail/computer_info__type_support.c.o[0m
[2.514s] [ 53%] Built target tutorial_interfaces__rosidl_typesupport_c
[2.528s] [ 56%] [32mBuilding C object CMakeFiles/tutorial_interfaces__rosidl_typesupport_introspection_c.dir/rosidl_typesupport_introspection_c/tutorial_interfaces/srv/detail/add_two_ints__type_support.c.o[0m
[2.550s] [ 58%] [32mBuilding CXX object CMakeFiles/tutorial_interfaces__rosidl_typesupport_fastrtps_c.dir/rosidl_typesupport_fastrtps_c/tutorial_interfaces/srv/detail/add_two_ints__type_support_c.cpp.o[0m
[2.621s] [ 61%] [32m[1mLinking C shared library libtutorial_interfaces__rosidl_typesupport_introspection_c.so[0m
[2.671s] [ 64%] [32mBuilding CXX object CMakeFiles/tutorial_interfaces__rosidl_typesupport_fastrtps_cpp.dir/rosidl_typesupport_fastrtps_cpp/tutorial_interfaces/srv/detail/dds_fastrtps/add_two_ints__type_support.cpp.o[0m
[2.706s] [ 64%] Built target tutorial_interfaces__rosidl_typesupport_introspection_c
[2.707s] [ 66%] [32m[1mLinking CXX shared library libtutorial_interfaces__rosidl_typesupport_cpp.so[0m
[2.792s] [ 66%] Built target tutorial_interfaces__rosidl_typesupport_cpp
[2.974s] [ 69%] [32m[1mLinking CXX shared library libtutorial_interfaces__rosidl_typesupport_introspection_cpp.so[0m
[3.081s] [ 69%] Built target tutorial_interfaces__rosidl_typesupport_introspection_cpp
[3.105s] [ 71%] [32m[1mLinking CXX shared library libtutorial_interfaces__rosidl_typesupport_fastrtps_c.so[0m
[3.208s] [ 71%] Built target tutorial_interfaces__rosidl_typesupport_fastrtps_c
[3.218s] [ 74%] [32m[1mLinking CXX shared library libtutorial_interfaces__rosidl_typesupport_fastrtps_cpp.so[0m
[3.313s] [ 74%] Built target tutorial_interfaces__rosidl_typesupport_fastrtps_cpp
[3.345s] [ 74%] Built target tutorial_interfaces
[3.380s] [ 76%] [34m[1mGenerating Python code for ROS interfaces[0m
[3.817s] [ 76%] Built target tutorial_interfaces__py
[3.897s] [35m[1mConsolidate compiler generated dependencies of target tutorial_interfaces__rosidl_generator_py[0m
[3.912s] [ 82%] [32mBuilding C object CMakeFiles/tutorial_interfaces__rosidl_generator_py.dir/rosidl_generator_py/tutorial_interfaces/srv/_add_two_ints_s.c.o[0m
[3.912s] [ 82%] [32mBuilding C object CMakeFiles/tutorial_interfaces__rosidl_generator_py.dir/rosidl_generator_py/tutorial_interfaces/msg/_computer_info_s.c.o[0m
[4.027s] [ 84%] [32m[1mLinking C shared library rosidl_generator_py/tutorial_interfaces/libtutorial_interfaces__rosidl_generator_py.so[0m
[4.081s] [ 84%] Built target tutorial_interfaces__rosidl_generator_py
[4.128s] [35m[1mConsolidate compiler generated dependencies of target tutorial_interfaces__rosidl_typesupport_fastrtps_c__pyext[0m
[4.129s] [35m[1mConsolidate compiler generated dependencies of target tutorial_interfaces__rosidl_typesupport_introspection_c__pyext[0m
[4.129s] [35m[1mConsolidate compiler generated dependencies of target tutorial_interfaces__rosidl_typesupport_c__pyext[0m
[4.147s] [ 87%] [32mBuilding C object CMakeFiles/tutorial_interfaces__rosidl_typesupport_fastrtps_c__pyext.dir/rosidl_generator_py/tutorial_interfaces/_tutorial_interfaces_s.ep.rosidl_typesupport_fastrtps_c.c.o[0m
[4.148s] [ 89%] [32mBuilding C object CMakeFiles/tutorial_interfaces__rosidl_typesupport_introspection_c__pyext.dir/rosidl_generator_py/tutorial_interfaces/_tutorial_interfaces_s.ep.rosidl_typesupport_introspection_c.c.o[0m
[4.148s] [ 92%] [32mBuilding C object CMakeFiles/tutorial_interfaces__rosidl_typesupport_c__pyext.dir/rosidl_generator_py/tutorial_interfaces/_tutorial_interfaces_s.ep.rosidl_typesupport_c.c.o[0m
[4.270s] [ 97%] [32m[1mLinking C shared library rosidl_generator_py/tutorial_interfaces/tutorial_interfaces_s__rosidl_typesupport_introspection_c.cpython-310-x86_64-linux-gnu.so[0m
[4.270s] [ 97%] [32m[1mLinking C shared library rosidl_generator_py/tutorial_interfaces/tutorial_interfaces_s__rosidl_typesupport_c.cpython-310-x86_64-linux-gnu.so[0m
[4.273s] [100%] [32m[1mLinking C shared library rosidl_generator_py/tutorial_interfaces/tutorial_interfaces_s__rosidl_typesupport_fastrtps_c.cpython-310-x86_64-linux-gnu.so[0m
[4.307s] [100%] Built target tutorial_interfaces__rosidl_typesupport_introspection_c__pyext
[4.307s] [100%] Built target tutorial_interfaces__rosidl_typesupport_c__pyext
[4.312s] [100%] Built target tutorial_interfaces__rosidl_typesupport_fastrtps_c__pyext
[4.358s] Invoked command in '/home/student/Documents/formation_ros2/Introduction/ros2_ws/build/tutorial_interfaces' returned '0': CMAKE_PREFIX_PATH=${CMAKE_PREFIX_PATH}:/home/student/turtlebot3_ws/install/turtlebot3_teleop:/home/student/turtlebot3_ws/install/turtlebot3_example:/opt/ros/humble /usr/bin/cmake --build /home/student/Documents/formation_ros2/Introduction/ros2_ws/build/tutorial_interfaces -- -j8 -l8
[4.370s] Invoking command in '/home/student/Documents/formation_ros2/Introduction/ros2_ws/build/tutorial_interfaces': CMAKE_PREFIX_PATH=${CMAKE_PREFIX_PATH}:/home/student/turtlebot3_ws/install/turtlebot3_teleop:/home/student/turtlebot3_ws/install/turtlebot3_example:/opt/ros/humble /usr/bin/cmake --install /home/student/Documents/formation_ros2/Introduction/ros2_ws/build/tutorial_interfaces
[4.379s] -- Install configuration: ""
[4.380s] -- Installing: /home/student/Documents/formation_ros2/Introduction/ros2_ws/install/tutorial_interfaces/share/ament_index/resource_index/rosidl_interfaces/tutorial_interfaces
[4.380s] -- Up-to-date: /home/student/Documents/formation_ros2/Introduction/ros2_ws/install/tutorial_interfaces/include/tutorial_interfaces/tutorial_interfaces
[4.380s] -- Up-to-date: /home/student/Documents/formation_ros2/Introduction/ros2_ws/install/tutorial_interfaces/include/tutorial_interfaces/tutorial_interfaces/msg
[4.380s] -- Up-to-date: /home/student/Documents/formation_ros2/Introduction/ros2_ws/install/tutorial_interfaces/include/tutorial_interfaces/tutorial_interfaces/msg/num.h
[4.380s] -- Up-to-date: /home/student/Documents/formation_ros2/Introduction/ros2_ws/install/tutorial_interfaces/include/tutorial_interfaces/tutorial_interfaces/msg/rosidl_generator_c__visibility_control.h
[4.380s] -- Installing: /home/student/Documents/formation_ros2/Introduction/ros2_ws/install/tutorial_interfaces/include/tutorial_interfaces/tutorial_interfaces/msg/computer_info.h
[4.381s] -- Up-to-date: /home/student/Documents/formation_ros2/Introduction/ros2_ws/install/tutorial_interfaces/include/tutorial_interfaces/tutorial_interfaces/msg/detail
[4.381s] -- Up-to-date: /home/student/Documents/formation_ros2/Introduction/ros2_ws/install/tutorial_interfaces/include/tutorial_interfaces/tutorial_interfaces/msg/detail/msg__struct.h
[4.381s] -- Installing: /home/student/Documents/formation_ros2/Introduction/ros2_ws/install/tutorial_interfaces/include/tutorial_interfaces/tutorial_interfaces/msg/detail/computer_info__type_support.h
[4.381s] -- Installing: /home/student/Documents/formation_ros2/Introduction/ros2_ws/install/tutorial_interfaces/include/tutorial_interfaces/tutorial_interfaces/msg/detail/computer_info__functions.h
[4.381s] -- Installing: /home/student/Documents/formation_ros2/Introduction/ros2_ws/install/tutorial_interfaces/include/tutorial_interfaces/tutorial_interfaces/msg/detail/computer_info__functions.c
[4.381s] -- Up-to-date: /home/student/Documents/formation_ros2/Introduction/ros2_ws/install/tutorial_interfaces/include/tutorial_interfaces/tutorial_interfaces/msg/detail/num__struct.h
[4.382s] -- Up-to-date: /home/student/Documents/formation_ros2/Introduction/ros2_ws/install/tutorial_interfaces/include/tutorial_interfaces/tutorial_interfaces/msg/detail/num__type_support.h
[4.382s] -- Installing: /home/student/Documents/formation_ros2/Introduction/ros2_ws/install/tutorial_interfaces/include/tutorial_interfaces/tutorial_interfaces/msg/detail/computer_info__struct.h
[4.382s] -- Up-to-date: /home/student/Documents/formation_ros2/Introduction/ros2_ws/install/tutorial_interfaces/include/tutorial_interfaces/tutorial_interfaces/msg/detail/sphere__struct.h
[4.382s] -- Up-to-date: /home/student/Documents/formation_ros2/Introduction/ros2_ws/install/tutorial_interfaces/include/tutorial_interfaces/tutorial_interfaces/msg/detail/sphere__functions.h
[4.382s] -- Up-to-date: /home/student/Documents/formation_ros2/Introduction/ros2_ws/install/tutorial_interfaces/include/tutorial_interfaces/tutorial_interfaces/msg/detail/num__functions.c
[4.382s] -- Up-to-date: /home/student/Documents/formation_ros2/Introduction/ros2_ws/install/tutorial_interfaces/include/tutorial_interfaces/tutorial_interfaces/msg/detail/sphere__type_support.h
[4.383s] -- Up-to-date: /home/student/Documents/formation_ros2/Introduction/ros2_ws/install/tutorial_interfaces/include/tutorial_interfaces/tutorial_interfaces/msg/detail/msg__type_support.h
[4.383s] -- Up-to-date: /home/student/Documents/formation_ros2/Introduction/ros2_ws/install/tutorial_interfaces/include/tutorial_interfaces/tutorial_interfaces/msg/detail/msg__functions.c
[4.383s] -- Up-to-date: /home/student/Documents/formation_ros2/Introduction/ros2_ws/install/tutorial_interfaces/include/tutorial_interfaces/tutorial_interfaces/msg/detail/sphere__functions.c
[4.383s] -- Up-to-date: /home/student/Documents/formation_ros2/Introduction/ros2_ws/install/tutorial_interfaces/include/tutorial_interfaces/tutorial_interfaces/msg/detail/msg__functions.h
[4.383s] -- Up-to-date: /home/student/Documents/formation_ros2/Introduction/ros2_ws/install/tutorial_interfaces/include/tutorial_interfaces/tutorial_interfaces/msg/detail/num__functions.h
[4.383s] -- Up-to-date: /home/student/Documents/formation_ros2/Introduction/ros2_ws/install/tutorial_interfaces/include/tutorial_interfaces/tutorial_interfaces/msg/msg.h
[4.383s] -- Up-to-date: /home/student/Documents/formation_ros2/Introduction/ros2_ws/install/tutorial_interfaces/include/tutorial_interfaces/tutorial_interfaces/msg/sphere.h
[4.384s] -- Up-to-date: /home/student/Documents/formation_ros2/Introduction/ros2_ws/install/tutorial_interfaces/include/tutorial_interfaces/tutorial_interfaces/srv
[4.384s] -- Up-to-date: /home/student/Documents/formation_ros2/Introduction/ros2_ws/install/tutorial_interfaces/include/tutorial_interfaces/tutorial_interfaces/srv/add_three_ints.h
[4.384s] -- Up-to-date: /home/student/Documents/formation_ros2/Introduction/ros2_ws/install/tutorial_interfaces/include/tutorial_interfaces/tutorial_interfaces/srv/detail
[4.384s] -- Installing: /home/student/Documents/formation_ros2/Introduction/ros2_ws/install/tutorial_interfaces/include/tutorial_interfaces/tutorial_interfaces/srv/detail/add_two_ints__functions.c
[4.384s] -- Installing: /home/student/Documents/formation_ros2/Introduction/ros2_ws/install/tutorial_interfaces/include/tutorial_interfaces/tutorial_interfaces/srv/detail/add_two_ints__type_support.h
[4.384s] -- Up-to-date: /home/student/Documents/formation_ros2/Introduction/ros2_ws/install/tutorial_interfaces/include/tutorial_interfaces/tutorial_interfaces/srv/detail/add_three_ints__functions.h
[4.384s] -- Installing: /home/student/Documents/formation_ros2/Introduction/ros2_ws/install/tutorial_interfaces/include/tutorial_interfaces/tutorial_interfaces/srv/detail/add_two_ints__functions.h
[4.384s] -- Up-to-date: /home/student/Documents/formation_ros2/Introduction/ros2_ws/install/tutorial_interfaces/include/tutorial_interfaces/tutorial_interfaces/srv/detail/add_three_ints__type_support.h
[4.384s] -- Installing: /home/student/Documents/formation_ros2/Introduction/ros2_ws/install/tutorial_interfaces/include/tutorial_interfaces/tutorial_interfaces/srv/detail/add_two_ints__struct.h
[4.385s] -- Up-to-date: /home/student/Documents/formation_ros2/Introduction/ros2_ws/install/tutorial_interfaces/include/tutorial_interfaces/tutorial_interfaces/srv/detail/add_three_ints__functions.c
[4.385s] -- Up-to-date: /home/student/Documents/formation_ros2/Introduction/ros2_ws/install/tutorial_interfaces/include/tutorial_interfaces/tutorial_interfaces/srv/detail/add_three_ints__struct.h
[4.385s] -- Installing: /home/student/Documents/formation_ros2/Introduction/ros2_ws/install/tutorial_interfaces/include/tutorial_interfaces/tutorial_interfaces/srv/add_two_ints.h
[4.385s] -- Up-to-date: /home/student/Documents/formation_ros2/Introduction/ros2_ws/install/tutorial_interfaces/share/tutorial_interfaces/environment/library_path.sh
[4.385s] -- Installing: /home/student/Documents/formation_ros2/Introduction/ros2_ws/install/tutorial_interfaces/share/tutorial_interfaces/environment/library_path.dsv
[4.387s] -- Installing: /home/student/Documents/formation_ros2/Introduction/ros2_ws/install/tutorial_interfaces/lib/libtutorial_interfaces__rosidl_generator_c.so
[4.388s] -- Set runtime path of "/home/student/Documents/formation_ros2/Introduction/ros2_ws/install/tutorial_interfaces/lib/libtutorial_interfaces__rosidl_generator_c.so" to ""
[4.388s] -- Up-to-date: /home/student/Documents/formation_ros2/Introduction/ros2_ws/install/tutorial_interfaces/include/tutorial_interfaces/tutorial_interfaces
[4.389s] -- Up-to-date: /home/student/Documents/formation_ros2/Introduction/ros2_ws/install/tutorial_interfaces/include/tutorial_interfaces/tutorial_interfaces/msg
[4.389s] -- Up-to-date: /home/student/Documents/formation_ros2/Introduction/ros2_ws/install/tutorial_interfaces/include/tutorial_interfaces/tutorial_interfaces/msg/detail
[4.389s] -- Installing: /home/student/Documents/formation_ros2/Introduction/ros2_ws/install/tutorial_interfaces/include/tutorial_interfaces/tutorial_interfaces/msg/detail/computer_info__rosidl_typesupport_fastrtps_c.h
[4.389s] -- Up-to-date: /home/student/Documents/formation_ros2/Introduction/ros2_ws/install/tutorial_interfaces/include/tutorial_interfaces/tutorial_interfaces/msg/detail/sphere__rosidl_typesupport_fastrtps_c.h
[4.389s] -- Up-to-date: /home/student/Documents/formation_ros2/Introduction/ros2_ws/install/tutorial_interfaces/include/tutorial_interfaces/tutorial_interfaces/msg/detail/msg__rosidl_typesupport_fastrtps_c.h
[4.389s] -- Up-to-date: /home/student/Documents/formation_ros2/Introduction/ros2_ws/install/tutorial_interfaces/include/tutorial_interfaces/tutorial_interfaces/msg/detail/num__rosidl_typesupport_fastrtps_c.h
[4.389s] -- Up-to-date: /home/student/Documents/formation_ros2/Introduction/ros2_ws/install/tutorial_interfaces/include/tutorial_interfaces/tutorial_interfaces/msg/rosidl_typesupport_fastrtps_c__visibility_control.h
[4.390s] -- Up-to-date: /home/student/Documents/formation_ros2/Introduction/ros2_ws/install/tutorial_interfaces/include/tutorial_interfaces/tutorial_interfaces/srv
[4.390s] -- Up-to-date: /home/student/Documents/formation_ros2/Introduction/ros2_ws/install/tutorial_interfaces/include/tutorial_interfaces/tutorial_interfaces/srv/detail
[4.390s] -- Up-to-date: /home/student/Documents/formation_ros2/Introduction/ros2_ws/install/tutorial_interfaces/include/tutorial_interfaces/tutorial_interfaces/srv/detail/add_three_ints__rosidl_typesupport_fastrtps_c.h
[4.390s] -- Installing: /home/student/Documents/formation_ros2/Introduction/ros2_ws/install/tutorial_interfaces/include/tutorial_interfaces/tutorial_interfaces/srv/detail/add_two_ints__rosidl_typesupport_fastrtps_c.h
[4.390s] -- Installing: /home/student/Documents/formation_ros2/Introduction/ros2_ws/install/tutorial_interfaces/lib/libtutorial_interfaces__rosidl_typesupport_fastrtps_c.so
[4.390s] -- Set runtime path of "/home/student/Documents/formation_ros2/Introduction/ros2_ws/install/tutorial_interfaces/lib/libtutorial_interfaces__rosidl_typesupport_fastrtps_c.so" to ""
[4.390s] -- Up-to-date: /home/student/Documents/formation_ros2/Introduction/ros2_ws/install/tutorial_interfaces/include/tutorial_interfaces/tutorial_interfaces
[4.391s] -- Up-to-date: /home/student/Documents/formation_ros2/Introduction/ros2_ws/install/tutorial_interfaces/include/tutorial_interfaces/tutorial_interfaces/msg
[4.391s] -- Up-to-date: /home/student/Documents/formation_ros2/Introduction/ros2_ws/install/tutorial_interfaces/include/tutorial_interfaces/tutorial_interfaces/msg/detail
[4.391s] -- Up-to-date: /home/student/Documents/formation_ros2/Introduction/ros2_ws/install/tutorial_interfaces/include/tutorial_interfaces/tutorial_interfaces/msg/detail/msg__rosidl_typesupport_introspection_c.h
[4.391s] -- Up-to-date: /home/student/Documents/formation_ros2/Introduction/ros2_ws/install/tutorial_interfaces/include/tutorial_interfaces/tutorial_interfaces/msg/detail/msg__type_support.c
[4.391s] -- Up-to-date: /home/student/Documents/formation_ros2/Introduction/ros2_ws/install/tutorial_interfaces/include/tutorial_interfaces/tutorial_interfaces/msg/detail/sphere__rosidl_typesupport_introspection_c.h
[4.391s] -- Up-to-date: /home/student/Documents/formation_ros2/Introduction/ros2_ws/install/tutorial_interfaces/include/tutorial_interfaces/tutorial_interfaces/msg/detail/num__type_support.c
[4.392s] -- Up-to-date: /home/student/Documents/formation_ros2/Introduction/ros2_ws/install/tutorial_interfaces/include/tutorial_interfaces/tutorial_interfaces/msg/detail/num__rosidl_typesupport_introspection_c.h
[4.392s] -- Up-to-date: /home/student/Documents/formation_ros2/Introduction/ros2_ws/install/tutorial_interfaces/include/tutorial_interfaces/tutorial_interfaces/msg/detail/sphere__type_support.c
[4.392s] -- Installing: /home/student/Documents/formation_ros2/Introduction/ros2_ws/install/tutorial_interfaces/include/tutorial_interfaces/tutorial_interfaces/msg/detail/computer_info__rosidl_typesupport_introspection_c.h
[4.392s] -- Installing: /home/student/Documents/formation_ros2/Introduction/ros2_ws/install/tutorial_interfaces/include/tutorial_interfaces/tutorial_interfaces/msg/detail/computer_info__type_support.c
[4.392s] -- Up-to-date: /home/student/Documents/formation_ros2/Introduction/ros2_ws/install/tutorial_interfaces/include/tutorial_interfaces/tutorial_interfaces/msg/rosidl_typesupport_introspection_c__visibility_control.h
[4.392s] -- Up-to-date: /home/student/Documents/formation_ros2/Introduction/ros2_ws/install/tutorial_interfaces/include/tutorial_interfaces/tutorial_interfaces/srv
[4.392s] -- Up-to-date: /home/student/Documents/formation_ros2/Introduction/ros2_ws/install/tutorial_interfaces/include/tutorial_interfaces/tutorial_interfaces/srv/detail
[4.392s] -- Installing: /home/student/Documents/formation_ros2/Introduction/ros2_ws/install/tutorial_interfaces/include/tutorial_interfaces/tutorial_interfaces/srv/detail/add_two_ints__type_support.c
[4.393s] -- Up-to-date: /home/student/Documents/formation_ros2/Introduction/ros2_ws/install/tutorial_interfaces/include/tutorial_interfaces/tutorial_interfaces/srv/detail/add_three_ints__type_support.c
[4.393s] -- Installing: /home/student/Documents/formation_ros2/Introduction/ros2_ws/install/tutorial_interfaces/include/tutorial_interfaces/tutorial_interfaces/srv/detail/add_two_ints__rosidl_typesupport_introspection_c.h
[4.393s] -- Up-to-date: /home/student/Documents/formation_ros2/Introduction/ros2_ws/install/tutorial_interfaces/include/tutorial_interfaces/tutorial_interfaces/srv/detail/add_three_ints__rosidl_typesupport_introspection_c.h
[4.393s] -- Installing: /home/student/Documents/formation_ros2/Introduction/ros2_ws/install/tutorial_interfaces/lib/libtutorial_interfaces__rosidl_typesupport_introspection_c.so
[4.393s] -- Set runtime path of "/home/student/Documents/formation_ros2/Introduction/ros2_ws/install/tutorial_interfaces/lib/libtutorial_interfaces__rosidl_typesupport_introspection_c.so" to ""
[4.393s] -- Installing: /home/student/Documents/formation_ros2/Introduction/ros2_ws/install/tutorial_interfaces/lib/libtutorial_interfaces__rosidl_typesupport_c.so
[4.393s] -- Set runtime path of "/home/student/Documents/formation_ros2/Introduction/ros2_ws/install/tutorial_interfaces/lib/libtutorial_interfaces__rosidl_typesupport_c.so" to ""
[4.394s] -- Up-to-date: /home/student/Documents/formation_ros2/Introduction/ros2_ws/install/tutorial_interfaces/include/tutorial_interfaces/tutorial_interfaces
[4.394s] -- Up-to-date: /home/student/Documents/formation_ros2/Introduction/ros2_ws/install/tutorial_interfaces/include/tutorial_interfaces/tutorial_interfaces/msg
[4.394s] -- Up-to-date: /home/student/Documents/formation_ros2/Introduction/ros2_ws/install/tutorial_interfaces/include/tutorial_interfaces/tutorial_interfaces/msg/msg.hpp
[4.394s] -- Up-to-date: /home/student/Documents/formation_ros2/Introduction/ros2_ws/install/tutorial_interfaces/include/tutorial_interfaces/tutorial_interfaces/msg/detail
[4.394s] -- Up-to-date: /home/student/Documents/formation_ros2/Introduction/ros2_ws/install/tutorial_interfaces/include/tutorial_interfaces/tutorial_interfaces/msg/detail/msg__traits.hpp
[4.394s] -- Up-to-date: /home/student/Documents/formation_ros2/Introduction/ros2_ws/install/tutorial_interfaces/include/tutorial_interfaces/tutorial_interfaces/msg/detail/num__builder.hpp
[4.395s] -- Up-to-date: /home/student/Documents/formation_ros2/Introduction/ros2_ws/install/tutorial_interfaces/include/tutorial_interfaces/tutorial_interfaces/msg/detail/sphere__type_support.hpp
[4.395s] -- Up-to-date: /home/student/Documents/formation_ros2/Introduction/ros2_ws/install/tutorial_interfaces/include/tutorial_interfaces/tutorial_interfaces/msg/detail/num__traits.hpp
[4.395s] -- Up-to-date: /home/student/Documents/formation_ros2/Introduction/ros2_ws/install/tutorial_interfaces/include/tutorial_interfaces/tutorial_interfaces/msg/detail/sphere__traits.hpp
[4.395s] -- Up-to-date: /home/student/Documents/formation_ros2/Introduction/ros2_ws/install/tutorial_interfaces/include/tutorial_interfaces/tutorial_interfaces/msg/detail/msg__builder.hpp
[4.395s] -- Up-to-date: /home/student/Documents/formation_ros2/Introduction/ros2_ws/install/tutorial_interfaces/include/tutorial_interfaces/tutorial_interfaces/msg/detail/msg__type_support.hpp
[4.395s] -- Up-to-date: /home/student/Documents/formation_ros2/Introduction/ros2_ws/install/tutorial_interfaces/include/tutorial_interfaces/tutorial_interfaces/msg/detail/msg__struct.hpp
[4.396s] -- Installing: /home/student/Documents/formation_ros2/Introduction/ros2_ws/install/tutorial_interfaces/include/tutorial_interfaces/tutorial_interfaces/msg/detail/computer_info__struct.hpp
[4.396s] -- Installing: /home/student/Documents/formation_ros2/Introduction/ros2_ws/install/tutorial_interfaces/include/tutorial_interfaces/tutorial_interfaces/msg/detail/computer_info__traits.hpp
[4.396s] -- Installing: /home/student/Documents/formation_ros2/Introduction/ros2_ws/install/tutorial_interfaces/include/tutorial_interfaces/tutorial_interfaces/msg/detail/computer_info__type_support.hpp
[4.396s] -- Installing: /home/student/Documents/formation_ros2/Introduction/ros2_ws/install/tutorial_interfaces/include/tutorial_interfaces/tutorial_interfaces/msg/detail/computer_info__builder.hpp
[4.396s] -- Up-to-date: /home/student/Documents/formation_ros2/Introduction/ros2_ws/install/tutorial_interfaces/include/tutorial_interfaces/tutorial_interfaces/msg/detail/sphere__builder.hpp
[4.396s] -- Up-to-date: /home/student/Documents/formation_ros2/Introduction/ros2_ws/install/tutorial_interfaces/include/tutorial_interfaces/tutorial_interfaces/msg/detail/sphere__struct.hpp
[4.396s] -- Up-to-date: /home/student/Documents/formation_ros2/Introduction/ros2_ws/install/tutorial_interfaces/include/tutorial_interfaces/tutorial_interfaces/msg/detail/num__type_support.hpp
[4.397s] -- Up-to-date: /home/student/Documents/formation_ros2/Introduction/ros2_ws/install/tutorial_interfaces/include/tutorial_interfaces/tutorial_interfaces/msg/detail/num__struct.hpp
[4.397s] -- Installing: /home/student/Documents/formation_ros2/Introduction/ros2_ws/install/tutorial_interfaces/include/tutorial_interfaces/tutorial_interfaces/msg/computer_info.hpp
[4.397s] -- Up-to-date: /home/student/Documents/formation_ros2/Introduction/ros2_ws/install/tutorial_interfaces/include/tutorial_interfaces/tutorial_interfaces/msg/sphere.hpp
[4.397s] -- Up-to-date: /home/student/Documents/formation_ros2/Introduction/ros2_ws/install/tutorial_interfaces/include/tutorial_interfaces/tutorial_interfaces/msg/rosidl_generator_cpp__visibility_control.hpp
[4.397s] -- Up-to-date: /home/student/Documents/formation_ros2/Introduction/ros2_ws/install/tutorial_interfaces/include/tutorial_interfaces/tutorial_interfaces/msg/num.hpp
[4.397s] -- Up-to-date: /home/student/Documents/formation_ros2/Introduction/ros2_ws/install/tutorial_interfaces/include/tutorial_interfaces/tutorial_interfaces/srv
[4.398s] -- Up-to-date: /home/student/Documents/formation_ros2/Introduction/ros2_ws/install/tutorial_interfaces/include/tutorial_interfaces/tutorial_interfaces/srv/detail
[4.398s] -- Installing: /home/student/Documents/formation_ros2/Introduction/ros2_ws/install/tutorial_interfaces/include/tutorial_interfaces/tutorial_interfaces/srv/detail/add_two_ints__struct.hpp
[4.398s] -- Up-to-date: /home/student/Documents/formation_ros2/Introduction/ros2_ws/install/tutorial_interfaces/include/tutorial_interfaces/tutorial_interfaces/srv/detail/add_three_ints__type_support.hpp
[4.398s] -- Up-to-date: /home/student/Documents/formation_ros2/Introduction/ros2_ws/install/tutorial_interfaces/include/tutorial_interfaces/tutorial_interfaces/srv/detail/add_three_ints__traits.hpp
[4.398s] -- Installing: /home/student/Documents/formation_ros2/Introduction/ros2_ws/install/tutorial_interfaces/include/tutorial_interfaces/tutorial_interfaces/srv/detail/add_two_ints__traits.hpp
[4.398s] -- Installing: /home/student/Documents/formation_ros2/Introduction/ros2_ws/install/tutorial_interfaces/include/tutorial_interfaces/tutorial_interfaces/srv/detail/add_two_ints__builder.hpp
[4.398s] -- Up-to-date: /home/student/Documents/formation_ros2/Introduction/ros2_ws/install/tutorial_interfaces/include/tutorial_interfaces/tutorial_interfaces/srv/detail/add_three_ints__builder.hpp
[4.399s] -- Installing: /home/student/Documents/formation_ros2/Introduction/ros2_ws/install/tutorial_interfaces/include/tutorial_interfaces/tutorial_interfaces/srv/detail/add_two_ints__type_support.hpp
[4.399s] -- Up-to-date: /home/student/Documents/formation_ros2/Introduction/ros2_ws/install/tutorial_interfaces/include/tutorial_interfaces/tutorial_interfaces/srv/detail/add_three_ints__struct.hpp
[4.399s] -- Up-to-date: /home/student/Documents/formation_ros2/Introduction/ros2_ws/install/tutorial_interfaces/include/tutorial_interfaces/tutorial_interfaces/srv/add_three_ints.hpp
[4.399s] -- Installing: /home/student/Documents/formation_ros2/Introduction/ros2_ws/install/tutorial_interfaces/include/tutorial_interfaces/tutorial_interfaces/srv/add_two_ints.hpp
[4.399s] -- Up-to-date: /home/student/Documents/formation_ros2/Introduction/ros2_ws/install/tutorial_interfaces/include/tutorial_interfaces/tutorial_interfaces
[4.399s] -- Up-to-date: /home/student/Documents/formation_ros2/Introduction/ros2_ws/install/tutorial_interfaces/include/tutorial_interfaces/tutorial_interfaces/msg
[4.399s] -- Up-to-date: /home/student/Documents/formation_ros2/Introduction/ros2_ws/install/tutorial_interfaces/include/tutorial_interfaces/tutorial_interfaces/msg/rosidl_typesupport_fastrtps_cpp__visibility_control.h
[4.400s] -- Up-to-date: /home/student/Documents/formation_ros2/Introduction/ros2_ws/install/tutorial_interfaces/include/tutorial_interfaces/tutorial_interfaces/msg/detail
[4.400s] -- Installing: /home/student/Documents/formation_ros2/Introduction/ros2_ws/install/tutorial_interfaces/include/tutorial_interfaces/tutorial_interfaces/msg/detail/computer_info__rosidl_typesupport_fastrtps_cpp.hpp
[4.400s] -- Up-to-date: /home/student/Documents/formation_ros2/Introduction/ros2_ws/install/tutorial_interfaces/include/tutorial_interfaces/tutorial_interfaces/msg/detail/msg__rosidl_typesupport_fastrtps_cpp.hpp
[4.400s] -- Up-to-date: /home/student/Documents/formation_ros2/Introduction/ros2_ws/install/tutorial_interfaces/include/tutorial_interfaces/tutorial_interfaces/msg/detail/dds_fastrtps
[4.400s] -- Up-to-date: /home/student/Documents/formation_ros2/Introduction/ros2_ws/install/tutorial_interfaces/include/tutorial_interfaces/tutorial_interfaces/msg/detail/sphere__rosidl_typesupport_fastrtps_cpp.hpp
[4.400s] -- Up-to-date: /home/student/Documents/formation_ros2/Introduction/ros2_ws/install/tutorial_interfaces/include/tutorial_interfaces/tutorial_interfaces/msg/detail/num__rosidl_typesupport_fastrtps_cpp.hpp
[4.400s] -- Up-to-date: /home/student/Documents/formation_ros2/Introduction/ros2_ws/install/tutorial_interfaces/include/tutorial_interfaces/tutorial_interfaces/srv
[4.401s] -- Up-to-date: /home/student/Documents/formation_ros2/Introduction/ros2_ws/install/tutorial_interfaces/include/tutorial_interfaces/tutorial_interfaces/srv/detail
[4.401s] -- Up-to-date: /home/student/Documents/formation_ros2/Introduction/ros2_ws/install/tutorial_interfaces/include/tutorial_interfaces/tutorial_interfaces/srv/detail/add_three_ints__rosidl_typesupport_fastrtps_cpp.hpp
[4.401s] -- Up-to-date: /home/student/Documents/formation_ros2/Introduction/ros2_ws/install/tutorial_interfaces/include/tutorial_interfaces/tutorial_interfaces/srv/detail/dds_fastrtps
[4.401s] -- Installing: /home/student/Documents/formation_ros2/Introduction/ros2_ws/install/tutorial_interfaces/include/tutorial_interfaces/tutorial_interfaces/srv/detail/add_two_ints__rosidl_typesupport_fastrtps_cpp.hpp
[4.401s] -- Installing: /home/student/Documents/formation_ros2/Introduction/ros2_ws/install/tutorial_interfaces/lib/libtutorial_interfaces__rosidl_typesupport_fastrtps_cpp.so
[4.401s] -- Set runtime path of "/home/student/Documents/formation_ros2/Introduction/ros2_ws/install/tutorial_interfaces/lib/libtutorial_interfaces__rosidl_typesupport_fastrtps_cpp.so" to ""
[4.401s] -- Up-to-date: /home/student/Documents/formation_ros2/Introduction/ros2_ws/install/tutorial_interfaces/include/tutorial_interfaces/tutorial_interfaces
[4.401s] -- Up-to-date: /home/student/Documents/formation_ros2/Introduction/ros2_ws/install/tutorial_interfaces/include/tutorial_interfaces/tutorial_interfaces/msg
[4.401s] -- Up-to-date: /home/student/Documents/formation_ros2/Introduction/ros2_ws/install/tutorial_interfaces/include/tutorial_interfaces/tutorial_interfaces/msg/detail
[4.402s] -- Up-to-date: /home/student/Documents/formation_ros2/Introduction/ros2_ws/install/tutorial_interfaces/include/tutorial_interfaces/tutorial_interfaces/msg/detail/msg__type_support.cpp
[4.402s] -- Installing: /home/student/Documents/formation_ros2/Introduction/ros2_ws/install/tutorial_interfaces/include/tutorial_interfaces/tutorial_interfaces/msg/detail/computer_info__rosidl_typesupport_introspection_cpp.hpp
[4.402s] -- Up-to-date: /home/student/Documents/formation_ros2/Introduction/ros2_ws/install/tutorial_interfaces/include/tutorial_interfaces/tutorial_interfaces/msg/detail/num__rosidl_typesupport_introspection_cpp.hpp
[4.402s] -- Installing: /home/student/Documents/formation_ros2/Introduction/ros2_ws/install/tutorial_interfaces/include/tutorial_interfaces/tutorial_interfaces/msg/detail/computer_info__type_support.cpp
[4.402s] -- Up-to-date: /home/student/Documents/formation_ros2/Introduction/ros2_ws/install/tutorial_interfaces/include/tutorial_interfaces/tutorial_interfaces/msg/detail/sphere__type_support.cpp
[4.402s] -- Up-to-date: /home/student/Documents/formation_ros2/Introduction/ros2_ws/install/tutorial_interfaces/include/tutorial_interfaces/tutorial_interfaces/msg/detail/msg__rosidl_typesupport_introspection_cpp.hpp
[4.402s] -- Up-to-date: /home/student/Documents/formation_ros2/Introduction/ros2_ws/install/tutorial_interfaces/include/tutorial_interfaces/tutorial_interfaces/msg/detail/num__type_support.cpp
[4.403s] -- Up-to-date: /home/student/Documents/formation_ros2/Introduction/ros2_ws/install/tutorial_interfaces/include/tutorial_interfaces/tutorial_interfaces/msg/detail/sphere__rosidl_typesupport_introspection_cpp.hpp
[4.403s] -- Up-to-date: /home/student/Documents/formation_ros2/Introduction/ros2_ws/install/tutorial_interfaces/include/tutorial_interfaces/tutorial_interfaces/srv
[4.403s] -- Up-to-date: /home/student/Documents/formation_ros2/Introduction/ros2_ws/install/tutorial_interfaces/include/tutorial_interfaces/tutorial_interfaces/srv/detail
[4.403s] -- Up-to-date: /home/student/Documents/formation_ros2/Introduction/ros2_ws/install/tutorial_interfaces/include/tutorial_interfaces/tutorial_interfaces/srv/detail/add_three_ints__type_support.cpp
[4.403s] -- Installing: /home/student/Documents/formation_ros2/Introduction/ros2_ws/install/tutorial_interfaces/include/tutorial_interfaces/tutorial_interfaces/srv/detail/add_two_ints__rosidl_typesupport_introspection_cpp.hpp
[4.403s] -- Up-to-date: /home/student/Documents/formation_ros2/Introduction/ros2_ws/install/tutorial_interfaces/include/tutorial_interfaces/tutorial_interfaces/srv/detail/add_three_ints__rosidl_typesupport_introspection_cpp.hpp
[4.403s] -- Installing: /home/student/Documents/formation_ros2/Introduction/ros2_ws/install/tutorial_interfaces/include/tutorial_interfaces/tutorial_interfaces/srv/detail/add_two_ints__type_support.cpp
[4.403s] -- Installing: /home/student/Documents/formation_ros2/Introduction/ros2_ws/install/tutorial_interfaces/lib/libtutorial_interfaces__rosidl_typesupport_introspection_cpp.so
[4.404s] -- Set runtime path of "/home/student/Documents/formation_ros2/Introduction/ros2_ws/install/tutorial_interfaces/lib/libtutorial_interfaces__rosidl_typesupport_introspection_cpp.so" to ""
[4.404s] -- Installing: /home/student/Documents/formation_ros2/Introduction/ros2_ws/install/tutorial_interfaces/lib/libtutorial_interfaces__rosidl_typesupport_cpp.so
[4.404s] -- Set runtime path of "/home/student/Documents/formation_ros2/Introduction/ros2_ws/install/tutorial_interfaces/lib/libtutorial_interfaces__rosidl_typesupport_cpp.so" to ""
[4.404s] -- Up-to-date: /home/student/Documents/formation_ros2/Introduction/ros2_ws/install/tutorial_interfaces/share/tutorial_interfaces/environment/pythonpath.sh
[4.404s] -- Installing: /home/student/Documents/formation_ros2/Introduction/ros2_ws/install/tutorial_interfaces/share/tutorial_interfaces/environment/pythonpath.dsv
[4.404s] -- Up-to-date: /home/student/Documents/formation_ros2/Introduction/ros2_ws/install/tutorial_interfaces/local/lib/python3.10/dist-packages/tutorial_interfaces-0.0.0-py3.10.egg-info
[4.404s] -- Installing: /home/student/Documents/formation_ros2/Introduction/ros2_ws/install/tutorial_interfaces/local/lib/python3.10/dist-packages/tutorial_interfaces-0.0.0-py3.10.egg-info/top_level.txt
[4.409s] -- Installing: /home/student/Documents/formation_ros2/Introduction/ros2_ws/install/tutorial_interfaces/local/lib/python3.10/dist-packages/tutorial_interfaces-0.0.0-py3.10.egg-info/dependency_links.txt
[4.409s] -- Installing: /home/student/Documents/formation_ros2/Introduction/ros2_ws/install/tutorial_interfaces/local/lib/python3.10/dist-packages/tutorial_interfaces-0.0.0-py3.10.egg-info/SOURCES.txt
[4.410s] -- Installing: /home/student/Documents/formation_ros2/Introduction/ros2_ws/install/tutorial_interfaces/local/lib/python3.10/dist-packages/tutorial_interfaces-0.0.0-py3.10.egg-info/PKG-INFO
[4.410s] -- Up-to-date: /home/student/Documents/formation_ros2/Introduction/ros2_ws/install/tutorial_interfaces/local/lib/python3.10/dist-packages/tutorial_interfaces
[4.410s] -- Installing: /home/student/Documents/formation_ros2/Introduction/ros2_ws/install/tutorial_interfaces/local/lib/python3.10/dist-packages/tutorial_interfaces/_tutorial_interfaces_s.ep.rosidl_typesupport_fastrtps_c.c
[4.410s] -- Installing: /home/student/Documents/formation_ros2/Introduction/ros2_ws/install/tutorial_interfaces/local/lib/python3.10/dist-packages/tutorial_interfaces/_tutorial_interfaces_s.ep.rosidl_typesupport_introspection_c.c
[4.411s] -- Installing: /home/student/Documents/formation_ros2/Introduction/ros2_ws/install/tutorial_interfaces/local/lib/python3.10/dist-packages/tutorial_interfaces/_tutorial_interfaces_s.ep.rosidl_typesupport_c.c
[4.411s] -- Installing: /home/student/Documents/formation_ros2/Introduction/ros2_ws/install/tutorial_interfaces/local/lib/python3.10/dist-packages/tutorial_interfaces/tutorial_interfaces_s__rosidl_typesupport_introspection_c.cpython-310-x86_64-linux-gnu.so
[4.411s] -- Up-to-date: /home/student/Documents/formation_ros2/Introduction/ros2_ws/install/tutorial_interfaces/local/lib/python3.10/dist-packages/tutorial_interfaces/msg
[4.411s] -- Up-to-date: /home/student/Documents/formation_ros2/Introduction/ros2_ws/install/tutorial_interfaces/local/lib/python3.10/dist-packages/tutorial_interfaces/msg/_msg.py
[4.411s] -- Up-to-date: /home/student/Documents/formation_ros2/Introduction/ros2_ws/install/tutorial_interfaces/local/lib/python3.10/dist-packages/tutorial_interfaces/msg/_sphere_s.c
[4.412s] -- Up-to-date: /home/student/Documents/formation_ros2/Introduction/ros2_ws/install/tutorial_interfaces/local/lib/python3.10/dist-packages/tutorial_interfaces/msg/_num_s.c
[4.412s] -- Up-to-date: /home/student/Documents/formation_ros2/Introduction/ros2_ws/install/tutorial_interfaces/local/lib/python3.10/dist-packages/tutorial_interfaces/msg/_num.py
[4.412s] -- Installing: /home/student/Documents/formation_ros2/Introduction/ros2_ws/install/tutorial_interfaces/local/lib/python3.10/dist-packages/tutorial_interfaces/msg/_computer_info.py
[4.412s] -- Installing: /home/student/Documents/formation_ros2/Introduction/ros2_ws/install/tutorial_interfaces/local/lib/python3.10/dist-packages/tutorial_interfaces/msg/_computer_info_s.c
[4.412s] -- Up-to-date: /home/student/Documents/formation_ros2/Introduction/ros2_ws/install/tutorial_interfaces/local/lib/python3.10/dist-packages/tutorial_interfaces/msg/_sphere.py
[4.412s] -- Up-to-date: /home/student/Documents/formation_ros2/Introduction/ros2_ws/install/tutorial_interfaces/local/lib/python3.10/dist-packages/tutorial_interfaces/msg/_msg_s.c
[4.412s] -- Installing: /home/student/Documents/formation_ros2/Introduction/ros2_ws/install/tutorial_interfaces/local/lib/python3.10/dist-packages/tutorial_interfaces/msg/__init__.py
[4.412s] -- Up-to-date: /home/student/Documents/formation_ros2/Introduction/ros2_ws/install/tutorial_interfaces/local/lib/python3.10/dist-packages/tutorial_interfaces/srv
[4.412s] -- Up-to-date: /home/student/Documents/formation_ros2/Introduction/ros2_ws/install/tutorial_interfaces/local/lib/python3.10/dist-packages/tutorial_interfaces/srv/_add_three_ints.py
[4.412s] -- Installing: /home/student/Documents/formation_ros2/Introduction/ros2_ws/install/tutorial_interfaces/local/lib/python3.10/dist-packages/tutorial_interfaces/srv/_add_two_ints_s.c
[4.413s] -- Up-to-date: /home/student/Documents/formation_ros2/Introduction/ros2_ws/install/tutorial_interfaces/local/lib/python3.10/dist-packages/tutorial_interfaces/srv/_add_three_ints_s.c
[4.413s] -- Installing: /home/student/Documents/formation_ros2/Introduction/ros2_ws/install/tutorial_interfaces/local/lib/python3.10/dist-packages/tutorial_interfaces/srv/_add_two_ints.py
[4.413s] -- Installing: /home/student/Documents/formation_ros2/Introduction/ros2_ws/install/tutorial_interfaces/local/lib/python3.10/dist-packages/tutorial_interfaces/srv/__init__.py
[4.413s] -- Installing: /home/student/Documents/formation_ros2/Introduction/ros2_ws/install/tutorial_interfaces/local/lib/python3.10/dist-packages/tutorial_interfaces/tutorial_interfaces_s__rosidl_typesupport_c.cpython-310-x86_64-linux-gnu.so
[4.413s] -- Installing: /home/student/Documents/formation_ros2/Introduction/ros2_ws/install/tutorial_interfaces/local/lib/python3.10/dist-packages/tutorial_interfaces/__init__.py
[4.413s] -- Installing: /home/student/Documents/formation_ros2/Introduction/ros2_ws/install/tutorial_interfaces/local/lib/python3.10/dist-packages/tutorial_interfaces/libtutorial_interfaces__rosidl_generator_py.so
[4.414s] -- Installing: /home/student/Documents/formation_ros2/Introduction/ros2_ws/install/tutorial_interfaces/local/lib/python3.10/dist-packages/tutorial_interfaces/tutorial_interfaces_s__rosidl_typesupport_fastrtps_c.cpython-310-x86_64-linux-gnu.so
[4.461s] Listing '/home/student/Documents/formation_ros2/Introduction/ros2_ws/install/tutorial_interfaces/local/lib/python3.10/dist-packages/tutorial_interfaces'...
[4.461s] Compiling '/home/student/Documents/formation_ros2/Introduction/ros2_ws/install/tutorial_interfaces/local/lib/python3.10/dist-packages/tutorial_interfaces/__init__.py'...
[4.461s] Listing '/home/student/Documents/formation_ros2/Introduction/ros2_ws/install/tutorial_interfaces/local/lib/python3.10/dist-packages/tutorial_interfaces/msg'...
[4.461s] Compiling '/home/student/Documents/formation_ros2/Introduction/ros2_ws/install/tutorial_interfaces/local/lib/python3.10/dist-packages/tutorial_interfaces/msg/__init__.py'...
[4.461s] Compiling '/home/student/Documents/formation_ros2/Introduction/ros2_ws/install/tutorial_interfaces/local/lib/python3.10/dist-packages/tutorial_interfaces/msg/_computer_info.py'...
[4.461s] Listing '/home/student/Documents/formation_ros2/Introduction/ros2_ws/install/tutorial_interfaces/local/lib/python3.10/dist-packages/tutorial_interfaces/srv'...
[4.461s] Compiling '/home/student/Documents/formation_ros2/Introduction/ros2_ws/install/tutorial_interfaces/local/lib/python3.10/dist-packages/tutorial_interfaces/srv/__init__.py'...
[4.461s] Compiling '/home/student/Documents/formation_ros2/Introduction/ros2_ws/install/tutorial_interfaces/local/lib/python3.10/dist-packages/tutorial_interfaces/srv/_add_two_ints.py'...
[4.466s] -- Installing: /home/student/Documents/formation_ros2/Introduction/ros2_ws/install/tutorial_interfaces/local/lib/python3.10/dist-packages/tutorial_interfaces/tutorial_interfaces_s__rosidl_typesupport_fastrtps_c.cpython-310-x86_64-linux-gnu.so
[4.467s] -- Set runtime path of "/home/student/Documents/formation_ros2/Introduction/ros2_ws/install/tutorial_interfaces/local/lib/python3.10/dist-packages/tutorial_interfaces/tutorial_interfaces_s__rosidl_typesupport_fastrtps_c.cpython-310-x86_64-linux-gnu.so" to ""
[4.467s] -- Installing: /home/student/Documents/formation_ros2/Introduction/ros2_ws/install/tutorial_interfaces/local/lib/python3.10/dist-packages/tutorial_interfaces/tutorial_interfaces_s__rosidl_typesupport_introspection_c.cpython-310-x86_64-linux-gnu.so
[4.468s] -- Set runtime path of "/home/student/Documents/formation_ros2/Introduction/ros2_ws/install/tutorial_interfaces/local/lib/python3.10/dist-packages/tutorial_interfaces/tutorial_interfaces_s__rosidl_typesupport_introspection_c.cpython-310-x86_64-linux-gnu.so" to ""
[4.468s] -- Installing: /home/student/Documents/formation_ros2/Introduction/ros2_ws/install/tutorial_interfaces/local/lib/python3.10/dist-packages/tutorial_interfaces/tutorial_interfaces_s__rosidl_typesupport_c.cpython-310-x86_64-linux-gnu.so
[4.469s] -- Set runtime path of "/home/student/Documents/formation_ros2/Introduction/ros2_ws/install/tutorial_interfaces/local/lib/python3.10/dist-packages/tutorial_interfaces/tutorial_interfaces_s__rosidl_typesupport_c.cpython-310-x86_64-linux-gnu.so" to ""
[4.469s] -- Installing: /home/student/Documents/formation_ros2/Introduction/ros2_ws/install/tutorial_interfaces/lib/libtutorial_interfaces__rosidl_generator_py.so
[4.470s] -- Set runtime path of "/home/student/Documents/formation_ros2/Introduction/ros2_ws/install/tutorial_interfaces/lib/libtutorial_interfaces__rosidl_generator_py.so" to ""
[4.471s] -- Up-to-date: /home/student/Documents/formation_ros2/Introduction/ros2_ws/install/tutorial_interfaces/share/tutorial_interfaces/msg/ComputerInfo.idl
[4.471s] -- Installing: /home/student/Documents/formation_ros2/Introduction/ros2_ws/install/tutorial_interfaces/share/tutorial_interfaces/srv/AddTwoInts.idl
[4.471s] -- Up-to-date: /home/student/Documents/formation_ros2/Introduction/ros2_ws/install/tutorial_interfaces/share/tutorial_interfaces/msg/ComputerInfo.msg
[4.471s] -- Installing: /home/student/Documents/formation_ros2/Introduction/ros2_ws/install/tutorial_interfaces/share/tutorial_interfaces/srv/AddTwoInts.srv
[4.471s] -- Installing: /home/student/Documents/formation_ros2/Introduction/ros2_ws/install/tutorial_interfaces/share/tutorial_interfaces/srv/AddTwoInts_Request.msg
[4.472s] -- Installing: /home/student/Documents/formation_ros2/Introduction/ros2_ws/install/tutorial_interfaces/share/tutorial_interfaces/srv/AddTwoInts_Response.msg
[4.472s] -- Up-to-date: /home/student/Documents/formation_ros2/Introduction/ros2_ws/install/tutorial_interfaces/share/ament_index/resource_index/package_run_dependencies/tutorial_interfaces
[4.472s] -- Installing: /home/student/Documents/formation_ros2/Introduction/ros2_ws/install/tutorial_interfaces/share/ament_index/resource_index/parent_prefix_path/tutorial_interfaces
[4.474s] -- Up-to-date: /home/student/Documents/formation_ros2/Introduction/ros2_ws/install/tutorial_interfaces/share/tutorial_interfaces/environment/ament_prefix_path.sh
[4.474s] -- Installing: /home/student/Documents/formation_ros2/Introduction/ros2_ws/install/tutorial_interfaces/share/tutorial_interfaces/environment/ament_prefix_path.dsv
[4.477s] -- Up-to-date: /home/student/Documents/formation_ros2/Introduction/ros2_ws/install/tutorial_interfaces/share/tutorial_interfaces/environment/path.sh
[4.477s] -- Installing: /home/student/Documents/formation_ros2/Introduction/ros2_ws/install/tutorial_interfaces/share/tutorial_interfaces/environment/path.dsv
[4.478s] -- Up-to-date: /home/student/Documents/formation_ros2/Introduction/ros2_ws/install/tutorial_interfaces/share/tutorial_interfaces/local_setup.bash
[4.478s] -- Up-to-date: /home/student/Documents/formation_ros2/Introduction/ros2_ws/install/tutorial_interfaces/share/tutorial_interfaces/local_setup.sh
[4.478s] -- Up-to-date: /home/student/Documents/formation_ros2/Introduction/ros2_ws/install/tutorial_interfaces/share/tutorial_interfaces/local_setup.zsh
[4.478s] -- Installing: /home/student/Documents/formation_ros2/Introduction/ros2_ws/install/tutorial_interfaces/share/tutorial_interfaces/local_setup.dsv
[4.479s] -- Installing: /home/student/Documents/formation_ros2/Introduction/ros2_ws/install/tutorial_interfaces/share/tutorial_interfaces/package.dsv
[4.479s] -- Up-to-date: /home/student/Documents/formation_ros2/Introduction/ros2_ws/install/tutorial_interfaces/share/ament_index/resource_index/packages/tutorial_interfaces
[4.480s] -- Up-to-date: /home/student/Documents/formation_ros2/Introduction/ros2_ws/install/tutorial_interfaces/share/tutorial_interfaces/cmake/export_tutorial_interfaces__rosidl_generator_cExport.cmake
[4.480s] -- Up-to-date: /home/student/Documents/formation_ros2/Introduction/ros2_ws/install/tutorial_interfaces/share/tutorial_interfaces/cmake/export_tutorial_interfaces__rosidl_generator_cExport-noconfig.cmake
[4.480s] -- Up-to-date: /home/student/Documents/formation_ros2/Introduction/ros2_ws/install/tutorial_interfaces/share/tutorial_interfaces/cmake/export_tutorial_interfaces__rosidl_typesupport_fastrtps_cExport.cmake
[4.480s] -- Up-to-date: /home/student/Documents/formation_ros2/Introduction/ros2_ws/install/tutorial_interfaces/share/tutorial_interfaces/cmake/export_tutorial_interfaces__rosidl_typesupport_fastrtps_cExport-noconfig.cmake
[4.480s] -- Up-to-date: /home/student/Documents/formation_ros2/Introduction/ros2_ws/install/tutorial_interfaces/share/tutorial_interfaces/cmake/tutorial_interfaces__rosidl_typesupport_introspection_cExport.cmake
[4.480s] -- Up-to-date: /home/student/Documents/formation_ros2/Introduction/ros2_ws/install/tutorial_interfaces/share/tutorial_interfaces/cmake/tutorial_interfaces__rosidl_typesupport_introspection_cExport-noconfig.cmake
[4.481s] -- Up-to-date: /home/student/Documents/formation_ros2/Introduction/ros2_ws/install/tutorial_interfaces/share/tutorial_interfaces/cmake/tutorial_interfaces__rosidl_typesupport_cExport.cmake
[4.481s] -- Up-to-date: /home/student/Documents/formation_ros2/Introduction/ros2_ws/install/tutorial_interfaces/share/tutorial_interfaces/cmake/tutorial_interfaces__rosidl_typesupport_cExport-noconfig.cmake
[4.481s] -- Up-to-date: /home/student/Documents/formation_ros2/Introduction/ros2_ws/install/tutorial_interfaces/share/tutorial_interfaces/cmake/export_tutorial_interfaces__rosidl_generator_cppExport.cmake
[4.481s] -- Up-to-date: /home/student/Documents/formation_ros2/Introduction/ros2_ws/install/tutorial_interfaces/share/tutorial_interfaces/cmake/export_tutorial_interfaces__rosidl_typesupport_fastrtps_cppExport.cmake
[4.481s] -- Up-to-date: /home/student/Documents/formation_ros2/Introduction/ros2_ws/install/tutorial_interfaces/share/tutorial_interfaces/cmake/export_tutorial_interfaces__rosidl_typesupport_fastrtps_cppExport-noconfig.cmake
[4.481s] -- Up-to-date: /home/student/Documents/formation_ros2/Introduction/ros2_ws/install/tutorial_interfaces/share/tutorial_interfaces/cmake/tutorial_interfaces__rosidl_typesupport_introspection_cppExport.cmake
[4.481s] -- Up-to-date: /home/student/Documents/formation_ros2/Introduction/ros2_ws/install/tutorial_interfaces/share/tutorial_interfaces/cmake/tutorial_interfaces__rosidl_typesupport_introspection_cppExport-noconfig.cmake
[4.481s] -- Up-to-date: /home/student/Documents/formation_ros2/Introduction/ros2_ws/install/tutorial_interfaces/share/tutorial_interfaces/cmake/tutorial_interfaces__rosidl_typesupport_cppExport.cmake
[4.481s] -- Up-to-date: /home/student/Documents/formation_ros2/Introduction/ros2_ws/install/tutorial_interfaces/share/tutorial_interfaces/cmake/tutorial_interfaces__rosidl_typesupport_cppExport-noconfig.cmake
[4.482s] -- Up-to-date: /home/student/Documents/formation_ros2/Introduction/ros2_ws/install/tutorial_interfaces/share/tutorial_interfaces/cmake/export_tutorial_interfaces__rosidl_generator_pyExport.cmake
[4.482s] -- Up-to-date: /home/student/Documents/formation_ros2/Introduction/ros2_ws/install/tutorial_interfaces/share/tutorial_interfaces/cmake/export_tutorial_interfaces__rosidl_generator_pyExport-noconfig.cmake
[4.482s] -- Installing: /home/student/Documents/formation_ros2/Introduction/ros2_ws/install/tutorial_interfaces/share/tutorial_interfaces/cmake/rosidl_cmake-extras.cmake
[4.482s] -- Up-to-date: /home/student/Documents/formation_ros2/Introduction/ros2_ws/install/tutorial_interfaces/share/tutorial_interfaces/cmake/ament_cmake_export_include_directories-extras.cmake
[4.482s] -- Up-to-date: /home/student/Documents/formation_ros2/Introduction/ros2_ws/install/tutorial_interfaces/share/tutorial_interfaces/cmake/ament_cmake_export_libraries-extras.cmake
[4.482s] -- Up-to-date: /home/student/Documents/formation_ros2/Introduction/ros2_ws/install/tutorial_interfaces/share/tutorial_interfaces/cmake/ament_cmake_export_targets-extras.cmake
[4.482s] -- Up-to-date: /home/student/Documents/formation_ros2/Introduction/ros2_ws/install/tutorial_interfaces/share/tutorial_interfaces/cmake/rosidl_cmake_export_typesupport_targets-extras.cmake
[4.482s] -- Up-to-date: /home/student/Documents/formation_ros2/Introduction/ros2_ws/install/tutorial_interfaces/share/tutorial_interfaces/cmake/ament_cmake_export_dependencies-extras.cmake
[4.482s] -- Up-to-date: /home/student/Documents/formation_ros2/Introduction/ros2_ws/install/tutorial_interfaces/share/tutorial_interfaces/cmake/rosidl_cmake_export_typesupport_libraries-extras.cmake
[4.483s] -- Up-to-date: /home/student/Documents/formation_ros2/Introduction/ros2_ws/install/tutorial_interfaces/share/tutorial_interfaces/cmake/tutorial_interfacesConfig.cmake
[4.483s] -- Up-to-date: /home/student/Documents/formation_ros2/Introduction/ros2_ws/install/tutorial_interfaces/share/tutorial_interfaces/cmake/tutorial_interfacesConfig-version.cmake
[4.483s] -- Up-to-date: /home/student/Documents/formation_ros2/Introduction/ros2_ws/install/tutorial_interfaces/share/tutorial_interfaces/package.xml
[4.485s] Invoked command in '/home/student/Documents/formation_ros2/Introduction/ros2_ws/build/tutorial_interfaces' returned '0': CMAKE_PREFIX_PATH=${CMAKE_PREFIX_PATH}:/home/student/turtlebot3_ws/install/turtlebot3_teleop:/home/student/turtlebot3_ws/install/turtlebot3_example:/opt/ros/humble /usr/bin/cmake --install /home/student/Documents/formation_ros2/Introduction/ros2_ws/build/tutorial_interfaces
