[35m[1mConsolidate compiler generated dependencies of target exo1_publisher[0m
[35m[1mConsolidate compiler generated dependencies of target exo1_listener[0m
[35m[1mConsolidate compiler generated dependencies of target exo2_publisher[0m
[35m[1mConsolidate compiler generated dependencies of target exo3_publisher[0m
[35m[1mConsolidate compiler generated dependencies of target exo4_publisher[0m
[35m[1mConsolidate compiler generated dependencies of target exo4_listener[0m
[35m[1mConsolidate compiler generated dependencies of target exo5_publisher[0m
[  7%] [32mBuilding CXX object CMakeFiles/exo4_publisher.dir/src/exo4_publisher.cpp.o[0m
[ 14%] [32mBuilding CXX object CMakeFiles/exo3_publisher.dir/src/exo3_publisher.cpp.o[0m
[ 21%] [32mBuilding CXX object CMakeFiles/exo2_publisher.dir/src/exo2_publisher.cpp.o[0m
[ 28%] [32mBuilding CXX object CMakeFiles/exo1_listener.dir/src/exo1_listener.cpp.o[0m
[ 42%] [32mBuilding CXX object CMakeFiles/exo5_publisher.dir/src/exo5_publisher.cpp.o[0m
[ 42%] [32mBuilding CXX object CMakeFiles/exo4_listener.dir/src/exo4_listener.cpp.o[0m
[ 57%] Built target exo1_publisher
[ 64%] [32m[1mLinking CXX executable exo4_publisher[0m
[ 64%] Built target exo4_publisher
[ 71%] [32m[1mLinking CXX executable exo3_publisher[0m
[ 78%] [32m[1mLinking CXX executable exo2_publisher[0m
[ 78%] Built target exo3_publisher
[ 78%] Built target exo2_publisher
[ 85%] [32m[1mLinking CXX executable exo5_publisher[0m
[ 85%] Built target exo5_publisher
[ 92%] [32m[1mLinking CXX executable exo1_listener[0m
[ 92%] Built target exo1_listener
[100%] [32m[1mLinking CXX executable exo4_listener[0m
[100%] Built target exo4_listener
-- Install configuration: ""
-- Installing: /home/student/Documents/formation_ros2/Introduction/ros2_ws/install/cpp_pubsub/lib/cpp_pubsub/exo1_publisher
-- Set runtime path of "/home/student/Documents/formation_ros2/Introduction/ros2_ws/install/cpp_pubsub/lib/cpp_pubsub/exo1_publisher" to ""
-- Installing: /home/student/Documents/formation_ros2/Introduction/ros2_ws/install/cpp_pubsub/lib/cpp_pubsub/exo1_listener
-- Set runtime path of "/home/student/Documents/formation_ros2/Introduction/ros2_ws/install/cpp_pubsub/lib/cpp_pubsub/exo1_listener" to ""
-- Installing: /home/student/Documents/formation_ros2/Introduction/ros2_ws/install/cpp_pubsub/lib/cpp_pubsub/exo2_publisher
-- Set runtime path of "/home/student/Documents/formation_ros2/Introduction/ros2_ws/install/cpp_pubsub/lib/cpp_pubsub/exo2_publisher" to ""
-- Installing: /home/student/Documents/formation_ros2/Introduction/ros2_ws/install/cpp_pubsub/lib/cpp_pubsub/exo3_publisher
-- Set runtime path of "/home/student/Documents/formation_ros2/Introduction/ros2_ws/install/cpp_pubsub/lib/cpp_pubsub/exo3_publisher" to ""
-- Installing: /home/student/Documents/formation_ros2/Introduction/ros2_ws/install/cpp_pubsub/lib/cpp_pubsub/exo4_publisher
-- Set runtime path of "/home/student/Documents/formation_ros2/Introduction/ros2_ws/install/cpp_pubsub/lib/cpp_pubsub/exo4_publisher" to ""
-- Installing: /home/student/Documents/formation_ros2/Introduction/ros2_ws/install/cpp_pubsub/lib/cpp_pubsub/exo4_listener
-- Set runtime path of "/home/student/Documents/formation_ros2/Introduction/ros2_ws/install/cpp_pubsub/lib/cpp_pubsub/exo4_listener" to ""
-- Installing: /home/student/Documents/formation_ros2/Introduction/ros2_ws/install/cpp_pubsub/lib/cpp_pubsub/exo5_publisher
-- Set runtime path of "/home/student/Documents/formation_ros2/Introduction/ros2_ws/install/cpp_pubsub/lib/cpp_pubsub/exo5_publisher" to ""
-- Up-to-date: /home/student/Documents/formation_ros2/Introduction/ros2_ws/install/cpp_pubsub/share/ament_index/resource_index/package_run_dependencies/cpp_pubsub
-- Up-to-date: /home/student/Documents/formation_ros2/Introduction/ros2_ws/install/cpp_pubsub/share/ament_index/resource_index/parent_prefix_path/cpp_pubsub
-- Up-to-date: /home/student/Documents/formation_ros2/Introduction/ros2_ws/install/cpp_pubsub/share/cpp_pubsub/environment/ament_prefix_path.sh
-- Installing: /home/student/Documents/formation_ros2/Introduction/ros2_ws/install/cpp_pubsub/share/cpp_pubsub/environment/ament_prefix_path.dsv
-- Up-to-date: /home/student/Documents/formation_ros2/Introduction/ros2_ws/install/cpp_pubsub/share/cpp_pubsub/environment/path.sh
-- Installing: /home/student/Documents/formation_ros2/Introduction/ros2_ws/install/cpp_pubsub/share/cpp_pubsub/environment/path.dsv
-- Up-to-date: /home/student/Documents/formation_ros2/Introduction/ros2_ws/install/cpp_pubsub/share/cpp_pubsub/local_setup.bash
-- Up-to-date: /home/student/Documents/formation_ros2/Introduction/ros2_ws/install/cpp_pubsub/share/cpp_pubsub/local_setup.sh
-- Up-to-date: /home/student/Documents/formation_ros2/Introduction/ros2_ws/install/cpp_pubsub/share/cpp_pubsub/local_setup.zsh
-- Installing: /home/student/Documents/formation_ros2/Introduction/ros2_ws/install/cpp_pubsub/share/cpp_pubsub/local_setup.dsv
-- Installing: /home/student/Documents/formation_ros2/Introduction/ros2_ws/install/cpp_pubsub/share/cpp_pubsub/package.dsv
-- Up-to-date: /home/student/Documents/formation_ros2/Introduction/ros2_ws/install/cpp_pubsub/share/ament_index/resource_index/packages/cpp_pubsub
-- Up-to-date: /home/student/Documents/formation_ros2/Introduction/ros2_ws/install/cpp_pubsub/share/cpp_pubsub/cmake/cpp_pubsubConfig.cmake
-- Up-to-date: /home/student/Documents/formation_ros2/Introduction/ros2_ws/install/cpp_pubsub/share/cpp_pubsub/cmake/cpp_pubsubConfig-version.cmake
-- Up-to-date: /home/student/Documents/formation_ros2/Introduction/ros2_ws/install/cpp_pubsub/share/cpp_pubsub/package.xml
