[0.117s] DEBUG:colcon:Command line arguments: ['/usr/bin/colcon', 'build']
[0.117s] DEBUG:colcon:Parsed command line arguments: Namespace(log_base=None, log_level=None, verb_name='build', build_base='build', install_base='install', merge_install=False, symlink_install=False, test_result_base=None, continue_on_error=False, executor='parallel', parallel_workers=8, event_handlers=None, ignore_user_meta=False, metas=['./colcon.meta'], base_paths=['.'], packages_ignore=None, packages_ignore_regex=None, paths=None, packages_up_to=None, packages_up_to_regex=None, packages_above=None, packages_above_and_dependencies=None, packages_above_depth=None, packages_select_by_dep=None, packages_skip_by_dep=None, packages_skip_up_to=None, packages_select_build_failed=False, packages_skip_build_finished=False, packages_select_test_failures=False, packages_skip_test_passed=False, packages_select=None, packages_skip=None, packages_select_regex=None, packages_skip_regex=None, packages_start=None, packages_end=None, allow_overriding=[], cmake_args=None, cmake_target=None, cmake_target_skip_unavailable=False, cmake_clean_cache=False, cmake_clean_first=False, cmake_force_configure=False, ament_cmake_args=None, catkin_cmake_args=None, catkin_skip_building_tests=False, mixin_files=None, mixin=None, verb_parser=<colcon_mixin.mixin.mixin_argument.MixinArgumentDecorator object at 0x7ba811e67760>, verb_extension=<colcon_core.verb.build.BuildVerb object at 0x7ba811e66d70>, main=<bound method BuildVerb.main of <colcon_core.verb.build.BuildVerb object at 0x7ba811e66d70>>, mixin_verb=('build',))
[0.292s] Level 1:colcon.colcon_core.package_discovery:discover_packages(colcon_meta) check parameters
[0.292s] Level 1:colcon.colcon_core.package_discovery:discover_packages(recursive) check parameters
[0.292s] Level 1:colcon.colcon_core.package_discovery:discover_packages(ignore) check parameters
[0.292s] Level 1:colcon.colcon_core.package_discovery:discover_packages(path) check parameters
[0.292s] Level 1:colcon.colcon_core.package_discovery:discover_packages(colcon_meta) discover
[0.292s] Level 1:colcon.colcon_core.package_discovery:discover_packages(recursive) discover
[0.292s] INFO:colcon.colcon_core.package_discovery:Crawling recursively for packages in '/home/student/Documents/formation_ros2/Introduction/ros2_ws'
[0.292s] Level 1:colcon.colcon_core.package_identification:_identify(.) by extensions ['ignore', 'ignore_ament_install']
[0.292s] Level 1:colcon.colcon_core.package_identification:_identify(.) by extension 'ignore'
[0.292s] Level 1:colcon.colcon_core.package_identification:_identify(.) by extension 'ignore_ament_install'
[0.292s] Level 1:colcon.colcon_core.package_identification:_identify(.) by extensions ['colcon_pkg']
[0.292s] Level 1:colcon.colcon_core.package_identification:_identify(.) by extension 'colcon_pkg'
[0.292s] Level 1:colcon.colcon_core.package_identification:_identify(.) by extensions ['colcon_meta']
[0.292s] Level 1:colcon.colcon_core.package_identification:_identify(.) by extension 'colcon_meta'
[0.292s] Level 1:colcon.colcon_core.package_identification:_identify(.) by extensions ['ros']
[0.292s] Level 1:colcon.colcon_core.package_identification:_identify(.) by extension 'ros'
[0.302s] Level 1:colcon.colcon_core.package_identification:_identify(.) by extensions ['cmake', 'python']
[0.302s] Level 1:colcon.colcon_core.package_identification:_identify(.) by extension 'cmake'
[0.302s] Level 1:colcon.colcon_core.package_identification:_identify(.) by extension 'python'
[0.302s] Level 1:colcon.colcon_core.package_identification:_identify(.) by extensions ['python_setup_py']
[0.302s] Level 1:colcon.colcon_core.package_identification:_identify(.) by extension 'python_setup_py'
[0.302s] Level 1:colcon.colcon_core.package_identification:_identify(build) by extensions ['ignore', 'ignore_ament_install']
[0.302s] Level 1:colcon.colcon_core.package_identification:_identify(build) by extension 'ignore'
[0.302s] Level 1:colcon.colcon_core.package_identification:_identify(build) ignored
[0.303s] Level 1:colcon.colcon_core.package_identification:_identify(install) by extensions ['ignore', 'ignore_ament_install']
[0.303s] Level 1:colcon.colcon_core.package_identification:_identify(install) by extension 'ignore'
[0.303s] Level 1:colcon.colcon_core.package_identification:_identify(install) ignored
[0.303s] Level 1:colcon.colcon_core.package_identification:_identify(log) by extensions ['ignore', 'ignore_ament_install']
[0.303s] Level 1:colcon.colcon_core.package_identification:_identify(log) by extension 'ignore'
[0.303s] Level 1:colcon.colcon_core.package_identification:_identify(log) ignored
[0.303s] Level 1:colcon.colcon_core.package_identification:_identify(src) by extensions ['ignore', 'ignore_ament_install']
[0.303s] Level 1:colcon.colcon_core.package_identification:_identify(src) by extension 'ignore'
[0.303s] Level 1:colcon.colcon_core.package_identification:_identify(src) by extension 'ignore_ament_install'
[0.303s] Level 1:colcon.colcon_core.package_identification:_identify(src) by extensions ['colcon_pkg']
[0.303s] Level 1:colcon.colcon_core.package_identification:_identify(src) by extension 'colcon_pkg'
[0.303s] Level 1:colcon.colcon_core.package_identification:_identify(src) by extensions ['colcon_meta']
[0.303s] Level 1:colcon.colcon_core.package_identification:_identify(src) by extension 'colcon_meta'
[0.303s] Level 1:colcon.colcon_core.package_identification:_identify(src) by extensions ['ros']
[0.303s] Level 1:colcon.colcon_core.package_identification:_identify(src) by extension 'ros'
[0.303s] Level 1:colcon.colcon_core.package_identification:_identify(src) by extensions ['cmake', 'python']
[0.303s] Level 1:colcon.colcon_core.package_identification:_identify(src) by extension 'cmake'
[0.304s] Level 1:colcon.colcon_core.package_identification:_identify(src) by extension 'python'
[0.304s] Level 1:colcon.colcon_core.package_identification:_identify(src) by extensions ['python_setup_py']
[0.304s] Level 1:colcon.colcon_core.package_identification:_identify(src) by extension 'python_setup_py'
[0.304s] Level 1:colcon.colcon_core.package_identification:_identify(src/cpp_pubsub) by extensions ['ignore', 'ignore_ament_install']
[0.304s] Level 1:colcon.colcon_core.package_identification:_identify(src/cpp_pubsub) by extension 'ignore'
[0.304s] Level 1:colcon.colcon_core.package_identification:_identify(src/cpp_pubsub) by extension 'ignore_ament_install'
[0.304s] Level 1:colcon.colcon_core.package_identification:_identify(src/cpp_pubsub) by extensions ['colcon_pkg']
[0.304s] Level 1:colcon.colcon_core.package_identification:_identify(src/cpp_pubsub) by extension 'colcon_pkg'
[0.304s] Level 1:colcon.colcon_core.package_identification:_identify(src/cpp_pubsub) by extensions ['colcon_meta']
[0.304s] Level 1:colcon.colcon_core.package_identification:_identify(src/cpp_pubsub) by extension 'colcon_meta'
[0.304s] Level 1:colcon.colcon_core.package_identification:_identify(src/cpp_pubsub) by extensions ['ros']
[0.304s] Level 1:colcon.colcon_core.package_identification:_identify(src/cpp_pubsub) by extension 'ros'
[0.306s] DEBUG:colcon.colcon_core.package_identification:Package 'src/cpp_pubsub' with type 'ros.ament_cmake' and name 'cpp_pubsub'
[0.306s] Level 1:colcon.colcon_core.package_identification:_identify(src/formation_ros2_1) by extensions ['ignore', 'ignore_ament_install']
[0.306s] Level 1:colcon.colcon_core.package_identification:_identify(src/formation_ros2_1) by extension 'ignore'
[0.307s] Level 1:colcon.colcon_core.package_identification:_identify(src/formation_ros2_1) by extension 'ignore_ament_install'
[0.307s] Level 1:colcon.colcon_core.package_identification:_identify(src/formation_ros2_1) by extensions ['colcon_pkg']
[0.307s] Level 1:colcon.colcon_core.package_identification:_identify(src/formation_ros2_1) by extension 'colcon_pkg'
[0.307s] Level 1:colcon.colcon_core.package_identification:_identify(src/formation_ros2_1) by extensions ['colcon_meta']
[0.307s] Level 1:colcon.colcon_core.package_identification:_identify(src/formation_ros2_1) by extension 'colcon_meta'
[0.307s] Level 1:colcon.colcon_core.package_identification:_identify(src/formation_ros2_1) by extensions ['ros']
[0.307s] Level 1:colcon.colcon_core.package_identification:_identify(src/formation_ros2_1) by extension 'ros'
[0.307s] Level 1:colcon.colcon_core.package_identification:_identify(src/formation_ros2_1) by extensions ['cmake', 'python']
[0.307s] Level 1:colcon.colcon_core.package_identification:_identify(src/formation_ros2_1) by extension 'cmake'
[0.307s] Level 1:colcon.colcon_core.package_identification:_identify(src/formation_ros2_1) by extension 'python'
[0.307s] Level 1:colcon.colcon_core.package_identification:_identify(src/formation_ros2_1) by extensions ['python_setup_py']
[0.307s] Level 1:colcon.colcon_core.package_identification:_identify(src/formation_ros2_1) by extension 'python_setup_py'
[0.307s] Level 1:colcon.colcon_core.package_identification:_identify(src/tutorial_interfaces) by extensions ['ignore', 'ignore_ament_install']
[0.307s] Level 1:colcon.colcon_core.package_identification:_identify(src/tutorial_interfaces) by extension 'ignore'
[0.307s] Level 1:colcon.colcon_core.package_identification:_identify(src/tutorial_interfaces) by extension 'ignore_ament_install'
[0.307s] Level 1:colcon.colcon_core.package_identification:_identify(src/tutorial_interfaces) by extensions ['colcon_pkg']
[0.307s] Level 1:colcon.colcon_core.package_identification:_identify(src/tutorial_interfaces) by extension 'colcon_pkg'
[0.307s] Level 1:colcon.colcon_core.package_identification:_identify(src/tutorial_interfaces) by extensions ['colcon_meta']
[0.307s] Level 1:colcon.colcon_core.package_identification:_identify(src/tutorial_interfaces) by extension 'colcon_meta'
[0.307s] Level 1:colcon.colcon_core.package_identification:_identify(src/tutorial_interfaces) by extensions ['ros']
[0.307s] Level 1:colcon.colcon_core.package_identification:_identify(src/tutorial_interfaces) by extension 'ros'
[0.308s] DEBUG:colcon.colcon_core.package_identification:Package 'src/tutorial_interfaces' with type 'ros.ament_cmake' and name 'tutorial_interfaces'
[0.308s] Level 1:colcon.colcon_core.package_discovery:discover_packages(recursive) using defaults
[0.308s] Level 1:colcon.colcon_core.package_discovery:discover_packages(ignore) discover
[0.308s] Level 1:colcon.colcon_core.package_discovery:discover_packages(ignore) using defaults
[0.308s] Level 1:colcon.colcon_core.package_discovery:discover_packages(path) discover
[0.308s] Level 1:colcon.colcon_core.package_discovery:discover_packages(path) using defaults
[0.334s] Level 1:colcon.colcon_core.package_discovery:discover_packages(prefix_path) check parameters
[0.334s] Level 1:colcon.colcon_core.package_discovery:discover_packages(prefix_path) discover
[0.337s] DEBUG:colcon.colcon_installed_package_information.package_discovery:Found 12 installed packages in /home/student/turtlebot3_ws/install
[0.339s] DEBUG:colcon.colcon_installed_package_information.package_discovery:Found 431 installed packages in /opt/ros/humble
[0.341s] Level 1:colcon.colcon_core.package_discovery:discover_packages(prefix_path) using defaults
[0.391s] Level 5:colcon.colcon_core.verb:set package 'tutorial_interfaces' build argument 'cmake_args' from command line to 'None'
[0.391s] Level 5:colcon.colcon_core.verb:set package 'tutorial_interfaces' build argument 'cmake_target' from command line to 'None'
[0.391s] Level 5:colcon.colcon_core.verb:set package 'tutorial_interfaces' build argument 'cmake_target_skip_unavailable' from command line to 'False'
[0.391s] Level 5:colcon.colcon_core.verb:set package 'tutorial_interfaces' build argument 'cmake_clean_cache' from command line to 'False'
[0.391s] Level 5:colcon.colcon_core.verb:set package 'tutorial_interfaces' build argument 'cmake_clean_first' from command line to 'False'
[0.391s] Level 5:colcon.colcon_core.verb:set package 'tutorial_interfaces' build argument 'cmake_force_configure' from command line to 'False'
[0.391s] Level 5:colcon.colcon_core.verb:set package 'tutorial_interfaces' build argument 'ament_cmake_args' from command line to 'None'
[0.391s] Level 5:colcon.colcon_core.verb:set package 'tutorial_interfaces' build argument 'catkin_cmake_args' from command line to 'None'
[0.391s] Level 5:colcon.colcon_core.verb:set package 'tutorial_interfaces' build argument 'catkin_skip_building_tests' from command line to 'False'
[0.391s] DEBUG:colcon.colcon_core.verb:Building package 'tutorial_interfaces' with the following arguments: {'ament_cmake_args': None, 'build_base': '/home/student/Documents/formation_ros2/Introduction/ros2_ws/build/tutorial_interfaces', 'catkin_cmake_args': None, 'catkin_skip_building_tests': False, 'cmake_args': None, 'cmake_clean_cache': False, 'cmake_clean_first': False, 'cmake_force_configure': False, 'cmake_target': None, 'cmake_target_skip_unavailable': False, 'install_base': '/home/student/Documents/formation_ros2/Introduction/ros2_ws/install/tutorial_interfaces', 'merge_install': False, 'path': '/home/student/Documents/formation_ros2/Introduction/ros2_ws/src/tutorial_interfaces', 'symlink_install': False, 'test_result_base': None}
[0.391s] Level 5:colcon.colcon_core.verb:set package 'cpp_pubsub' build argument 'cmake_args' from command line to 'None'
[0.391s] Level 5:colcon.colcon_core.verb:set package 'cpp_pubsub' build argument 'cmake_target' from command line to 'None'
[0.391s] Level 5:colcon.colcon_core.verb:set package 'cpp_pubsub' build argument 'cmake_target_skip_unavailable' from command line to 'False'
[0.391s] Level 5:colcon.colcon_core.verb:set package 'cpp_pubsub' build argument 'cmake_clean_cache' from command line to 'False'
[0.391s] Level 5:colcon.colcon_core.verb:set package 'cpp_pubsub' build argument 'cmake_clean_first' from command line to 'False'
[0.391s] Level 5:colcon.colcon_core.verb:set package 'cpp_pubsub' build argument 'cmake_force_configure' from command line to 'False'
[0.391s] Level 5:colcon.colcon_core.verb:set package 'cpp_pubsub' build argument 'ament_cmake_args' from command line to 'None'
[0.391s] Level 5:colcon.colcon_core.verb:set package 'cpp_pubsub' build argument 'catkin_cmake_args' from command line to 'None'
[0.392s] Level 5:colcon.colcon_core.verb:set package 'cpp_pubsub' build argument 'catkin_skip_building_tests' from command line to 'False'
[0.392s] DEBUG:colcon.colcon_core.verb:Building package 'cpp_pubsub' with the following arguments: {'ament_cmake_args': None, 'build_base': '/home/student/Documents/formation_ros2/Introduction/ros2_ws/build/cpp_pubsub', 'catkin_cmake_args': None, 'catkin_skip_building_tests': False, 'cmake_args': None, 'cmake_clean_cache': False, 'cmake_clean_first': False, 'cmake_force_configure': False, 'cmake_target': None, 'cmake_target_skip_unavailable': False, 'install_base': '/home/student/Documents/formation_ros2/Introduction/ros2_ws/install/cpp_pubsub', 'merge_install': False, 'path': '/home/student/Documents/formation_ros2/Introduction/ros2_ws/src/cpp_pubsub', 'symlink_install': False, 'test_result_base': None}
[0.392s] INFO:colcon.colcon_core.executor:Executing jobs using 'parallel' executor
[0.392s] DEBUG:colcon.colcon_parallel_executor.executor.parallel:run_until_complete
[0.393s] INFO:colcon.colcon_ros.task.ament_cmake.build:Building ROS package in '/home/student/Documents/formation_ros2/Introduction/ros2_ws/src/tutorial_interfaces' with build type 'ament_cmake'
[0.393s] INFO:colcon.colcon_cmake.task.cmake.build:Building CMake package in '/home/student/Documents/formation_ros2/Introduction/ros2_ws/src/tutorial_interfaces'
[0.395s] INFO:colcon.colcon_core.plugin_system:Skipping extension 'colcon_core.shell.bat': Not used on non-Windows systems
[0.395s] INFO:colcon.colcon_core.shell:Skip shell extension 'powershell' for command environment: Not usable outside of PowerShell
[0.395s] DEBUG:colcon.colcon_core.shell:Skip shell extension 'dsv' for command environment
[0.427s] DEBUG:colcon.colcon_core.event_handler.log_command:Invoking command in '/home/student/Documents/formation_ros2/Introduction/ros2_ws/build/tutorial_interfaces': CMAKE_PREFIX_PATH=${CMAKE_PREFIX_PATH}:/home/student/turtlebot3_ws/install/turtlebot3_teleop:/home/student/turtlebot3_ws/install/turtlebot3_example:/opt/ros/humble /usr/bin/cmake --build /home/student/Documents/formation_ros2/Introduction/ros2_ws/build/tutorial_interfaces -- -j8 -l8
[0.884s] DEBUG:colcon.colcon_core.event_handler.log_command:Invoked command in '/home/student/Documents/formation_ros2/Introduction/ros2_ws/build/tutorial_interfaces' returned '0': CMAKE_PREFIX_PATH=${CMAKE_PREFIX_PATH}:/home/student/turtlebot3_ws/install/turtlebot3_teleop:/home/student/turtlebot3_ws/install/turtlebot3_example:/opt/ros/humble /usr/bin/cmake --build /home/student/Documents/formation_ros2/Introduction/ros2_ws/build/tutorial_interfaces -- -j8 -l8
[0.894s] DEBUG:colcon.colcon_core.event_handler.log_command:Invoking command in '/home/student/Documents/formation_ros2/Introduction/ros2_ws/build/tutorial_interfaces': CMAKE_PREFIX_PATH=${CMAKE_PREFIX_PATH}:/home/student/turtlebot3_ws/install/turtlebot3_teleop:/home/student/turtlebot3_ws/install/turtlebot3_example:/opt/ros/humble /usr/bin/cmake --install /home/student/Documents/formation_ros2/Introduction/ros2_ws/build/tutorial_interfaces
[0.976s] Level 1:colcon.colcon_core.environment:create_environment_scripts_only(tutorial_interfaces)
[0.976s] DEBUG:colcon.colcon_core.event_handler.log_command:Invoked command in '/home/student/Documents/formation_ros2/Introduction/ros2_ws/build/tutorial_interfaces' returned '0': CMAKE_PREFIX_PATH=${CMAKE_PREFIX_PATH}:/home/student/turtlebot3_ws/install/turtlebot3_teleop:/home/student/turtlebot3_ws/install/turtlebot3_example:/opt/ros/humble /usr/bin/cmake --install /home/student/Documents/formation_ros2/Introduction/ros2_ws/build/tutorial_interfaces
[0.978s] Level 1:colcon.colcon_core.environment:checking '/home/student/Documents/formation_ros2/Introduction/ros2_ws/install/tutorial_interfaces' for CMake module files
[0.979s] Level 1:colcon.colcon_core.environment:checking '/home/student/Documents/formation_ros2/Introduction/ros2_ws/install/tutorial_interfaces' for CMake config files
[0.980s] Level 1:colcon.colcon_core.shell:create_environment_hook('tutorial_interfaces', 'cmake_prefix_path')
[0.980s] INFO:colcon.colcon_core.shell:Creating environment hook '/home/student/Documents/formation_ros2/Introduction/ros2_ws/install/tutorial_interfaces/share/tutorial_interfaces/hook/cmake_prefix_path.ps1'
[0.981s] INFO:colcon.colcon_core.shell:Creating environment descriptor '/home/student/Documents/formation_ros2/Introduction/ros2_ws/install/tutorial_interfaces/share/tutorial_interfaces/hook/cmake_prefix_path.dsv'
[0.981s] INFO:colcon.colcon_core.shell:Creating environment hook '/home/student/Documents/formation_ros2/Introduction/ros2_ws/install/tutorial_interfaces/share/tutorial_interfaces/hook/cmake_prefix_path.sh'
[0.982s] Level 1:colcon.colcon_core.environment:checking '/home/student/Documents/formation_ros2/Introduction/ros2_ws/install/tutorial_interfaces/lib'
[0.982s] Level 1:colcon.colcon_core.shell:create_environment_hook('tutorial_interfaces', 'ld_library_path_lib')
[0.983s] INFO:colcon.colcon_core.shell:Creating environment hook '/home/student/Documents/formation_ros2/Introduction/ros2_ws/install/tutorial_interfaces/share/tutorial_interfaces/hook/ld_library_path_lib.ps1'
[0.983s] INFO:colcon.colcon_core.shell:Creating environment descriptor '/home/student/Documents/formation_ros2/Introduction/ros2_ws/install/tutorial_interfaces/share/tutorial_interfaces/hook/ld_library_path_lib.dsv'
[0.983s] INFO:colcon.colcon_core.shell:Creating environment hook '/home/student/Documents/formation_ros2/Introduction/ros2_ws/install/tutorial_interfaces/share/tutorial_interfaces/hook/ld_library_path_lib.sh'
[0.984s] Level 1:colcon.colcon_core.environment:checking '/home/student/Documents/formation_ros2/Introduction/ros2_ws/install/tutorial_interfaces/bin'
[0.984s] Level 1:colcon.colcon_core.environment:checking '/home/student/Documents/formation_ros2/Introduction/ros2_ws/install/tutorial_interfaces/lib/pkgconfig/tutorial_interfaces.pc'
[0.984s] Level 1:colcon.colcon_core.environment:checking '/home/student/Documents/formation_ros2/Introduction/ros2_ws/install/tutorial_interfaces/lib/python3.10/site-packages'
[0.984s] Level 1:colcon.colcon_core.environment:checking '/home/student/Documents/formation_ros2/Introduction/ros2_ws/install/tutorial_interfaces/bin'
[0.985s] INFO:colcon.colcon_core.shell:Creating package script '/home/student/Documents/formation_ros2/Introduction/ros2_ws/install/tutorial_interfaces/share/tutorial_interfaces/package.ps1'
[0.985s] INFO:colcon.colcon_core.shell:Creating package descriptor '/home/student/Documents/formation_ros2/Introduction/ros2_ws/install/tutorial_interfaces/share/tutorial_interfaces/package.dsv'
[0.986s] INFO:colcon.colcon_core.shell:Creating package script '/home/student/Documents/formation_ros2/Introduction/ros2_ws/install/tutorial_interfaces/share/tutorial_interfaces/package.sh'
[0.987s] INFO:colcon.colcon_core.shell:Creating package script '/home/student/Documents/formation_ros2/Introduction/ros2_ws/install/tutorial_interfaces/share/tutorial_interfaces/package.bash'
[0.987s] INFO:colcon.colcon_core.shell:Creating package script '/home/student/Documents/formation_ros2/Introduction/ros2_ws/install/tutorial_interfaces/share/tutorial_interfaces/package.zsh'
[0.988s] Level 1:colcon.colcon_core.environment:create_file_with_runtime_dependencies(/home/student/Documents/formation_ros2/Introduction/ros2_ws/install/tutorial_interfaces/share/colcon-core/packages/tutorial_interfaces)
[0.989s] Level 1:colcon.colcon_core.environment:create_environment_scripts_only(tutorial_interfaces)
[0.989s] Level 1:colcon.colcon_core.environment:checking '/home/student/Documents/formation_ros2/Introduction/ros2_ws/install/tutorial_interfaces' for CMake module files
[0.990s] Level 1:colcon.colcon_core.environment:checking '/home/student/Documents/formation_ros2/Introduction/ros2_ws/install/tutorial_interfaces' for CMake config files
[0.991s] Level 1:colcon.colcon_core.shell:create_environment_hook('tutorial_interfaces', 'cmake_prefix_path')
[0.991s] INFO:colcon.colcon_core.shell:Creating environment hook '/home/student/Documents/formation_ros2/Introduction/ros2_ws/install/tutorial_interfaces/share/tutorial_interfaces/hook/cmake_prefix_path.ps1'
[0.991s] INFO:colcon.colcon_core.shell:Creating environment descriptor '/home/student/Documents/formation_ros2/Introduction/ros2_ws/install/tutorial_interfaces/share/tutorial_interfaces/hook/cmake_prefix_path.dsv'
[0.992s] INFO:colcon.colcon_core.shell:Creating environment hook '/home/student/Documents/formation_ros2/Introduction/ros2_ws/install/tutorial_interfaces/share/tutorial_interfaces/hook/cmake_prefix_path.sh'
[0.992s] Level 1:colcon.colcon_core.environment:checking '/home/student/Documents/formation_ros2/Introduction/ros2_ws/install/tutorial_interfaces/lib'
[0.992s] Level 1:colcon.colcon_core.shell:create_environment_hook('tutorial_interfaces', 'ld_library_path_lib')
[0.992s] INFO:colcon.colcon_core.shell:Creating environment hook '/home/student/Documents/formation_ros2/Introduction/ros2_ws/install/tutorial_interfaces/share/tutorial_interfaces/hook/ld_library_path_lib.ps1'
[0.993s] INFO:colcon.colcon_core.shell:Creating environment descriptor '/home/student/Documents/formation_ros2/Introduction/ros2_ws/install/tutorial_interfaces/share/tutorial_interfaces/hook/ld_library_path_lib.dsv'
[0.993s] INFO:colcon.colcon_core.shell:Creating environment hook '/home/student/Documents/formation_ros2/Introduction/ros2_ws/install/tutorial_interfaces/share/tutorial_interfaces/hook/ld_library_path_lib.sh'
[0.994s] Level 1:colcon.colcon_core.environment:checking '/home/student/Documents/formation_ros2/Introduction/ros2_ws/install/tutorial_interfaces/bin'
[0.994s] Level 1:colcon.colcon_core.environment:checking '/home/student/Documents/formation_ros2/Introduction/ros2_ws/install/tutorial_interfaces/lib/pkgconfig/tutorial_interfaces.pc'
[0.994s] Level 1:colcon.colcon_core.environment:checking '/home/student/Documents/formation_ros2/Introduction/ros2_ws/install/tutorial_interfaces/lib/python3.10/site-packages'
[0.995s] Level 1:colcon.colcon_core.environment:checking '/home/student/Documents/formation_ros2/Introduction/ros2_ws/install/tutorial_interfaces/bin'
[0.995s] INFO:colcon.colcon_core.shell:Creating package script '/home/student/Documents/formation_ros2/Introduction/ros2_ws/install/tutorial_interfaces/share/tutorial_interfaces/package.ps1'
[0.995s] INFO:colcon.colcon_core.shell:Creating package descriptor '/home/student/Documents/formation_ros2/Introduction/ros2_ws/install/tutorial_interfaces/share/tutorial_interfaces/package.dsv'
[0.996s] INFO:colcon.colcon_core.shell:Creating package script '/home/student/Documents/formation_ros2/Introduction/ros2_ws/install/tutorial_interfaces/share/tutorial_interfaces/package.sh'
[0.996s] INFO:colcon.colcon_core.shell:Creating package script '/home/student/Documents/formation_ros2/Introduction/ros2_ws/install/tutorial_interfaces/share/tutorial_interfaces/package.bash'
[0.997s] INFO:colcon.colcon_core.shell:Creating package script '/home/student/Documents/formation_ros2/Introduction/ros2_ws/install/tutorial_interfaces/share/tutorial_interfaces/package.zsh'
[0.997s] Level 1:colcon.colcon_core.environment:create_file_with_runtime_dependencies(/home/student/Documents/formation_ros2/Introduction/ros2_ws/install/tutorial_interfaces/share/colcon-core/packages/tutorial_interfaces)
[0.997s] INFO:colcon.colcon_ros.task.ament_cmake.build:Building ROS package in '/home/student/Documents/formation_ros2/Introduction/ros2_ws/src/cpp_pubsub' with build type 'ament_cmake'
[0.997s] INFO:colcon.colcon_cmake.task.cmake.build:Building CMake package in '/home/student/Documents/formation_ros2/Introduction/ros2_ws/src/cpp_pubsub'
[0.998s] INFO:colcon.colcon_core.shell:Skip shell extension 'powershell' for command environment: Not usable outside of PowerShell
[0.998s] DEBUG:colcon.colcon_core.shell:Skip shell extension 'dsv' for command environment
[1.047s] DEBUG:colcon.colcon_core.event_handler.log_command:Invoking command in '/home/student/Documents/formation_ros2/Introduction/ros2_ws/build/cpp_pubsub': AMENT_PREFIX_PATH=/home/student/Documents/formation_ros2/Introduction/ros2_ws/install/tutorial_interfaces:${AMENT_PREFIX_PATH} CMAKE_PREFIX_PATH=/home/student/Documents/formation_ros2/Introduction/ros2_ws/install/tutorial_interfaces:/home/student/turtlebot3_ws/install/turtlebot3:/home/student/turtlebot3_ws/install/turtlebot3_bringup:/home/student/turtlebot3_ws/install/turtlebot3_node:/home/student/turtlebot3_ws/install/turtlebot3_navigation2:/home/student/turtlebot3_ws/install/turtlebot3_msgs:/home/student/turtlebot3_ws/install/turtlebot3_description:/home/student/turtlebot3_ws/install/turtlebot3_cartographer:/home/student/turtlebot3_ws/install/dynamixel_sdk_examples:/home/student/turtlebot3_ws/install/dynamixel_sdk_custom_interfaces:/home/student/turtlebot3_ws/install/dynamixel_sdk:/home/student/turtlebot3_ws/install/turtlebot3_teleop:/home/student/turtlebot3_ws/install/turtlebot3_example:/opt/ros/humble LD_LIBRARY_PATH=/home/student/Documents/formation_ros2/Introduction/ros2_ws/install/tutorial_interfaces/lib:${LD_LIBRARY_PATH} PYTHONPATH=/home/student/Documents/formation_ros2/Introduction/ros2_ws/install/tutorial_interfaces/local/lib/python3.10/dist-packages:${PYTHONPATH} /usr/bin/cmake --build /home/student/Documents/formation_ros2/Introduction/ros2_ws/build/cpp_pubsub -- -j8 -l8
[5.461s] DEBUG:colcon.colcon_core.event_handler.log_command:Invoked command in '/home/student/Documents/formation_ros2/Introduction/ros2_ws/build/cpp_pubsub' returned '0': AMENT_PREFIX_PATH=/home/student/Documents/formation_ros2/Introduction/ros2_ws/install/tutorial_interfaces:${AMENT_PREFIX_PATH} CMAKE_PREFIX_PATH=/home/student/Documents/formation_ros2/Introduction/ros2_ws/install/tutorial_interfaces:/home/student/turtlebot3_ws/install/turtlebot3:/home/student/turtlebot3_ws/install/turtlebot3_bringup:/home/student/turtlebot3_ws/install/turtlebot3_node:/home/student/turtlebot3_ws/install/turtlebot3_navigation2:/home/student/turtlebot3_ws/install/turtlebot3_msgs:/home/student/turtlebot3_ws/install/turtlebot3_description:/home/student/turtlebot3_ws/install/turtlebot3_cartographer:/home/student/turtlebot3_ws/install/dynamixel_sdk_examples:/home/student/turtlebot3_ws/install/dynamixel_sdk_custom_interfaces:/home/student/turtlebot3_ws/install/dynamixel_sdk:/home/student/turtlebot3_ws/install/turtlebot3_teleop:/home/student/turtlebot3_ws/install/turtlebot3_example:/opt/ros/humble LD_LIBRARY_PATH=/home/student/Documents/formation_ros2/Introduction/ros2_ws/install/tutorial_interfaces/lib:${LD_LIBRARY_PATH} PYTHONPATH=/home/student/Documents/formation_ros2/Introduction/ros2_ws/install/tutorial_interfaces/local/lib/python3.10/dist-packages:${PYTHONPATH} /usr/bin/cmake --build /home/student/Documents/formation_ros2/Introduction/ros2_ws/build/cpp_pubsub -- -j8 -l8
[5.463s] DEBUG:colcon.colcon_core.event_handler.log_command:Invoking command in '/home/student/Documents/formation_ros2/Introduction/ros2_ws/build/cpp_pubsub': AMENT_PREFIX_PATH=/home/student/Documents/formation_ros2/Introduction/ros2_ws/install/tutorial_interfaces:${AMENT_PREFIX_PATH} CMAKE_PREFIX_PATH=/home/student/Documents/formation_ros2/Introduction/ros2_ws/install/tutorial_interfaces:/home/student/turtlebot3_ws/install/turtlebot3:/home/student/turtlebot3_ws/install/turtlebot3_bringup:/home/student/turtlebot3_ws/install/turtlebot3_node:/home/student/turtlebot3_ws/install/turtlebot3_navigation2:/home/student/turtlebot3_ws/install/turtlebot3_msgs:/home/student/turtlebot3_ws/install/turtlebot3_description:/home/student/turtlebot3_ws/install/turtlebot3_cartographer:/home/student/turtlebot3_ws/install/dynamixel_sdk_examples:/home/student/turtlebot3_ws/install/dynamixel_sdk_custom_interfaces:/home/student/turtlebot3_ws/install/dynamixel_sdk:/home/student/turtlebot3_ws/install/turtlebot3_teleop:/home/student/turtlebot3_ws/install/turtlebot3_example:/opt/ros/humble LD_LIBRARY_PATH=/home/student/Documents/formation_ros2/Introduction/ros2_ws/install/tutorial_interfaces/lib:${LD_LIBRARY_PATH} PYTHONPATH=/home/student/Documents/formation_ros2/Introduction/ros2_ws/install/tutorial_interfaces/local/lib/python3.10/dist-packages:${PYTHONPATH} /usr/bin/cmake --install /home/student/Documents/formation_ros2/Introduction/ros2_ws/build/cpp_pubsub
[5.481s] Level 1:colcon.colcon_core.environment:create_environment_scripts_only(cpp_pubsub)
[5.481s] Level 1:colcon.colcon_core.environment:checking '/home/student/Documents/formation_ros2/Introduction/ros2_ws/install/cpp_pubsub' for CMake module files
[5.482s] DEBUG:colcon.colcon_core.event_handler.log_command:Invoked command in '/home/student/Documents/formation_ros2/Introduction/ros2_ws/build/cpp_pubsub' returned '0': AMENT_PREFIX_PATH=/home/student/Documents/formation_ros2/Introduction/ros2_ws/install/tutorial_interfaces:${AMENT_PREFIX_PATH} CMAKE_PREFIX_PATH=/home/student/Documents/formation_ros2/Introduction/ros2_ws/install/tutorial_interfaces:/home/student/turtlebot3_ws/install/turtlebot3:/home/student/turtlebot3_ws/install/turtlebot3_bringup:/home/student/turtlebot3_ws/install/turtlebot3_node:/home/student/turtlebot3_ws/install/turtlebot3_navigation2:/home/student/turtlebot3_ws/install/turtlebot3_msgs:/home/student/turtlebot3_ws/install/turtlebot3_description:/home/student/turtlebot3_ws/install/turtlebot3_cartographer:/home/student/turtlebot3_ws/install/dynamixel_sdk_examples:/home/student/turtlebot3_ws/install/dynamixel_sdk_custom_interfaces:/home/student/turtlebot3_ws/install/dynamixel_sdk:/home/student/turtlebot3_ws/install/turtlebot3_teleop:/home/student/turtlebot3_ws/install/turtlebot3_example:/opt/ros/humble LD_LIBRARY_PATH=/home/student/Documents/formation_ros2/Introduction/ros2_ws/install/tutorial_interfaces/lib:${LD_LIBRARY_PATH} PYTHONPATH=/home/student/Documents/formation_ros2/Introduction/ros2_ws/install/tutorial_interfaces/local/lib/python3.10/dist-packages:${PYTHONPATH} /usr/bin/cmake --install /home/student/Documents/formation_ros2/Introduction/ros2_ws/build/cpp_pubsub
[5.482s] Level 1:colcon.colcon_core.environment:checking '/home/student/Documents/formation_ros2/Introduction/ros2_ws/install/cpp_pubsub' for CMake config files
[5.482s] Level 1:colcon.colcon_core.shell:create_environment_hook('cpp_pubsub', 'cmake_prefix_path')
[5.483s] INFO:colcon.colcon_core.shell:Creating environment hook '/home/student/Documents/formation_ros2/Introduction/ros2_ws/install/cpp_pubsub/share/cpp_pubsub/hook/cmake_prefix_path.ps1'
[5.483s] INFO:colcon.colcon_core.shell:Creating environment descriptor '/home/student/Documents/formation_ros2/Introduction/ros2_ws/install/cpp_pubsub/share/cpp_pubsub/hook/cmake_prefix_path.dsv'
[5.483s] INFO:colcon.colcon_core.shell:Creating environment hook '/home/student/Documents/formation_ros2/Introduction/ros2_ws/install/cpp_pubsub/share/cpp_pubsub/hook/cmake_prefix_path.sh'
[5.484s] Level 1:colcon.colcon_core.environment:checking '/home/student/Documents/formation_ros2/Introduction/ros2_ws/install/cpp_pubsub/lib'
[5.484s] Level 1:colcon.colcon_core.environment:checking '/home/student/Documents/formation_ros2/Introduction/ros2_ws/install/cpp_pubsub/bin'
[5.484s] Level 1:colcon.colcon_core.environment:checking '/home/student/Documents/formation_ros2/Introduction/ros2_ws/install/cpp_pubsub/lib/pkgconfig/cpp_pubsub.pc'
[5.484s] Level 1:colcon.colcon_core.environment:checking '/home/student/Documents/formation_ros2/Introduction/ros2_ws/install/cpp_pubsub/lib/python3.10/site-packages'
[5.484s] Level 1:colcon.colcon_core.environment:checking '/home/student/Documents/formation_ros2/Introduction/ros2_ws/install/cpp_pubsub/bin'
[5.485s] INFO:colcon.colcon_core.shell:Creating package script '/home/student/Documents/formation_ros2/Introduction/ros2_ws/install/cpp_pubsub/share/cpp_pubsub/package.ps1'
[5.485s] INFO:colcon.colcon_core.shell:Creating package descriptor '/home/student/Documents/formation_ros2/Introduction/ros2_ws/install/cpp_pubsub/share/cpp_pubsub/package.dsv'
[5.485s] INFO:colcon.colcon_core.shell:Creating package script '/home/student/Documents/formation_ros2/Introduction/ros2_ws/install/cpp_pubsub/share/cpp_pubsub/package.sh'
[5.486s] INFO:colcon.colcon_core.shell:Creating package script '/home/student/Documents/formation_ros2/Introduction/ros2_ws/install/cpp_pubsub/share/cpp_pubsub/package.bash'
[5.486s] INFO:colcon.colcon_core.shell:Creating package script '/home/student/Documents/formation_ros2/Introduction/ros2_ws/install/cpp_pubsub/share/cpp_pubsub/package.zsh'
[5.487s] Level 1:colcon.colcon_core.environment:create_file_with_runtime_dependencies(/home/student/Documents/formation_ros2/Introduction/ros2_ws/install/cpp_pubsub/share/colcon-core/packages/cpp_pubsub)
[5.487s] Level 1:colcon.colcon_core.environment:create_environment_scripts_only(cpp_pubsub)
[5.487s] Level 1:colcon.colcon_core.environment:checking '/home/student/Documents/formation_ros2/Introduction/ros2_ws/install/cpp_pubsub' for CMake module files
[5.488s] Level 1:colcon.colcon_core.environment:checking '/home/student/Documents/formation_ros2/Introduction/ros2_ws/install/cpp_pubsub' for CMake config files
[5.488s] Level 1:colcon.colcon_core.shell:create_environment_hook('cpp_pubsub', 'cmake_prefix_path')
[5.488s] INFO:colcon.colcon_core.shell:Creating environment hook '/home/student/Documents/formation_ros2/Introduction/ros2_ws/install/cpp_pubsub/share/cpp_pubsub/hook/cmake_prefix_path.ps1'
[5.489s] INFO:colcon.colcon_core.shell:Creating environment descriptor '/home/student/Documents/formation_ros2/Introduction/ros2_ws/install/cpp_pubsub/share/cpp_pubsub/hook/cmake_prefix_path.dsv'
[5.489s] INFO:colcon.colcon_core.shell:Creating environment hook '/home/student/Documents/formation_ros2/Introduction/ros2_ws/install/cpp_pubsub/share/cpp_pubsub/hook/cmake_prefix_path.sh'
[5.490s] Level 1:colcon.colcon_core.environment:checking '/home/student/Documents/formation_ros2/Introduction/ros2_ws/install/cpp_pubsub/lib'
[5.490s] Level 1:colcon.colcon_core.environment:checking '/home/student/Documents/formation_ros2/Introduction/ros2_ws/install/cpp_pubsub/bin'
[5.490s] Level 1:colcon.colcon_core.environment:checking '/home/student/Documents/formation_ros2/Introduction/ros2_ws/install/cpp_pubsub/lib/pkgconfig/cpp_pubsub.pc'
[5.490s] Level 1:colcon.colcon_core.environment:checking '/home/student/Documents/formation_ros2/Introduction/ros2_ws/install/cpp_pubsub/lib/python3.10/site-packages'
[5.490s] Level 1:colcon.colcon_core.environment:checking '/home/student/Documents/formation_ros2/Introduction/ros2_ws/install/cpp_pubsub/bin'
[5.490s] INFO:colcon.colcon_core.shell:Creating package script '/home/student/Documents/formation_ros2/Introduction/ros2_ws/install/cpp_pubsub/share/cpp_pubsub/package.ps1'
[5.491s] INFO:colcon.colcon_core.shell:Creating package descriptor '/home/student/Documents/formation_ros2/Introduction/ros2_ws/install/cpp_pubsub/share/cpp_pubsub/package.dsv'
[5.491s] INFO:colcon.colcon_core.shell:Creating package script '/home/student/Documents/formation_ros2/Introduction/ros2_ws/install/cpp_pubsub/share/cpp_pubsub/package.sh'
[5.492s] INFO:colcon.colcon_core.shell:Creating package script '/home/student/Documents/formation_ros2/Introduction/ros2_ws/install/cpp_pubsub/share/cpp_pubsub/package.bash'
[5.492s] INFO:colcon.colcon_core.shell:Creating package script '/home/student/Documents/formation_ros2/Introduction/ros2_ws/install/cpp_pubsub/share/cpp_pubsub/package.zsh'
[5.492s] Level 1:colcon.colcon_core.environment:create_file_with_runtime_dependencies(/home/student/Documents/formation_ros2/Introduction/ros2_ws/install/cpp_pubsub/share/colcon-core/packages/cpp_pubsub)
[5.493s] DEBUG:colcon.colcon_parallel_executor.executor.parallel:closing loop
[5.493s] DEBUG:colcon.colcon_parallel_executor.executor.parallel:loop closed
[5.493s] DEBUG:colcon.colcon_parallel_executor.executor.parallel:run_until_complete finished with '0'
[5.493s] DEBUG:colcon.colcon_core.event_reactor:joining thread
[5.498s] INFO:colcon.colcon_core.plugin_system:Skipping extension 'colcon_notification.desktop_notification.terminal_notifier': Not used on non-Darwin systems
[5.498s] INFO:colcon.colcon_core.plugin_system:Skipping extension 'colcon_notification.desktop_notification.win32': Not used on non-Windows systems
[5.499s] INFO:colcon.colcon_notification.desktop_notification:Sending desktop notification using 'notify2'
[5.514s] DEBUG:colcon.colcon_core.event_reactor:joined thread
[5.514s] INFO:colcon.colcon_core.shell:Creating prefix script '/home/student/Documents/formation_ros2/Introduction/ros2_ws/install/local_setup.ps1'
[5.516s] INFO:colcon.colcon_core.shell:Creating prefix util module '/home/student/Documents/formation_ros2/Introduction/ros2_ws/install/_local_setup_util_ps1.py'
[5.517s] INFO:colcon.colcon_core.shell:Creating prefix chain script '/home/student/Documents/formation_ros2/Introduction/ros2_ws/install/setup.ps1'
[5.520s] INFO:colcon.colcon_core.shell:Creating prefix script '/home/student/Documents/formation_ros2/Introduction/ros2_ws/install/local_setup.sh'
[5.521s] INFO:colcon.colcon_core.shell:Creating prefix util module '/home/student/Documents/formation_ros2/Introduction/ros2_ws/install/_local_setup_util_sh.py'
[5.522s] INFO:colcon.colcon_core.shell:Creating prefix chain script '/home/student/Documents/formation_ros2/Introduction/ros2_ws/install/setup.sh'
[5.524s] INFO:colcon.colcon_core.shell:Creating prefix script '/home/student/Documents/formation_ros2/Introduction/ros2_ws/install/local_setup.bash'
[5.525s] INFO:colcon.colcon_core.shell:Creating prefix chain script '/home/student/Documents/formation_ros2/Introduction/ros2_ws/install/setup.bash'
[5.527s] INFO:colcon.colcon_core.shell:Creating prefix script '/home/student/Documents/formation_ros2/Introduction/ros2_ws/install/local_setup.zsh'
[5.528s] INFO:colcon.colcon_core.shell:Creating prefix chain script '/home/student/Documents/formation_ros2/Introduction/ros2_ws/install/setup.zsh'
