[0.046s] Invoking command in '/home/student/Documents/formation_ros2/Introduction/ros2_ws/build/cpp_pubsub': AMENT_PREFIX_PATH=/home/student/Documents/formation_ros2/Introduction/ros2_ws/install/tutorial_interfaces:${AMENT_PREFIX_PATH} CMAKE_PREFIX_PATH=/home/student/Documents/formation_ros2/Introduction/ros2_ws/install/tutorial_interfaces:/home/student/turtlebot3_ws/install/turtlebot3:/home/student/turtlebot3_ws/install/turtlebot3_bringup:/home/student/turtlebot3_ws/install/turtlebot3_node:/home/student/turtlebot3_ws/install/turtlebot3_navigation2:/home/student/turtlebot3_ws/install/turtlebot3_msgs:/home/student/turtlebot3_ws/install/turtlebot3_description:/home/student/turtlebot3_ws/install/turtlebot3_cartographer:/home/student/turtlebot3_ws/install/dynamixel_sdk_examples:/home/student/turtlebot3_ws/install/dynamixel_sdk_custom_interfaces:/home/student/turtlebot3_ws/install/dynamixel_sdk:/home/student/turtlebot3_ws/install/turtlebot3_teleop:/home/student/turtlebot3_ws/install/turtlebot3_example:/opt/ros/humble LD_LIBRARY_PATH=/home/student/Documents/formation_ros2/Introduction/ros2_ws/install/tutorial_interfaces/lib:${LD_LIBRARY_PATH} PYTHONPATH=/home/student/Documents/formation_ros2/Introduction/ros2_ws/install/tutorial_interfaces/local/lib/python3.10/dist-packages:${PYTHONPATH} /usr/bin/cmake --build /home/student/Documents/formation_ros2/Introduction/ros2_ws/build/cpp_pubsub -- -j8 -l8
[0.105s] [35m[1mConsolidate compiler generated dependencies of target exo4_listener[0m
[0.108s] [35m[1mConsolidate compiler generated dependencies of target exo4_publisher[0m
[0.113s] [35m[1mConsolidate compiler generated dependencies of target exo5_listener[0m
[0.130s] [35m[1mConsolidate compiler generated dependencies of target exo6_publisher[0m
[0.145s] [ 10%] Built target exo1_publisher
[0.150s] [ 20%] Built target exo3_publisher
[0.150s] [ 30%] Built target exo1_listener
[0.153s] [ 40%] Built target exo4_listener
[0.159s] [ 50%] Built target exo2_publisher
[0.159s] [ 60%] Built target exo5_listener
[0.160s] [ 70%] Built target exo4_publisher
[0.166s] [ 80%] Built target exo6_publisher
[0.168s] [35m[1mConsolidate compiler generated dependencies of target exo7_server[0m
[0.172s] [35m[1mConsolidate compiler generated dependencies of target exo7_client[0m
[0.199s] [ 90%] [32mBuilding CXX object CMakeFiles/exo7_server.dir/src/exo7_server.cpp.o[0m
[0.199s] [ 90%] [32mBuilding CXX object CMakeFiles/exo7_client.dir/src/exo7_client.cpp.o[0m
[2.805s] In file included from [01m[K/opt/ros/humble/include/rclcpp/rclcpp/logging.hpp:24[m[K,
[2.805s]                  from [01m[K/opt/ros/humble/include/rclcpp/rclcpp/client.hpp:40[m[K,
[2.805s]                  from [01m[K/opt/ros/humble/include/rclcpp/rclcpp/callback_group.hpp:24[m[K,
[2.805s]                  from [01m[K/opt/ros/humble/include/rclcpp/rclcpp/any_executable.hpp:20[m[K,
[2.806s]                  from [01m[K/opt/ros/humble/include/rclcpp/rclcpp/memory_strategy.hpp:25[m[K,
[2.806s]                  from [01m[K/opt/ros/humble/include/rclcpp/rclcpp/memory_strategies.hpp:18[m[K,
[2.806s]                  from [01m[K/opt/ros/humble/include/rclcpp/rclcpp/executor_options.hpp:20[m[K,
[2.806s]                  from [01m[K/opt/ros/humble/include/rclcpp/rclcpp/executor.hpp:37[m[K,
[2.806s]                  from [01m[K/opt/ros/humble/include/rclcpp/rclcpp/executors/multi_threaded_executor.hpp:25[m[K,
[2.806s]                  from [01m[K/opt/ros/humble/include/rclcpp/rclcpp/executors.hpp:21[m[K,
[2.806s]                  from [01m[K/opt/ros/humble/include/rclcpp/rclcpp/rclcpp.hpp:155[m[K,
[2.806s]                  from [01m[K/home/student/Documents/formation_ros2/Introduction/ros2_ws/src/cpp_pubsub/src/exo7_server.cpp:1[m[K:
[2.806s] [01m[K/home/student/Documents/formation_ros2/Introduction/ros2_ws/src/cpp_pubsub/src/exo7_server.cpp:[m[K In function ‘[01m[Kvoid check(std::shared_ptr<tutorial_interfaces::srv::CheckParams_Request_<std::allocator<void> > >, std::shared_ptr<tutorial_interfaces::srv::CheckParams_Response_<std::allocator<void> > >)[m[K’:
[2.807s] [01m[K/home/student/Documents/formation_ros2/Introduction/ros2_ws/src/cpp_pubsub/src/exo7_server.cpp:13:45:[m[K [01;35m[Kwarning: [m[Kformat ‘[01m[K%s[m[K’ expects argument of type ‘[01m[Kchar*[m[K’, but argument 5 has type ‘[01m[Ktutorial_interfaces::srv::CheckParams_Request_<std::allocator<void> >::_computer_name_type[m[K’ {aka ‘[01m[Kstd::__cxx11::basic_string<char>[m[K’} [[01;35m[K]8;;https://gcc.gnu.org/onlinedocs/gcc/Warning-Options.html#index-Wformat=-Wformat=]8;;[m[K]
[2.807s]    13 |   RCLCPP_INFO(rclcpp::get_logger("rclcpp"), [01;35m[K"Incoming request\na: %s" " b: %ld"[m[K,
[2.807s]       |                                             [01;35m[K^~~~~~~~~~~~~~~~~~~~~~~~~~~~~~~~~~~[m[K
[2.807s] [01m[K/home/student/Documents/formation_ros2/Introduction/ros2_ws/src/cpp_pubsub/src/exo7_server.cpp:13:68:[m[K [01;36m[Knote: [m[Kformat string is defined here
[2.807s]    13 |   RCLCPP_INFO(rclcpp::get_logger("rclcpp"), "Incoming request\na: [01;36m[K%s[m[K" " b: %ld",
[2.807s]       |                                                                   [01;36m[K~^[m[K
[2.807s]       |                                                                    [01;36m[K|[m[K
[2.807s]       |                                                                    [01;36m[Kchar*[m[K
[2.807s] In file included from [01m[K/opt/ros/humble/include/rclcpp/rclcpp/logging.hpp:24[m[K,
[2.807s]                  from [01m[K/opt/ros/humble/include/rclcpp/rclcpp/client.hpp:40[m[K,
[2.807s]                  from [01m[K/opt/ros/humble/include/rclcpp/rclcpp/callback_group.hpp:24[m[K,
[2.808s]                  from [01m[K/opt/ros/humble/include/rclcpp/rclcpp/any_executable.hpp:20[m[K,
[2.808s]                  from [01m[K/opt/ros/humble/include/rclcpp/rclcpp/memory_strategy.hpp:25[m[K,
[2.808s]                  from [01m[K/opt/ros/humble/include/rclcpp/rclcpp/memory_strategies.hpp:18[m[K,
[2.808s]                  from [01m[K/opt/ros/humble/include/rclcpp/rclcpp/executor_options.hpp:20[m[K,
[2.808s]                  from [01m[K/opt/ros/humble/include/rclcpp/rclcpp/executor.hpp:37[m[K,
[2.808s]                  from [01m[K/opt/ros/humble/include/rclcpp/rclcpp/executors/multi_threaded_executor.hpp:25[m[K,
[2.808s]                  from [01m[K/opt/ros/humble/include/rclcpp/rclcpp/executors.hpp:21[m[K,
[2.808s]                  from [01m[K/opt/ros/humble/include/rclcpp/rclcpp/rclcpp.hpp:155[m[K,
[2.808s]                  from [01m[K/home/student/Documents/formation_ros2/Introduction/ros2_ws/src/cpp_pubsub/src/exo7_server.cpp:1[m[K:
[2.808s] [01m[K/home/student/Documents/formation_ros2/Introduction/ros2_ws/src/cpp_pubsub/src/exo7_server.cpp:15:3:[m[K [01;31m[Kerror: [m[Kexpected primary-expression before ‘[01m[K)[m[K’ token
[2.809s]    15 |   [01;31m[KRCLCPP_INFO[m[K(rclcpp::get_logger("rclcpp"), "sending back response: [%s]", response->computer_name_correct ? "Computer name correct" : "Computer name incorrect", response->domain_id_correct ? "Domain id correct" : "Domain id incorrect",);
[2.809s]       |   [01;31m[K^~~~~~~~~~~[m[K
[2.882s] In file included from [01m[K/opt/ros/humble/include/rclcpp/rclcpp/logging.hpp:24[m[K,
[2.882s]                  from [01m[K/opt/ros/humble/include/rclcpp/rclcpp/client.hpp:40[m[K,
[2.882s]                  from [01m[K/opt/ros/humble/include/rclcpp/rclcpp/callback_group.hpp:24[m[K,
[2.882s]                  from [01m[K/opt/ros/humble/include/rclcpp/rclcpp/any_executable.hpp:20[m[K,
[2.882s]                  from [01m[K/opt/ros/humble/include/rclcpp/rclcpp/memory_strategy.hpp:25[m[K,
[2.882s]                  from [01m[K/opt/ros/humble/include/rclcpp/rclcpp/memory_strategies.hpp:18[m[K,
[2.882s]                  from [01m[K/opt/ros/humble/include/rclcpp/rclcpp/executor_options.hpp:20[m[K,
[2.882s]                  from [01m[K/opt/ros/humble/include/rclcpp/rclcpp/executor.hpp:37[m[K,
[2.882s]                  from [01m[K/opt/ros/humble/include/rclcpp/rclcpp/executors/multi_threaded_executor.hpp:25[m[K,
[2.883s]                  from [01m[K/opt/ros/humble/include/rclcpp/rclcpp/executors.hpp:21[m[K,
[2.883s]                  from [01m[K/opt/ros/humble/include/rclcpp/rclcpp/rclcpp.hpp:155[m[K,
[2.883s]                  from [01m[K/home/student/Documents/formation_ros2/Introduction/ros2_ws/src/cpp_pubsub/src/exo7_client.cpp:1[m[K:
[2.883s] [01m[K/home/student/Documents/formation_ros2/Introduction/ros2_ws/src/cpp_pubsub/src/exo7_client.cpp:[m[K In function ‘[01m[Kint main(int, char**)[m[K’:
[2.883s] [01m[K/home/student/Documents/formation_ros2/Introduction/ros2_ws/src/cpp_pubsub/src/exo7_client.cpp:40:86:[m[K [01;31m[Kerror: [m[K‘[01m[Kusing element_type = std::remove_extent<tutorial_interfaces::srv::CheckParams_Request_<std::allocator<void> > >::type[m[K’ {aka ‘[01m[Kstruct tutorial_interfaces::srv::CheckParams_Request_<std::allocator<void> >[m[K’} has no member named ‘[01m[Kcomputer_name_correct[m[K’; did you mean ‘[01m[K_computer_name_type[m[K’?
[2.883s]    40 |     RCLCPP_INFO(rclcpp::get_logger("rclcpp"), "Response : %s and %s", request.get()->[01;31m[Kcomputer_name_correct[m[K ? "Computer name correct" : "Computer name incorrect", request.get()->domain_id_correct ? "Domain id correct" : "Domain id incorrect",);
[2.883s]       |                                                                                      [01;31m[K^~~~~~~~~~~~~~~~~~~~~[m[K
[2.883s] [01m[K/home/student/Documents/formation_ros2/Introduction/ros2_ws/src/cpp_pubsub/src/exo7_client.cpp:40:178:[m[K [01;31m[Kerror: [m[K‘[01m[Kusing element_type = std::remove_extent<tutorial_interfaces::srv::CheckParams_Request_<std::allocator<void> > >::type[m[K’ {aka ‘[01m[Kstruct tutorial_interfaces::srv::CheckParams_Request_<std::allocator<void> >[m[K’} has no member named ‘[01m[Kdomain_id_correct[m[K’
[2.883s]    40 |     RCLCPP_INFO(rclcpp::get_logger("rclcpp"), "Response : %s and %s", request.get()->computer_name_correct ? "Computer name correct" : "Computer name incorrect", request.get()->[01;31m[Kdomain_id_correct[m[K ? "Domain id correct" : "Domain id incorrect",);
[2.883s]       |                                                                                                                                                                                  [01;31m[K^~~~~~~~~~~~~~~~~[m[K
[2.883s] [01m[K/home/student/Documents/formation_ros2/Introduction/ros2_ws/src/cpp_pubsub/src/exo7_client.cpp:40:5:[m[K [01;31m[Kerror: [m[Kexpected primary-expression before ‘[01m[K)[m[K’ token
[2.883s]    40 |     [01;31m[KRCLCPP_INFO[m[K(rclcpp::get_logger("rclcpp"), "Response : %s and %s", request.get()->computer_name_correct ? "Computer name correct" : "Computer name incorrect", request.get()->domain_id_correct ? "Domain id correct" : "Domain id incorrect",);
[2.883s]       |     [01;31m[K^~~~~~~~~~~[m[K
[3.397s] gmake[2]: *** [CMakeFiles/exo7_server.dir/build.make:76: CMakeFiles/exo7_server.dir/src/exo7_server.cpp.o] Error 1
[3.397s] gmake[1]: *** [CMakeFiles/Makefile2:363: CMakeFiles/exo7_server.dir/all] Error 2
[3.397s] gmake[1]: *** Waiting for unfinished jobs....
[3.499s] gmake[2]: *** [CMakeFiles/exo7_client.dir/build.make:76: CMakeFiles/exo7_client.dir/src/exo7_client.cpp.o] Error 1
[3.501s] gmake[1]: *** [CMakeFiles/Makefile2:389: CMakeFiles/exo7_client.dir/all] Error 2
[3.501s] gmake: *** [Makefile:146: all] Error 2
[3.505s] Invoked command in '/home/student/Documents/formation_ros2/Introduction/ros2_ws/build/cpp_pubsub' returned '2': AMENT_PREFIX_PATH=/home/student/Documents/formation_ros2/Introduction/ros2_ws/install/tutorial_interfaces:${AMENT_PREFIX_PATH} CMAKE_PREFIX_PATH=/home/student/Documents/formation_ros2/Introduction/ros2_ws/install/tutorial_interfaces:/home/student/turtlebot3_ws/install/turtlebot3:/home/student/turtlebot3_ws/install/turtlebot3_bringup:/home/student/turtlebot3_ws/install/turtlebot3_node:/home/student/turtlebot3_ws/install/turtlebot3_navigation2:/home/student/turtlebot3_ws/install/turtlebot3_msgs:/home/student/turtlebot3_ws/install/turtlebot3_description:/home/student/turtlebot3_ws/install/turtlebot3_cartographer:/home/student/turtlebot3_ws/install/dynamixel_sdk_examples:/home/student/turtlebot3_ws/install/dynamixel_sdk_custom_interfaces:/home/student/turtlebot3_ws/install/dynamixel_sdk:/home/student/turtlebot3_ws/install/turtlebot3_teleop:/home/student/turtlebot3_ws/install/turtlebot3_example:/opt/ros/humble LD_LIBRARY_PATH=/home/student/Documents/formation_ros2/Introduction/ros2_ws/install/tutorial_interfaces/lib:${LD_LIBRARY_PATH} PYTHONPATH=/home/student/Documents/formation_ros2/Introduction/ros2_ws/install/tutorial_interfaces/local/lib/python3.10/dist-packages:${PYTHONPATH} /usr/bin/cmake --build /home/student/Documents/formation_ros2/Introduction/ros2_ws/build/cpp_pubsub -- -j8 -l8
