[0.032s] Invoking command in '/home/student/Documents/formation_ros2/Introduction/ros2_ws/build/cpp_pubsub': AMENT_PREFIX_PATH=/home/student/Documents/formation_ros2/Introduction/ros2_ws/install/tutorial_interfaces:${AMENT_PREFIX_PATH} CMAKE_PREFIX_PATH=/home/student/Documents/formation_ros2/Introduction/ros2_ws/install/tutorial_interfaces:/home/student/turtlebot3_ws/install/turtlebot3:/home/student/turtlebot3_ws/install/turtlebot3_bringup:/home/student/turtlebot3_ws/install/turtlebot3_node:/home/student/turtlebot3_ws/install/turtlebot3_navigation2:/home/student/turtlebot3_ws/install/turtlebot3_msgs:/home/student/turtlebot3_ws/install/turtlebot3_description:/home/student/turtlebot3_ws/install/turtlebot3_cartographer:/home/student/turtlebot3_ws/install/dynamixel_sdk_examples:/home/student/turtlebot3_ws/install/dynamixel_sdk_custom_interfaces:/home/student/turtlebot3_ws/install/dynamixel_sdk:/home/student/turtlebot3_ws/install/turtlebot3_teleop:/home/student/turtlebot3_ws/install/turtlebot3_example:/opt/ros/humble LD_LIBRARY_PATH=/home/student/Documents/formation_ros2/Introduction/ros2_ws/install/tutorial_interfaces/lib:${LD_LIBRARY_PATH} PYTHONPATH=/home/student/Documents/formation_ros2/Introduction/ros2_ws/install/tutorial_interfaces/local/lib/python3.10/dist-packages:${PYTHONPATH} /usr/bin/cmake --build /home/student/Documents/formation_ros2/Introduction/ros2_ws/build/cpp_pubsub -- -j8 -l8
[0.137s] [ 14%] Built target exo1_publisher
[0.138s] [ 28%] Built target exo1_listener
[0.139s] [ 42%] Built target exo3_publisher
[0.139s] [ 50%] [32mBuilding CXX object CMakeFiles/exo4_publisher.dir/src/exo4_publisher.cpp.o[0m
[0.140s] [ 64%] Built target exo2_publisher
[0.142s] [ 71%] [32mBuilding CXX object CMakeFiles/exo5_publisher.dir/src/exo5_publisher.cpp.o[0m
[0.145s] [ 85%] Built target exo4_listener
[0.465s] [01m[K/home/student/Documents/formation_ros2/Introduction/ros2_ws/src/cpp_pubsub/src/exo5_publisher.cpp:22:10:[m[K [01;31m[Kfatal error: [m[Ktutorial_interfaces/msg/ComputerInfo.hpp: No such file or directory
[0.465s]    22 | #include [01;31m[K"tutorial_interfaces/msg/ComputerInfo.hpp"[m[K
[0.465s]       |          [01;31m[K^~~~~~~~~~~~~~~~~~~~~~~~~~~~~~~~~~~~~~~~~~[m[K
[0.465s] compilation terminated.
[0.468s] gmake[2]: *** [CMakeFiles/exo5_publisher.dir/build.make:76: CMakeFiles/exo5_publisher.dir/src/exo5_publisher.cpp.o] Error 1
[0.468s] gmake[1]: *** [CMakeFiles/Makefile2:305: CMakeFiles/exo5_publisher.dir/all] Error 2
[0.468s] gmake[1]: *** Waiting for unfinished jobs....
[0.484s] [01m[K/home/student/Documents/formation_ros2/Introduction/ros2_ws/src/cpp_pubsub/src/exo4_publisher.cpp:22:10:[m[K [01;31m[Kfatal error: [m[Ktutorial_interfaces/msg/ComputerInfo.hpp: No such file or directory
[0.484s]    22 | #include [01;31m[K"tutorial_interfaces/msg/ComputerInfo.hpp"[m[K
[0.484s]       |          [01;31m[K^~~~~~~~~~~~~~~~~~~~~~~~~~~~~~~~~~~~~~~~~~[m[K
[0.485s] compilation terminated.
[0.487s] gmake[2]: *** [CMakeFiles/exo4_publisher.dir/build.make:76: CMakeFiles/exo4_publisher.dir/src/exo4_publisher.cpp.o] Error 1
[0.488s] gmake[1]: *** [CMakeFiles/Makefile2:253: CMakeFiles/exo4_publisher.dir/all] Error 2
[0.488s] gmake: *** [Makefile:146: all] Error 2
[0.491s] Invoked command in '/home/student/Documents/formation_ros2/Introduction/ros2_ws/build/cpp_pubsub' returned '2': AMENT_PREFIX_PATH=/home/student/Documents/formation_ros2/Introduction/ros2_ws/install/tutorial_interfaces:${AMENT_PREFIX_PATH} CMAKE_PREFIX_PATH=/home/student/Documents/formation_ros2/Introduction/ros2_ws/install/tutorial_interfaces:/home/student/turtlebot3_ws/install/turtlebot3:/home/student/turtlebot3_ws/install/turtlebot3_bringup:/home/student/turtlebot3_ws/install/turtlebot3_node:/home/student/turtlebot3_ws/install/turtlebot3_navigation2:/home/student/turtlebot3_ws/install/turtlebot3_msgs:/home/student/turtlebot3_ws/install/turtlebot3_description:/home/student/turtlebot3_ws/install/turtlebot3_cartographer:/home/student/turtlebot3_ws/install/dynamixel_sdk_examples:/home/student/turtlebot3_ws/install/dynamixel_sdk_custom_interfaces:/home/student/turtlebot3_ws/install/dynamixel_sdk:/home/student/turtlebot3_ws/install/turtlebot3_teleop:/home/student/turtlebot3_ws/install/turtlebot3_example:/opt/ros/humble LD_LIBRARY_PATH=/home/student/Documents/formation_ros2/Introduction/ros2_ws/install/tutorial_interfaces/lib:${LD_LIBRARY_PATH} PYTHONPATH=/home/student/Documents/formation_ros2/Introduction/ros2_ws/install/tutorial_interfaces/local/lib/python3.10/dist-packages:${PYTHONPATH} /usr/bin/cmake --build /home/student/Documents/formation_ros2/Introduction/ros2_ws/build/cpp_pubsub -- -j8 -l8
