[0.028s] Invoking command in '/home/student/Documents/formation_ros2/Introduction/ros2_ws/build/cpp_pubsub': AMENT_PREFIX_PATH=/home/student/Documents/formation_ros2/Introduction/ros2_ws/install/tutorial_interfaces:${AMENT_PREFIX_PATH} CMAKE_PREFIX_PATH=/home/student/Documents/formation_ros2/Introduction/ros2_ws/install/tutorial_interfaces:/home/student/turtlebot3_ws/install/turtlebot3:/home/student/turtlebot3_ws/install/turtlebot3_bringup:/home/student/turtlebot3_ws/install/turtlebot3_node:/home/student/turtlebot3_ws/install/turtlebot3_navigation2:/home/student/turtlebot3_ws/install/turtlebot3_msgs:/home/student/turtlebot3_ws/install/turtlebot3_description:/home/student/turtlebot3_ws/install/turtlebot3_cartographer:/home/student/turtlebot3_ws/install/dynamixel_sdk_examples:/home/student/turtlebot3_ws/install/dynamixel_sdk_custom_interfaces:/home/student/turtlebot3_ws/install/dynamixel_sdk:/home/student/turtlebot3_ws/install/turtlebot3_teleop:/home/student/turtlebot3_ws/install/turtlebot3_example:/opt/ros/humble LD_LIBRARY_PATH=/home/student/Documents/formation_ros2/Introduction/ros2_ws/install/tutorial_interfaces/lib:${LD_LIBRARY_PATH} PYTHONPATH=/home/student/Documents/formation_ros2/Introduction/ros2_ws/install/tutorial_interfaces/local/lib/python3.10/dist-packages:${PYTHONPATH} /usr/bin/cmake --build /home/student/Documents/formation_ros2/Introduction/ros2_ws/build/cpp_pubsub -- -j8 -l8
[0.157s] [ 11%] Built target exo2_publisher
[0.165s] [ 22%] Built target exo1_listener
[0.174s] [ 33%] Built target exo3_publisher
[0.174s] [ 44%] Built target exo1_publisher
[0.174s] [ 66%] Built target exo6_publisher
[0.175s] [ 77%] Built target exo4_listener
[0.175s] [ 55%] Built target exo4_publisher
[0.182s] [ 88%] Built target exo5_listener
[0.182s] [35m[1mConsolidate compiler generated dependencies of target exo7_server[0m
[0.205s] [ 94%] [32mBuilding CXX object CMakeFiles/exo7_server.dir/src/exo7_server.cpp.o[0m
[3.420s] [100%] [32m[1mLinking CXX executable exo7_server[0m
[3.580s] [100%] Built target exo7_server
[3.593s] Invoked command in '/home/student/Documents/formation_ros2/Introduction/ros2_ws/build/cpp_pubsub' returned '0': AMENT_PREFIX_PATH=/home/student/Documents/formation_ros2/Introduction/ros2_ws/install/tutorial_interfaces:${AMENT_PREFIX_PATH} CMAKE_PREFIX_PATH=/home/student/Documents/formation_ros2/Introduction/ros2_ws/install/tutorial_interfaces:/home/student/turtlebot3_ws/install/turtlebot3:/home/student/turtlebot3_ws/install/turtlebot3_bringup:/home/student/turtlebot3_ws/install/turtlebot3_node:/home/student/turtlebot3_ws/install/turtlebot3_navigation2:/home/student/turtlebot3_ws/install/turtlebot3_msgs:/home/student/turtlebot3_ws/install/turtlebot3_description:/home/student/turtlebot3_ws/install/turtlebot3_cartographer:/home/student/turtlebot3_ws/install/dynamixel_sdk_examples:/home/student/turtlebot3_ws/install/dynamixel_sdk_custom_interfaces:/home/student/turtlebot3_ws/install/dynamixel_sdk:/home/student/turtlebot3_ws/install/turtlebot3_teleop:/home/student/turtlebot3_ws/install/turtlebot3_example:/opt/ros/humble LD_LIBRARY_PATH=/home/student/Documents/formation_ros2/Introduction/ros2_ws/install/tutorial_interfaces/lib:${LD_LIBRARY_PATH} PYTHONPATH=/home/student/Documents/formation_ros2/Introduction/ros2_ws/install/tutorial_interfaces/local/lib/python3.10/dist-packages:${PYTHONPATH} /usr/bin/cmake --build /home/student/Documents/formation_ros2/Introduction/ros2_ws/build/cpp_pubsub -- -j8 -l8
[3.595s] Invoking command in '/home/student/Documents/formation_ros2/Introduction/ros2_ws/build/cpp_pubsub': AMENT_PREFIX_PATH=/home/student/Documents/formation_ros2/Introduction/ros2_ws/install/tutorial_interfaces:${AMENT_PREFIX_PATH} CMAKE_PREFIX_PATH=/home/student/Documents/formation_ros2/Introduction/ros2_ws/install/tutorial_interfaces:/home/student/turtlebot3_ws/install/turtlebot3:/home/student/turtlebot3_ws/install/turtlebot3_bringup:/home/student/turtlebot3_ws/install/turtlebot3_node:/home/student/turtlebot3_ws/install/turtlebot3_navigation2:/home/student/turtlebot3_ws/install/turtlebot3_msgs:/home/student/turtlebot3_ws/install/turtlebot3_description:/home/student/turtlebot3_ws/install/turtlebot3_cartographer:/home/student/turtlebot3_ws/install/dynamixel_sdk_examples:/home/student/turtlebot3_ws/install/dynamixel_sdk_custom_interfaces:/home/student/turtlebot3_ws/install/dynamixel_sdk:/home/student/turtlebot3_ws/install/turtlebot3_teleop:/home/student/turtlebot3_ws/install/turtlebot3_example:/opt/ros/humble LD_LIBRARY_PATH=/home/student/Documents/formation_ros2/Introduction/ros2_ws/install/tutorial_interfaces/lib:${LD_LIBRARY_PATH} PYTHONPATH=/home/student/Documents/formation_ros2/Introduction/ros2_ws/install/tutorial_interfaces/local/lib/python3.10/dist-packages:${PYTHONPATH} /usr/bin/cmake --install /home/student/Documents/formation_ros2/Introduction/ros2_ws/build/cpp_pubsub
[3.603s] -- Install configuration: ""
[3.604s] -- Up-to-date: /home/student/Documents/formation_ros2/Introduction/ros2_ws/install/cpp_pubsub/lib/cpp_pubsub/exo1_publisher
[3.604s] -- Up-to-date: /home/student/Documents/formation_ros2/Introduction/ros2_ws/install/cpp_pubsub/lib/cpp_pubsub/exo1_listener
[3.605s] -- Up-to-date: /home/student/Documents/formation_ros2/Introduction/ros2_ws/install/cpp_pubsub/lib/cpp_pubsub/exo2_publisher
[3.606s] -- Up-to-date: /home/student/Documents/formation_ros2/Introduction/ros2_ws/install/cpp_pubsub/lib/cpp_pubsub/exo3_publisher
[3.606s] -- Installing: /home/student/Documents/formation_ros2/Introduction/ros2_ws/install/cpp_pubsub/lib/cpp_pubsub/exo4_publisher
[3.608s] -- Set runtime path of "/home/student/Documents/formation_ros2/Introduction/ros2_ws/install/cpp_pubsub/lib/cpp_pubsub/exo4_publisher" to ""
[3.609s] -- Installing: /home/student/Documents/formation_ros2/Introduction/ros2_ws/install/cpp_pubsub/lib/cpp_pubsub/exo4_listener
[3.614s] -- Set runtime path of "/home/student/Documents/formation_ros2/Introduction/ros2_ws/install/cpp_pubsub/lib/cpp_pubsub/exo4_listener" to ""
[3.614s] -- Installing: /home/student/Documents/formation_ros2/Introduction/ros2_ws/install/cpp_pubsub/lib/cpp_pubsub/exo5_listener
[3.619s] -- Set runtime path of "/home/student/Documents/formation_ros2/Introduction/ros2_ws/install/cpp_pubsub/lib/cpp_pubsub/exo5_listener" to ""
[3.619s] -- Installing: /home/student/Documents/formation_ros2/Introduction/ros2_ws/install/cpp_pubsub/lib/cpp_pubsub/exo6_publisher
[3.621s] -- Set runtime path of "/home/student/Documents/formation_ros2/Introduction/ros2_ws/install/cpp_pubsub/lib/cpp_pubsub/exo6_publisher" to ""
[3.621s] -- Installing: /home/student/Documents/formation_ros2/Introduction/ros2_ws/install/cpp_pubsub/lib/cpp_pubsub/exo7_server
[3.622s] -- Set runtime path of "/home/student/Documents/formation_ros2/Introduction/ros2_ws/install/cpp_pubsub/lib/cpp_pubsub/exo7_server" to ""
[3.623s] -- Up-to-date: /home/student/Documents/formation_ros2/Introduction/ros2_ws/install/cpp_pubsub/share/ament_index/resource_index/package_run_dependencies/cpp_pubsub
[3.623s] -- Up-to-date: /home/student/Documents/formation_ros2/Introduction/ros2_ws/install/cpp_pubsub/share/ament_index/resource_index/parent_prefix_path/cpp_pubsub
[3.623s] -- Up-to-date: /home/student/Documents/formation_ros2/Introduction/ros2_ws/install/cpp_pubsub/share/cpp_pubsub/environment/ament_prefix_path.sh
[3.623s] -- Installing: /home/student/Documents/formation_ros2/Introduction/ros2_ws/install/cpp_pubsub/share/cpp_pubsub/environment/ament_prefix_path.dsv
[3.628s] -- Up-to-date: /home/student/Documents/formation_ros2/Introduction/ros2_ws/install/cpp_pubsub/share/cpp_pubsub/environment/path.sh
[3.628s] -- Installing: /home/student/Documents/formation_ros2/Introduction/ros2_ws/install/cpp_pubsub/share/cpp_pubsub/environment/path.dsv
[3.629s] -- Up-to-date: /home/student/Documents/formation_ros2/Introduction/ros2_ws/install/cpp_pubsub/share/cpp_pubsub/local_setup.bash
[3.629s] -- Up-to-date: /home/student/Documents/formation_ros2/Introduction/ros2_ws/install/cpp_pubsub/share/cpp_pubsub/local_setup.sh
[3.629s] -- Up-to-date: /home/student/Documents/formation_ros2/Introduction/ros2_ws/install/cpp_pubsub/share/cpp_pubsub/local_setup.zsh
[3.629s] -- Installing: /home/student/Documents/formation_ros2/Introduction/ros2_ws/install/cpp_pubsub/share/cpp_pubsub/local_setup.dsv
[3.629s] -- Installing: /home/student/Documents/formation_ros2/Introduction/ros2_ws/install/cpp_pubsub/share/cpp_pubsub/package.dsv
[3.630s] -- Up-to-date: /home/student/Documents/formation_ros2/Introduction/ros2_ws/install/cpp_pubsub/share/ament_index/resource_index/packages/cpp_pubsub
[3.630s] -- Up-to-date: /home/student/Documents/formation_ros2/Introduction/ros2_ws/install/cpp_pubsub/share/cpp_pubsub/cmake/cpp_pubsubConfig.cmake
[3.630s] -- Up-to-date: /home/student/Documents/formation_ros2/Introduction/ros2_ws/install/cpp_pubsub/share/cpp_pubsub/cmake/cpp_pubsubConfig-version.cmake
[3.630s] -- Up-to-date: /home/student/Documents/formation_ros2/Introduction/ros2_ws/install/cpp_pubsub/share/cpp_pubsub/package.xml
[3.633s] Invoked command in '/home/student/Documents/formation_ros2/Introduction/ros2_ws/build/cpp_pubsub' returned '0': AMENT_PREFIX_PATH=/home/student/Documents/formation_ros2/Introduction/ros2_ws/install/tutorial_interfaces:${AMENT_PREFIX_PATH} CMAKE_PREFIX_PATH=/home/student/Documents/formation_ros2/Introduction/ros2_ws/install/tutorial_interfaces:/home/student/turtlebot3_ws/install/turtlebot3:/home/student/turtlebot3_ws/install/turtlebot3_bringup:/home/student/turtlebot3_ws/install/turtlebot3_node:/home/student/turtlebot3_ws/install/turtlebot3_navigation2:/home/student/turtlebot3_ws/install/turtlebot3_msgs:/home/student/turtlebot3_ws/install/turtlebot3_description:/home/student/turtlebot3_ws/install/turtlebot3_cartographer:/home/student/turtlebot3_ws/install/dynamixel_sdk_examples:/home/student/turtlebot3_ws/install/dynamixel_sdk_custom_interfaces:/home/student/turtlebot3_ws/install/dynamixel_sdk:/home/student/turtlebot3_ws/install/turtlebot3_teleop:/home/student/turtlebot3_ws/install/turtlebot3_example:/opt/ros/humble LD_LIBRARY_PATH=/home/student/Documents/formation_ros2/Introduction/ros2_ws/install/tutorial_interfaces/lib:${LD_LIBRARY_PATH} PYTHONPATH=/home/student/Documents/formation_ros2/Introduction/ros2_ws/install/tutorial_interfaces/local/lib/python3.10/dist-packages:${PYTHONPATH} /usr/bin/cmake --install /home/student/Documents/formation_ros2/Introduction/ros2_ws/build/cpp_pubsub
